[2023-11-19T14:57:39.423+0000] {processor.py:157} INFO - Started process (PID=64) to work on /home/airflow/.local/lib/python3.8/site-packages/airflow/example_dags/example_dynamic_task_mapping_with_no_taskflow_operators.py
[2023-11-19T14:57:39.423+0000] {processor.py:829} INFO - Processing file /home/airflow/.local/lib/python3.8/site-packages/airflow/example_dags/example_dynamic_task_mapping_with_no_taskflow_operators.py for tasks to queue
[2023-11-19T14:57:39.437+0000] {logging_mixin.py:154} INFO - [2023-11-19T14:57:39.437+0000] {dagbag.py:536} INFO - Filling up the DagBag from /home/airflow/.local/lib/python3.8/site-packages/airflow/example_dags/example_dynamic_task_mapping_with_no_taskflow_operators.py
[2023-11-19T14:57:39.459+0000] {processor.py:839} INFO - DAG(s) dict_keys(['example_dynamic_task_mapping_with_no_taskflow_operators']) retrieved from /home/airflow/.local/lib/python3.8/site-packages/airflow/example_dags/example_dynamic_task_mapping_with_no_taskflow_operators.py
[2023-11-19T14:57:39.480+0000] {logging_mixin.py:154} INFO - [2023-11-19T14:57:39.480+0000] {dag.py:2941} INFO - Sync 1 DAGs
[2023-11-19T14:57:39.503+0000] {logging_mixin.py:154} INFO - [2023-11-19T14:57:39.503+0000] {dag.py:3722} INFO - Setting next_dagrun for example_dynamic_task_mapping_with_no_taskflow_operators to 2023-11-18T14:57:39.503501+00:00, run_after=2023-11-19T14:57:39.503501+00:00
[2023-11-19T14:57:39.519+0000] {processor.py:179} INFO - Processing /home/airflow/.local/lib/python3.8/site-packages/airflow/example_dags/example_dynamic_task_mapping_with_no_taskflow_operators.py took 0.099 seconds
[2023-11-19T14:58:10.104+0000] {processor.py:157} INFO - Started process (PID=118) to work on /home/airflow/.local/lib/python3.8/site-packages/airflow/example_dags/example_dynamic_task_mapping_with_no_taskflow_operators.py
[2023-11-19T14:58:10.105+0000] {processor.py:829} INFO - Processing file /home/airflow/.local/lib/python3.8/site-packages/airflow/example_dags/example_dynamic_task_mapping_with_no_taskflow_operators.py for tasks to queue
[2023-11-19T14:58:10.107+0000] {logging_mixin.py:154} INFO - [2023-11-19T14:58:10.106+0000] {dagbag.py:536} INFO - Filling up the DagBag from /home/airflow/.local/lib/python3.8/site-packages/airflow/example_dags/example_dynamic_task_mapping_with_no_taskflow_operators.py
[2023-11-19T14:58:10.112+0000] {processor.py:839} INFO - DAG(s) dict_keys(['example_dynamic_task_mapping_with_no_taskflow_operators']) retrieved from /home/airflow/.local/lib/python3.8/site-packages/airflow/example_dags/example_dynamic_task_mapping_with_no_taskflow_operators.py
[2023-11-19T14:58:10.134+0000] {logging_mixin.py:154} INFO - [2023-11-19T14:58:10.133+0000] {dag.py:2941} INFO - Sync 1 DAGs
[2023-11-19T14:58:10.157+0000] {logging_mixin.py:154} INFO - [2023-11-19T14:58:10.156+0000] {dag.py:3722} INFO - Setting next_dagrun for example_dynamic_task_mapping_with_no_taskflow_operators to 2023-11-18T14:58:10.156663+00:00, run_after=2023-11-19T14:58:10.156663+00:00
[2023-11-19T14:58:10.172+0000] {processor.py:179} INFO - Processing /home/airflow/.local/lib/python3.8/site-packages/airflow/example_dags/example_dynamic_task_mapping_with_no_taskflow_operators.py took 0.071 seconds
[2023-11-19T14:58:40.261+0000] {processor.py:157} INFO - Started process (PID=172) to work on /home/airflow/.local/lib/python3.8/site-packages/airflow/example_dags/example_dynamic_task_mapping_with_no_taskflow_operators.py
[2023-11-19T14:58:40.263+0000] {processor.py:829} INFO - Processing file /home/airflow/.local/lib/python3.8/site-packages/airflow/example_dags/example_dynamic_task_mapping_with_no_taskflow_operators.py for tasks to queue
[2023-11-19T14:58:40.265+0000] {logging_mixin.py:154} INFO - [2023-11-19T14:58:40.264+0000] {dagbag.py:536} INFO - Filling up the DagBag from /home/airflow/.local/lib/python3.8/site-packages/airflow/example_dags/example_dynamic_task_mapping_with_no_taskflow_operators.py
[2023-11-19T14:58:40.271+0000] {processor.py:839} INFO - DAG(s) dict_keys(['example_dynamic_task_mapping_with_no_taskflow_operators']) retrieved from /home/airflow/.local/lib/python3.8/site-packages/airflow/example_dags/example_dynamic_task_mapping_with_no_taskflow_operators.py
[2023-11-19T14:58:40.290+0000] {logging_mixin.py:154} INFO - [2023-11-19T14:58:40.290+0000] {dag.py:2941} INFO - Sync 1 DAGs
[2023-11-19T14:58:40.315+0000] {logging_mixin.py:154} INFO - [2023-11-19T14:58:40.315+0000] {dag.py:3722} INFO - Setting next_dagrun for example_dynamic_task_mapping_with_no_taskflow_operators to 2023-11-18T14:58:40.314987+00:00, run_after=2023-11-19T14:58:40.314987+00:00
[2023-11-19T14:58:40.331+0000] {processor.py:179} INFO - Processing /home/airflow/.local/lib/python3.8/site-packages/airflow/example_dags/example_dynamic_task_mapping_with_no_taskflow_operators.py took 0.073 seconds
[2023-11-19T14:59:10.719+0000] {processor.py:157} INFO - Started process (PID=226) to work on /home/airflow/.local/lib/python3.8/site-packages/airflow/example_dags/example_dynamic_task_mapping_with_no_taskflow_operators.py
[2023-11-19T14:59:10.721+0000] {processor.py:829} INFO - Processing file /home/airflow/.local/lib/python3.8/site-packages/airflow/example_dags/example_dynamic_task_mapping_with_no_taskflow_operators.py for tasks to queue
[2023-11-19T14:59:10.722+0000] {logging_mixin.py:154} INFO - [2023-11-19T14:59:10.722+0000] {dagbag.py:536} INFO - Filling up the DagBag from /home/airflow/.local/lib/python3.8/site-packages/airflow/example_dags/example_dynamic_task_mapping_with_no_taskflow_operators.py
[2023-11-19T14:59:10.728+0000] {processor.py:839} INFO - DAG(s) dict_keys(['example_dynamic_task_mapping_with_no_taskflow_operators']) retrieved from /home/airflow/.local/lib/python3.8/site-packages/airflow/example_dags/example_dynamic_task_mapping_with_no_taskflow_operators.py
[2023-11-19T14:59:10.753+0000] {logging_mixin.py:154} INFO - [2023-11-19T14:59:10.753+0000] {dag.py:2941} INFO - Sync 1 DAGs
[2023-11-19T14:59:10.778+0000] {logging_mixin.py:154} INFO - [2023-11-19T14:59:10.778+0000] {dag.py:3722} INFO - Setting next_dagrun for example_dynamic_task_mapping_with_no_taskflow_operators to 2023-11-18T14:59:10.778078+00:00, run_after=2023-11-19T14:59:10.778078+00:00
[2023-11-19T14:59:10.798+0000] {processor.py:179} INFO - Processing /home/airflow/.local/lib/python3.8/site-packages/airflow/example_dags/example_dynamic_task_mapping_with_no_taskflow_operators.py took 0.082 seconds
[2023-11-19T14:59:40.961+0000] {processor.py:157} INFO - Started process (PID=280) to work on /home/airflow/.local/lib/python3.8/site-packages/airflow/example_dags/example_dynamic_task_mapping_with_no_taskflow_operators.py
[2023-11-19T14:59:40.962+0000] {processor.py:829} INFO - Processing file /home/airflow/.local/lib/python3.8/site-packages/airflow/example_dags/example_dynamic_task_mapping_with_no_taskflow_operators.py for tasks to queue
[2023-11-19T14:59:40.964+0000] {logging_mixin.py:154} INFO - [2023-11-19T14:59:40.964+0000] {dagbag.py:536} INFO - Filling up the DagBag from /home/airflow/.local/lib/python3.8/site-packages/airflow/example_dags/example_dynamic_task_mapping_with_no_taskflow_operators.py
[2023-11-19T14:59:40.971+0000] {processor.py:839} INFO - DAG(s) dict_keys(['example_dynamic_task_mapping_with_no_taskflow_operators']) retrieved from /home/airflow/.local/lib/python3.8/site-packages/airflow/example_dags/example_dynamic_task_mapping_with_no_taskflow_operators.py
[2023-11-19T14:59:40.994+0000] {logging_mixin.py:154} INFO - [2023-11-19T14:59:40.994+0000] {dag.py:2941} INFO - Sync 1 DAGs
[2023-11-19T14:59:41.016+0000] {logging_mixin.py:154} INFO - [2023-11-19T14:59:41.016+0000] {dag.py:3722} INFO - Setting next_dagrun for example_dynamic_task_mapping_with_no_taskflow_operators to 2023-11-18T14:59:41.016430+00:00, run_after=2023-11-19T14:59:41.016430+00:00
[2023-11-19T14:59:41.035+0000] {processor.py:179} INFO - Processing /home/airflow/.local/lib/python3.8/site-packages/airflow/example_dags/example_dynamic_task_mapping_with_no_taskflow_operators.py took 0.077 seconds
[2023-11-19T15:00:11.207+0000] {processor.py:157} INFO - Started process (PID=335) to work on /home/airflow/.local/lib/python3.8/site-packages/airflow/example_dags/example_dynamic_task_mapping_with_no_taskflow_operators.py
[2023-11-19T15:00:11.208+0000] {processor.py:829} INFO - Processing file /home/airflow/.local/lib/python3.8/site-packages/airflow/example_dags/example_dynamic_task_mapping_with_no_taskflow_operators.py for tasks to queue
[2023-11-19T15:00:11.211+0000] {logging_mixin.py:154} INFO - [2023-11-19T15:00:11.210+0000] {dagbag.py:536} INFO - Filling up the DagBag from /home/airflow/.local/lib/python3.8/site-packages/airflow/example_dags/example_dynamic_task_mapping_with_no_taskflow_operators.py
[2023-11-19T15:00:11.218+0000] {processor.py:839} INFO - DAG(s) dict_keys(['example_dynamic_task_mapping_with_no_taskflow_operators']) retrieved from /home/airflow/.local/lib/python3.8/site-packages/airflow/example_dags/example_dynamic_task_mapping_with_no_taskflow_operators.py
[2023-11-19T15:00:11.238+0000] {logging_mixin.py:154} INFO - [2023-11-19T15:00:11.238+0000] {dag.py:2941} INFO - Sync 1 DAGs
[2023-11-19T15:00:11.260+0000] {logging_mixin.py:154} INFO - [2023-11-19T15:00:11.260+0000] {dag.py:3722} INFO - Setting next_dagrun for example_dynamic_task_mapping_with_no_taskflow_operators to 2023-11-18T15:00:11.260156+00:00, run_after=2023-11-19T15:00:11.260156+00:00
[2023-11-19T15:00:11.274+0000] {processor.py:179} INFO - Processing /home/airflow/.local/lib/python3.8/site-packages/airflow/example_dags/example_dynamic_task_mapping_with_no_taskflow_operators.py took 0.070 seconds
[2023-11-19T15:00:41.333+0000] {processor.py:157} INFO - Started process (PID=388) to work on /home/airflow/.local/lib/python3.8/site-packages/airflow/example_dags/example_dynamic_task_mapping_with_no_taskflow_operators.py
[2023-11-19T15:00:41.334+0000] {processor.py:829} INFO - Processing file /home/airflow/.local/lib/python3.8/site-packages/airflow/example_dags/example_dynamic_task_mapping_with_no_taskflow_operators.py for tasks to queue
[2023-11-19T15:00:41.336+0000] {logging_mixin.py:154} INFO - [2023-11-19T15:00:41.336+0000] {dagbag.py:536} INFO - Filling up the DagBag from /home/airflow/.local/lib/python3.8/site-packages/airflow/example_dags/example_dynamic_task_mapping_with_no_taskflow_operators.py
[2023-11-19T15:00:41.341+0000] {processor.py:839} INFO - DAG(s) dict_keys(['example_dynamic_task_mapping_with_no_taskflow_operators']) retrieved from /home/airflow/.local/lib/python3.8/site-packages/airflow/example_dags/example_dynamic_task_mapping_with_no_taskflow_operators.py
[2023-11-19T15:00:41.363+0000] {logging_mixin.py:154} INFO - [2023-11-19T15:00:41.363+0000] {dag.py:2941} INFO - Sync 1 DAGs
[2023-11-19T15:00:41.391+0000] {logging_mixin.py:154} INFO - [2023-11-19T15:00:41.391+0000] {dag.py:3722} INFO - Setting next_dagrun for example_dynamic_task_mapping_with_no_taskflow_operators to 2023-11-18T15:00:41.391327+00:00, run_after=2023-11-19T15:00:41.391327+00:00
[2023-11-19T15:00:41.408+0000] {processor.py:179} INFO - Processing /home/airflow/.local/lib/python3.8/site-packages/airflow/example_dags/example_dynamic_task_mapping_with_no_taskflow_operators.py took 0.077 seconds
[2023-11-19T15:01:11.564+0000] {processor.py:157} INFO - Started process (PID=442) to work on /home/airflow/.local/lib/python3.8/site-packages/airflow/example_dags/example_dynamic_task_mapping_with_no_taskflow_operators.py
[2023-11-19T15:01:11.565+0000] {processor.py:829} INFO - Processing file /home/airflow/.local/lib/python3.8/site-packages/airflow/example_dags/example_dynamic_task_mapping_with_no_taskflow_operators.py for tasks to queue
[2023-11-19T15:01:11.567+0000] {logging_mixin.py:154} INFO - [2023-11-19T15:01:11.566+0000] {dagbag.py:536} INFO - Filling up the DagBag from /home/airflow/.local/lib/python3.8/site-packages/airflow/example_dags/example_dynamic_task_mapping_with_no_taskflow_operators.py
[2023-11-19T15:01:11.572+0000] {processor.py:839} INFO - DAG(s) dict_keys(['example_dynamic_task_mapping_with_no_taskflow_operators']) retrieved from /home/airflow/.local/lib/python3.8/site-packages/airflow/example_dags/example_dynamic_task_mapping_with_no_taskflow_operators.py
[2023-11-19T15:01:11.594+0000] {logging_mixin.py:154} INFO - [2023-11-19T15:01:11.594+0000] {dag.py:2941} INFO - Sync 1 DAGs
[2023-11-19T15:01:11.617+0000] {logging_mixin.py:154} INFO - [2023-11-19T15:01:11.617+0000] {dag.py:3722} INFO - Setting next_dagrun for example_dynamic_task_mapping_with_no_taskflow_operators to 2023-11-18T15:01:11.616767+00:00, run_after=2023-11-19T15:01:11.616767+00:00
[2023-11-19T15:01:11.639+0000] {processor.py:179} INFO - Processing /home/airflow/.local/lib/python3.8/site-packages/airflow/example_dags/example_dynamic_task_mapping_with_no_taskflow_operators.py took 0.078 seconds
[2023-11-19T15:01:41.826+0000] {processor.py:157} INFO - Started process (PID=496) to work on /home/airflow/.local/lib/python3.8/site-packages/airflow/example_dags/example_dynamic_task_mapping_with_no_taskflow_operators.py
[2023-11-19T15:01:41.828+0000] {processor.py:829} INFO - Processing file /home/airflow/.local/lib/python3.8/site-packages/airflow/example_dags/example_dynamic_task_mapping_with_no_taskflow_operators.py for tasks to queue
[2023-11-19T15:01:41.830+0000] {logging_mixin.py:154} INFO - [2023-11-19T15:01:41.830+0000] {dagbag.py:536} INFO - Filling up the DagBag from /home/airflow/.local/lib/python3.8/site-packages/airflow/example_dags/example_dynamic_task_mapping_with_no_taskflow_operators.py
[2023-11-19T15:01:41.838+0000] {processor.py:839} INFO - DAG(s) dict_keys(['example_dynamic_task_mapping_with_no_taskflow_operators']) retrieved from /home/airflow/.local/lib/python3.8/site-packages/airflow/example_dags/example_dynamic_task_mapping_with_no_taskflow_operators.py
[2023-11-19T15:01:41.859+0000] {logging_mixin.py:154} INFO - [2023-11-19T15:01:41.859+0000] {dag.py:2941} INFO - Sync 1 DAGs
[2023-11-19T15:01:41.882+0000] {logging_mixin.py:154} INFO - [2023-11-19T15:01:41.882+0000] {dag.py:3722} INFO - Setting next_dagrun for example_dynamic_task_mapping_with_no_taskflow_operators to 2023-11-18T15:01:41.881877+00:00, run_after=2023-11-19T15:01:41.881877+00:00
[2023-11-19T15:01:41.901+0000] {processor.py:179} INFO - Processing /home/airflow/.local/lib/python3.8/site-packages/airflow/example_dags/example_dynamic_task_mapping_with_no_taskflow_operators.py took 0.078 seconds
[2023-11-19T15:02:12.100+0000] {processor.py:157} INFO - Started process (PID=550) to work on /home/airflow/.local/lib/python3.8/site-packages/airflow/example_dags/example_dynamic_task_mapping_with_no_taskflow_operators.py
[2023-11-19T15:02:12.102+0000] {processor.py:829} INFO - Processing file /home/airflow/.local/lib/python3.8/site-packages/airflow/example_dags/example_dynamic_task_mapping_with_no_taskflow_operators.py for tasks to queue
[2023-11-19T15:02:12.104+0000] {logging_mixin.py:154} INFO - [2023-11-19T15:02:12.104+0000] {dagbag.py:536} INFO - Filling up the DagBag from /home/airflow/.local/lib/python3.8/site-packages/airflow/example_dags/example_dynamic_task_mapping_with_no_taskflow_operators.py
[2023-11-19T15:02:12.111+0000] {processor.py:839} INFO - DAG(s) dict_keys(['example_dynamic_task_mapping_with_no_taskflow_operators']) retrieved from /home/airflow/.local/lib/python3.8/site-packages/airflow/example_dags/example_dynamic_task_mapping_with_no_taskflow_operators.py
[2023-11-19T15:02:12.130+0000] {logging_mixin.py:154} INFO - [2023-11-19T15:02:12.130+0000] {dag.py:2941} INFO - Sync 1 DAGs
[2023-11-19T15:02:12.152+0000] {logging_mixin.py:154} INFO - [2023-11-19T15:02:12.152+0000] {dag.py:3722} INFO - Setting next_dagrun for example_dynamic_task_mapping_with_no_taskflow_operators to 2023-11-18T15:02:12.151881+00:00, run_after=2023-11-19T15:02:12.151881+00:00
[2023-11-19T15:02:12.167+0000] {processor.py:179} INFO - Processing /home/airflow/.local/lib/python3.8/site-packages/airflow/example_dags/example_dynamic_task_mapping_with_no_taskflow_operators.py took 0.071 seconds
[2023-11-19T15:02:42.668+0000] {processor.py:157} INFO - Started process (PID=604) to work on /home/airflow/.local/lib/python3.8/site-packages/airflow/example_dags/example_dynamic_task_mapping_with_no_taskflow_operators.py
[2023-11-19T15:02:42.669+0000] {processor.py:829} INFO - Processing file /home/airflow/.local/lib/python3.8/site-packages/airflow/example_dags/example_dynamic_task_mapping_with_no_taskflow_operators.py for tasks to queue
[2023-11-19T15:02:42.670+0000] {logging_mixin.py:154} INFO - [2023-11-19T15:02:42.670+0000] {dagbag.py:536} INFO - Filling up the DagBag from /home/airflow/.local/lib/python3.8/site-packages/airflow/example_dags/example_dynamic_task_mapping_with_no_taskflow_operators.py
[2023-11-19T15:02:42.676+0000] {processor.py:839} INFO - DAG(s) dict_keys(['example_dynamic_task_mapping_with_no_taskflow_operators']) retrieved from /home/airflow/.local/lib/python3.8/site-packages/airflow/example_dags/example_dynamic_task_mapping_with_no_taskflow_operators.py
[2023-11-19T15:02:42.697+0000] {logging_mixin.py:154} INFO - [2023-11-19T15:02:42.697+0000] {dag.py:2941} INFO - Sync 1 DAGs
[2023-11-19T15:02:42.723+0000] {logging_mixin.py:154} INFO - [2023-11-19T15:02:42.722+0000] {dag.py:3722} INFO - Setting next_dagrun for example_dynamic_task_mapping_with_no_taskflow_operators to 2023-11-18T15:02:42.722394+00:00, run_after=2023-11-19T15:02:42.722394+00:00
[2023-11-19T15:02:42.741+0000] {processor.py:179} INFO - Processing /home/airflow/.local/lib/python3.8/site-packages/airflow/example_dags/example_dynamic_task_mapping_with_no_taskflow_operators.py took 0.076 seconds
[2023-11-19T15:03:12.875+0000] {processor.py:157} INFO - Started process (PID=658) to work on /home/airflow/.local/lib/python3.8/site-packages/airflow/example_dags/example_dynamic_task_mapping_with_no_taskflow_operators.py
[2023-11-19T15:03:12.875+0000] {processor.py:829} INFO - Processing file /home/airflow/.local/lib/python3.8/site-packages/airflow/example_dags/example_dynamic_task_mapping_with_no_taskflow_operators.py for tasks to queue
[2023-11-19T15:03:12.877+0000] {logging_mixin.py:154} INFO - [2023-11-19T15:03:12.877+0000] {dagbag.py:536} INFO - Filling up the DagBag from /home/airflow/.local/lib/python3.8/site-packages/airflow/example_dags/example_dynamic_task_mapping_with_no_taskflow_operators.py
[2023-11-19T15:03:12.883+0000] {processor.py:839} INFO - DAG(s) dict_keys(['example_dynamic_task_mapping_with_no_taskflow_operators']) retrieved from /home/airflow/.local/lib/python3.8/site-packages/airflow/example_dags/example_dynamic_task_mapping_with_no_taskflow_operators.py
[2023-11-19T15:03:12.902+0000] {logging_mixin.py:154} INFO - [2023-11-19T15:03:12.902+0000] {dag.py:2941} INFO - Sync 1 DAGs
[2023-11-19T15:03:12.925+0000] {logging_mixin.py:154} INFO - [2023-11-19T15:03:12.925+0000] {dag.py:3722} INFO - Setting next_dagrun for example_dynamic_task_mapping_with_no_taskflow_operators to 2023-11-18T15:03:12.925588+00:00, run_after=2023-11-19T15:03:12.925588+00:00
[2023-11-19T15:03:12.943+0000] {processor.py:179} INFO - Processing /home/airflow/.local/lib/python3.8/site-packages/airflow/example_dags/example_dynamic_task_mapping_with_no_taskflow_operators.py took 0.071 seconds
[2023-11-19T15:03:43.593+0000] {processor.py:157} INFO - Started process (PID=712) to work on /home/airflow/.local/lib/python3.8/site-packages/airflow/example_dags/example_dynamic_task_mapping_with_no_taskflow_operators.py
[2023-11-19T15:03:43.594+0000] {processor.py:829} INFO - Processing file /home/airflow/.local/lib/python3.8/site-packages/airflow/example_dags/example_dynamic_task_mapping_with_no_taskflow_operators.py for tasks to queue
[2023-11-19T15:03:43.596+0000] {logging_mixin.py:154} INFO - [2023-11-19T15:03:43.596+0000] {dagbag.py:536} INFO - Filling up the DagBag from /home/airflow/.local/lib/python3.8/site-packages/airflow/example_dags/example_dynamic_task_mapping_with_no_taskflow_operators.py
[2023-11-19T15:03:43.602+0000] {processor.py:839} INFO - DAG(s) dict_keys(['example_dynamic_task_mapping_with_no_taskflow_operators']) retrieved from /home/airflow/.local/lib/python3.8/site-packages/airflow/example_dags/example_dynamic_task_mapping_with_no_taskflow_operators.py
[2023-11-19T15:03:43.622+0000] {logging_mixin.py:154} INFO - [2023-11-19T15:03:43.621+0000] {dag.py:2941} INFO - Sync 1 DAGs
[2023-11-19T15:03:43.645+0000] {logging_mixin.py:154} INFO - [2023-11-19T15:03:43.644+0000] {dag.py:3722} INFO - Setting next_dagrun for example_dynamic_task_mapping_with_no_taskflow_operators to 2023-11-18T15:03:43.644655+00:00, run_after=2023-11-19T15:03:43.644655+00:00
[2023-11-19T15:03:43.661+0000] {processor.py:179} INFO - Processing /home/airflow/.local/lib/python3.8/site-packages/airflow/example_dags/example_dynamic_task_mapping_with_no_taskflow_operators.py took 0.070 seconds
[2023-11-19T15:04:13.763+0000] {processor.py:157} INFO - Started process (PID=766) to work on /home/airflow/.local/lib/python3.8/site-packages/airflow/example_dags/example_dynamic_task_mapping_with_no_taskflow_operators.py
[2023-11-19T15:04:13.764+0000] {processor.py:829} INFO - Processing file /home/airflow/.local/lib/python3.8/site-packages/airflow/example_dags/example_dynamic_task_mapping_with_no_taskflow_operators.py for tasks to queue
[2023-11-19T15:04:13.765+0000] {logging_mixin.py:154} INFO - [2023-11-19T15:04:13.765+0000] {dagbag.py:536} INFO - Filling up the DagBag from /home/airflow/.local/lib/python3.8/site-packages/airflow/example_dags/example_dynamic_task_mapping_with_no_taskflow_operators.py
[2023-11-19T15:04:13.772+0000] {processor.py:839} INFO - DAG(s) dict_keys(['example_dynamic_task_mapping_with_no_taskflow_operators']) retrieved from /home/airflow/.local/lib/python3.8/site-packages/airflow/example_dags/example_dynamic_task_mapping_with_no_taskflow_operators.py
[2023-11-19T15:04:13.791+0000] {logging_mixin.py:154} INFO - [2023-11-19T15:04:13.791+0000] {dag.py:2941} INFO - Sync 1 DAGs
[2023-11-19T15:04:13.810+0000] {logging_mixin.py:154} INFO - [2023-11-19T15:04:13.810+0000] {dag.py:3722} INFO - Setting next_dagrun for example_dynamic_task_mapping_with_no_taskflow_operators to 2023-11-18T15:04:13.810583+00:00, run_after=2023-11-19T15:04:13.810583+00:00
[2023-11-19T15:04:13.829+0000] {processor.py:179} INFO - Processing /home/airflow/.local/lib/python3.8/site-packages/airflow/example_dags/example_dynamic_task_mapping_with_no_taskflow_operators.py took 0.069 seconds
[2023-11-19T15:04:43.904+0000] {processor.py:157} INFO - Started process (PID=820) to work on /home/airflow/.local/lib/python3.8/site-packages/airflow/example_dags/example_dynamic_task_mapping_with_no_taskflow_operators.py
[2023-11-19T15:04:43.905+0000] {processor.py:829} INFO - Processing file /home/airflow/.local/lib/python3.8/site-packages/airflow/example_dags/example_dynamic_task_mapping_with_no_taskflow_operators.py for tasks to queue
[2023-11-19T15:04:43.906+0000] {logging_mixin.py:154} INFO - [2023-11-19T15:04:43.906+0000] {dagbag.py:536} INFO - Filling up the DagBag from /home/airflow/.local/lib/python3.8/site-packages/airflow/example_dags/example_dynamic_task_mapping_with_no_taskflow_operators.py
[2023-11-19T15:04:43.911+0000] {processor.py:839} INFO - DAG(s) dict_keys(['example_dynamic_task_mapping_with_no_taskflow_operators']) retrieved from /home/airflow/.local/lib/python3.8/site-packages/airflow/example_dags/example_dynamic_task_mapping_with_no_taskflow_operators.py
[2023-11-19T15:04:43.928+0000] {logging_mixin.py:154} INFO - [2023-11-19T15:04:43.928+0000] {dag.py:2941} INFO - Sync 1 DAGs
[2023-11-19T15:04:43.950+0000] {logging_mixin.py:154} INFO - [2023-11-19T15:04:43.950+0000] {dag.py:3722} INFO - Setting next_dagrun for example_dynamic_task_mapping_with_no_taskflow_operators to 2023-11-18T15:04:43.950106+00:00, run_after=2023-11-19T15:04:43.950106+00:00
[2023-11-19T15:04:43.965+0000] {processor.py:179} INFO - Processing /home/airflow/.local/lib/python3.8/site-packages/airflow/example_dags/example_dynamic_task_mapping_with_no_taskflow_operators.py took 0.066 seconds
[2023-11-19T15:05:14.548+0000] {processor.py:157} INFO - Started process (PID=874) to work on /home/airflow/.local/lib/python3.8/site-packages/airflow/example_dags/example_dynamic_task_mapping_with_no_taskflow_operators.py
[2023-11-19T15:05:14.548+0000] {processor.py:829} INFO - Processing file /home/airflow/.local/lib/python3.8/site-packages/airflow/example_dags/example_dynamic_task_mapping_with_no_taskflow_operators.py for tasks to queue
[2023-11-19T15:05:14.550+0000] {logging_mixin.py:154} INFO - [2023-11-19T15:05:14.550+0000] {dagbag.py:536} INFO - Filling up the DagBag from /home/airflow/.local/lib/python3.8/site-packages/airflow/example_dags/example_dynamic_task_mapping_with_no_taskflow_operators.py
[2023-11-19T15:05:14.556+0000] {processor.py:839} INFO - DAG(s) dict_keys(['example_dynamic_task_mapping_with_no_taskflow_operators']) retrieved from /home/airflow/.local/lib/python3.8/site-packages/airflow/example_dags/example_dynamic_task_mapping_with_no_taskflow_operators.py
[2023-11-19T15:05:14.578+0000] {logging_mixin.py:154} INFO - [2023-11-19T15:05:14.578+0000] {dag.py:2941} INFO - Sync 1 DAGs
[2023-11-19T15:05:14.603+0000] {logging_mixin.py:154} INFO - [2023-11-19T15:05:14.603+0000] {dag.py:3722} INFO - Setting next_dagrun for example_dynamic_task_mapping_with_no_taskflow_operators to 2023-11-18T15:05:14.603224+00:00, run_after=2023-11-19T15:05:14.603224+00:00
[2023-11-19T15:05:14.622+0000] {processor.py:179} INFO - Processing /home/airflow/.local/lib/python3.8/site-packages/airflow/example_dags/example_dynamic_task_mapping_with_no_taskflow_operators.py took 0.077 seconds
[2023-11-19T15:05:45.027+0000] {processor.py:157} INFO - Started process (PID=928) to work on /home/airflow/.local/lib/python3.8/site-packages/airflow/example_dags/example_dynamic_task_mapping_with_no_taskflow_operators.py
[2023-11-19T15:05:45.028+0000] {processor.py:829} INFO - Processing file /home/airflow/.local/lib/python3.8/site-packages/airflow/example_dags/example_dynamic_task_mapping_with_no_taskflow_operators.py for tasks to queue
[2023-11-19T15:05:45.030+0000] {logging_mixin.py:154} INFO - [2023-11-19T15:05:45.030+0000] {dagbag.py:536} INFO - Filling up the DagBag from /home/airflow/.local/lib/python3.8/site-packages/airflow/example_dags/example_dynamic_task_mapping_with_no_taskflow_operators.py
[2023-11-19T15:05:45.036+0000] {processor.py:839} INFO - DAG(s) dict_keys(['example_dynamic_task_mapping_with_no_taskflow_operators']) retrieved from /home/airflow/.local/lib/python3.8/site-packages/airflow/example_dags/example_dynamic_task_mapping_with_no_taskflow_operators.py
[2023-11-19T15:05:45.053+0000] {logging_mixin.py:154} INFO - [2023-11-19T15:05:45.053+0000] {dag.py:2941} INFO - Sync 1 DAGs
[2023-11-19T15:05:45.074+0000] {logging_mixin.py:154} INFO - [2023-11-19T15:05:45.074+0000] {dag.py:3722} INFO - Setting next_dagrun for example_dynamic_task_mapping_with_no_taskflow_operators to 2023-11-18T15:05:45.073951+00:00, run_after=2023-11-19T15:05:45.073951+00:00
[2023-11-19T15:05:45.089+0000] {processor.py:179} INFO - Processing /home/airflow/.local/lib/python3.8/site-packages/airflow/example_dags/example_dynamic_task_mapping_with_no_taskflow_operators.py took 0.064 seconds
[2023-11-19T15:06:15.612+0000] {processor.py:157} INFO - Started process (PID=982) to work on /home/airflow/.local/lib/python3.8/site-packages/airflow/example_dags/example_dynamic_task_mapping_with_no_taskflow_operators.py
[2023-11-19T15:06:15.613+0000] {processor.py:829} INFO - Processing file /home/airflow/.local/lib/python3.8/site-packages/airflow/example_dags/example_dynamic_task_mapping_with_no_taskflow_operators.py for tasks to queue
[2023-11-19T15:06:15.615+0000] {logging_mixin.py:154} INFO - [2023-11-19T15:06:15.615+0000] {dagbag.py:536} INFO - Filling up the DagBag from /home/airflow/.local/lib/python3.8/site-packages/airflow/example_dags/example_dynamic_task_mapping_with_no_taskflow_operators.py
[2023-11-19T15:06:15.622+0000] {processor.py:839} INFO - DAG(s) dict_keys(['example_dynamic_task_mapping_with_no_taskflow_operators']) retrieved from /home/airflow/.local/lib/python3.8/site-packages/airflow/example_dags/example_dynamic_task_mapping_with_no_taskflow_operators.py
[2023-11-19T15:06:15.643+0000] {logging_mixin.py:154} INFO - [2023-11-19T15:06:15.643+0000] {dag.py:2941} INFO - Sync 1 DAGs
[2023-11-19T15:06:15.666+0000] {logging_mixin.py:154} INFO - [2023-11-19T15:06:15.665+0000] {dag.py:3722} INFO - Setting next_dagrun for example_dynamic_task_mapping_with_no_taskflow_operators to 2023-11-18T15:06:15.665627+00:00, run_after=2023-11-19T15:06:15.665627+00:00
[2023-11-19T15:06:15.683+0000] {processor.py:179} INFO - Processing /home/airflow/.local/lib/python3.8/site-packages/airflow/example_dags/example_dynamic_task_mapping_with_no_taskflow_operators.py took 0.075 seconds
