[2023-11-19T14:57:39.802+0000] {processor.py:157} INFO - Started process (PID=71) to work on /home/airflow/.local/lib/python3.8/site-packages/airflow/example_dags/example_subdag_operator.py
[2023-11-19T14:57:39.802+0000] {processor.py:829} INFO - Processing file /home/airflow/.local/lib/python3.8/site-packages/airflow/example_dags/example_subdag_operator.py for tasks to queue
[2023-11-19T14:57:39.804+0000] {logging_mixin.py:154} INFO - [2023-11-19T14:57:39.804+0000] {dagbag.py:536} INFO - Filling up the DagBag from /home/airflow/.local/lib/python3.8/site-packages/airflow/example_dags/example_subdag_operator.py
[2023-11-19T14:57:39.827+0000] {processor.py:839} INFO - DAG(s) dict_keys(['example_subdag_operator.section-1', 'example_subdag_operator.section-2', 'example_subdag_operator']) retrieved from /home/airflow/.local/lib/python3.8/site-packages/airflow/example_dags/example_subdag_operator.py
[2023-11-19T14:57:39.831+0000] {logging_mixin.py:154} INFO - [2023-11-19T14:57:39.831+0000] {dag.py:2941} INFO - Sync 3 DAGs
[2023-11-19T14:57:39.853+0000] {logging_mixin.py:154} INFO - [2023-11-19T14:57:39.853+0000] {dag.py:3722} INFO - Setting next_dagrun for example_subdag_operator to 2022-01-01T00:00:00+00:00, run_after=2022-01-01T00:00:00+00:00
[2023-11-19T14:57:39.857+0000] {logging_mixin.py:154} INFO - [2023-11-19T14:57:39.857+0000] {dag.py:3722} INFO - Setting next_dagrun for example_subdag_operator.section-1 to None, run_after=None
[2023-11-19T14:57:39.858+0000] {logging_mixin.py:154} INFO - [2023-11-19T14:57:39.858+0000] {dag.py:3722} INFO - Setting next_dagrun for example_subdag_operator.section-2 to None, run_after=None
[2023-11-19T14:57:39.865+0000] {logging_mixin.py:154} INFO - [2023-11-19T14:57:39.865+0000] {dag.py:2941} INFO - Sync 2 DAGs
[2023-11-19T14:57:39.872+0000] {logging_mixin.py:154} INFO - [2023-11-19T14:57:39.872+0000] {dag.py:3722} INFO - Setting next_dagrun for example_subdag_operator.section-1 to None, run_after=None
[2023-11-19T14:57:39.872+0000] {logging_mixin.py:154} INFO - [2023-11-19T14:57:39.872+0000] {dag.py:3722} INFO - Setting next_dagrun for example_subdag_operator.section-2 to None, run_after=None
[2023-11-19T14:57:39.888+0000] {processor.py:179} INFO - Processing /home/airflow/.local/lib/python3.8/site-packages/airflow/example_dags/example_subdag_operator.py took 0.088 seconds
[2023-11-19T14:58:10.516+0000] {processor.py:157} INFO - Started process (PID=125) to work on /home/airflow/.local/lib/python3.8/site-packages/airflow/example_dags/example_subdag_operator.py
[2023-11-19T14:58:10.517+0000] {processor.py:829} INFO - Processing file /home/airflow/.local/lib/python3.8/site-packages/airflow/example_dags/example_subdag_operator.py for tasks to queue
[2023-11-19T14:58:10.519+0000] {logging_mixin.py:154} INFO - [2023-11-19T14:58:10.519+0000] {dagbag.py:536} INFO - Filling up the DagBag from /home/airflow/.local/lib/python3.8/site-packages/airflow/example_dags/example_subdag_operator.py
[2023-11-19T14:58:10.549+0000] {processor.py:839} INFO - DAG(s) dict_keys(['example_subdag_operator.section-1', 'example_subdag_operator.section-2', 'example_subdag_operator']) retrieved from /home/airflow/.local/lib/python3.8/site-packages/airflow/example_dags/example_subdag_operator.py
[2023-11-19T14:58:10.571+0000] {logging_mixin.py:154} INFO - [2023-11-19T14:58:10.571+0000] {dag.py:2941} INFO - Sync 3 DAGs
[2023-11-19T14:58:10.595+0000] {logging_mixin.py:154} INFO - [2023-11-19T14:58:10.594+0000] {dag.py:3722} INFO - Setting next_dagrun for example_subdag_operator to 2022-01-01T00:00:00+00:00, run_after=2022-01-01T00:00:00+00:00
[2023-11-19T14:58:10.598+0000] {logging_mixin.py:154} INFO - [2023-11-19T14:58:10.598+0000] {dag.py:3722} INFO - Setting next_dagrun for example_subdag_operator.section-1 to None, run_after=None
[2023-11-19T14:58:10.600+0000] {logging_mixin.py:154} INFO - [2023-11-19T14:58:10.600+0000] {dag.py:3722} INFO - Setting next_dagrun for example_subdag_operator.section-2 to None, run_after=None
[2023-11-19T14:58:10.610+0000] {logging_mixin.py:154} INFO - [2023-11-19T14:58:10.610+0000] {dag.py:2941} INFO - Sync 2 DAGs
[2023-11-19T14:58:10.616+0000] {logging_mixin.py:154} INFO - [2023-11-19T14:58:10.616+0000] {dag.py:3722} INFO - Setting next_dagrun for example_subdag_operator.section-1 to None, run_after=None
[2023-11-19T14:58:10.616+0000] {logging_mixin.py:154} INFO - [2023-11-19T14:58:10.616+0000] {dag.py:3722} INFO - Setting next_dagrun for example_subdag_operator.section-2 to None, run_after=None
[2023-11-19T14:58:10.625+0000] {processor.py:179} INFO - Processing /home/airflow/.local/lib/python3.8/site-packages/airflow/example_dags/example_subdag_operator.py took 0.113 seconds
[2023-11-19T14:58:40.655+0000] {processor.py:157} INFO - Started process (PID=179) to work on /home/airflow/.local/lib/python3.8/site-packages/airflow/example_dags/example_subdag_operator.py
[2023-11-19T14:58:40.656+0000] {processor.py:829} INFO - Processing file /home/airflow/.local/lib/python3.8/site-packages/airflow/example_dags/example_subdag_operator.py for tasks to queue
[2023-11-19T14:58:40.658+0000] {logging_mixin.py:154} INFO - [2023-11-19T14:58:40.658+0000] {dagbag.py:536} INFO - Filling up the DagBag from /home/airflow/.local/lib/python3.8/site-packages/airflow/example_dags/example_subdag_operator.py
[2023-11-19T14:58:40.687+0000] {processor.py:839} INFO - DAG(s) dict_keys(['example_subdag_operator.section-1', 'example_subdag_operator.section-2', 'example_subdag_operator']) retrieved from /home/airflow/.local/lib/python3.8/site-packages/airflow/example_dags/example_subdag_operator.py
[2023-11-19T14:58:40.705+0000] {logging_mixin.py:154} INFO - [2023-11-19T14:58:40.705+0000] {dag.py:2941} INFO - Sync 3 DAGs
[2023-11-19T14:58:40.728+0000] {logging_mixin.py:154} INFO - [2023-11-19T14:58:40.728+0000] {dag.py:3722} INFO - Setting next_dagrun for example_subdag_operator to 2022-01-01T00:00:00+00:00, run_after=2022-01-01T00:00:00+00:00
[2023-11-19T14:58:40.731+0000] {logging_mixin.py:154} INFO - [2023-11-19T14:58:40.731+0000] {dag.py:3722} INFO - Setting next_dagrun for example_subdag_operator.section-1 to None, run_after=None
[2023-11-19T14:58:40.732+0000] {logging_mixin.py:154} INFO - [2023-11-19T14:58:40.732+0000] {dag.py:3722} INFO - Setting next_dagrun for example_subdag_operator.section-2 to None, run_after=None
[2023-11-19T14:58:40.739+0000] {logging_mixin.py:154} INFO - [2023-11-19T14:58:40.739+0000] {dag.py:2941} INFO - Sync 2 DAGs
[2023-11-19T14:58:40.744+0000] {logging_mixin.py:154} INFO - [2023-11-19T14:58:40.744+0000] {dag.py:3722} INFO - Setting next_dagrun for example_subdag_operator.section-1 to None, run_after=None
[2023-11-19T14:58:40.744+0000] {logging_mixin.py:154} INFO - [2023-11-19T14:58:40.744+0000] {dag.py:3722} INFO - Setting next_dagrun for example_subdag_operator.section-2 to None, run_after=None
[2023-11-19T14:58:40.759+0000] {processor.py:179} INFO - Processing /home/airflow/.local/lib/python3.8/site-packages/airflow/example_dags/example_subdag_operator.py took 0.108 seconds
[2023-11-19T14:59:11.093+0000] {processor.py:157} INFO - Started process (PID=233) to work on /home/airflow/.local/lib/python3.8/site-packages/airflow/example_dags/example_subdag_operator.py
[2023-11-19T14:59:11.094+0000] {processor.py:829} INFO - Processing file /home/airflow/.local/lib/python3.8/site-packages/airflow/example_dags/example_subdag_operator.py for tasks to queue
[2023-11-19T14:59:11.096+0000] {logging_mixin.py:154} INFO - [2023-11-19T14:59:11.096+0000] {dagbag.py:536} INFO - Filling up the DagBag from /home/airflow/.local/lib/python3.8/site-packages/airflow/example_dags/example_subdag_operator.py
[2023-11-19T14:59:11.126+0000] {processor.py:839} INFO - DAG(s) dict_keys(['example_subdag_operator.section-1', 'example_subdag_operator.section-2', 'example_subdag_operator']) retrieved from /home/airflow/.local/lib/python3.8/site-packages/airflow/example_dags/example_subdag_operator.py
[2023-11-19T14:59:11.145+0000] {logging_mixin.py:154} INFO - [2023-11-19T14:59:11.145+0000] {dag.py:2941} INFO - Sync 3 DAGs
[2023-11-19T14:59:11.167+0000] {logging_mixin.py:154} INFO - [2023-11-19T14:59:11.167+0000] {dag.py:3722} INFO - Setting next_dagrun for example_subdag_operator to 2022-01-01T00:00:00+00:00, run_after=2022-01-01T00:00:00+00:00
[2023-11-19T14:59:11.171+0000] {logging_mixin.py:154} INFO - [2023-11-19T14:59:11.170+0000] {dag.py:3722} INFO - Setting next_dagrun for example_subdag_operator.section-1 to None, run_after=None
[2023-11-19T14:59:11.172+0000] {logging_mixin.py:154} INFO - [2023-11-19T14:59:11.172+0000] {dag.py:3722} INFO - Setting next_dagrun for example_subdag_operator.section-2 to None, run_after=None
[2023-11-19T14:59:11.178+0000] {logging_mixin.py:154} INFO - [2023-11-19T14:59:11.178+0000] {dag.py:2941} INFO - Sync 2 DAGs
[2023-11-19T14:59:11.183+0000] {logging_mixin.py:154} INFO - [2023-11-19T14:59:11.183+0000] {dag.py:3722} INFO - Setting next_dagrun for example_subdag_operator.section-1 to None, run_after=None
[2023-11-19T14:59:11.183+0000] {logging_mixin.py:154} INFO - [2023-11-19T14:59:11.183+0000] {dag.py:3722} INFO - Setting next_dagrun for example_subdag_operator.section-2 to None, run_after=None
[2023-11-19T14:59:11.193+0000] {processor.py:179} INFO - Processing /home/airflow/.local/lib/python3.8/site-packages/airflow/example_dags/example_subdag_operator.py took 0.104 seconds
[2023-11-19T14:59:41.374+0000] {processor.py:157} INFO - Started process (PID=287) to work on /home/airflow/.local/lib/python3.8/site-packages/airflow/example_dags/example_subdag_operator.py
[2023-11-19T14:59:41.375+0000] {processor.py:829} INFO - Processing file /home/airflow/.local/lib/python3.8/site-packages/airflow/example_dags/example_subdag_operator.py for tasks to queue
[2023-11-19T14:59:41.377+0000] {logging_mixin.py:154} INFO - [2023-11-19T14:59:41.377+0000] {dagbag.py:536} INFO - Filling up the DagBag from /home/airflow/.local/lib/python3.8/site-packages/airflow/example_dags/example_subdag_operator.py
[2023-11-19T14:59:41.405+0000] {processor.py:839} INFO - DAG(s) dict_keys(['example_subdag_operator.section-1', 'example_subdag_operator.section-2', 'example_subdag_operator']) retrieved from /home/airflow/.local/lib/python3.8/site-packages/airflow/example_dags/example_subdag_operator.py
[2023-11-19T14:59:41.424+0000] {logging_mixin.py:154} INFO - [2023-11-19T14:59:41.424+0000] {dag.py:2941} INFO - Sync 3 DAGs
[2023-11-19T14:59:41.445+0000] {logging_mixin.py:154} INFO - [2023-11-19T14:59:41.445+0000] {dag.py:3722} INFO - Setting next_dagrun for example_subdag_operator to 2022-01-01T00:00:00+00:00, run_after=2022-01-01T00:00:00+00:00
[2023-11-19T14:59:41.448+0000] {logging_mixin.py:154} INFO - [2023-11-19T14:59:41.448+0000] {dag.py:3722} INFO - Setting next_dagrun for example_subdag_operator.section-1 to None, run_after=None
[2023-11-19T14:59:41.449+0000] {logging_mixin.py:154} INFO - [2023-11-19T14:59:41.449+0000] {dag.py:3722} INFO - Setting next_dagrun for example_subdag_operator.section-2 to None, run_after=None
[2023-11-19T14:59:41.455+0000] {logging_mixin.py:154} INFO - [2023-11-19T14:59:41.455+0000] {dag.py:2941} INFO - Sync 2 DAGs
[2023-11-19T14:59:41.459+0000] {logging_mixin.py:154} INFO - [2023-11-19T14:59:41.459+0000] {dag.py:3722} INFO - Setting next_dagrun for example_subdag_operator.section-1 to None, run_after=None
[2023-11-19T14:59:41.460+0000] {logging_mixin.py:154} INFO - [2023-11-19T14:59:41.459+0000] {dag.py:3722} INFO - Setting next_dagrun for example_subdag_operator.section-2 to None, run_after=None
[2023-11-19T14:59:41.469+0000] {processor.py:179} INFO - Processing /home/airflow/.local/lib/python3.8/site-packages/airflow/example_dags/example_subdag_operator.py took 0.098 seconds
[2023-11-19T15:00:11.733+0000] {processor.py:157} INFO - Started process (PID=342) to work on /home/airflow/.local/lib/python3.8/site-packages/airflow/example_dags/example_subdag_operator.py
[2023-11-19T15:00:11.734+0000] {processor.py:829} INFO - Processing file /home/airflow/.local/lib/python3.8/site-packages/airflow/example_dags/example_subdag_operator.py for tasks to queue
[2023-11-19T15:00:11.736+0000] {logging_mixin.py:154} INFO - [2023-11-19T15:00:11.735+0000] {dagbag.py:536} INFO - Filling up the DagBag from /home/airflow/.local/lib/python3.8/site-packages/airflow/example_dags/example_subdag_operator.py
[2023-11-19T15:00:11.760+0000] {processor.py:839} INFO - DAG(s) dict_keys(['example_subdag_operator.section-1', 'example_subdag_operator.section-2', 'example_subdag_operator']) retrieved from /home/airflow/.local/lib/python3.8/site-packages/airflow/example_dags/example_subdag_operator.py
[2023-11-19T15:00:11.777+0000] {logging_mixin.py:154} INFO - [2023-11-19T15:00:11.777+0000] {dag.py:2941} INFO - Sync 3 DAGs
[2023-11-19T15:00:11.800+0000] {logging_mixin.py:154} INFO - [2023-11-19T15:00:11.800+0000] {dag.py:3722} INFO - Setting next_dagrun for example_subdag_operator to 2022-01-01T00:00:00+00:00, run_after=2022-01-01T00:00:00+00:00
[2023-11-19T15:00:11.803+0000] {logging_mixin.py:154} INFO - [2023-11-19T15:00:11.803+0000] {dag.py:3722} INFO - Setting next_dagrun for example_subdag_operator.section-1 to None, run_after=None
[2023-11-19T15:00:11.804+0000] {logging_mixin.py:154} INFO - [2023-11-19T15:00:11.804+0000] {dag.py:3722} INFO - Setting next_dagrun for example_subdag_operator.section-2 to None, run_after=None
[2023-11-19T15:00:11.811+0000] {logging_mixin.py:154} INFO - [2023-11-19T15:00:11.811+0000] {dag.py:2941} INFO - Sync 2 DAGs
[2023-11-19T15:00:11.815+0000] {logging_mixin.py:154} INFO - [2023-11-19T15:00:11.815+0000] {dag.py:3722} INFO - Setting next_dagrun for example_subdag_operator.section-1 to None, run_after=None
[2023-11-19T15:00:11.816+0000] {logging_mixin.py:154} INFO - [2023-11-19T15:00:11.816+0000] {dag.py:3722} INFO - Setting next_dagrun for example_subdag_operator.section-2 to None, run_after=None
[2023-11-19T15:00:11.825+0000] {processor.py:179} INFO - Processing /home/airflow/.local/lib/python3.8/site-packages/airflow/example_dags/example_subdag_operator.py took 0.094 seconds
[2023-11-19T15:00:41.929+0000] {processor.py:157} INFO - Started process (PID=396) to work on /home/airflow/.local/lib/python3.8/site-packages/airflow/example_dags/example_subdag_operator.py
[2023-11-19T15:00:41.930+0000] {processor.py:829} INFO - Processing file /home/airflow/.local/lib/python3.8/site-packages/airflow/example_dags/example_subdag_operator.py for tasks to queue
[2023-11-19T15:00:41.932+0000] {logging_mixin.py:154} INFO - [2023-11-19T15:00:41.932+0000] {dagbag.py:536} INFO - Filling up the DagBag from /home/airflow/.local/lib/python3.8/site-packages/airflow/example_dags/example_subdag_operator.py
[2023-11-19T15:00:41.960+0000] {processor.py:839} INFO - DAG(s) dict_keys(['example_subdag_operator.section-1', 'example_subdag_operator.section-2', 'example_subdag_operator']) retrieved from /home/airflow/.local/lib/python3.8/site-packages/airflow/example_dags/example_subdag_operator.py
[2023-11-19T15:00:41.976+0000] {logging_mixin.py:154} INFO - [2023-11-19T15:00:41.975+0000] {dag.py:2941} INFO - Sync 3 DAGs
[2023-11-19T15:00:42.000+0000] {logging_mixin.py:154} INFO - [2023-11-19T15:00:42.000+0000] {dag.py:3722} INFO - Setting next_dagrun for example_subdag_operator to 2022-01-01T00:00:00+00:00, run_after=2022-01-01T00:00:00+00:00
[2023-11-19T15:00:42.003+0000] {logging_mixin.py:154} INFO - [2023-11-19T15:00:42.003+0000] {dag.py:3722} INFO - Setting next_dagrun for example_subdag_operator.section-1 to None, run_after=None
[2023-11-19T15:00:42.004+0000] {logging_mixin.py:154} INFO - [2023-11-19T15:00:42.004+0000] {dag.py:3722} INFO - Setting next_dagrun for example_subdag_operator.section-2 to None, run_after=None
[2023-11-19T15:00:42.011+0000] {logging_mixin.py:154} INFO - [2023-11-19T15:00:42.010+0000] {dag.py:2941} INFO - Sync 2 DAGs
[2023-11-19T15:00:42.015+0000] {logging_mixin.py:154} INFO - [2023-11-19T15:00:42.015+0000] {dag.py:3722} INFO - Setting next_dagrun for example_subdag_operator.section-1 to None, run_after=None
[2023-11-19T15:00:42.015+0000] {logging_mixin.py:154} INFO - [2023-11-19T15:00:42.015+0000] {dag.py:3722} INFO - Setting next_dagrun for example_subdag_operator.section-2 to None, run_after=None
[2023-11-19T15:00:42.024+0000] {processor.py:179} INFO - Processing /home/airflow/.local/lib/python3.8/site-packages/airflow/example_dags/example_subdag_operator.py took 0.098 seconds
[2023-11-19T15:01:12.146+0000] {processor.py:157} INFO - Started process (PID=450) to work on /home/airflow/.local/lib/python3.8/site-packages/airflow/example_dags/example_subdag_operator.py
[2023-11-19T15:01:12.146+0000] {processor.py:829} INFO - Processing file /home/airflow/.local/lib/python3.8/site-packages/airflow/example_dags/example_subdag_operator.py for tasks to queue
[2023-11-19T15:01:12.148+0000] {logging_mixin.py:154} INFO - [2023-11-19T15:01:12.148+0000] {dagbag.py:536} INFO - Filling up the DagBag from /home/airflow/.local/lib/python3.8/site-packages/airflow/example_dags/example_subdag_operator.py
[2023-11-19T15:01:12.171+0000] {processor.py:839} INFO - DAG(s) dict_keys(['example_subdag_operator.section-1', 'example_subdag_operator.section-2', 'example_subdag_operator']) retrieved from /home/airflow/.local/lib/python3.8/site-packages/airflow/example_dags/example_subdag_operator.py
[2023-11-19T15:01:12.186+0000] {logging_mixin.py:154} INFO - [2023-11-19T15:01:12.186+0000] {dag.py:2941} INFO - Sync 3 DAGs
[2023-11-19T15:01:12.208+0000] {logging_mixin.py:154} INFO - [2023-11-19T15:01:12.208+0000] {dag.py:3722} INFO - Setting next_dagrun for example_subdag_operator to 2022-01-01T00:00:00+00:00, run_after=2022-01-01T00:00:00+00:00
[2023-11-19T15:01:12.211+0000] {logging_mixin.py:154} INFO - [2023-11-19T15:01:12.211+0000] {dag.py:3722} INFO - Setting next_dagrun for example_subdag_operator.section-1 to None, run_after=None
[2023-11-19T15:01:12.212+0000] {logging_mixin.py:154} INFO - [2023-11-19T15:01:12.212+0000] {dag.py:3722} INFO - Setting next_dagrun for example_subdag_operator.section-2 to None, run_after=None
[2023-11-19T15:01:12.219+0000] {logging_mixin.py:154} INFO - [2023-11-19T15:01:12.219+0000] {dag.py:2941} INFO - Sync 2 DAGs
[2023-11-19T15:01:12.224+0000] {logging_mixin.py:154} INFO - [2023-11-19T15:01:12.224+0000] {dag.py:3722} INFO - Setting next_dagrun for example_subdag_operator.section-1 to None, run_after=None
[2023-11-19T15:01:12.225+0000] {logging_mixin.py:154} INFO - [2023-11-19T15:01:12.225+0000] {dag.py:3722} INFO - Setting next_dagrun for example_subdag_operator.section-2 to None, run_after=None
[2023-11-19T15:01:12.235+0000] {processor.py:179} INFO - Processing /home/airflow/.local/lib/python3.8/site-packages/airflow/example_dags/example_subdag_operator.py took 0.092 seconds
[2023-11-19T15:01:42.471+0000] {processor.py:157} INFO - Started process (PID=504) to work on /home/airflow/.local/lib/python3.8/site-packages/airflow/example_dags/example_subdag_operator.py
[2023-11-19T15:01:42.472+0000] {processor.py:829} INFO - Processing file /home/airflow/.local/lib/python3.8/site-packages/airflow/example_dags/example_subdag_operator.py for tasks to queue
[2023-11-19T15:01:42.474+0000] {logging_mixin.py:154} INFO - [2023-11-19T15:01:42.474+0000] {dagbag.py:536} INFO - Filling up the DagBag from /home/airflow/.local/lib/python3.8/site-packages/airflow/example_dags/example_subdag_operator.py
[2023-11-19T15:01:42.505+0000] {processor.py:839} INFO - DAG(s) dict_keys(['example_subdag_operator.section-1', 'example_subdag_operator.section-2', 'example_subdag_operator']) retrieved from /home/airflow/.local/lib/python3.8/site-packages/airflow/example_dags/example_subdag_operator.py
[2023-11-19T15:01:42.525+0000] {logging_mixin.py:154} INFO - [2023-11-19T15:01:42.525+0000] {dag.py:2941} INFO - Sync 3 DAGs
[2023-11-19T15:01:42.548+0000] {logging_mixin.py:154} INFO - [2023-11-19T15:01:42.548+0000] {dag.py:3722} INFO - Setting next_dagrun for example_subdag_operator to 2022-01-01T00:00:00+00:00, run_after=2022-01-01T00:00:00+00:00
[2023-11-19T15:01:42.551+0000] {logging_mixin.py:154} INFO - [2023-11-19T15:01:42.551+0000] {dag.py:3722} INFO - Setting next_dagrun for example_subdag_operator.section-1 to None, run_after=None
[2023-11-19T15:01:42.552+0000] {logging_mixin.py:154} INFO - [2023-11-19T15:01:42.552+0000] {dag.py:3722} INFO - Setting next_dagrun for example_subdag_operator.section-2 to None, run_after=None
[2023-11-19T15:01:42.558+0000] {logging_mixin.py:154} INFO - [2023-11-19T15:01:42.558+0000] {dag.py:2941} INFO - Sync 2 DAGs
[2023-11-19T15:01:42.563+0000] {logging_mixin.py:154} INFO - [2023-11-19T15:01:42.563+0000] {dag.py:3722} INFO - Setting next_dagrun for example_subdag_operator.section-1 to None, run_after=None
[2023-11-19T15:01:42.563+0000] {logging_mixin.py:154} INFO - [2023-11-19T15:01:42.563+0000] {dag.py:3722} INFO - Setting next_dagrun for example_subdag_operator.section-2 to None, run_after=None
[2023-11-19T15:01:42.572+0000] {processor.py:179} INFO - Processing /home/airflow/.local/lib/python3.8/site-packages/airflow/example_dags/example_subdag_operator.py took 0.104 seconds
[2023-11-19T15:02:13.557+0000] {processor.py:157} INFO - Started process (PID=558) to work on /home/airflow/.local/lib/python3.8/site-packages/airflow/example_dags/example_subdag_operator.py
[2023-11-19T15:02:13.558+0000] {processor.py:829} INFO - Processing file /home/airflow/.local/lib/python3.8/site-packages/airflow/example_dags/example_subdag_operator.py for tasks to queue
[2023-11-19T15:02:13.559+0000] {logging_mixin.py:154} INFO - [2023-11-19T15:02:13.559+0000] {dagbag.py:536} INFO - Filling up the DagBag from /home/airflow/.local/lib/python3.8/site-packages/airflow/example_dags/example_subdag_operator.py
[2023-11-19T15:02:13.582+0000] {processor.py:839} INFO - DAG(s) dict_keys(['example_subdag_operator.section-1', 'example_subdag_operator.section-2', 'example_subdag_operator']) retrieved from /home/airflow/.local/lib/python3.8/site-packages/airflow/example_dags/example_subdag_operator.py
[2023-11-19T15:02:13.598+0000] {logging_mixin.py:154} INFO - [2023-11-19T15:02:13.597+0000] {dag.py:2941} INFO - Sync 3 DAGs
[2023-11-19T15:02:13.619+0000] {logging_mixin.py:154} INFO - [2023-11-19T15:02:13.619+0000] {dag.py:3722} INFO - Setting next_dagrun for example_subdag_operator to 2022-01-01T00:00:00+00:00, run_after=2022-01-01T00:00:00+00:00
[2023-11-19T15:02:13.622+0000] {logging_mixin.py:154} INFO - [2023-11-19T15:02:13.622+0000] {dag.py:3722} INFO - Setting next_dagrun for example_subdag_operator.section-1 to None, run_after=None
[2023-11-19T15:02:13.623+0000] {logging_mixin.py:154} INFO - [2023-11-19T15:02:13.623+0000] {dag.py:3722} INFO - Setting next_dagrun for example_subdag_operator.section-2 to None, run_after=None
[2023-11-19T15:02:13.629+0000] {logging_mixin.py:154} INFO - [2023-11-19T15:02:13.629+0000] {dag.py:2941} INFO - Sync 2 DAGs
[2023-11-19T15:02:13.633+0000] {logging_mixin.py:154} INFO - [2023-11-19T15:02:13.633+0000] {dag.py:3722} INFO - Setting next_dagrun for example_subdag_operator.section-1 to None, run_after=None
[2023-11-19T15:02:13.634+0000] {logging_mixin.py:154} INFO - [2023-11-19T15:02:13.634+0000] {dag.py:3722} INFO - Setting next_dagrun for example_subdag_operator.section-2 to None, run_after=None
[2023-11-19T15:02:13.644+0000] {processor.py:179} INFO - Processing /home/airflow/.local/lib/python3.8/site-packages/airflow/example_dags/example_subdag_operator.py took 0.089 seconds
