[2023-11-19T14:57:38.745+0000] {processor.py:157} INFO - Started process (PID=52) to work on /home/airflow/.local/lib/python3.8/site-packages/airflow/example_dags/example_task_group.py
[2023-11-19T14:57:38.746+0000] {processor.py:829} INFO - Processing file /home/airflow/.local/lib/python3.8/site-packages/airflow/example_dags/example_task_group.py for tasks to queue
[2023-11-19T14:57:38.757+0000] {logging_mixin.py:154} INFO - [2023-11-19T14:57:38.757+0000] {dagbag.py:536} INFO - Filling up the DagBag from /home/airflow/.local/lib/python3.8/site-packages/airflow/example_dags/example_task_group.py
[2023-11-19T14:57:38.766+0000] {processor.py:839} INFO - DAG(s) dict_keys(['example_task_group']) retrieved from /home/airflow/.local/lib/python3.8/site-packages/airflow/example_dags/example_task_group.py
[2023-11-19T14:57:38.788+0000] {logging_mixin.py:154} INFO - [2023-11-19T14:57:38.788+0000] {dag.py:2941} INFO - Sync 1 DAGs
[2023-11-19T14:57:38.822+0000] {logging_mixin.py:154} INFO - [2023-11-19T14:57:38.822+0000] {dag.py:3722} INFO - Setting next_dagrun for example_task_group to 2023-11-18T14:57:38.822487+00:00, run_after=2023-11-19T14:57:38.822487+00:00
[2023-11-19T14:57:38.846+0000] {processor.py:179} INFO - Processing /home/airflow/.local/lib/python3.8/site-packages/airflow/example_dags/example_task_group.py took 0.103 seconds
[2023-11-19T14:58:09.262+0000] {processor.py:157} INFO - Started process (PID=106) to work on /home/airflow/.local/lib/python3.8/site-packages/airflow/example_dags/example_task_group.py
[2023-11-19T14:58:09.263+0000] {processor.py:829} INFO - Processing file /home/airflow/.local/lib/python3.8/site-packages/airflow/example_dags/example_task_group.py for tasks to queue
[2023-11-19T14:58:09.265+0000] {logging_mixin.py:154} INFO - [2023-11-19T14:58:09.265+0000] {dagbag.py:536} INFO - Filling up the DagBag from /home/airflow/.local/lib/python3.8/site-packages/airflow/example_dags/example_task_group.py
[2023-11-19T14:58:09.272+0000] {processor.py:839} INFO - DAG(s) dict_keys(['example_task_group']) retrieved from /home/airflow/.local/lib/python3.8/site-packages/airflow/example_dags/example_task_group.py
[2023-11-19T14:58:09.299+0000] {logging_mixin.py:154} INFO - [2023-11-19T14:58:09.299+0000] {dag.py:2941} INFO - Sync 1 DAGs
[2023-11-19T14:58:09.325+0000] {logging_mixin.py:154} INFO - [2023-11-19T14:58:09.324+0000] {dag.py:3722} INFO - Setting next_dagrun for example_task_group to 2023-11-18T14:58:09.324166+00:00, run_after=2023-11-19T14:58:09.324166+00:00
[2023-11-19T14:58:09.345+0000] {processor.py:179} INFO - Processing /home/airflow/.local/lib/python3.8/site-packages/airflow/example_dags/example_task_group.py took 0.086 seconds
[2023-11-19T14:58:39.548+0000] {processor.py:157} INFO - Started process (PID=160) to work on /home/airflow/.local/lib/python3.8/site-packages/airflow/example_dags/example_task_group.py
[2023-11-19T14:58:39.550+0000] {processor.py:829} INFO - Processing file /home/airflow/.local/lib/python3.8/site-packages/airflow/example_dags/example_task_group.py for tasks to queue
[2023-11-19T14:58:39.552+0000] {logging_mixin.py:154} INFO - [2023-11-19T14:58:39.552+0000] {dagbag.py:536} INFO - Filling up the DagBag from /home/airflow/.local/lib/python3.8/site-packages/airflow/example_dags/example_task_group.py
[2023-11-19T14:58:39.559+0000] {processor.py:839} INFO - DAG(s) dict_keys(['example_task_group']) retrieved from /home/airflow/.local/lib/python3.8/site-packages/airflow/example_dags/example_task_group.py
[2023-11-19T14:58:39.585+0000] {logging_mixin.py:154} INFO - [2023-11-19T14:58:39.584+0000] {dag.py:2941} INFO - Sync 1 DAGs
[2023-11-19T14:58:39.608+0000] {logging_mixin.py:154} INFO - [2023-11-19T14:58:39.607+0000] {dag.py:3722} INFO - Setting next_dagrun for example_task_group to 2023-11-18T14:58:39.607590+00:00, run_after=2023-11-19T14:58:39.607590+00:00
[2023-11-19T14:58:39.627+0000] {processor.py:179} INFO - Processing /home/airflow/.local/lib/python3.8/site-packages/airflow/example_dags/example_task_group.py took 0.082 seconds
[2023-11-19T14:59:09.793+0000] {processor.py:157} INFO - Started process (PID=214) to work on /home/airflow/.local/lib/python3.8/site-packages/airflow/example_dags/example_task_group.py
[2023-11-19T14:59:09.794+0000] {processor.py:829} INFO - Processing file /home/airflow/.local/lib/python3.8/site-packages/airflow/example_dags/example_task_group.py for tasks to queue
[2023-11-19T14:59:09.796+0000] {logging_mixin.py:154} INFO - [2023-11-19T14:59:09.795+0000] {dagbag.py:536} INFO - Filling up the DagBag from /home/airflow/.local/lib/python3.8/site-packages/airflow/example_dags/example_task_group.py
[2023-11-19T14:59:09.802+0000] {processor.py:839} INFO - DAG(s) dict_keys(['example_task_group']) retrieved from /home/airflow/.local/lib/python3.8/site-packages/airflow/example_dags/example_task_group.py
[2023-11-19T14:59:09.825+0000] {logging_mixin.py:154} INFO - [2023-11-19T14:59:09.825+0000] {dag.py:2941} INFO - Sync 1 DAGs
[2023-11-19T14:59:09.852+0000] {logging_mixin.py:154} INFO - [2023-11-19T14:59:09.851+0000] {dag.py:3722} INFO - Setting next_dagrun for example_task_group to 2023-11-18T14:59:09.851505+00:00, run_after=2023-11-19T14:59:09.851505+00:00
[2023-11-19T14:59:09.872+0000] {processor.py:179} INFO - Processing /home/airflow/.local/lib/python3.8/site-packages/airflow/example_dags/example_task_group.py took 0.083 seconds
[2023-11-19T14:59:40.115+0000] {processor.py:157} INFO - Started process (PID=268) to work on /home/airflow/.local/lib/python3.8/site-packages/airflow/example_dags/example_task_group.py
[2023-11-19T14:59:40.115+0000] {processor.py:829} INFO - Processing file /home/airflow/.local/lib/python3.8/site-packages/airflow/example_dags/example_task_group.py for tasks to queue
[2023-11-19T14:59:40.117+0000] {logging_mixin.py:154} INFO - [2023-11-19T14:59:40.117+0000] {dagbag.py:536} INFO - Filling up the DagBag from /home/airflow/.local/lib/python3.8/site-packages/airflow/example_dags/example_task_group.py
[2023-11-19T14:59:40.124+0000] {processor.py:839} INFO - DAG(s) dict_keys(['example_task_group']) retrieved from /home/airflow/.local/lib/python3.8/site-packages/airflow/example_dags/example_task_group.py
[2023-11-19T14:59:40.147+0000] {logging_mixin.py:154} INFO - [2023-11-19T14:59:40.147+0000] {dag.py:2941} INFO - Sync 1 DAGs
[2023-11-19T14:59:40.170+0000] {logging_mixin.py:154} INFO - [2023-11-19T14:59:40.170+0000] {dag.py:3722} INFO - Setting next_dagrun for example_task_group to 2023-11-18T14:59:40.170039+00:00, run_after=2023-11-19T14:59:40.170039+00:00
[2023-11-19T14:59:40.187+0000] {processor.py:179} INFO - Processing /home/airflow/.local/lib/python3.8/site-packages/airflow/example_dags/example_task_group.py took 0.076 seconds
[2023-11-19T15:00:10.293+0000] {processor.py:157} INFO - Started process (PID=323) to work on /home/airflow/.local/lib/python3.8/site-packages/airflow/example_dags/example_task_group.py
[2023-11-19T15:00:10.295+0000] {processor.py:829} INFO - Processing file /home/airflow/.local/lib/python3.8/site-packages/airflow/example_dags/example_task_group.py for tasks to queue
[2023-11-19T15:00:10.297+0000] {logging_mixin.py:154} INFO - [2023-11-19T15:00:10.296+0000] {dagbag.py:536} INFO - Filling up the DagBag from /home/airflow/.local/lib/python3.8/site-packages/airflow/example_dags/example_task_group.py
[2023-11-19T15:00:10.304+0000] {processor.py:839} INFO - DAG(s) dict_keys(['example_task_group']) retrieved from /home/airflow/.local/lib/python3.8/site-packages/airflow/example_dags/example_task_group.py
[2023-11-19T15:00:10.332+0000] {logging_mixin.py:154} INFO - [2023-11-19T15:00:10.332+0000] {dag.py:2941} INFO - Sync 1 DAGs
[2023-11-19T15:00:10.360+0000] {logging_mixin.py:154} INFO - [2023-11-19T15:00:10.360+0000] {dag.py:3722} INFO - Setting next_dagrun for example_task_group to 2023-11-18T15:00:10.360320+00:00, run_after=2023-11-19T15:00:10.360320+00:00
[2023-11-19T15:00:10.380+0000] {processor.py:179} INFO - Processing /home/airflow/.local/lib/python3.8/site-packages/airflow/example_dags/example_task_group.py took 0.090 seconds
[2023-11-19T15:00:40.674+0000] {processor.py:157} INFO - Started process (PID=377) to work on /home/airflow/.local/lib/python3.8/site-packages/airflow/example_dags/example_task_group.py
[2023-11-19T15:00:40.676+0000] {processor.py:829} INFO - Processing file /home/airflow/.local/lib/python3.8/site-packages/airflow/example_dags/example_task_group.py for tasks to queue
[2023-11-19T15:00:40.679+0000] {logging_mixin.py:154} INFO - [2023-11-19T15:00:40.678+0000] {dagbag.py:536} INFO - Filling up the DagBag from /home/airflow/.local/lib/python3.8/site-packages/airflow/example_dags/example_task_group.py
[2023-11-19T15:00:40.687+0000] {processor.py:839} INFO - DAG(s) dict_keys(['example_task_group']) retrieved from /home/airflow/.local/lib/python3.8/site-packages/airflow/example_dags/example_task_group.py
[2023-11-19T15:00:40.710+0000] {logging_mixin.py:154} INFO - [2023-11-19T15:00:40.710+0000] {dag.py:2941} INFO - Sync 1 DAGs
[2023-11-19T15:00:40.731+0000] {logging_mixin.py:154} INFO - [2023-11-19T15:00:40.731+0000] {dag.py:3722} INFO - Setting next_dagrun for example_task_group to 2023-11-18T15:00:40.731518+00:00, run_after=2023-11-19T15:00:40.731518+00:00
[2023-11-19T15:00:40.747+0000] {processor.py:179} INFO - Processing /home/airflow/.local/lib/python3.8/site-packages/airflow/example_dags/example_task_group.py took 0.076 seconds
[2023-11-19T15:01:11.020+0000] {processor.py:157} INFO - Started process (PID=431) to work on /home/airflow/.local/lib/python3.8/site-packages/airflow/example_dags/example_task_group.py
[2023-11-19T15:01:11.020+0000] {processor.py:829} INFO - Processing file /home/airflow/.local/lib/python3.8/site-packages/airflow/example_dags/example_task_group.py for tasks to queue
[2023-11-19T15:01:11.022+0000] {logging_mixin.py:154} INFO - [2023-11-19T15:01:11.022+0000] {dagbag.py:536} INFO - Filling up the DagBag from /home/airflow/.local/lib/python3.8/site-packages/airflow/example_dags/example_task_group.py
[2023-11-19T15:01:11.029+0000] {processor.py:839} INFO - DAG(s) dict_keys(['example_task_group']) retrieved from /home/airflow/.local/lib/python3.8/site-packages/airflow/example_dags/example_task_group.py
[2023-11-19T15:01:11.054+0000] {logging_mixin.py:154} INFO - [2023-11-19T15:01:11.054+0000] {dag.py:2941} INFO - Sync 1 DAGs
[2023-11-19T15:01:11.080+0000] {logging_mixin.py:154} INFO - [2023-11-19T15:01:11.080+0000] {dag.py:3722} INFO - Setting next_dagrun for example_task_group to 2023-11-18T15:01:11.080141+00:00, run_after=2023-11-19T15:01:11.080141+00:00
[2023-11-19T15:01:11.100+0000] {processor.py:179} INFO - Processing /home/airflow/.local/lib/python3.8/site-packages/airflow/example_dags/example_task_group.py took 0.084 seconds
[2023-11-19T15:01:41.197+0000] {processor.py:157} INFO - Started process (PID=485) to work on /home/airflow/.local/lib/python3.8/site-packages/airflow/example_dags/example_task_group.py
[2023-11-19T15:01:41.198+0000] {processor.py:829} INFO - Processing file /home/airflow/.local/lib/python3.8/site-packages/airflow/example_dags/example_task_group.py for tasks to queue
[2023-11-19T15:01:41.199+0000] {logging_mixin.py:154} INFO - [2023-11-19T15:01:41.199+0000] {dagbag.py:536} INFO - Filling up the DagBag from /home/airflow/.local/lib/python3.8/site-packages/airflow/example_dags/example_task_group.py
[2023-11-19T15:01:41.206+0000] {processor.py:839} INFO - DAG(s) dict_keys(['example_task_group']) retrieved from /home/airflow/.local/lib/python3.8/site-packages/airflow/example_dags/example_task_group.py
[2023-11-19T15:01:41.230+0000] {logging_mixin.py:154} INFO - [2023-11-19T15:01:41.230+0000] {dag.py:2941} INFO - Sync 1 DAGs
[2023-11-19T15:01:41.255+0000] {logging_mixin.py:154} INFO - [2023-11-19T15:01:41.255+0000] {dag.py:3722} INFO - Setting next_dagrun for example_task_group to 2023-11-18T15:01:41.255338+00:00, run_after=2023-11-19T15:01:41.255338+00:00
[2023-11-19T15:01:41.278+0000] {processor.py:179} INFO - Processing /home/airflow/.local/lib/python3.8/site-packages/airflow/example_dags/example_task_group.py took 0.084 seconds
[2023-11-19T15:02:11.418+0000] {processor.py:157} INFO - Started process (PID=539) to work on /home/airflow/.local/lib/python3.8/site-packages/airflow/example_dags/example_task_group.py
[2023-11-19T15:02:11.418+0000] {processor.py:829} INFO - Processing file /home/airflow/.local/lib/python3.8/site-packages/airflow/example_dags/example_task_group.py for tasks to queue
[2023-11-19T15:02:11.420+0000] {logging_mixin.py:154} INFO - [2023-11-19T15:02:11.420+0000] {dagbag.py:536} INFO - Filling up the DagBag from /home/airflow/.local/lib/python3.8/site-packages/airflow/example_dags/example_task_group.py
[2023-11-19T15:02:11.428+0000] {processor.py:839} INFO - DAG(s) dict_keys(['example_task_group']) retrieved from /home/airflow/.local/lib/python3.8/site-packages/airflow/example_dags/example_task_group.py
[2023-11-19T15:02:11.455+0000] {logging_mixin.py:154} INFO - [2023-11-19T15:02:11.455+0000] {dag.py:2941} INFO - Sync 1 DAGs
[2023-11-19T15:02:11.478+0000] {logging_mixin.py:154} INFO - [2023-11-19T15:02:11.478+0000] {dag.py:3722} INFO - Setting next_dagrun for example_task_group to 2023-11-18T15:02:11.478301+00:00, run_after=2023-11-19T15:02:11.478301+00:00
[2023-11-19T15:02:11.494+0000] {processor.py:179} INFO - Processing /home/airflow/.local/lib/python3.8/site-packages/airflow/example_dags/example_task_group.py took 0.079 seconds
[2023-11-19T15:02:42.063+0000] {processor.py:157} INFO - Started process (PID=593) to work on /home/airflow/.local/lib/python3.8/site-packages/airflow/example_dags/example_task_group.py
[2023-11-19T15:02:42.064+0000] {processor.py:829} INFO - Processing file /home/airflow/.local/lib/python3.8/site-packages/airflow/example_dags/example_task_group.py for tasks to queue
[2023-11-19T15:02:42.066+0000] {logging_mixin.py:154} INFO - [2023-11-19T15:02:42.066+0000] {dagbag.py:536} INFO - Filling up the DagBag from /home/airflow/.local/lib/python3.8/site-packages/airflow/example_dags/example_task_group.py
[2023-11-19T15:02:42.073+0000] {processor.py:839} INFO - DAG(s) dict_keys(['example_task_group']) retrieved from /home/airflow/.local/lib/python3.8/site-packages/airflow/example_dags/example_task_group.py
[2023-11-19T15:02:42.097+0000] {logging_mixin.py:154} INFO - [2023-11-19T15:02:42.097+0000] {dag.py:2941} INFO - Sync 1 DAGs
[2023-11-19T15:02:42.119+0000] {logging_mixin.py:154} INFO - [2023-11-19T15:02:42.118+0000] {dag.py:3722} INFO - Setting next_dagrun for example_task_group to 2023-11-18T15:02:42.118695+00:00, run_after=2023-11-19T15:02:42.118695+00:00
[2023-11-19T15:02:42.136+0000] {processor.py:179} INFO - Processing /home/airflow/.local/lib/python3.8/site-packages/airflow/example_dags/example_task_group.py took 0.076 seconds
[2023-11-19T15:03:12.404+0000] {processor.py:157} INFO - Started process (PID=647) to work on /home/airflow/.local/lib/python3.8/site-packages/airflow/example_dags/example_task_group.py
[2023-11-19T15:03:12.404+0000] {processor.py:829} INFO - Processing file /home/airflow/.local/lib/python3.8/site-packages/airflow/example_dags/example_task_group.py for tasks to queue
[2023-11-19T15:03:12.406+0000] {logging_mixin.py:154} INFO - [2023-11-19T15:03:12.406+0000] {dagbag.py:536} INFO - Filling up the DagBag from /home/airflow/.local/lib/python3.8/site-packages/airflow/example_dags/example_task_group.py
[2023-11-19T15:03:12.412+0000] {processor.py:839} INFO - DAG(s) dict_keys(['example_task_group']) retrieved from /home/airflow/.local/lib/python3.8/site-packages/airflow/example_dags/example_task_group.py
[2023-11-19T15:03:12.432+0000] {logging_mixin.py:154} INFO - [2023-11-19T15:03:12.432+0000] {dag.py:2941} INFO - Sync 1 DAGs
[2023-11-19T15:03:12.457+0000] {logging_mixin.py:154} INFO - [2023-11-19T15:03:12.457+0000] {dag.py:3722} INFO - Setting next_dagrun for example_task_group to 2023-11-18T15:03:12.456796+00:00, run_after=2023-11-19T15:03:12.456796+00:00
[2023-11-19T15:03:12.474+0000] {processor.py:179} INFO - Processing /home/airflow/.local/lib/python3.8/site-packages/airflow/example_dags/example_task_group.py took 0.073 seconds
[2023-11-19T15:03:43.039+0000] {processor.py:157} INFO - Started process (PID=701) to work on /home/airflow/.local/lib/python3.8/site-packages/airflow/example_dags/example_task_group.py
[2023-11-19T15:03:43.040+0000] {processor.py:829} INFO - Processing file /home/airflow/.local/lib/python3.8/site-packages/airflow/example_dags/example_task_group.py for tasks to queue
[2023-11-19T15:03:43.043+0000] {logging_mixin.py:154} INFO - [2023-11-19T15:03:43.042+0000] {dagbag.py:536} INFO - Filling up the DagBag from /home/airflow/.local/lib/python3.8/site-packages/airflow/example_dags/example_task_group.py
[2023-11-19T15:03:43.054+0000] {processor.py:839} INFO - DAG(s) dict_keys(['example_task_group']) retrieved from /home/airflow/.local/lib/python3.8/site-packages/airflow/example_dags/example_task_group.py
[2023-11-19T15:03:43.082+0000] {logging_mixin.py:154} INFO - [2023-11-19T15:03:43.082+0000] {dag.py:2941} INFO - Sync 1 DAGs
[2023-11-19T15:03:43.105+0000] {logging_mixin.py:154} INFO - [2023-11-19T15:03:43.105+0000] {dag.py:3722} INFO - Setting next_dagrun for example_task_group to 2023-11-18T15:03:43.105211+00:00, run_after=2023-11-19T15:03:43.105211+00:00
[2023-11-19T15:03:43.126+0000] {processor.py:179} INFO - Processing /home/airflow/.local/lib/python3.8/site-packages/airflow/example_dags/example_task_group.py took 0.091 seconds
[2023-11-19T15:04:13.158+0000] {processor.py:157} INFO - Started process (PID=755) to work on /home/airflow/.local/lib/python3.8/site-packages/airflow/example_dags/example_task_group.py
[2023-11-19T15:04:13.158+0000] {processor.py:829} INFO - Processing file /home/airflow/.local/lib/python3.8/site-packages/airflow/example_dags/example_task_group.py for tasks to queue
[2023-11-19T15:04:13.160+0000] {logging_mixin.py:154} INFO - [2023-11-19T15:04:13.160+0000] {dagbag.py:536} INFO - Filling up the DagBag from /home/airflow/.local/lib/python3.8/site-packages/airflow/example_dags/example_task_group.py
[2023-11-19T15:04:13.168+0000] {processor.py:839} INFO - DAG(s) dict_keys(['example_task_group']) retrieved from /home/airflow/.local/lib/python3.8/site-packages/airflow/example_dags/example_task_group.py
[2023-11-19T15:04:13.192+0000] {logging_mixin.py:154} INFO - [2023-11-19T15:04:13.191+0000] {dag.py:2941} INFO - Sync 1 DAGs
[2023-11-19T15:04:13.219+0000] {logging_mixin.py:154} INFO - [2023-11-19T15:04:13.219+0000] {dag.py:3722} INFO - Setting next_dagrun for example_task_group to 2023-11-18T15:04:13.219098+00:00, run_after=2023-11-19T15:04:13.219098+00:00
[2023-11-19T15:04:13.237+0000] {processor.py:179} INFO - Processing /home/airflow/.local/lib/python3.8/site-packages/airflow/example_dags/example_task_group.py took 0.083 seconds
[2023-11-19T15:04:43.377+0000] {processor.py:157} INFO - Started process (PID=809) to work on /home/airflow/.local/lib/python3.8/site-packages/airflow/example_dags/example_task_group.py
[2023-11-19T15:04:43.378+0000] {processor.py:829} INFO - Processing file /home/airflow/.local/lib/python3.8/site-packages/airflow/example_dags/example_task_group.py for tasks to queue
[2023-11-19T15:04:43.379+0000] {logging_mixin.py:154} INFO - [2023-11-19T15:04:43.379+0000] {dagbag.py:536} INFO - Filling up the DagBag from /home/airflow/.local/lib/python3.8/site-packages/airflow/example_dags/example_task_group.py
[2023-11-19T15:04:43.385+0000] {processor.py:839} INFO - DAG(s) dict_keys(['example_task_group']) retrieved from /home/airflow/.local/lib/python3.8/site-packages/airflow/example_dags/example_task_group.py
[2023-11-19T15:04:43.406+0000] {logging_mixin.py:154} INFO - [2023-11-19T15:04:43.406+0000] {dag.py:2941} INFO - Sync 1 DAGs
[2023-11-19T15:04:43.429+0000] {logging_mixin.py:154} INFO - [2023-11-19T15:04:43.429+0000] {dag.py:3722} INFO - Setting next_dagrun for example_task_group to 2023-11-18T15:04:43.428811+00:00, run_after=2023-11-19T15:04:43.428811+00:00
[2023-11-19T15:04:43.447+0000] {processor.py:179} INFO - Processing /home/airflow/.local/lib/python3.8/site-packages/airflow/example_dags/example_task_group.py took 0.072 seconds
[2023-11-19T15:05:13.992+0000] {processor.py:157} INFO - Started process (PID=863) to work on /home/airflow/.local/lib/python3.8/site-packages/airflow/example_dags/example_task_group.py
[2023-11-19T15:05:13.993+0000] {processor.py:829} INFO - Processing file /home/airflow/.local/lib/python3.8/site-packages/airflow/example_dags/example_task_group.py for tasks to queue
[2023-11-19T15:05:13.995+0000] {logging_mixin.py:154} INFO - [2023-11-19T15:05:13.995+0000] {dagbag.py:536} INFO - Filling up the DagBag from /home/airflow/.local/lib/python3.8/site-packages/airflow/example_dags/example_task_group.py
[2023-11-19T15:05:14.004+0000] {processor.py:839} INFO - DAG(s) dict_keys(['example_task_group']) retrieved from /home/airflow/.local/lib/python3.8/site-packages/airflow/example_dags/example_task_group.py
[2023-11-19T15:05:14.028+0000] {logging_mixin.py:154} INFO - [2023-11-19T15:05:14.027+0000] {dag.py:2941} INFO - Sync 1 DAGs
[2023-11-19T15:05:14.049+0000] {logging_mixin.py:154} INFO - [2023-11-19T15:05:14.049+0000] {dag.py:3722} INFO - Setting next_dagrun for example_task_group to 2023-11-18T15:05:14.048967+00:00, run_after=2023-11-19T15:05:14.048967+00:00
[2023-11-19T15:05:14.065+0000] {processor.py:179} INFO - Processing /home/airflow/.local/lib/python3.8/site-packages/airflow/example_dags/example_task_group.py took 0.076 seconds
[2023-11-19T15:05:44.357+0000] {processor.py:157} INFO - Started process (PID=917) to work on /home/airflow/.local/lib/python3.8/site-packages/airflow/example_dags/example_task_group.py
[2023-11-19T15:05:44.358+0000] {processor.py:829} INFO - Processing file /home/airflow/.local/lib/python3.8/site-packages/airflow/example_dags/example_task_group.py for tasks to queue
[2023-11-19T15:05:44.359+0000] {logging_mixin.py:154} INFO - [2023-11-19T15:05:44.359+0000] {dagbag.py:536} INFO - Filling up the DagBag from /home/airflow/.local/lib/python3.8/site-packages/airflow/example_dags/example_task_group.py
[2023-11-19T15:05:44.365+0000] {processor.py:839} INFO - DAG(s) dict_keys(['example_task_group']) retrieved from /home/airflow/.local/lib/python3.8/site-packages/airflow/example_dags/example_task_group.py
[2023-11-19T15:05:44.386+0000] {logging_mixin.py:154} INFO - [2023-11-19T15:05:44.386+0000] {dag.py:2941} INFO - Sync 1 DAGs
[2023-11-19T15:05:44.406+0000] {logging_mixin.py:154} INFO - [2023-11-19T15:05:44.406+0000] {dag.py:3722} INFO - Setting next_dagrun for example_task_group to 2023-11-18T15:05:44.406423+00:00, run_after=2023-11-19T15:05:44.406423+00:00
[2023-11-19T15:05:44.422+0000] {processor.py:179} INFO - Processing /home/airflow/.local/lib/python3.8/site-packages/airflow/example_dags/example_task_group.py took 0.068 seconds
[2023-11-19T15:06:14.900+0000] {processor.py:157} INFO - Started process (PID=971) to work on /home/airflow/.local/lib/python3.8/site-packages/airflow/example_dags/example_task_group.py
[2023-11-19T15:06:14.901+0000] {processor.py:829} INFO - Processing file /home/airflow/.local/lib/python3.8/site-packages/airflow/example_dags/example_task_group.py for tasks to queue
[2023-11-19T15:06:14.903+0000] {logging_mixin.py:154} INFO - [2023-11-19T15:06:14.903+0000] {dagbag.py:536} INFO - Filling up the DagBag from /home/airflow/.local/lib/python3.8/site-packages/airflow/example_dags/example_task_group.py
[2023-11-19T15:06:14.910+0000] {processor.py:839} INFO - DAG(s) dict_keys(['example_task_group']) retrieved from /home/airflow/.local/lib/python3.8/site-packages/airflow/example_dags/example_task_group.py
[2023-11-19T15:06:14.934+0000] {logging_mixin.py:154} INFO - [2023-11-19T15:06:14.933+0000] {dag.py:2941} INFO - Sync 1 DAGs
[2023-11-19T15:06:14.955+0000] {logging_mixin.py:154} INFO - [2023-11-19T15:06:14.955+0000] {dag.py:3722} INFO - Setting next_dagrun for example_task_group to 2023-11-18T15:06:14.954817+00:00, run_after=2023-11-19T15:06:14.954817+00:00
[2023-11-19T15:06:14.970+0000] {processor.py:179} INFO - Processing /home/airflow/.local/lib/python3.8/site-packages/airflow/example_dags/example_task_group.py took 0.073 seconds
