[2023-11-19T14:57:37.856+0000] {processor.py:157} INFO - Started process (PID=36) to work on /home/airflow/.local/lib/python3.8/site-packages/airflow/example_dags/example_task_group_decorator.py
[2023-11-19T14:57:37.856+0000] {processor.py:829} INFO - Processing file /home/airflow/.local/lib/python3.8/site-packages/airflow/example_dags/example_task_group_decorator.py for tasks to queue
[2023-11-19T14:57:37.858+0000] {logging_mixin.py:154} INFO - [2023-11-19T14:57:37.858+0000] {dagbag.py:536} INFO - Filling up the DagBag from /home/airflow/.local/lib/python3.8/site-packages/airflow/example_dags/example_task_group_decorator.py
[2023-11-19T14:57:37.874+0000] {processor.py:839} INFO - DAG(s) dict_keys(['example_task_group_decorator']) retrieved from /home/airflow/.local/lib/python3.8/site-packages/airflow/example_dags/example_task_group_decorator.py
[2023-11-19T14:57:37.885+0000] {logging_mixin.py:154} INFO - [2023-11-19T14:57:37.885+0000] {dag.py:2941} INFO - Sync 1 DAGs
[2023-11-19T14:57:37.907+0000] {logging_mixin.py:154} INFO - [2023-11-19T14:57:37.907+0000] {dag.py:3722} INFO - Setting next_dagrun for example_task_group_decorator to 2023-11-18T14:57:37.906960+00:00, run_after=2023-11-19T14:57:37.906960+00:00
[2023-11-19T14:57:37.925+0000] {processor.py:179} INFO - Processing /home/airflow/.local/lib/python3.8/site-packages/airflow/example_dags/example_task_group_decorator.py took 0.072 seconds
[2023-11-19T14:58:08.457+0000] {processor.py:157} INFO - Started process (PID=90) to work on /home/airflow/.local/lib/python3.8/site-packages/airflow/example_dags/example_task_group_decorator.py
[2023-11-19T14:58:08.457+0000] {processor.py:829} INFO - Processing file /home/airflow/.local/lib/python3.8/site-packages/airflow/example_dags/example_task_group_decorator.py for tasks to queue
[2023-11-19T14:58:08.459+0000] {logging_mixin.py:154} INFO - [2023-11-19T14:58:08.459+0000] {dagbag.py:536} INFO - Filling up the DagBag from /home/airflow/.local/lib/python3.8/site-packages/airflow/example_dags/example_task_group_decorator.py
[2023-11-19T14:58:08.474+0000] {processor.py:839} INFO - DAG(s) dict_keys(['example_task_group_decorator']) retrieved from /home/airflow/.local/lib/python3.8/site-packages/airflow/example_dags/example_task_group_decorator.py
[2023-11-19T14:58:08.503+0000] {logging_mixin.py:154} INFO - [2023-11-19T14:58:08.503+0000] {dag.py:2941} INFO - Sync 1 DAGs
[2023-11-19T14:58:08.529+0000] {logging_mixin.py:154} INFO - [2023-11-19T14:58:08.528+0000] {dag.py:3722} INFO - Setting next_dagrun for example_task_group_decorator to 2023-11-18T14:58:08.528643+00:00, run_after=2023-11-19T14:58:08.528643+00:00
[2023-11-19T14:58:08.549+0000] {processor.py:179} INFO - Processing /home/airflow/.local/lib/python3.8/site-packages/airflow/example_dags/example_task_group_decorator.py took 0.096 seconds
[2023-11-19T14:58:38.640+0000] {processor.py:157} INFO - Started process (PID=144) to work on /home/airflow/.local/lib/python3.8/site-packages/airflow/example_dags/example_task_group_decorator.py
[2023-11-19T14:58:38.641+0000] {processor.py:829} INFO - Processing file /home/airflow/.local/lib/python3.8/site-packages/airflow/example_dags/example_task_group_decorator.py for tasks to queue
[2023-11-19T14:58:38.643+0000] {logging_mixin.py:154} INFO - [2023-11-19T14:58:38.642+0000] {dagbag.py:536} INFO - Filling up the DagBag from /home/airflow/.local/lib/python3.8/site-packages/airflow/example_dags/example_task_group_decorator.py
[2023-11-19T14:58:38.656+0000] {processor.py:839} INFO - DAG(s) dict_keys(['example_task_group_decorator']) retrieved from /home/airflow/.local/lib/python3.8/site-packages/airflow/example_dags/example_task_group_decorator.py
[2023-11-19T14:58:38.680+0000] {logging_mixin.py:154} INFO - [2023-11-19T14:58:38.679+0000] {dag.py:2941} INFO - Sync 1 DAGs
[2023-11-19T14:58:38.706+0000] {logging_mixin.py:154} INFO - [2023-11-19T14:58:38.706+0000] {dag.py:3722} INFO - Setting next_dagrun for example_task_group_decorator to 2023-11-18T14:58:38.705918+00:00, run_after=2023-11-19T14:58:38.705918+00:00
[2023-11-19T14:58:38.724+0000] {processor.py:179} INFO - Processing /home/airflow/.local/lib/python3.8/site-packages/airflow/example_dags/example_task_group_decorator.py took 0.086 seconds
[2023-11-19T14:59:08.870+0000] {processor.py:157} INFO - Started process (PID=198) to work on /home/airflow/.local/lib/python3.8/site-packages/airflow/example_dags/example_task_group_decorator.py
[2023-11-19T14:59:08.871+0000] {processor.py:829} INFO - Processing file /home/airflow/.local/lib/python3.8/site-packages/airflow/example_dags/example_task_group_decorator.py for tasks to queue
[2023-11-19T14:59:08.873+0000] {logging_mixin.py:154} INFO - [2023-11-19T14:59:08.873+0000] {dagbag.py:536} INFO - Filling up the DagBag from /home/airflow/.local/lib/python3.8/site-packages/airflow/example_dags/example_task_group_decorator.py
[2023-11-19T14:59:08.887+0000] {processor.py:839} INFO - DAG(s) dict_keys(['example_task_group_decorator']) retrieved from /home/airflow/.local/lib/python3.8/site-packages/airflow/example_dags/example_task_group_decorator.py
[2023-11-19T14:59:08.921+0000] {logging_mixin.py:154} INFO - [2023-11-19T14:59:08.920+0000] {dag.py:2941} INFO - Sync 1 DAGs
[2023-11-19T14:59:08.949+0000] {logging_mixin.py:154} INFO - [2023-11-19T14:59:08.949+0000] {dag.py:3722} INFO - Setting next_dagrun for example_task_group_decorator to 2023-11-18T14:59:08.948846+00:00, run_after=2023-11-19T14:59:08.948846+00:00
[2023-11-19T14:59:08.974+0000] {processor.py:179} INFO - Processing /home/airflow/.local/lib/python3.8/site-packages/airflow/example_dags/example_task_group_decorator.py took 0.107 seconds
[2023-11-19T14:59:39.099+0000] {processor.py:157} INFO - Started process (PID=252) to work on /home/airflow/.local/lib/python3.8/site-packages/airflow/example_dags/example_task_group_decorator.py
[2023-11-19T14:59:39.100+0000] {processor.py:829} INFO - Processing file /home/airflow/.local/lib/python3.8/site-packages/airflow/example_dags/example_task_group_decorator.py for tasks to queue
[2023-11-19T14:59:39.102+0000] {logging_mixin.py:154} INFO - [2023-11-19T14:59:39.102+0000] {dagbag.py:536} INFO - Filling up the DagBag from /home/airflow/.local/lib/python3.8/site-packages/airflow/example_dags/example_task_group_decorator.py
[2023-11-19T14:59:39.116+0000] {processor.py:839} INFO - DAG(s) dict_keys(['example_task_group_decorator']) retrieved from /home/airflow/.local/lib/python3.8/site-packages/airflow/example_dags/example_task_group_decorator.py
[2023-11-19T14:59:39.144+0000] {logging_mixin.py:154} INFO - [2023-11-19T14:59:39.144+0000] {dag.py:2941} INFO - Sync 1 DAGs
[2023-11-19T14:59:39.168+0000] {logging_mixin.py:154} INFO - [2023-11-19T14:59:39.168+0000] {dag.py:3722} INFO - Setting next_dagrun for example_task_group_decorator to 2023-11-18T14:59:39.167734+00:00, run_after=2023-11-19T14:59:39.167734+00:00
[2023-11-19T14:59:39.188+0000] {processor.py:179} INFO - Processing /home/airflow/.local/lib/python3.8/site-packages/airflow/example_dags/example_task_group_decorator.py took 0.092 seconds
[2023-11-19T15:00:09.394+0000] {processor.py:157} INFO - Started process (PID=307) to work on /home/airflow/.local/lib/python3.8/site-packages/airflow/example_dags/example_task_group_decorator.py
[2023-11-19T15:00:09.395+0000] {processor.py:829} INFO - Processing file /home/airflow/.local/lib/python3.8/site-packages/airflow/example_dags/example_task_group_decorator.py for tasks to queue
[2023-11-19T15:00:09.396+0000] {logging_mixin.py:154} INFO - [2023-11-19T15:00:09.396+0000] {dagbag.py:536} INFO - Filling up the DagBag from /home/airflow/.local/lib/python3.8/site-packages/airflow/example_dags/example_task_group_decorator.py
[2023-11-19T15:00:09.411+0000] {processor.py:839} INFO - DAG(s) dict_keys(['example_task_group_decorator']) retrieved from /home/airflow/.local/lib/python3.8/site-packages/airflow/example_dags/example_task_group_decorator.py
[2023-11-19T15:00:09.440+0000] {logging_mixin.py:154} INFO - [2023-11-19T15:00:09.440+0000] {dag.py:2941} INFO - Sync 1 DAGs
[2023-11-19T15:00:09.468+0000] {logging_mixin.py:154} INFO - [2023-11-19T15:00:09.468+0000] {dag.py:3722} INFO - Setting next_dagrun for example_task_group_decorator to 2023-11-18T15:00:09.468034+00:00, run_after=2023-11-19T15:00:09.468034+00:00
[2023-11-19T15:00:09.485+0000] {processor.py:179} INFO - Processing /home/airflow/.local/lib/python3.8/site-packages/airflow/example_dags/example_task_group_decorator.py took 0.094 seconds
[2023-11-19T15:00:39.749+0000] {processor.py:157} INFO - Started process (PID=361) to work on /home/airflow/.local/lib/python3.8/site-packages/airflow/example_dags/example_task_group_decorator.py
[2023-11-19T15:00:39.750+0000] {processor.py:829} INFO - Processing file /home/airflow/.local/lib/python3.8/site-packages/airflow/example_dags/example_task_group_decorator.py for tasks to queue
[2023-11-19T15:00:39.752+0000] {logging_mixin.py:154} INFO - [2023-11-19T15:00:39.751+0000] {dagbag.py:536} INFO - Filling up the DagBag from /home/airflow/.local/lib/python3.8/site-packages/airflow/example_dags/example_task_group_decorator.py
[2023-11-19T15:00:39.766+0000] {processor.py:839} INFO - DAG(s) dict_keys(['example_task_group_decorator']) retrieved from /home/airflow/.local/lib/python3.8/site-packages/airflow/example_dags/example_task_group_decorator.py
[2023-11-19T15:00:39.794+0000] {logging_mixin.py:154} INFO - [2023-11-19T15:00:39.794+0000] {dag.py:2941} INFO - Sync 1 DAGs
[2023-11-19T15:00:39.815+0000] {logging_mixin.py:154} INFO - [2023-11-19T15:00:39.815+0000] {dag.py:3722} INFO - Setting next_dagrun for example_task_group_decorator to 2023-11-18T15:00:39.815491+00:00, run_after=2023-11-19T15:00:39.815491+00:00
[2023-11-19T15:00:39.831+0000] {processor.py:179} INFO - Processing /home/airflow/.local/lib/python3.8/site-packages/airflow/example_dags/example_task_group_decorator.py took 0.085 seconds
[2023-11-19T15:01:10.002+0000] {processor.py:157} INFO - Started process (PID=415) to work on /home/airflow/.local/lib/python3.8/site-packages/airflow/example_dags/example_task_group_decorator.py
[2023-11-19T15:01:10.003+0000] {processor.py:829} INFO - Processing file /home/airflow/.local/lib/python3.8/site-packages/airflow/example_dags/example_task_group_decorator.py for tasks to queue
[2023-11-19T15:01:10.005+0000] {logging_mixin.py:154} INFO - [2023-11-19T15:01:10.005+0000] {dagbag.py:536} INFO - Filling up the DagBag from /home/airflow/.local/lib/python3.8/site-packages/airflow/example_dags/example_task_group_decorator.py
[2023-11-19T15:01:10.021+0000] {processor.py:839} INFO - DAG(s) dict_keys(['example_task_group_decorator']) retrieved from /home/airflow/.local/lib/python3.8/site-packages/airflow/example_dags/example_task_group_decorator.py
[2023-11-19T15:01:10.050+0000] {logging_mixin.py:154} INFO - [2023-11-19T15:01:10.049+0000] {dag.py:2941} INFO - Sync 1 DAGs
[2023-11-19T15:01:10.072+0000] {logging_mixin.py:154} INFO - [2023-11-19T15:01:10.072+0000] {dag.py:3722} INFO - Setting next_dagrun for example_task_group_decorator to 2023-11-18T15:01:10.072204+00:00, run_after=2023-11-19T15:01:10.072204+00:00
[2023-11-19T15:01:10.088+0000] {processor.py:179} INFO - Processing /home/airflow/.local/lib/python3.8/site-packages/airflow/example_dags/example_task_group_decorator.py took 0.089 seconds
[2023-11-19T15:01:40.126+0000] {processor.py:157} INFO - Started process (PID=469) to work on /home/airflow/.local/lib/python3.8/site-packages/airflow/example_dags/example_task_group_decorator.py
[2023-11-19T15:01:40.127+0000] {processor.py:829} INFO - Processing file /home/airflow/.local/lib/python3.8/site-packages/airflow/example_dags/example_task_group_decorator.py for tasks to queue
[2023-11-19T15:01:40.128+0000] {logging_mixin.py:154} INFO - [2023-11-19T15:01:40.128+0000] {dagbag.py:536} INFO - Filling up the DagBag from /home/airflow/.local/lib/python3.8/site-packages/airflow/example_dags/example_task_group_decorator.py
[2023-11-19T15:01:40.142+0000] {processor.py:839} INFO - DAG(s) dict_keys(['example_task_group_decorator']) retrieved from /home/airflow/.local/lib/python3.8/site-packages/airflow/example_dags/example_task_group_decorator.py
[2023-11-19T15:01:40.170+0000] {logging_mixin.py:154} INFO - [2023-11-19T15:01:40.170+0000] {dag.py:2941} INFO - Sync 1 DAGs
[2023-11-19T15:01:40.197+0000] {logging_mixin.py:154} INFO - [2023-11-19T15:01:40.197+0000] {dag.py:3722} INFO - Setting next_dagrun for example_task_group_decorator to 2023-11-18T15:01:40.197044+00:00, run_after=2023-11-19T15:01:40.197044+00:00
[2023-11-19T15:01:40.215+0000] {processor.py:179} INFO - Processing /home/airflow/.local/lib/python3.8/site-packages/airflow/example_dags/example_task_group_decorator.py took 0.092 seconds
[2023-11-19T15:02:10.576+0000] {processor.py:157} INFO - Started process (PID=523) to work on /home/airflow/.local/lib/python3.8/site-packages/airflow/example_dags/example_task_group_decorator.py
[2023-11-19T15:02:10.576+0000] {processor.py:829} INFO - Processing file /home/airflow/.local/lib/python3.8/site-packages/airflow/example_dags/example_task_group_decorator.py for tasks to queue
[2023-11-19T15:02:10.578+0000] {logging_mixin.py:154} INFO - [2023-11-19T15:02:10.578+0000] {dagbag.py:536} INFO - Filling up the DagBag from /home/airflow/.local/lib/python3.8/site-packages/airflow/example_dags/example_task_group_decorator.py
[2023-11-19T15:02:10.592+0000] {processor.py:839} INFO - DAG(s) dict_keys(['example_task_group_decorator']) retrieved from /home/airflow/.local/lib/python3.8/site-packages/airflow/example_dags/example_task_group_decorator.py
[2023-11-19T15:02:10.620+0000] {logging_mixin.py:154} INFO - [2023-11-19T15:02:10.620+0000] {dag.py:2941} INFO - Sync 1 DAGs
[2023-11-19T15:02:10.647+0000] {logging_mixin.py:154} INFO - [2023-11-19T15:02:10.647+0000] {dag.py:3722} INFO - Setting next_dagrun for example_task_group_decorator to 2023-11-18T15:02:10.647371+00:00, run_after=2023-11-19T15:02:10.647371+00:00
[2023-11-19T15:02:10.665+0000] {processor.py:179} INFO - Processing /home/airflow/.local/lib/python3.8/site-packages/airflow/example_dags/example_task_group_decorator.py took 0.092 seconds
[2023-11-19T15:02:41.184+0000] {processor.py:157} INFO - Started process (PID=577) to work on /home/airflow/.local/lib/python3.8/site-packages/airflow/example_dags/example_task_group_decorator.py
[2023-11-19T15:02:41.185+0000] {processor.py:829} INFO - Processing file /home/airflow/.local/lib/python3.8/site-packages/airflow/example_dags/example_task_group_decorator.py for tasks to queue
[2023-11-19T15:02:41.187+0000] {logging_mixin.py:154} INFO - [2023-11-19T15:02:41.187+0000] {dagbag.py:536} INFO - Filling up the DagBag from /home/airflow/.local/lib/python3.8/site-packages/airflow/example_dags/example_task_group_decorator.py
[2023-11-19T15:02:41.202+0000] {processor.py:839} INFO - DAG(s) dict_keys(['example_task_group_decorator']) retrieved from /home/airflow/.local/lib/python3.8/site-packages/airflow/example_dags/example_task_group_decorator.py
[2023-11-19T15:02:41.228+0000] {logging_mixin.py:154} INFO - [2023-11-19T15:02:41.228+0000] {dag.py:2941} INFO - Sync 1 DAGs
[2023-11-19T15:02:41.250+0000] {logging_mixin.py:154} INFO - [2023-11-19T15:02:41.250+0000] {dag.py:3722} INFO - Setting next_dagrun for example_task_group_decorator to 2023-11-18T15:02:41.249826+00:00, run_after=2023-11-19T15:02:41.249826+00:00
[2023-11-19T15:02:41.265+0000] {processor.py:179} INFO - Processing /home/airflow/.local/lib/python3.8/site-packages/airflow/example_dags/example_task_group_decorator.py took 0.084 seconds
[2023-11-19T15:03:11.698+0000] {processor.py:157} INFO - Started process (PID=631) to work on /home/airflow/.local/lib/python3.8/site-packages/airflow/example_dags/example_task_group_decorator.py
[2023-11-19T15:03:11.699+0000] {processor.py:829} INFO - Processing file /home/airflow/.local/lib/python3.8/site-packages/airflow/example_dags/example_task_group_decorator.py for tasks to queue
[2023-11-19T15:03:11.701+0000] {logging_mixin.py:154} INFO - [2023-11-19T15:03:11.700+0000] {dagbag.py:536} INFO - Filling up the DagBag from /home/airflow/.local/lib/python3.8/site-packages/airflow/example_dags/example_task_group_decorator.py
[2023-11-19T15:03:11.714+0000] {processor.py:839} INFO - DAG(s) dict_keys(['example_task_group_decorator']) retrieved from /home/airflow/.local/lib/python3.8/site-packages/airflow/example_dags/example_task_group_decorator.py
[2023-11-19T15:03:11.736+0000] {logging_mixin.py:154} INFO - [2023-11-19T15:03:11.736+0000] {dag.py:2941} INFO - Sync 1 DAGs
[2023-11-19T15:03:11.755+0000] {logging_mixin.py:154} INFO - [2023-11-19T15:03:11.755+0000] {dag.py:3722} INFO - Setting next_dagrun for example_task_group_decorator to 2023-11-18T15:03:11.755346+00:00, run_after=2023-11-19T15:03:11.755346+00:00
[2023-11-19T15:03:11.769+0000] {processor.py:179} INFO - Processing /home/airflow/.local/lib/python3.8/site-packages/airflow/example_dags/example_task_group_decorator.py took 0.073 seconds
[2023-11-19T15:03:42.109+0000] {processor.py:157} INFO - Started process (PID=685) to work on /home/airflow/.local/lib/python3.8/site-packages/airflow/example_dags/example_task_group_decorator.py
[2023-11-19T15:03:42.110+0000] {processor.py:829} INFO - Processing file /home/airflow/.local/lib/python3.8/site-packages/airflow/example_dags/example_task_group_decorator.py for tasks to queue
[2023-11-19T15:03:42.112+0000] {logging_mixin.py:154} INFO - [2023-11-19T15:03:42.112+0000] {dagbag.py:536} INFO - Filling up the DagBag from /home/airflow/.local/lib/python3.8/site-packages/airflow/example_dags/example_task_group_decorator.py
[2023-11-19T15:03:42.126+0000] {processor.py:839} INFO - DAG(s) dict_keys(['example_task_group_decorator']) retrieved from /home/airflow/.local/lib/python3.8/site-packages/airflow/example_dags/example_task_group_decorator.py
[2023-11-19T15:03:42.152+0000] {logging_mixin.py:154} INFO - [2023-11-19T15:03:42.152+0000] {dag.py:2941} INFO - Sync 1 DAGs
[2023-11-19T15:03:42.179+0000] {logging_mixin.py:154} INFO - [2023-11-19T15:03:42.179+0000] {dag.py:3722} INFO - Setting next_dagrun for example_task_group_decorator to 2023-11-18T15:03:42.178825+00:00, run_after=2023-11-19T15:03:42.178825+00:00
[2023-11-19T15:03:42.195+0000] {processor.py:179} INFO - Processing /home/airflow/.local/lib/python3.8/site-packages/airflow/example_dags/example_task_group_decorator.py took 0.090 seconds
[2023-11-19T15:04:12.308+0000] {processor.py:157} INFO - Started process (PID=739) to work on /home/airflow/.local/lib/python3.8/site-packages/airflow/example_dags/example_task_group_decorator.py
[2023-11-19T15:04:12.309+0000] {processor.py:829} INFO - Processing file /home/airflow/.local/lib/python3.8/site-packages/airflow/example_dags/example_task_group_decorator.py for tasks to queue
[2023-11-19T15:04:12.310+0000] {logging_mixin.py:154} INFO - [2023-11-19T15:04:12.310+0000] {dagbag.py:536} INFO - Filling up the DagBag from /home/airflow/.local/lib/python3.8/site-packages/airflow/example_dags/example_task_group_decorator.py
[2023-11-19T15:04:12.325+0000] {processor.py:839} INFO - DAG(s) dict_keys(['example_task_group_decorator']) retrieved from /home/airflow/.local/lib/python3.8/site-packages/airflow/example_dags/example_task_group_decorator.py
[2023-11-19T15:04:12.349+0000] {logging_mixin.py:154} INFO - [2023-11-19T15:04:12.349+0000] {dag.py:2941} INFO - Sync 1 DAGs
[2023-11-19T15:04:12.377+0000] {logging_mixin.py:154} INFO - [2023-11-19T15:04:12.377+0000] {dag.py:3722} INFO - Setting next_dagrun for example_task_group_decorator to 2023-11-18T15:04:12.377283+00:00, run_after=2023-11-19T15:04:12.377283+00:00
[2023-11-19T15:04:12.395+0000] {processor.py:179} INFO - Processing /home/airflow/.local/lib/python3.8/site-packages/airflow/example_dags/example_task_group_decorator.py took 0.090 seconds
[2023-11-19T15:04:42.441+0000] {processor.py:157} INFO - Started process (PID=793) to work on /home/airflow/.local/lib/python3.8/site-packages/airflow/example_dags/example_task_group_decorator.py
[2023-11-19T15:04:42.442+0000] {processor.py:829} INFO - Processing file /home/airflow/.local/lib/python3.8/site-packages/airflow/example_dags/example_task_group_decorator.py for tasks to queue
[2023-11-19T15:04:42.443+0000] {logging_mixin.py:154} INFO - [2023-11-19T15:04:42.443+0000] {dagbag.py:536} INFO - Filling up the DagBag from /home/airflow/.local/lib/python3.8/site-packages/airflow/example_dags/example_task_group_decorator.py
[2023-11-19T15:04:42.456+0000] {processor.py:839} INFO - DAG(s) dict_keys(['example_task_group_decorator']) retrieved from /home/airflow/.local/lib/python3.8/site-packages/airflow/example_dags/example_task_group_decorator.py
[2023-11-19T15:04:42.478+0000] {logging_mixin.py:154} INFO - [2023-11-19T15:04:42.477+0000] {dag.py:2941} INFO - Sync 1 DAGs
[2023-11-19T15:04:42.501+0000] {logging_mixin.py:154} INFO - [2023-11-19T15:04:42.501+0000] {dag.py:3722} INFO - Setting next_dagrun for example_task_group_decorator to 2023-11-18T15:04:42.501525+00:00, run_after=2023-11-19T15:04:42.501525+00:00
[2023-11-19T15:04:42.517+0000] {processor.py:179} INFO - Processing /home/airflow/.local/lib/python3.8/site-packages/airflow/example_dags/example_task_group_decorator.py took 0.079 seconds
[2023-11-19T15:05:13.095+0000] {processor.py:157} INFO - Started process (PID=847) to work on /home/airflow/.local/lib/python3.8/site-packages/airflow/example_dags/example_task_group_decorator.py
[2023-11-19T15:05:13.096+0000] {processor.py:829} INFO - Processing file /home/airflow/.local/lib/python3.8/site-packages/airflow/example_dags/example_task_group_decorator.py for tasks to queue
[2023-11-19T15:05:13.098+0000] {logging_mixin.py:154} INFO - [2023-11-19T15:05:13.098+0000] {dagbag.py:536} INFO - Filling up the DagBag from /home/airflow/.local/lib/python3.8/site-packages/airflow/example_dags/example_task_group_decorator.py
[2023-11-19T15:05:13.112+0000] {processor.py:839} INFO - DAG(s) dict_keys(['example_task_group_decorator']) retrieved from /home/airflow/.local/lib/python3.8/site-packages/airflow/example_dags/example_task_group_decorator.py
[2023-11-19T15:05:13.143+0000] {logging_mixin.py:154} INFO - [2023-11-19T15:05:13.143+0000] {dag.py:2941} INFO - Sync 1 DAGs
[2023-11-19T15:05:13.164+0000] {logging_mixin.py:154} INFO - [2023-11-19T15:05:13.164+0000] {dag.py:3722} INFO - Setting next_dagrun for example_task_group_decorator to 2023-11-18T15:05:13.164299+00:00, run_after=2023-11-19T15:05:13.164299+00:00
[2023-11-19T15:05:13.179+0000] {processor.py:179} INFO - Processing /home/airflow/.local/lib/python3.8/site-packages/airflow/example_dags/example_task_group_decorator.py took 0.087 seconds
[2023-11-19T15:05:43.553+0000] {processor.py:157} INFO - Started process (PID=901) to work on /home/airflow/.local/lib/python3.8/site-packages/airflow/example_dags/example_task_group_decorator.py
[2023-11-19T15:05:43.554+0000] {processor.py:829} INFO - Processing file /home/airflow/.local/lib/python3.8/site-packages/airflow/example_dags/example_task_group_decorator.py for tasks to queue
[2023-11-19T15:05:43.556+0000] {logging_mixin.py:154} INFO - [2023-11-19T15:05:43.556+0000] {dagbag.py:536} INFO - Filling up the DagBag from /home/airflow/.local/lib/python3.8/site-packages/airflow/example_dags/example_task_group_decorator.py
[2023-11-19T15:05:43.569+0000] {processor.py:839} INFO - DAG(s) dict_keys(['example_task_group_decorator']) retrieved from /home/airflow/.local/lib/python3.8/site-packages/airflow/example_dags/example_task_group_decorator.py
[2023-11-19T15:05:43.593+0000] {logging_mixin.py:154} INFO - [2023-11-19T15:05:43.592+0000] {dag.py:2941} INFO - Sync 1 DAGs
[2023-11-19T15:05:43.615+0000] {logging_mixin.py:154} INFO - [2023-11-19T15:05:43.615+0000] {dag.py:3722} INFO - Setting next_dagrun for example_task_group_decorator to 2023-11-18T15:05:43.614174+00:00, run_after=2023-11-19T15:05:43.614174+00:00
[2023-11-19T15:05:43.633+0000] {processor.py:179} INFO - Processing /home/airflow/.local/lib/python3.8/site-packages/airflow/example_dags/example_task_group_decorator.py took 0.082 seconds
[2023-11-19T15:06:14.059+0000] {processor.py:157} INFO - Started process (PID=955) to work on /home/airflow/.local/lib/python3.8/site-packages/airflow/example_dags/example_task_group_decorator.py
[2023-11-19T15:06:14.062+0000] {processor.py:829} INFO - Processing file /home/airflow/.local/lib/python3.8/site-packages/airflow/example_dags/example_task_group_decorator.py for tasks to queue
[2023-11-19T15:06:14.064+0000] {logging_mixin.py:154} INFO - [2023-11-19T15:06:14.064+0000] {dagbag.py:536} INFO - Filling up the DagBag from /home/airflow/.local/lib/python3.8/site-packages/airflow/example_dags/example_task_group_decorator.py
[2023-11-19T15:06:14.079+0000] {processor.py:839} INFO - DAG(s) dict_keys(['example_task_group_decorator']) retrieved from /home/airflow/.local/lib/python3.8/site-packages/airflow/example_dags/example_task_group_decorator.py
[2023-11-19T15:06:14.112+0000] {logging_mixin.py:154} INFO - [2023-11-19T15:06:14.112+0000] {dag.py:2941} INFO - Sync 1 DAGs
[2023-11-19T15:06:14.135+0000] {logging_mixin.py:154} INFO - [2023-11-19T15:06:14.134+0000] {dag.py:3722} INFO - Setting next_dagrun for example_task_group_decorator to 2023-11-18T15:06:14.134614+00:00, run_after=2023-11-19T15:06:14.134614+00:00
[2023-11-19T15:06:14.150+0000] {processor.py:179} INFO - Processing /home/airflow/.local/lib/python3.8/site-packages/airflow/example_dags/example_task_group_decorator.py took 0.094 seconds
