[2023-11-19T14:57:39.796+0000] {processor.py:157} INFO - Started process (PID=70) to work on /home/airflow/.local/lib/python3.8/site-packages/airflow/example_dags/example_branch_python_dop_operator_3.py
[2023-11-19T14:57:39.796+0000] {processor.py:829} INFO - Processing file /home/airflow/.local/lib/python3.8/site-packages/airflow/example_dags/example_branch_python_dop_operator_3.py for tasks to queue
[2023-11-19T14:57:39.797+0000] {logging_mixin.py:154} INFO - [2023-11-19T14:57:39.797+0000] {dagbag.py:536} INFO - Filling up the DagBag from /home/airflow/.local/lib/python3.8/site-packages/airflow/example_dags/example_branch_python_dop_operator_3.py
[2023-11-19T14:57:39.807+0000] {processor.py:839} INFO - DAG(s) dict_keys(['example_branch_dop_operator_v3']) retrieved from /home/airflow/.local/lib/python3.8/site-packages/airflow/example_dags/example_branch_python_dop_operator_3.py
[2023-11-19T14:57:39.819+0000] {logging_mixin.py:154} INFO - [2023-11-19T14:57:39.819+0000] {dag.py:2941} INFO - Sync 1 DAGs
[2023-11-19T14:57:39.847+0000] {logging_mixin.py:154} INFO - [2023-11-19T14:57:39.847+0000] {dag.py:3722} INFO - Setting next_dagrun for example_branch_dop_operator_v3 to 2023-11-19T14:56:00+00:00, run_after=2023-11-19T14:57:00+00:00
[2023-11-19T14:57:39.864+0000] {processor.py:179} INFO - Processing /home/airflow/.local/lib/python3.8/site-packages/airflow/example_dags/example_branch_python_dop_operator_3.py took 0.071 seconds
[2023-11-19T14:58:10.410+0000] {processor.py:157} INFO - Started process (PID=124) to work on /home/airflow/.local/lib/python3.8/site-packages/airflow/example_dags/example_branch_python_dop_operator_3.py
[2023-11-19T14:58:10.411+0000] {processor.py:829} INFO - Processing file /home/airflow/.local/lib/python3.8/site-packages/airflow/example_dags/example_branch_python_dop_operator_3.py for tasks to queue
[2023-11-19T14:58:10.414+0000] {logging_mixin.py:154} INFO - [2023-11-19T14:58:10.414+0000] {dagbag.py:536} INFO - Filling up the DagBag from /home/airflow/.local/lib/python3.8/site-packages/airflow/example_dags/example_branch_python_dop_operator_3.py
[2023-11-19T14:58:10.425+0000] {processor.py:839} INFO - DAG(s) dict_keys(['example_branch_dop_operator_v3']) retrieved from /home/airflow/.local/lib/python3.8/site-packages/airflow/example_dags/example_branch_python_dop_operator_3.py
[2023-11-19T14:58:10.449+0000] {logging_mixin.py:154} INFO - [2023-11-19T14:58:10.449+0000] {dag.py:2941} INFO - Sync 1 DAGs
[2023-11-19T14:58:10.478+0000] {logging_mixin.py:154} INFO - [2023-11-19T14:58:10.478+0000] {dag.py:3722} INFO - Setting next_dagrun for example_branch_dop_operator_v3 to 2023-11-19T14:57:00+00:00, run_after=2023-11-19T14:58:00+00:00
[2023-11-19T14:58:10.493+0000] {processor.py:179} INFO - Processing /home/airflow/.local/lib/python3.8/site-packages/airflow/example_dags/example_branch_python_dop_operator_3.py took 0.086 seconds
[2023-11-19T14:58:40.547+0000] {processor.py:157} INFO - Started process (PID=177) to work on /home/airflow/.local/lib/python3.8/site-packages/airflow/example_dags/example_branch_python_dop_operator_3.py
[2023-11-19T14:58:40.548+0000] {processor.py:829} INFO - Processing file /home/airflow/.local/lib/python3.8/site-packages/airflow/example_dags/example_branch_python_dop_operator_3.py for tasks to queue
[2023-11-19T14:58:40.550+0000] {logging_mixin.py:154} INFO - [2023-11-19T14:58:40.550+0000] {dagbag.py:536} INFO - Filling up the DagBag from /home/airflow/.local/lib/python3.8/site-packages/airflow/example_dags/example_branch_python_dop_operator_3.py
[2023-11-19T14:58:40.558+0000] {processor.py:839} INFO - DAG(s) dict_keys(['example_branch_dop_operator_v3']) retrieved from /home/airflow/.local/lib/python3.8/site-packages/airflow/example_dags/example_branch_python_dop_operator_3.py
[2023-11-19T14:58:40.580+0000] {logging_mixin.py:154} INFO - [2023-11-19T14:58:40.579+0000] {dag.py:2941} INFO - Sync 1 DAGs
[2023-11-19T14:58:40.606+0000] {logging_mixin.py:154} INFO - [2023-11-19T14:58:40.606+0000] {dag.py:3722} INFO - Setting next_dagrun for example_branch_dop_operator_v3 to 2023-11-19T14:57:00+00:00, run_after=2023-11-19T14:58:00+00:00
[2023-11-19T14:58:40.624+0000] {processor.py:179} INFO - Processing /home/airflow/.local/lib/python3.8/site-packages/airflow/example_dags/example_branch_python_dop_operator_3.py took 0.080 seconds
[2023-11-19T14:59:11.040+0000] {processor.py:157} INFO - Started process (PID=232) to work on /home/airflow/.local/lib/python3.8/site-packages/airflow/example_dags/example_branch_python_dop_operator_3.py
[2023-11-19T14:59:11.041+0000] {processor.py:829} INFO - Processing file /home/airflow/.local/lib/python3.8/site-packages/airflow/example_dags/example_branch_python_dop_operator_3.py for tasks to queue
[2023-11-19T14:59:11.043+0000] {logging_mixin.py:154} INFO - [2023-11-19T14:59:11.043+0000] {dagbag.py:536} INFO - Filling up the DagBag from /home/airflow/.local/lib/python3.8/site-packages/airflow/example_dags/example_branch_python_dop_operator_3.py
[2023-11-19T14:59:11.052+0000] {processor.py:839} INFO - DAG(s) dict_keys(['example_branch_dop_operator_v3']) retrieved from /home/airflow/.local/lib/python3.8/site-packages/airflow/example_dags/example_branch_python_dop_operator_3.py
[2023-11-19T14:59:11.071+0000] {logging_mixin.py:154} INFO - [2023-11-19T14:59:11.071+0000] {dag.py:2941} INFO - Sync 1 DAGs
[2023-11-19T14:59:11.098+0000] {logging_mixin.py:154} INFO - [2023-11-19T14:59:11.098+0000] {dag.py:3722} INFO - Setting next_dagrun for example_branch_dop_operator_v3 to 2023-11-19T14:58:00+00:00, run_after=2023-11-19T14:59:00+00:00
[2023-11-19T14:59:11.122+0000] {processor.py:179} INFO - Processing /home/airflow/.local/lib/python3.8/site-packages/airflow/example_dags/example_branch_python_dop_operator_3.py took 0.085 seconds
[2023-11-19T14:59:41.304+0000] {processor.py:157} INFO - Started process (PID=286) to work on /home/airflow/.local/lib/python3.8/site-packages/airflow/example_dags/example_branch_python_dop_operator_3.py
[2023-11-19T14:59:41.305+0000] {processor.py:829} INFO - Processing file /home/airflow/.local/lib/python3.8/site-packages/airflow/example_dags/example_branch_python_dop_operator_3.py for tasks to queue
[2023-11-19T14:59:41.307+0000] {logging_mixin.py:154} INFO - [2023-11-19T14:59:41.307+0000] {dagbag.py:536} INFO - Filling up the DagBag from /home/airflow/.local/lib/python3.8/site-packages/airflow/example_dags/example_branch_python_dop_operator_3.py
[2023-11-19T14:59:41.317+0000] {processor.py:839} INFO - DAG(s) dict_keys(['example_branch_dop_operator_v3']) retrieved from /home/airflow/.local/lib/python3.8/site-packages/airflow/example_dags/example_branch_python_dop_operator_3.py
[2023-11-19T14:59:41.341+0000] {logging_mixin.py:154} INFO - [2023-11-19T14:59:41.340+0000] {dag.py:2941} INFO - Sync 1 DAGs
[2023-11-19T14:59:41.372+0000] {logging_mixin.py:154} INFO - [2023-11-19T14:59:41.371+0000] {dag.py:3722} INFO - Setting next_dagrun for example_branch_dop_operator_v3 to 2023-11-19T14:58:00+00:00, run_after=2023-11-19T14:59:00+00:00
[2023-11-19T14:59:41.394+0000] {processor.py:179} INFO - Processing /home/airflow/.local/lib/python3.8/site-packages/airflow/example_dags/example_branch_python_dop_operator_3.py took 0.093 seconds
[2023-11-19T15:00:11.631+0000] {processor.py:157} INFO - Started process (PID=341) to work on /home/airflow/.local/lib/python3.8/site-packages/airflow/example_dags/example_branch_python_dop_operator_3.py
[2023-11-19T15:00:11.632+0000] {processor.py:829} INFO - Processing file /home/airflow/.local/lib/python3.8/site-packages/airflow/example_dags/example_branch_python_dop_operator_3.py for tasks to queue
[2023-11-19T15:00:11.634+0000] {logging_mixin.py:154} INFO - [2023-11-19T15:00:11.634+0000] {dagbag.py:536} INFO - Filling up the DagBag from /home/airflow/.local/lib/python3.8/site-packages/airflow/example_dags/example_branch_python_dop_operator_3.py
[2023-11-19T15:00:11.642+0000] {processor.py:839} INFO - DAG(s) dict_keys(['example_branch_dop_operator_v3']) retrieved from /home/airflow/.local/lib/python3.8/site-packages/airflow/example_dags/example_branch_python_dop_operator_3.py
[2023-11-19T15:00:11.662+0000] {logging_mixin.py:154} INFO - [2023-11-19T15:00:11.661+0000] {dag.py:2941} INFO - Sync 1 DAGs
[2023-11-19T15:00:11.691+0000] {logging_mixin.py:154} INFO - [2023-11-19T15:00:11.691+0000] {dag.py:3722} INFO - Setting next_dagrun for example_branch_dop_operator_v3 to 2023-11-19T14:59:00+00:00, run_after=2023-11-19T15:00:00+00:00
[2023-11-19T15:00:11.715+0000] {processor.py:179} INFO - Processing /home/airflow/.local/lib/python3.8/site-packages/airflow/example_dags/example_branch_python_dop_operator_3.py took 0.086 seconds
[2023-11-19T15:00:41.886+0000] {processor.py:157} INFO - Started process (PID=395) to work on /home/airflow/.local/lib/python3.8/site-packages/airflow/example_dags/example_branch_python_dop_operator_3.py
[2023-11-19T15:00:41.887+0000] {processor.py:829} INFO - Processing file /home/airflow/.local/lib/python3.8/site-packages/airflow/example_dags/example_branch_python_dop_operator_3.py for tasks to queue
[2023-11-19T15:00:41.888+0000] {logging_mixin.py:154} INFO - [2023-11-19T15:00:41.888+0000] {dagbag.py:536} INFO - Filling up the DagBag from /home/airflow/.local/lib/python3.8/site-packages/airflow/example_dags/example_branch_python_dop_operator_3.py
[2023-11-19T15:00:41.896+0000] {processor.py:839} INFO - DAG(s) dict_keys(['example_branch_dop_operator_v3']) retrieved from /home/airflow/.local/lib/python3.8/site-packages/airflow/example_dags/example_branch_python_dop_operator_3.py
[2023-11-19T15:00:41.923+0000] {logging_mixin.py:154} INFO - [2023-11-19T15:00:41.923+0000] {dag.py:2941} INFO - Sync 1 DAGs
[2023-11-19T15:00:41.962+0000] {logging_mixin.py:154} INFO - [2023-11-19T15:00:41.961+0000] {dag.py:3722} INFO - Setting next_dagrun for example_branch_dop_operator_v3 to 2023-11-19T14:59:00+00:00, run_after=2023-11-19T15:00:00+00:00
[2023-11-19T15:00:41.984+0000] {processor.py:179} INFO - Processing /home/airflow/.local/lib/python3.8/site-packages/airflow/example_dags/example_branch_python_dop_operator_3.py took 0.102 seconds
[2023-11-19T15:01:12.117+0000] {processor.py:157} INFO - Started process (PID=449) to work on /home/airflow/.local/lib/python3.8/site-packages/airflow/example_dags/example_branch_python_dop_operator_3.py
[2023-11-19T15:01:12.118+0000] {processor.py:829} INFO - Processing file /home/airflow/.local/lib/python3.8/site-packages/airflow/example_dags/example_branch_python_dop_operator_3.py for tasks to queue
[2023-11-19T15:01:12.119+0000] {logging_mixin.py:154} INFO - [2023-11-19T15:01:12.119+0000] {dagbag.py:536} INFO - Filling up the DagBag from /home/airflow/.local/lib/python3.8/site-packages/airflow/example_dags/example_branch_python_dop_operator_3.py
[2023-11-19T15:01:12.127+0000] {processor.py:839} INFO - DAG(s) dict_keys(['example_branch_dop_operator_v3']) retrieved from /home/airflow/.local/lib/python3.8/site-packages/airflow/example_dags/example_branch_python_dop_operator_3.py
[2023-11-19T15:01:12.147+0000] {logging_mixin.py:154} INFO - [2023-11-19T15:01:12.147+0000] {dag.py:2941} INFO - Sync 1 DAGs
[2023-11-19T15:01:12.175+0000] {logging_mixin.py:154} INFO - [2023-11-19T15:01:12.175+0000] {dag.py:3722} INFO - Setting next_dagrun for example_branch_dop_operator_v3 to 2023-11-19T15:00:00+00:00, run_after=2023-11-19T15:01:00+00:00
[2023-11-19T15:01:12.191+0000] {processor.py:179} INFO - Processing /home/airflow/.local/lib/python3.8/site-packages/airflow/example_dags/example_branch_python_dop_operator_3.py took 0.076 seconds
[2023-11-19T15:01:42.458+0000] {processor.py:157} INFO - Started process (PID=503) to work on /home/airflow/.local/lib/python3.8/site-packages/airflow/example_dags/example_branch_python_dop_operator_3.py
[2023-11-19T15:01:42.459+0000] {processor.py:829} INFO - Processing file /home/airflow/.local/lib/python3.8/site-packages/airflow/example_dags/example_branch_python_dop_operator_3.py for tasks to queue
[2023-11-19T15:01:42.462+0000] {logging_mixin.py:154} INFO - [2023-11-19T15:01:42.461+0000] {dagbag.py:536} INFO - Filling up the DagBag from /home/airflow/.local/lib/python3.8/site-packages/airflow/example_dags/example_branch_python_dop_operator_3.py
[2023-11-19T15:01:42.470+0000] {processor.py:839} INFO - DAG(s) dict_keys(['example_branch_dop_operator_v3']) retrieved from /home/airflow/.local/lib/python3.8/site-packages/airflow/example_dags/example_branch_python_dop_operator_3.py
[2023-11-19T15:01:42.492+0000] {logging_mixin.py:154} INFO - [2023-11-19T15:01:42.491+0000] {dag.py:2941} INFO - Sync 1 DAGs
[2023-11-19T15:01:42.523+0000] {logging_mixin.py:154} INFO - [2023-11-19T15:01:42.523+0000] {dag.py:3722} INFO - Setting next_dagrun for example_branch_dop_operator_v3 to 2023-11-19T15:00:00+00:00, run_after=2023-11-19T15:01:00+00:00
[2023-11-19T15:01:42.540+0000] {processor.py:179} INFO - Processing /home/airflow/.local/lib/python3.8/site-packages/airflow/example_dags/example_branch_python_dop_operator_3.py took 0.084 seconds
[2023-11-19T15:02:13.485+0000] {processor.py:157} INFO - Started process (PID=557) to work on /home/airflow/.local/lib/python3.8/site-packages/airflow/example_dags/example_branch_python_dop_operator_3.py
[2023-11-19T15:02:13.485+0000] {processor.py:829} INFO - Processing file /home/airflow/.local/lib/python3.8/site-packages/airflow/example_dags/example_branch_python_dop_operator_3.py for tasks to queue
[2023-11-19T15:02:13.487+0000] {logging_mixin.py:154} INFO - [2023-11-19T15:02:13.487+0000] {dagbag.py:536} INFO - Filling up the DagBag from /home/airflow/.local/lib/python3.8/site-packages/airflow/example_dags/example_branch_python_dop_operator_3.py
[2023-11-19T15:02:13.496+0000] {processor.py:839} INFO - DAG(s) dict_keys(['example_branch_dop_operator_v3']) retrieved from /home/airflow/.local/lib/python3.8/site-packages/airflow/example_dags/example_branch_python_dop_operator_3.py
[2023-11-19T15:02:13.519+0000] {logging_mixin.py:154} INFO - [2023-11-19T15:02:13.519+0000] {dag.py:2941} INFO - Sync 1 DAGs
[2023-11-19T15:02:13.553+0000] {logging_mixin.py:154} INFO - [2023-11-19T15:02:13.553+0000] {dag.py:3722} INFO - Setting next_dagrun for example_branch_dop_operator_v3 to 2023-11-19T15:01:00+00:00, run_after=2023-11-19T15:02:00+00:00
[2023-11-19T15:02:13.573+0000] {processor.py:179} INFO - Processing /home/airflow/.local/lib/python3.8/site-packages/airflow/example_dags/example_branch_python_dop_operator_3.py took 0.092 seconds
[2023-11-19T15:02:44.027+0000] {processor.py:157} INFO - Started process (PID=611) to work on /home/airflow/.local/lib/python3.8/site-packages/airflow/example_dags/example_branch_python_dop_operator_3.py
[2023-11-19T15:02:44.028+0000] {processor.py:829} INFO - Processing file /home/airflow/.local/lib/python3.8/site-packages/airflow/example_dags/example_branch_python_dop_operator_3.py for tasks to queue
[2023-11-19T15:02:44.030+0000] {logging_mixin.py:154} INFO - [2023-11-19T15:02:44.030+0000] {dagbag.py:536} INFO - Filling up the DagBag from /home/airflow/.local/lib/python3.8/site-packages/airflow/example_dags/example_branch_python_dop_operator_3.py
[2023-11-19T15:02:44.038+0000] {processor.py:839} INFO - DAG(s) dict_keys(['example_branch_dop_operator_v3']) retrieved from /home/airflow/.local/lib/python3.8/site-packages/airflow/example_dags/example_branch_python_dop_operator_3.py
[2023-11-19T15:02:44.057+0000] {logging_mixin.py:154} INFO - [2023-11-19T15:02:44.057+0000] {dag.py:2941} INFO - Sync 1 DAGs
[2023-11-19T15:02:44.085+0000] {logging_mixin.py:154} INFO - [2023-11-19T15:02:44.085+0000] {dag.py:3722} INFO - Setting next_dagrun for example_branch_dop_operator_v3 to 2023-11-19T15:01:00+00:00, run_after=2023-11-19T15:02:00+00:00
[2023-11-19T15:02:44.102+0000] {processor.py:179} INFO - Processing /home/airflow/.local/lib/python3.8/site-packages/airflow/example_dags/example_branch_python_dop_operator_3.py took 0.078 seconds
[2023-11-19T15:03:14.380+0000] {processor.py:157} INFO - Started process (PID=665) to work on /home/airflow/.local/lib/python3.8/site-packages/airflow/example_dags/example_branch_python_dop_operator_3.py
[2023-11-19T15:03:14.381+0000] {processor.py:829} INFO - Processing file /home/airflow/.local/lib/python3.8/site-packages/airflow/example_dags/example_branch_python_dop_operator_3.py for tasks to queue
[2023-11-19T15:03:14.382+0000] {logging_mixin.py:154} INFO - [2023-11-19T15:03:14.382+0000] {dagbag.py:536} INFO - Filling up the DagBag from /home/airflow/.local/lib/python3.8/site-packages/airflow/example_dags/example_branch_python_dop_operator_3.py
[2023-11-19T15:03:14.391+0000] {processor.py:839} INFO - DAG(s) dict_keys(['example_branch_dop_operator_v3']) retrieved from /home/airflow/.local/lib/python3.8/site-packages/airflow/example_dags/example_branch_python_dop_operator_3.py
[2023-11-19T15:03:14.410+0000] {logging_mixin.py:154} INFO - [2023-11-19T15:03:14.410+0000] {dag.py:2941} INFO - Sync 1 DAGs
[2023-11-19T15:03:14.436+0000] {logging_mixin.py:154} INFO - [2023-11-19T15:03:14.435+0000] {dag.py:3722} INFO - Setting next_dagrun for example_branch_dop_operator_v3 to 2023-11-19T15:02:00+00:00, run_after=2023-11-19T15:03:00+00:00
[2023-11-19T15:03:14.453+0000] {processor.py:179} INFO - Processing /home/airflow/.local/lib/python3.8/site-packages/airflow/example_dags/example_branch_python_dop_operator_3.py took 0.077 seconds
[2023-11-19T15:03:45.108+0000] {processor.py:157} INFO - Started process (PID=719) to work on /home/airflow/.local/lib/python3.8/site-packages/airflow/example_dags/example_branch_python_dop_operator_3.py
[2023-11-19T15:03:45.109+0000] {processor.py:829} INFO - Processing file /home/airflow/.local/lib/python3.8/site-packages/airflow/example_dags/example_branch_python_dop_operator_3.py for tasks to queue
[2023-11-19T15:03:45.111+0000] {logging_mixin.py:154} INFO - [2023-11-19T15:03:45.111+0000] {dagbag.py:536} INFO - Filling up the DagBag from /home/airflow/.local/lib/python3.8/site-packages/airflow/example_dags/example_branch_python_dop_operator_3.py
[2023-11-19T15:03:45.126+0000] {processor.py:839} INFO - DAG(s) dict_keys(['example_branch_dop_operator_v3']) retrieved from /home/airflow/.local/lib/python3.8/site-packages/airflow/example_dags/example_branch_python_dop_operator_3.py
[2023-11-19T15:03:45.148+0000] {logging_mixin.py:154} INFO - [2023-11-19T15:03:45.148+0000] {dag.py:2941} INFO - Sync 1 DAGs
[2023-11-19T15:03:45.176+0000] {logging_mixin.py:154} INFO - [2023-11-19T15:03:45.176+0000] {dag.py:3722} INFO - Setting next_dagrun for example_branch_dop_operator_v3 to 2023-11-19T15:02:00+00:00, run_after=2023-11-19T15:03:00+00:00
[2023-11-19T15:03:45.194+0000] {processor.py:179} INFO - Processing /home/airflow/.local/lib/python3.8/site-packages/airflow/example_dags/example_branch_python_dop_operator_3.py took 0.089 seconds
[2023-11-19T15:04:15.278+0000] {processor.py:157} INFO - Started process (PID=773) to work on /home/airflow/.local/lib/python3.8/site-packages/airflow/example_dags/example_branch_python_dop_operator_3.py
[2023-11-19T15:04:15.280+0000] {processor.py:829} INFO - Processing file /home/airflow/.local/lib/python3.8/site-packages/airflow/example_dags/example_branch_python_dop_operator_3.py for tasks to queue
[2023-11-19T15:04:15.281+0000] {logging_mixin.py:154} INFO - [2023-11-19T15:04:15.281+0000] {dagbag.py:536} INFO - Filling up the DagBag from /home/airflow/.local/lib/python3.8/site-packages/airflow/example_dags/example_branch_python_dop_operator_3.py
[2023-11-19T15:04:15.289+0000] {processor.py:839} INFO - DAG(s) dict_keys(['example_branch_dop_operator_v3']) retrieved from /home/airflow/.local/lib/python3.8/site-packages/airflow/example_dags/example_branch_python_dop_operator_3.py
[2023-11-19T15:04:15.314+0000] {logging_mixin.py:154} INFO - [2023-11-19T15:04:15.314+0000] {dag.py:2941} INFO - Sync 1 DAGs
[2023-11-19T15:04:15.345+0000] {logging_mixin.py:154} INFO - [2023-11-19T15:04:15.345+0000] {dag.py:3722} INFO - Setting next_dagrun for example_branch_dop_operator_v3 to 2023-11-19T15:03:00+00:00, run_after=2023-11-19T15:04:00+00:00
[2023-11-19T15:04:15.365+0000] {processor.py:179} INFO - Processing /home/airflow/.local/lib/python3.8/site-packages/airflow/example_dags/example_branch_python_dop_operator_3.py took 0.089 seconds
[2023-11-19T15:04:45.453+0000] {processor.py:157} INFO - Started process (PID=827) to work on /home/airflow/.local/lib/python3.8/site-packages/airflow/example_dags/example_branch_python_dop_operator_3.py
[2023-11-19T15:04:45.453+0000] {processor.py:829} INFO - Processing file /home/airflow/.local/lib/python3.8/site-packages/airflow/example_dags/example_branch_python_dop_operator_3.py for tasks to queue
[2023-11-19T15:04:45.455+0000] {logging_mixin.py:154} INFO - [2023-11-19T15:04:45.454+0000] {dagbag.py:536} INFO - Filling up the DagBag from /home/airflow/.local/lib/python3.8/site-packages/airflow/example_dags/example_branch_python_dop_operator_3.py
[2023-11-19T15:04:45.462+0000] {processor.py:839} INFO - DAG(s) dict_keys(['example_branch_dop_operator_v3']) retrieved from /home/airflow/.local/lib/python3.8/site-packages/airflow/example_dags/example_branch_python_dop_operator_3.py
[2023-11-19T15:04:45.478+0000] {logging_mixin.py:154} INFO - [2023-11-19T15:04:45.478+0000] {dag.py:2941} INFO - Sync 1 DAGs
[2023-11-19T15:04:45.508+0000] {logging_mixin.py:154} INFO - [2023-11-19T15:04:45.508+0000] {dag.py:3722} INFO - Setting next_dagrun for example_branch_dop_operator_v3 to 2023-11-19T15:03:00+00:00, run_after=2023-11-19T15:04:00+00:00
[2023-11-19T15:04:45.523+0000] {processor.py:179} INFO - Processing /home/airflow/.local/lib/python3.8/site-packages/airflow/example_dags/example_branch_python_dop_operator_3.py took 0.073 seconds
[2023-11-19T15:05:15.931+0000] {processor.py:157} INFO - Started process (PID=881) to work on /home/airflow/.local/lib/python3.8/site-packages/airflow/example_dags/example_branch_python_dop_operator_3.py
[2023-11-19T15:05:15.932+0000] {processor.py:829} INFO - Processing file /home/airflow/.local/lib/python3.8/site-packages/airflow/example_dags/example_branch_python_dop_operator_3.py for tasks to queue
[2023-11-19T15:05:15.933+0000] {logging_mixin.py:154} INFO - [2023-11-19T15:05:15.933+0000] {dagbag.py:536} INFO - Filling up the DagBag from /home/airflow/.local/lib/python3.8/site-packages/airflow/example_dags/example_branch_python_dop_operator_3.py
[2023-11-19T15:05:15.941+0000] {processor.py:839} INFO - DAG(s) dict_keys(['example_branch_dop_operator_v3']) retrieved from /home/airflow/.local/lib/python3.8/site-packages/airflow/example_dags/example_branch_python_dop_operator_3.py
[2023-11-19T15:05:15.960+0000] {logging_mixin.py:154} INFO - [2023-11-19T15:05:15.960+0000] {dag.py:2941} INFO - Sync 1 DAGs
[2023-11-19T15:05:15.990+0000] {logging_mixin.py:154} INFO - [2023-11-19T15:05:15.990+0000] {dag.py:3722} INFO - Setting next_dagrun for example_branch_dop_operator_v3 to 2023-11-19T15:04:00+00:00, run_after=2023-11-19T15:05:00+00:00
[2023-11-19T15:05:16.013+0000] {processor.py:179} INFO - Processing /home/airflow/.local/lib/python3.8/site-packages/airflow/example_dags/example_branch_python_dop_operator_3.py took 0.085 seconds
[2023-11-19T15:05:46.398+0000] {processor.py:157} INFO - Started process (PID=935) to work on /home/airflow/.local/lib/python3.8/site-packages/airflow/example_dags/example_branch_python_dop_operator_3.py
[2023-11-19T15:05:46.400+0000] {processor.py:829} INFO - Processing file /home/airflow/.local/lib/python3.8/site-packages/airflow/example_dags/example_branch_python_dop_operator_3.py for tasks to queue
[2023-11-19T15:05:46.402+0000] {logging_mixin.py:154} INFO - [2023-11-19T15:05:46.401+0000] {dagbag.py:536} INFO - Filling up the DagBag from /home/airflow/.local/lib/python3.8/site-packages/airflow/example_dags/example_branch_python_dop_operator_3.py
[2023-11-19T15:05:46.411+0000] {processor.py:839} INFO - DAG(s) dict_keys(['example_branch_dop_operator_v3']) retrieved from /home/airflow/.local/lib/python3.8/site-packages/airflow/example_dags/example_branch_python_dop_operator_3.py
[2023-11-19T15:05:46.432+0000] {logging_mixin.py:154} INFO - [2023-11-19T15:05:46.431+0000] {dag.py:2941} INFO - Sync 1 DAGs
[2023-11-19T15:05:46.461+0000] {logging_mixin.py:154} INFO - [2023-11-19T15:05:46.461+0000] {dag.py:3722} INFO - Setting next_dagrun for example_branch_dop_operator_v3 to 2023-11-19T15:04:00+00:00, run_after=2023-11-19T15:05:00+00:00
[2023-11-19T15:05:46.480+0000] {processor.py:179} INFO - Processing /home/airflow/.local/lib/python3.8/site-packages/airflow/example_dags/example_branch_python_dop_operator_3.py took 0.084 seconds
[2023-11-19T15:06:17.084+0000] {processor.py:157} INFO - Started process (PID=989) to work on /home/airflow/.local/lib/python3.8/site-packages/airflow/example_dags/example_branch_python_dop_operator_3.py
[2023-11-19T15:06:17.084+0000] {processor.py:829} INFO - Processing file /home/airflow/.local/lib/python3.8/site-packages/airflow/example_dags/example_branch_python_dop_operator_3.py for tasks to queue
[2023-11-19T15:06:17.086+0000] {logging_mixin.py:154} INFO - [2023-11-19T15:06:17.086+0000] {dagbag.py:536} INFO - Filling up the DagBag from /home/airflow/.local/lib/python3.8/site-packages/airflow/example_dags/example_branch_python_dop_operator_3.py
[2023-11-19T15:06:17.095+0000] {processor.py:839} INFO - DAG(s) dict_keys(['example_branch_dop_operator_v3']) retrieved from /home/airflow/.local/lib/python3.8/site-packages/airflow/example_dags/example_branch_python_dop_operator_3.py
[2023-11-19T15:06:17.118+0000] {logging_mixin.py:154} INFO - [2023-11-19T15:06:17.118+0000] {dag.py:2941} INFO - Sync 1 DAGs
[2023-11-19T15:06:17.145+0000] {logging_mixin.py:154} INFO - [2023-11-19T15:06:17.144+0000] {dag.py:3722} INFO - Setting next_dagrun for example_branch_dop_operator_v3 to 2023-11-19T15:05:00+00:00, run_after=2023-11-19T15:06:00+00:00
[2023-11-19T15:06:17.161+0000] {processor.py:179} INFO - Processing /home/airflow/.local/lib/python3.8/site-packages/airflow/example_dags/example_branch_python_dop_operator_3.py took 0.081 seconds
