[2023-11-19T14:57:38.139+0000] {processor.py:157} INFO - Started process (PID=41) to work on /home/airflow/.local/lib/python3.8/site-packages/airflow/example_dags/example_short_circuit_operator.py
[2023-11-19T14:57:38.140+0000] {processor.py:829} INFO - Processing file /home/airflow/.local/lib/python3.8/site-packages/airflow/example_dags/example_short_circuit_operator.py for tasks to queue
[2023-11-19T14:57:38.142+0000] {logging_mixin.py:154} INFO - [2023-11-19T14:57:38.141+0000] {dagbag.py:536} INFO - Filling up the DagBag from /home/airflow/.local/lib/python3.8/site-packages/airflow/example_dags/example_short_circuit_operator.py
[2023-11-19T14:57:38.152+0000] {processor.py:839} INFO - DAG(s) dict_keys(['example_short_circuit_operator']) retrieved from /home/airflow/.local/lib/python3.8/site-packages/airflow/example_dags/example_short_circuit_operator.py
[2023-11-19T14:57:38.163+0000] {logging_mixin.py:154} INFO - [2023-11-19T14:57:38.163+0000] {dag.py:2941} INFO - Sync 1 DAGs
[2023-11-19T14:57:38.185+0000] {logging_mixin.py:154} INFO - [2023-11-19T14:57:38.184+0000] {dag.py:3722} INFO - Setting next_dagrun for example_short_circuit_operator to 2023-11-18T14:57:38.184653+00:00, run_after=2023-11-19T14:57:38.184653+00:00
[2023-11-19T14:57:38.201+0000] {processor.py:179} INFO - Processing /home/airflow/.local/lib/python3.8/site-packages/airflow/example_dags/example_short_circuit_operator.py took 0.065 seconds
[2023-11-19T14:58:08.701+0000] {processor.py:157} INFO - Started process (PID=95) to work on /home/airflow/.local/lib/python3.8/site-packages/airflow/example_dags/example_short_circuit_operator.py
[2023-11-19T14:58:08.701+0000] {processor.py:829} INFO - Processing file /home/airflow/.local/lib/python3.8/site-packages/airflow/example_dags/example_short_circuit_operator.py for tasks to queue
[2023-11-19T14:58:08.703+0000] {logging_mixin.py:154} INFO - [2023-11-19T14:58:08.703+0000] {dagbag.py:536} INFO - Filling up the DagBag from /home/airflow/.local/lib/python3.8/site-packages/airflow/example_dags/example_short_circuit_operator.py
[2023-11-19T14:58:08.710+0000] {processor.py:839} INFO - DAG(s) dict_keys(['example_short_circuit_operator']) retrieved from /home/airflow/.local/lib/python3.8/site-packages/airflow/example_dags/example_short_circuit_operator.py
[2023-11-19T14:58:08.736+0000] {logging_mixin.py:154} INFO - [2023-11-19T14:58:08.735+0000] {dag.py:2941} INFO - Sync 1 DAGs
[2023-11-19T14:58:08.759+0000] {logging_mixin.py:154} INFO - [2023-11-19T14:58:08.758+0000] {dag.py:3722} INFO - Setting next_dagrun for example_short_circuit_operator to 2023-11-18T14:58:08.758549+00:00, run_after=2023-11-19T14:58:08.758549+00:00
[2023-11-19T14:58:08.774+0000] {processor.py:179} INFO - Processing /home/airflow/.local/lib/python3.8/site-packages/airflow/example_dags/example_short_circuit_operator.py took 0.076 seconds
[2023-11-19T14:58:38.897+0000] {processor.py:157} INFO - Started process (PID=149) to work on /home/airflow/.local/lib/python3.8/site-packages/airflow/example_dags/example_short_circuit_operator.py
[2023-11-19T14:58:38.898+0000] {processor.py:829} INFO - Processing file /home/airflow/.local/lib/python3.8/site-packages/airflow/example_dags/example_short_circuit_operator.py for tasks to queue
[2023-11-19T14:58:38.899+0000] {logging_mixin.py:154} INFO - [2023-11-19T14:58:38.899+0000] {dagbag.py:536} INFO - Filling up the DagBag from /home/airflow/.local/lib/python3.8/site-packages/airflow/example_dags/example_short_circuit_operator.py
[2023-11-19T14:58:38.907+0000] {processor.py:839} INFO - DAG(s) dict_keys(['example_short_circuit_operator']) retrieved from /home/airflow/.local/lib/python3.8/site-packages/airflow/example_dags/example_short_circuit_operator.py
[2023-11-19T14:58:38.931+0000] {logging_mixin.py:154} INFO - [2023-11-19T14:58:38.931+0000] {dag.py:2941} INFO - Sync 1 DAGs
[2023-11-19T14:58:38.953+0000] {logging_mixin.py:154} INFO - [2023-11-19T14:58:38.953+0000] {dag.py:3722} INFO - Setting next_dagrun for example_short_circuit_operator to 2023-11-18T14:58:38.953135+00:00, run_after=2023-11-19T14:58:38.953135+00:00
[2023-11-19T14:58:38.970+0000] {processor.py:179} INFO - Processing /home/airflow/.local/lib/python3.8/site-packages/airflow/example_dags/example_short_circuit_operator.py took 0.076 seconds
[2023-11-19T14:59:09.138+0000] {processor.py:157} INFO - Started process (PID=203) to work on /home/airflow/.local/lib/python3.8/site-packages/airflow/example_dags/example_short_circuit_operator.py
[2023-11-19T14:59:09.139+0000] {processor.py:829} INFO - Processing file /home/airflow/.local/lib/python3.8/site-packages/airflow/example_dags/example_short_circuit_operator.py for tasks to queue
[2023-11-19T14:59:09.141+0000] {logging_mixin.py:154} INFO - [2023-11-19T14:59:09.141+0000] {dagbag.py:536} INFO - Filling up the DagBag from /home/airflow/.local/lib/python3.8/site-packages/airflow/example_dags/example_short_circuit_operator.py
[2023-11-19T14:59:09.149+0000] {processor.py:839} INFO - DAG(s) dict_keys(['example_short_circuit_operator']) retrieved from /home/airflow/.local/lib/python3.8/site-packages/airflow/example_dags/example_short_circuit_operator.py
[2023-11-19T14:59:09.172+0000] {logging_mixin.py:154} INFO - [2023-11-19T14:59:09.172+0000] {dag.py:2941} INFO - Sync 1 DAGs
[2023-11-19T14:59:09.194+0000] {logging_mixin.py:154} INFO - [2023-11-19T14:59:09.194+0000] {dag.py:3722} INFO - Setting next_dagrun for example_short_circuit_operator to 2023-11-18T14:59:09.194168+00:00, run_after=2023-11-19T14:59:09.194168+00:00
[2023-11-19T14:59:09.211+0000] {processor.py:179} INFO - Processing /home/airflow/.local/lib/python3.8/site-packages/airflow/example_dags/example_short_circuit_operator.py took 0.076 seconds
[2023-11-19T14:59:39.367+0000] {processor.py:157} INFO - Started process (PID=257) to work on /home/airflow/.local/lib/python3.8/site-packages/airflow/example_dags/example_short_circuit_operator.py
[2023-11-19T14:59:39.368+0000] {processor.py:829} INFO - Processing file /home/airflow/.local/lib/python3.8/site-packages/airflow/example_dags/example_short_circuit_operator.py for tasks to queue
[2023-11-19T14:59:39.370+0000] {logging_mixin.py:154} INFO - [2023-11-19T14:59:39.370+0000] {dagbag.py:536} INFO - Filling up the DagBag from /home/airflow/.local/lib/python3.8/site-packages/airflow/example_dags/example_short_circuit_operator.py
[2023-11-19T14:59:39.379+0000] {processor.py:839} INFO - DAG(s) dict_keys(['example_short_circuit_operator']) retrieved from /home/airflow/.local/lib/python3.8/site-packages/airflow/example_dags/example_short_circuit_operator.py
[2023-11-19T14:59:39.405+0000] {logging_mixin.py:154} INFO - [2023-11-19T14:59:39.405+0000] {dag.py:2941} INFO - Sync 1 DAGs
[2023-11-19T14:59:39.433+0000] {logging_mixin.py:154} INFO - [2023-11-19T14:59:39.433+0000] {dag.py:3722} INFO - Setting next_dagrun for example_short_circuit_operator to 2023-11-18T14:59:39.433221+00:00, run_after=2023-11-19T14:59:39.433221+00:00
[2023-11-19T14:59:39.450+0000] {processor.py:179} INFO - Processing /home/airflow/.local/lib/python3.8/site-packages/airflow/example_dags/example_short_circuit_operator.py took 0.086 seconds
[2023-11-19T15:00:09.652+0000] {processor.py:157} INFO - Started process (PID=312) to work on /home/airflow/.local/lib/python3.8/site-packages/airflow/example_dags/example_short_circuit_operator.py
[2023-11-19T15:00:09.653+0000] {processor.py:829} INFO - Processing file /home/airflow/.local/lib/python3.8/site-packages/airflow/example_dags/example_short_circuit_operator.py for tasks to queue
[2023-11-19T15:00:09.654+0000] {logging_mixin.py:154} INFO - [2023-11-19T15:00:09.654+0000] {dagbag.py:536} INFO - Filling up the DagBag from /home/airflow/.local/lib/python3.8/site-packages/airflow/example_dags/example_short_circuit_operator.py
[2023-11-19T15:00:09.665+0000] {processor.py:839} INFO - DAG(s) dict_keys(['example_short_circuit_operator']) retrieved from /home/airflow/.local/lib/python3.8/site-packages/airflow/example_dags/example_short_circuit_operator.py
[2023-11-19T15:00:09.688+0000] {logging_mixin.py:154} INFO - [2023-11-19T15:00:09.688+0000] {dag.py:2941} INFO - Sync 1 DAGs
[2023-11-19T15:00:09.711+0000] {logging_mixin.py:154} INFO - [2023-11-19T15:00:09.711+0000] {dag.py:3722} INFO - Setting next_dagrun for example_short_circuit_operator to 2023-11-18T15:00:09.711043+00:00, run_after=2023-11-19T15:00:09.711043+00:00
[2023-11-19T15:00:09.726+0000] {processor.py:179} INFO - Processing /home/airflow/.local/lib/python3.8/site-packages/airflow/example_dags/example_short_circuit_operator.py took 0.077 seconds
[2023-11-19T15:00:40.011+0000] {processor.py:157} INFO - Started process (PID=366) to work on /home/airflow/.local/lib/python3.8/site-packages/airflow/example_dags/example_short_circuit_operator.py
[2023-11-19T15:00:40.012+0000] {processor.py:829} INFO - Processing file /home/airflow/.local/lib/python3.8/site-packages/airflow/example_dags/example_short_circuit_operator.py for tasks to queue
[2023-11-19T15:00:40.014+0000] {logging_mixin.py:154} INFO - [2023-11-19T15:00:40.014+0000] {dagbag.py:536} INFO - Filling up the DagBag from /home/airflow/.local/lib/python3.8/site-packages/airflow/example_dags/example_short_circuit_operator.py
[2023-11-19T15:00:40.022+0000] {processor.py:839} INFO - DAG(s) dict_keys(['example_short_circuit_operator']) retrieved from /home/airflow/.local/lib/python3.8/site-packages/airflow/example_dags/example_short_circuit_operator.py
[2023-11-19T15:00:40.052+0000] {logging_mixin.py:154} INFO - [2023-11-19T15:00:40.051+0000] {dag.py:2941} INFO - Sync 1 DAGs
[2023-11-19T15:00:40.074+0000] {logging_mixin.py:154} INFO - [2023-11-19T15:00:40.074+0000] {dag.py:3722} INFO - Setting next_dagrun for example_short_circuit_operator to 2023-11-18T15:00:40.074016+00:00, run_after=2023-11-19T15:00:40.074016+00:00
[2023-11-19T15:00:40.090+0000] {processor.py:179} INFO - Processing /home/airflow/.local/lib/python3.8/site-packages/airflow/example_dags/example_short_circuit_operator.py took 0.081 seconds
[2023-11-19T15:01:10.288+0000] {processor.py:157} INFO - Started process (PID=420) to work on /home/airflow/.local/lib/python3.8/site-packages/airflow/example_dags/example_short_circuit_operator.py
[2023-11-19T15:01:10.289+0000] {processor.py:829} INFO - Processing file /home/airflow/.local/lib/python3.8/site-packages/airflow/example_dags/example_short_circuit_operator.py for tasks to queue
[2023-11-19T15:01:10.290+0000] {logging_mixin.py:154} INFO - [2023-11-19T15:01:10.290+0000] {dagbag.py:536} INFO - Filling up the DagBag from /home/airflow/.local/lib/python3.8/site-packages/airflow/example_dags/example_short_circuit_operator.py
[2023-11-19T15:01:10.298+0000] {processor.py:839} INFO - DAG(s) dict_keys(['example_short_circuit_operator']) retrieved from /home/airflow/.local/lib/python3.8/site-packages/airflow/example_dags/example_short_circuit_operator.py
[2023-11-19T15:01:10.322+0000] {logging_mixin.py:154} INFO - [2023-11-19T15:01:10.322+0000] {dag.py:2941} INFO - Sync 1 DAGs
[2023-11-19T15:01:10.345+0000] {logging_mixin.py:154} INFO - [2023-11-19T15:01:10.345+0000] {dag.py:3722} INFO - Setting next_dagrun for example_short_circuit_operator to 2023-11-18T15:01:10.344894+00:00, run_after=2023-11-19T15:01:10.344894+00:00
[2023-11-19T15:01:10.361+0000] {processor.py:179} INFO - Processing /home/airflow/.local/lib/python3.8/site-packages/airflow/example_dags/example_short_circuit_operator.py took 0.076 seconds
[2023-11-19T15:01:40.429+0000] {processor.py:157} INFO - Started process (PID=474) to work on /home/airflow/.local/lib/python3.8/site-packages/airflow/example_dags/example_short_circuit_operator.py
[2023-11-19T15:01:40.430+0000] {processor.py:829} INFO - Processing file /home/airflow/.local/lib/python3.8/site-packages/airflow/example_dags/example_short_circuit_operator.py for tasks to queue
[2023-11-19T15:01:40.433+0000] {logging_mixin.py:154} INFO - [2023-11-19T15:01:40.433+0000] {dagbag.py:536} INFO - Filling up the DagBag from /home/airflow/.local/lib/python3.8/site-packages/airflow/example_dags/example_short_circuit_operator.py
[2023-11-19T15:01:40.442+0000] {processor.py:839} INFO - DAG(s) dict_keys(['example_short_circuit_operator']) retrieved from /home/airflow/.local/lib/python3.8/site-packages/airflow/example_dags/example_short_circuit_operator.py
[2023-11-19T15:01:40.473+0000] {logging_mixin.py:154} INFO - [2023-11-19T15:01:40.473+0000] {dag.py:2941} INFO - Sync 1 DAGs
[2023-11-19T15:01:40.496+0000] {logging_mixin.py:154} INFO - [2023-11-19T15:01:40.496+0000] {dag.py:3722} INFO - Setting next_dagrun for example_short_circuit_operator to 2023-11-18T15:01:40.496059+00:00, run_after=2023-11-19T15:01:40.496059+00:00
[2023-11-19T15:01:40.514+0000] {processor.py:179} INFO - Processing /home/airflow/.local/lib/python3.8/site-packages/airflow/example_dags/example_short_circuit_operator.py took 0.089 seconds
[2023-11-19T15:02:10.842+0000] {processor.py:157} INFO - Started process (PID=528) to work on /home/airflow/.local/lib/python3.8/site-packages/airflow/example_dags/example_short_circuit_operator.py
[2023-11-19T15:02:10.843+0000] {processor.py:829} INFO - Processing file /home/airflow/.local/lib/python3.8/site-packages/airflow/example_dags/example_short_circuit_operator.py for tasks to queue
[2023-11-19T15:02:10.847+0000] {logging_mixin.py:154} INFO - [2023-11-19T15:02:10.846+0000] {dagbag.py:536} INFO - Filling up the DagBag from /home/airflow/.local/lib/python3.8/site-packages/airflow/example_dags/example_short_circuit_operator.py
[2023-11-19T15:02:10.855+0000] {processor.py:839} INFO - DAG(s) dict_keys(['example_short_circuit_operator']) retrieved from /home/airflow/.local/lib/python3.8/site-packages/airflow/example_dags/example_short_circuit_operator.py
[2023-11-19T15:02:10.883+0000] {logging_mixin.py:154} INFO - [2023-11-19T15:02:10.883+0000] {dag.py:2941} INFO - Sync 1 DAGs
[2023-11-19T15:02:10.909+0000] {logging_mixin.py:154} INFO - [2023-11-19T15:02:10.909+0000] {dag.py:3722} INFO - Setting next_dagrun for example_short_circuit_operator to 2023-11-18T15:02:10.909260+00:00, run_after=2023-11-19T15:02:10.909260+00:00
[2023-11-19T15:02:10.928+0000] {processor.py:179} INFO - Processing /home/airflow/.local/lib/python3.8/site-packages/airflow/example_dags/example_short_circuit_operator.py took 0.089 seconds
[2023-11-19T15:02:41.439+0000] {processor.py:157} INFO - Started process (PID=582) to work on /home/airflow/.local/lib/python3.8/site-packages/airflow/example_dags/example_short_circuit_operator.py
[2023-11-19T15:02:41.440+0000] {processor.py:829} INFO - Processing file /home/airflow/.local/lib/python3.8/site-packages/airflow/example_dags/example_short_circuit_operator.py for tasks to queue
[2023-11-19T15:02:41.442+0000] {logging_mixin.py:154} INFO - [2023-11-19T15:02:41.442+0000] {dagbag.py:536} INFO - Filling up the DagBag from /home/airflow/.local/lib/python3.8/site-packages/airflow/example_dags/example_short_circuit_operator.py
[2023-11-19T15:02:41.449+0000] {processor.py:839} INFO - DAG(s) dict_keys(['example_short_circuit_operator']) retrieved from /home/airflow/.local/lib/python3.8/site-packages/airflow/example_dags/example_short_circuit_operator.py
[2023-11-19T15:02:41.471+0000] {logging_mixin.py:154} INFO - [2023-11-19T15:02:41.471+0000] {dag.py:2941} INFO - Sync 1 DAGs
[2023-11-19T15:02:41.492+0000] {logging_mixin.py:154} INFO - [2023-11-19T15:02:41.492+0000] {dag.py:3722} INFO - Setting next_dagrun for example_short_circuit_operator to 2023-11-18T15:02:41.491816+00:00, run_after=2023-11-19T15:02:41.491816+00:00
[2023-11-19T15:02:41.507+0000] {processor.py:179} INFO - Processing /home/airflow/.local/lib/python3.8/site-packages/airflow/example_dags/example_short_circuit_operator.py took 0.071 seconds
[2023-11-19T15:03:11.906+0000] {processor.py:157} INFO - Started process (PID=636) to work on /home/airflow/.local/lib/python3.8/site-packages/airflow/example_dags/example_short_circuit_operator.py
[2023-11-19T15:03:11.906+0000] {processor.py:829} INFO - Processing file /home/airflow/.local/lib/python3.8/site-packages/airflow/example_dags/example_short_circuit_operator.py for tasks to queue
[2023-11-19T15:03:11.908+0000] {logging_mixin.py:154} INFO - [2023-11-19T15:03:11.908+0000] {dagbag.py:536} INFO - Filling up the DagBag from /home/airflow/.local/lib/python3.8/site-packages/airflow/example_dags/example_short_circuit_operator.py
[2023-11-19T15:03:11.915+0000] {processor.py:839} INFO - DAG(s) dict_keys(['example_short_circuit_operator']) retrieved from /home/airflow/.local/lib/python3.8/site-packages/airflow/example_dags/example_short_circuit_operator.py
[2023-11-19T15:03:11.937+0000] {logging_mixin.py:154} INFO - [2023-11-19T15:03:11.936+0000] {dag.py:2941} INFO - Sync 1 DAGs
[2023-11-19T15:03:11.958+0000] {logging_mixin.py:154} INFO - [2023-11-19T15:03:11.958+0000] {dag.py:3722} INFO - Setting next_dagrun for example_short_circuit_operator to 2023-11-18T15:03:11.958161+00:00, run_after=2023-11-19T15:03:11.958161+00:00
[2023-11-19T15:03:11.974+0000] {processor.py:179} INFO - Processing /home/airflow/.local/lib/python3.8/site-packages/airflow/example_dags/example_short_circuit_operator.py took 0.071 seconds
[2023-11-19T15:03:42.386+0000] {processor.py:157} INFO - Started process (PID=690) to work on /home/airflow/.local/lib/python3.8/site-packages/airflow/example_dags/example_short_circuit_operator.py
[2023-11-19T15:03:42.387+0000] {processor.py:829} INFO - Processing file /home/airflow/.local/lib/python3.8/site-packages/airflow/example_dags/example_short_circuit_operator.py for tasks to queue
[2023-11-19T15:03:42.389+0000] {logging_mixin.py:154} INFO - [2023-11-19T15:03:42.388+0000] {dagbag.py:536} INFO - Filling up the DagBag from /home/airflow/.local/lib/python3.8/site-packages/airflow/example_dags/example_short_circuit_operator.py
[2023-11-19T15:03:42.396+0000] {processor.py:839} INFO - DAG(s) dict_keys(['example_short_circuit_operator']) retrieved from /home/airflow/.local/lib/python3.8/site-packages/airflow/example_dags/example_short_circuit_operator.py
[2023-11-19T15:03:42.432+0000] {logging_mixin.py:154} INFO - [2023-11-19T15:03:42.432+0000] {dag.py:2941} INFO - Sync 1 DAGs
[2023-11-19T15:03:42.465+0000] {logging_mixin.py:154} INFO - [2023-11-19T15:03:42.464+0000] {dag.py:3722} INFO - Setting next_dagrun for example_short_circuit_operator to 2023-11-18T15:03:42.464624+00:00, run_after=2023-11-19T15:03:42.464624+00:00
[2023-11-19T15:03:42.486+0000] {processor.py:179} INFO - Processing /home/airflow/.local/lib/python3.8/site-packages/airflow/example_dags/example_short_circuit_operator.py took 0.103 seconds
[2023-11-19T15:04:12.606+0000] {processor.py:157} INFO - Started process (PID=744) to work on /home/airflow/.local/lib/python3.8/site-packages/airflow/example_dags/example_short_circuit_operator.py
[2023-11-19T15:04:12.607+0000] {processor.py:829} INFO - Processing file /home/airflow/.local/lib/python3.8/site-packages/airflow/example_dags/example_short_circuit_operator.py for tasks to queue
[2023-11-19T15:04:12.609+0000] {logging_mixin.py:154} INFO - [2023-11-19T15:04:12.609+0000] {dagbag.py:536} INFO - Filling up the DagBag from /home/airflow/.local/lib/python3.8/site-packages/airflow/example_dags/example_short_circuit_operator.py
[2023-11-19T15:04:12.617+0000] {processor.py:839} INFO - DAG(s) dict_keys(['example_short_circuit_operator']) retrieved from /home/airflow/.local/lib/python3.8/site-packages/airflow/example_dags/example_short_circuit_operator.py
[2023-11-19T15:04:12.643+0000] {logging_mixin.py:154} INFO - [2023-11-19T15:04:12.643+0000] {dag.py:2941} INFO - Sync 1 DAGs
[2023-11-19T15:04:12.663+0000] {logging_mixin.py:154} INFO - [2023-11-19T15:04:12.663+0000] {dag.py:3722} INFO - Setting next_dagrun for example_short_circuit_operator to 2023-11-18T15:04:12.663427+00:00, run_after=2023-11-19T15:04:12.663427+00:00
[2023-11-19T15:04:12.680+0000] {processor.py:179} INFO - Processing /home/airflow/.local/lib/python3.8/site-packages/airflow/example_dags/example_short_circuit_operator.py took 0.077 seconds
[2023-11-19T15:04:42.779+0000] {processor.py:157} INFO - Started process (PID=798) to work on /home/airflow/.local/lib/python3.8/site-packages/airflow/example_dags/example_short_circuit_operator.py
[2023-11-19T15:04:42.780+0000] {processor.py:829} INFO - Processing file /home/airflow/.local/lib/python3.8/site-packages/airflow/example_dags/example_short_circuit_operator.py for tasks to queue
[2023-11-19T15:04:42.782+0000] {logging_mixin.py:154} INFO - [2023-11-19T15:04:42.782+0000] {dagbag.py:536} INFO - Filling up the DagBag from /home/airflow/.local/lib/python3.8/site-packages/airflow/example_dags/example_short_circuit_operator.py
[2023-11-19T15:04:42.789+0000] {processor.py:839} INFO - DAG(s) dict_keys(['example_short_circuit_operator']) retrieved from /home/airflow/.local/lib/python3.8/site-packages/airflow/example_dags/example_short_circuit_operator.py
[2023-11-19T15:04:42.812+0000] {logging_mixin.py:154} INFO - [2023-11-19T15:04:42.811+0000] {dag.py:2941} INFO - Sync 1 DAGs
[2023-11-19T15:04:42.833+0000] {logging_mixin.py:154} INFO - [2023-11-19T15:04:42.833+0000] {dag.py:3722} INFO - Setting next_dagrun for example_short_circuit_operator to 2023-11-18T15:04:42.832953+00:00, run_after=2023-11-19T15:04:42.832953+00:00
[2023-11-19T15:04:42.849+0000] {processor.py:179} INFO - Processing /home/airflow/.local/lib/python3.8/site-packages/airflow/example_dags/example_short_circuit_operator.py took 0.073 seconds
[2023-11-19T15:05:13.359+0000] {processor.py:157} INFO - Started process (PID=852) to work on /home/airflow/.local/lib/python3.8/site-packages/airflow/example_dags/example_short_circuit_operator.py
[2023-11-19T15:05:13.359+0000] {processor.py:829} INFO - Processing file /home/airflow/.local/lib/python3.8/site-packages/airflow/example_dags/example_short_circuit_operator.py for tasks to queue
[2023-11-19T15:05:13.361+0000] {logging_mixin.py:154} INFO - [2023-11-19T15:05:13.361+0000] {dagbag.py:536} INFO - Filling up the DagBag from /home/airflow/.local/lib/python3.8/site-packages/airflow/example_dags/example_short_circuit_operator.py
[2023-11-19T15:05:13.370+0000] {processor.py:839} INFO - DAG(s) dict_keys(['example_short_circuit_operator']) retrieved from /home/airflow/.local/lib/python3.8/site-packages/airflow/example_dags/example_short_circuit_operator.py
[2023-11-19T15:05:13.396+0000] {logging_mixin.py:154} INFO - [2023-11-19T15:05:13.396+0000] {dag.py:2941} INFO - Sync 1 DAGs
[2023-11-19T15:05:13.418+0000] {logging_mixin.py:154} INFO - [2023-11-19T15:05:13.418+0000] {dag.py:3722} INFO - Setting next_dagrun for example_short_circuit_operator to 2023-11-18T15:05:13.418019+00:00, run_after=2023-11-19T15:05:13.418019+00:00
[2023-11-19T15:05:13.437+0000] {processor.py:179} INFO - Processing /home/airflow/.local/lib/python3.8/site-packages/airflow/example_dags/example_short_circuit_operator.py took 0.082 seconds
[2023-11-19T15:05:43.811+0000] {processor.py:157} INFO - Started process (PID=906) to work on /home/airflow/.local/lib/python3.8/site-packages/airflow/example_dags/example_short_circuit_operator.py
[2023-11-19T15:05:43.813+0000] {processor.py:829} INFO - Processing file /home/airflow/.local/lib/python3.8/site-packages/airflow/example_dags/example_short_circuit_operator.py for tasks to queue
[2023-11-19T15:05:43.814+0000] {logging_mixin.py:154} INFO - [2023-11-19T15:05:43.814+0000] {dagbag.py:536} INFO - Filling up the DagBag from /home/airflow/.local/lib/python3.8/site-packages/airflow/example_dags/example_short_circuit_operator.py
[2023-11-19T15:05:43.822+0000] {processor.py:839} INFO - DAG(s) dict_keys(['example_short_circuit_operator']) retrieved from /home/airflow/.local/lib/python3.8/site-packages/airflow/example_dags/example_short_circuit_operator.py
[2023-11-19T15:05:43.848+0000] {logging_mixin.py:154} INFO - [2023-11-19T15:05:43.848+0000] {dag.py:2941} INFO - Sync 1 DAGs
[2023-11-19T15:05:43.873+0000] {logging_mixin.py:154} INFO - [2023-11-19T15:05:43.873+0000] {dag.py:3722} INFO - Setting next_dagrun for example_short_circuit_operator to 2023-11-18T15:05:43.872768+00:00, run_after=2023-11-19T15:05:43.872768+00:00
[2023-11-19T15:05:43.890+0000] {processor.py:179} INFO - Processing /home/airflow/.local/lib/python3.8/site-packages/airflow/example_dags/example_short_circuit_operator.py took 0.081 seconds
[2023-11-19T15:06:14.315+0000] {processor.py:157} INFO - Started process (PID=960) to work on /home/airflow/.local/lib/python3.8/site-packages/airflow/example_dags/example_short_circuit_operator.py
[2023-11-19T15:06:14.316+0000] {processor.py:829} INFO - Processing file /home/airflow/.local/lib/python3.8/site-packages/airflow/example_dags/example_short_circuit_operator.py for tasks to queue
[2023-11-19T15:06:14.318+0000] {logging_mixin.py:154} INFO - [2023-11-19T15:06:14.318+0000] {dagbag.py:536} INFO - Filling up the DagBag from /home/airflow/.local/lib/python3.8/site-packages/airflow/example_dags/example_short_circuit_operator.py
[2023-11-19T15:06:14.325+0000] {processor.py:839} INFO - DAG(s) dict_keys(['example_short_circuit_operator']) retrieved from /home/airflow/.local/lib/python3.8/site-packages/airflow/example_dags/example_short_circuit_operator.py
[2023-11-19T15:06:14.352+0000] {logging_mixin.py:154} INFO - [2023-11-19T15:06:14.352+0000] {dag.py:2941} INFO - Sync 1 DAGs
[2023-11-19T15:06:14.377+0000] {logging_mixin.py:154} INFO - [2023-11-19T15:06:14.377+0000] {dag.py:3722} INFO - Setting next_dagrun for example_short_circuit_operator to 2023-11-18T15:06:14.376978+00:00, run_after=2023-11-19T15:06:14.376978+00:00
[2023-11-19T15:06:14.393+0000] {processor.py:179} INFO - Processing /home/airflow/.local/lib/python3.8/site-packages/airflow/example_dags/example_short_circuit_operator.py took 0.081 seconds
