[2023-11-19T14:57:38.317+0000] {processor.py:157} INFO - Started process (PID=45) to work on /home/airflow/.local/lib/python3.8/site-packages/airflow/example_dags/example_skip_dag.py
[2023-11-19T14:57:38.318+0000] {processor.py:829} INFO - Processing file /home/airflow/.local/lib/python3.8/site-packages/airflow/example_dags/example_skip_dag.py for tasks to queue
[2023-11-19T14:57:38.320+0000] {logging_mixin.py:154} INFO - [2023-11-19T14:57:38.319+0000] {dagbag.py:536} INFO - Filling up the DagBag from /home/airflow/.local/lib/python3.8/site-packages/airflow/example_dags/example_skip_dag.py
[2023-11-19T14:57:38.332+0000] {processor.py:839} INFO - DAG(s) dict_keys(['example_skip_dag']) retrieved from /home/airflow/.local/lib/python3.8/site-packages/airflow/example_dags/example_skip_dag.py
[2023-11-19T14:57:38.345+0000] {logging_mixin.py:154} INFO - [2023-11-19T14:57:38.345+0000] {dag.py:2941} INFO - Sync 1 DAGs
[2023-11-19T14:57:38.383+0000] {logging_mixin.py:154} INFO - [2023-11-19T14:57:38.383+0000] {dag.py:3722} INFO - Setting next_dagrun for example_skip_dag to 2023-11-18T14:57:38.383225+00:00, run_after=2023-11-19T14:57:38.383225+00:00
[2023-11-19T14:57:38.411+0000] {processor.py:179} INFO - Processing /home/airflow/.local/lib/python3.8/site-packages/airflow/example_dags/example_skip_dag.py took 0.096 seconds
[2023-11-19T14:58:08.898+0000] {processor.py:157} INFO - Started process (PID=99) to work on /home/airflow/.local/lib/python3.8/site-packages/airflow/example_dags/example_skip_dag.py
[2023-11-19T14:58:08.899+0000] {processor.py:829} INFO - Processing file /home/airflow/.local/lib/python3.8/site-packages/airflow/example_dags/example_skip_dag.py for tasks to queue
[2023-11-19T14:58:08.901+0000] {logging_mixin.py:154} INFO - [2023-11-19T14:58:08.901+0000] {dagbag.py:536} INFO - Filling up the DagBag from /home/airflow/.local/lib/python3.8/site-packages/airflow/example_dags/example_skip_dag.py
[2023-11-19T14:58:08.907+0000] {processor.py:839} INFO - DAG(s) dict_keys(['example_skip_dag']) retrieved from /home/airflow/.local/lib/python3.8/site-packages/airflow/example_dags/example_skip_dag.py
[2023-11-19T14:58:08.933+0000] {logging_mixin.py:154} INFO - [2023-11-19T14:58:08.932+0000] {dag.py:2941} INFO - Sync 1 DAGs
[2023-11-19T14:58:08.956+0000] {logging_mixin.py:154} INFO - [2023-11-19T14:58:08.956+0000] {dag.py:3722} INFO - Setting next_dagrun for example_skip_dag to 2023-11-18T14:58:08.956146+00:00, run_after=2023-11-19T14:58:08.956146+00:00
[2023-11-19T14:58:08.972+0000] {processor.py:179} INFO - Processing /home/airflow/.local/lib/python3.8/site-packages/airflow/example_dags/example_skip_dag.py took 0.077 seconds
[2023-11-19T14:58:39.086+0000] {processor.py:157} INFO - Started process (PID=153) to work on /home/airflow/.local/lib/python3.8/site-packages/airflow/example_dags/example_skip_dag.py
[2023-11-19T14:58:39.088+0000] {processor.py:829} INFO - Processing file /home/airflow/.local/lib/python3.8/site-packages/airflow/example_dags/example_skip_dag.py for tasks to queue
[2023-11-19T14:58:39.090+0000] {logging_mixin.py:154} INFO - [2023-11-19T14:58:39.090+0000] {dagbag.py:536} INFO - Filling up the DagBag from /home/airflow/.local/lib/python3.8/site-packages/airflow/example_dags/example_skip_dag.py
[2023-11-19T14:58:39.096+0000] {processor.py:839} INFO - DAG(s) dict_keys(['example_skip_dag']) retrieved from /home/airflow/.local/lib/python3.8/site-packages/airflow/example_dags/example_skip_dag.py
[2023-11-19T14:58:39.118+0000] {logging_mixin.py:154} INFO - [2023-11-19T14:58:39.117+0000] {dag.py:2941} INFO - Sync 1 DAGs
[2023-11-19T14:58:39.138+0000] {logging_mixin.py:154} INFO - [2023-11-19T14:58:39.138+0000] {dag.py:3722} INFO - Setting next_dagrun for example_skip_dag to 2023-11-18T14:58:39.138485+00:00, run_after=2023-11-19T14:58:39.138485+00:00
[2023-11-19T14:58:39.154+0000] {processor.py:179} INFO - Processing /home/airflow/.local/lib/python3.8/site-packages/airflow/example_dags/example_skip_dag.py took 0.071 seconds
[2023-11-19T14:59:09.336+0000] {processor.py:157} INFO - Started process (PID=207) to work on /home/airflow/.local/lib/python3.8/site-packages/airflow/example_dags/example_skip_dag.py
[2023-11-19T14:59:09.337+0000] {processor.py:829} INFO - Processing file /home/airflow/.local/lib/python3.8/site-packages/airflow/example_dags/example_skip_dag.py for tasks to queue
[2023-11-19T14:59:09.340+0000] {logging_mixin.py:154} INFO - [2023-11-19T14:59:09.340+0000] {dagbag.py:536} INFO - Filling up the DagBag from /home/airflow/.local/lib/python3.8/site-packages/airflow/example_dags/example_skip_dag.py
[2023-11-19T14:59:09.346+0000] {processor.py:839} INFO - DAG(s) dict_keys(['example_skip_dag']) retrieved from /home/airflow/.local/lib/python3.8/site-packages/airflow/example_dags/example_skip_dag.py
[2023-11-19T14:59:09.368+0000] {logging_mixin.py:154} INFO - [2023-11-19T14:59:09.368+0000] {dag.py:2941} INFO - Sync 1 DAGs
[2023-11-19T14:59:09.390+0000] {logging_mixin.py:154} INFO - [2023-11-19T14:59:09.390+0000] {dag.py:3722} INFO - Setting next_dagrun for example_skip_dag to 2023-11-18T14:59:09.389904+00:00, run_after=2023-11-19T14:59:09.389904+00:00
[2023-11-19T14:59:09.406+0000] {processor.py:179} INFO - Processing /home/airflow/.local/lib/python3.8/site-packages/airflow/example_dags/example_skip_dag.py took 0.073 seconds
[2023-11-19T14:59:39.577+0000] {processor.py:157} INFO - Started process (PID=261) to work on /home/airflow/.local/lib/python3.8/site-packages/airflow/example_dags/example_skip_dag.py
[2023-11-19T14:59:39.578+0000] {processor.py:829} INFO - Processing file /home/airflow/.local/lib/python3.8/site-packages/airflow/example_dags/example_skip_dag.py for tasks to queue
[2023-11-19T14:59:39.580+0000] {logging_mixin.py:154} INFO - [2023-11-19T14:59:39.579+0000] {dagbag.py:536} INFO - Filling up the DagBag from /home/airflow/.local/lib/python3.8/site-packages/airflow/example_dags/example_skip_dag.py
[2023-11-19T14:59:39.585+0000] {processor.py:839} INFO - DAG(s) dict_keys(['example_skip_dag']) retrieved from /home/airflow/.local/lib/python3.8/site-packages/airflow/example_dags/example_skip_dag.py
[2023-11-19T14:59:39.606+0000] {logging_mixin.py:154} INFO - [2023-11-19T14:59:39.606+0000] {dag.py:2941} INFO - Sync 1 DAGs
[2023-11-19T14:59:39.628+0000] {logging_mixin.py:154} INFO - [2023-11-19T14:59:39.627+0000] {dag.py:3722} INFO - Setting next_dagrun for example_skip_dag to 2023-11-18T14:59:39.627598+00:00, run_after=2023-11-19T14:59:39.627598+00:00
[2023-11-19T14:59:39.643+0000] {processor.py:179} INFO - Processing /home/airflow/.local/lib/python3.8/site-packages/airflow/example_dags/example_skip_dag.py took 0.068 seconds
[2023-11-19T15:00:09.849+0000] {processor.py:157} INFO - Started process (PID=316) to work on /home/airflow/.local/lib/python3.8/site-packages/airflow/example_dags/example_skip_dag.py
[2023-11-19T15:00:09.849+0000] {processor.py:829} INFO - Processing file /home/airflow/.local/lib/python3.8/site-packages/airflow/example_dags/example_skip_dag.py for tasks to queue
[2023-11-19T15:00:09.851+0000] {logging_mixin.py:154} INFO - [2023-11-19T15:00:09.851+0000] {dagbag.py:536} INFO - Filling up the DagBag from /home/airflow/.local/lib/python3.8/site-packages/airflow/example_dags/example_skip_dag.py
[2023-11-19T15:00:09.857+0000] {processor.py:839} INFO - DAG(s) dict_keys(['example_skip_dag']) retrieved from /home/airflow/.local/lib/python3.8/site-packages/airflow/example_dags/example_skip_dag.py
[2023-11-19T15:00:09.876+0000] {logging_mixin.py:154} INFO - [2023-11-19T15:00:09.876+0000] {dag.py:2941} INFO - Sync 1 DAGs
[2023-11-19T15:00:09.899+0000] {logging_mixin.py:154} INFO - [2023-11-19T15:00:09.899+0000] {dag.py:3722} INFO - Setting next_dagrun for example_skip_dag to 2023-11-18T15:00:09.898820+00:00, run_after=2023-11-19T15:00:09.898820+00:00
[2023-11-19T15:00:09.916+0000] {processor.py:179} INFO - Processing /home/airflow/.local/lib/python3.8/site-packages/airflow/example_dags/example_skip_dag.py took 0.070 seconds
[2023-11-19T15:00:40.224+0000] {processor.py:157} INFO - Started process (PID=370) to work on /home/airflow/.local/lib/python3.8/site-packages/airflow/example_dags/example_skip_dag.py
[2023-11-19T15:00:40.226+0000] {processor.py:829} INFO - Processing file /home/airflow/.local/lib/python3.8/site-packages/airflow/example_dags/example_skip_dag.py for tasks to queue
[2023-11-19T15:00:40.229+0000] {logging_mixin.py:154} INFO - [2023-11-19T15:00:40.229+0000] {dagbag.py:536} INFO - Filling up the DagBag from /home/airflow/.local/lib/python3.8/site-packages/airflow/example_dags/example_skip_dag.py
[2023-11-19T15:00:40.236+0000] {processor.py:839} INFO - DAG(s) dict_keys(['example_skip_dag']) retrieved from /home/airflow/.local/lib/python3.8/site-packages/airflow/example_dags/example_skip_dag.py
[2023-11-19T15:00:40.257+0000] {logging_mixin.py:154} INFO - [2023-11-19T15:00:40.257+0000] {dag.py:2941} INFO - Sync 1 DAGs
[2023-11-19T15:00:40.278+0000] {logging_mixin.py:154} INFO - [2023-11-19T15:00:40.278+0000] {dag.py:3722} INFO - Setting next_dagrun for example_skip_dag to 2023-11-18T15:00:40.278373+00:00, run_after=2023-11-19T15:00:40.278373+00:00
[2023-11-19T15:00:40.294+0000] {processor.py:179} INFO - Processing /home/airflow/.local/lib/python3.8/site-packages/airflow/example_dags/example_skip_dag.py took 0.072 seconds
[2023-11-19T15:01:10.594+0000] {processor.py:157} INFO - Started process (PID=424) to work on /home/airflow/.local/lib/python3.8/site-packages/airflow/example_dags/example_skip_dag.py
[2023-11-19T15:01:10.595+0000] {processor.py:829} INFO - Processing file /home/airflow/.local/lib/python3.8/site-packages/airflow/example_dags/example_skip_dag.py for tasks to queue
[2023-11-19T15:01:10.598+0000] {logging_mixin.py:154} INFO - [2023-11-19T15:01:10.597+0000] {dagbag.py:536} INFO - Filling up the DagBag from /home/airflow/.local/lib/python3.8/site-packages/airflow/example_dags/example_skip_dag.py
[2023-11-19T15:01:10.603+0000] {processor.py:839} INFO - DAG(s) dict_keys(['example_skip_dag']) retrieved from /home/airflow/.local/lib/python3.8/site-packages/airflow/example_dags/example_skip_dag.py
[2023-11-19T15:01:10.626+0000] {logging_mixin.py:154} INFO - [2023-11-19T15:01:10.626+0000] {dag.py:2941} INFO - Sync 1 DAGs
[2023-11-19T15:01:10.653+0000] {logging_mixin.py:154} INFO - [2023-11-19T15:01:10.653+0000] {dag.py:3722} INFO - Setting next_dagrun for example_skip_dag to 2023-11-18T15:01:10.652632+00:00, run_after=2023-11-19T15:01:10.652632+00:00
[2023-11-19T15:01:10.673+0000] {processor.py:179} INFO - Processing /home/airflow/.local/lib/python3.8/site-packages/airflow/example_dags/example_skip_dag.py took 0.082 seconds
[2023-11-19T15:01:40.698+0000] {processor.py:157} INFO - Started process (PID=478) to work on /home/airflow/.local/lib/python3.8/site-packages/airflow/example_dags/example_skip_dag.py
[2023-11-19T15:01:40.699+0000] {processor.py:829} INFO - Processing file /home/airflow/.local/lib/python3.8/site-packages/airflow/example_dags/example_skip_dag.py for tasks to queue
[2023-11-19T15:01:40.701+0000] {logging_mixin.py:154} INFO - [2023-11-19T15:01:40.701+0000] {dagbag.py:536} INFO - Filling up the DagBag from /home/airflow/.local/lib/python3.8/site-packages/airflow/example_dags/example_skip_dag.py
[2023-11-19T15:01:40.707+0000] {processor.py:839} INFO - DAG(s) dict_keys(['example_skip_dag']) retrieved from /home/airflow/.local/lib/python3.8/site-packages/airflow/example_dags/example_skip_dag.py
[2023-11-19T15:01:40.730+0000] {logging_mixin.py:154} INFO - [2023-11-19T15:01:40.729+0000] {dag.py:2941} INFO - Sync 1 DAGs
[2023-11-19T15:01:40.751+0000] {logging_mixin.py:154} INFO - [2023-11-19T15:01:40.751+0000] {dag.py:3722} INFO - Setting next_dagrun for example_skip_dag to 2023-11-18T15:01:40.750769+00:00, run_after=2023-11-19T15:01:40.750769+00:00
[2023-11-19T15:01:40.768+0000] {processor.py:179} INFO - Processing /home/airflow/.local/lib/python3.8/site-packages/airflow/example_dags/example_skip_dag.py took 0.073 seconds
[2023-11-19T15:02:11.060+0000] {processor.py:157} INFO - Started process (PID=532) to work on /home/airflow/.local/lib/python3.8/site-packages/airflow/example_dags/example_skip_dag.py
[2023-11-19T15:02:11.061+0000] {processor.py:829} INFO - Processing file /home/airflow/.local/lib/python3.8/site-packages/airflow/example_dags/example_skip_dag.py for tasks to queue
[2023-11-19T15:02:11.063+0000] {logging_mixin.py:154} INFO - [2023-11-19T15:02:11.063+0000] {dagbag.py:536} INFO - Filling up the DagBag from /home/airflow/.local/lib/python3.8/site-packages/airflow/example_dags/example_skip_dag.py
[2023-11-19T15:02:11.068+0000] {processor.py:839} INFO - DAG(s) dict_keys(['example_skip_dag']) retrieved from /home/airflow/.local/lib/python3.8/site-packages/airflow/example_dags/example_skip_dag.py
[2023-11-19T15:02:11.089+0000] {logging_mixin.py:154} INFO - [2023-11-19T15:02:11.089+0000] {dag.py:2941} INFO - Sync 1 DAGs
[2023-11-19T15:02:11.110+0000] {logging_mixin.py:154} INFO - [2023-11-19T15:02:11.110+0000] {dag.py:3722} INFO - Setting next_dagrun for example_skip_dag to 2023-11-18T15:02:11.110330+00:00, run_after=2023-11-19T15:02:11.110330+00:00
[2023-11-19T15:02:11.128+0000] {processor.py:179} INFO - Processing /home/airflow/.local/lib/python3.8/site-packages/airflow/example_dags/example_skip_dag.py took 0.071 seconds
[2023-11-19T15:02:41.625+0000] {processor.py:157} INFO - Started process (PID=586) to work on /home/airflow/.local/lib/python3.8/site-packages/airflow/example_dags/example_skip_dag.py
[2023-11-19T15:02:41.625+0000] {processor.py:829} INFO - Processing file /home/airflow/.local/lib/python3.8/site-packages/airflow/example_dags/example_skip_dag.py for tasks to queue
[2023-11-19T15:02:41.627+0000] {logging_mixin.py:154} INFO - [2023-11-19T15:02:41.627+0000] {dagbag.py:536} INFO - Filling up the DagBag from /home/airflow/.local/lib/python3.8/site-packages/airflow/example_dags/example_skip_dag.py
[2023-11-19T15:02:41.633+0000] {processor.py:839} INFO - DAG(s) dict_keys(['example_skip_dag']) retrieved from /home/airflow/.local/lib/python3.8/site-packages/airflow/example_dags/example_skip_dag.py
[2023-11-19T15:02:41.657+0000] {logging_mixin.py:154} INFO - [2023-11-19T15:02:41.656+0000] {dag.py:2941} INFO - Sync 1 DAGs
[2023-11-19T15:02:41.681+0000] {logging_mixin.py:154} INFO - [2023-11-19T15:02:41.680+0000] {dag.py:3722} INFO - Setting next_dagrun for example_skip_dag to 2023-11-18T15:02:41.680501+00:00, run_after=2023-11-19T15:02:41.680501+00:00
[2023-11-19T15:02:41.699+0000] {processor.py:179} INFO - Processing /home/airflow/.local/lib/python3.8/site-packages/airflow/example_dags/example_skip_dag.py took 0.077 seconds
