[2023-11-19T14:57:38.943+0000] {processor.py:157} INFO - Started process (PID=55) to work on /home/airflow/.local/lib/python3.8/site-packages/airflow/example_dags/example_sla_dag.py
[2023-11-19T14:57:38.944+0000] {processor.py:829} INFO - Processing file /home/airflow/.local/lib/python3.8/site-packages/airflow/example_dags/example_sla_dag.py for tasks to queue
[2023-11-19T14:57:38.947+0000] {logging_mixin.py:154} INFO - [2023-11-19T14:57:38.946+0000] {dagbag.py:536} INFO - Filling up the DagBag from /home/airflow/.local/lib/python3.8/site-packages/airflow/example_dags/example_sla_dag.py
[2023-11-19T14:57:38.958+0000] {processor.py:839} INFO - DAG(s) dict_keys(['example_sla_dag']) retrieved from /home/airflow/.local/lib/python3.8/site-packages/airflow/example_dags/example_sla_dag.py
[2023-11-19T14:57:38.968+0000] {logging_mixin.py:154} INFO - [2023-11-19T14:57:38.968+0000] {dag.py:2941} INFO - Sync 1 DAGs
[2023-11-19T14:57:38.994+0000] {logging_mixin.py:154} INFO - [2023-11-19T14:57:38.994+0000] {dag.py:3722} INFO - Setting next_dagrun for example_sla_dag to 2023-11-19T14:54:00+00:00, run_after=2023-11-19T14:56:00+00:00
[2023-11-19T14:57:39.009+0000] {processor.py:179} INFO - Processing /home/airflow/.local/lib/python3.8/site-packages/airflow/example_dags/example_sla_dag.py took 0.070 seconds
[2023-11-19T14:58:09.447+0000] {processor.py:157} INFO - Started process (PID=109) to work on /home/airflow/.local/lib/python3.8/site-packages/airflow/example_dags/example_sla_dag.py
[2023-11-19T14:58:09.447+0000] {processor.py:829} INFO - Processing file /home/airflow/.local/lib/python3.8/site-packages/airflow/example_dags/example_sla_dag.py for tasks to queue
[2023-11-19T14:58:09.450+0000] {logging_mixin.py:154} INFO - [2023-11-19T14:58:09.449+0000] {dagbag.py:536} INFO - Filling up the DagBag from /home/airflow/.local/lib/python3.8/site-packages/airflow/example_dags/example_sla_dag.py
[2023-11-19T14:58:09.459+0000] {processor.py:839} INFO - DAG(s) dict_keys(['example_sla_dag']) retrieved from /home/airflow/.local/lib/python3.8/site-packages/airflow/example_dags/example_sla_dag.py
[2023-11-19T14:58:09.478+0000] {logging_mixin.py:154} INFO - [2023-11-19T14:58:09.478+0000] {dag.py:2941} INFO - Sync 1 DAGs
[2023-11-19T14:58:09.506+0000] {logging_mixin.py:154} INFO - [2023-11-19T14:58:09.506+0000] {dag.py:3722} INFO - Setting next_dagrun for example_sla_dag to 2023-11-19T14:56:00+00:00, run_after=2023-11-19T14:58:00+00:00
[2023-11-19T14:58:09.522+0000] {processor.py:179} INFO - Processing /home/airflow/.local/lib/python3.8/site-packages/airflow/example_dags/example_sla_dag.py took 0.079 seconds
[2023-11-19T14:58:39.720+0000] {processor.py:157} INFO - Started process (PID=163) to work on /home/airflow/.local/lib/python3.8/site-packages/airflow/example_dags/example_sla_dag.py
[2023-11-19T14:58:39.721+0000] {processor.py:829} INFO - Processing file /home/airflow/.local/lib/python3.8/site-packages/airflow/example_dags/example_sla_dag.py for tasks to queue
[2023-11-19T14:58:39.723+0000] {logging_mixin.py:154} INFO - [2023-11-19T14:58:39.723+0000] {dagbag.py:536} INFO - Filling up the DagBag from /home/airflow/.local/lib/python3.8/site-packages/airflow/example_dags/example_sla_dag.py
[2023-11-19T14:58:39.732+0000] {processor.py:839} INFO - DAG(s) dict_keys(['example_sla_dag']) retrieved from /home/airflow/.local/lib/python3.8/site-packages/airflow/example_dags/example_sla_dag.py
[2023-11-19T14:58:39.753+0000] {logging_mixin.py:154} INFO - [2023-11-19T14:58:39.753+0000] {dag.py:2941} INFO - Sync 1 DAGs
[2023-11-19T14:58:39.780+0000] {logging_mixin.py:154} INFO - [2023-11-19T14:58:39.780+0000] {dag.py:3722} INFO - Setting next_dagrun for example_sla_dag to 2023-11-19T14:56:00+00:00, run_after=2023-11-19T14:58:00+00:00
[2023-11-19T14:58:39.799+0000] {processor.py:179} INFO - Processing /home/airflow/.local/lib/python3.8/site-packages/airflow/example_dags/example_sla_dag.py took 0.083 seconds
[2023-11-19T14:59:10.114+0000] {processor.py:157} INFO - Started process (PID=217) to work on /home/airflow/.local/lib/python3.8/site-packages/airflow/example_dags/example_sla_dag.py
[2023-11-19T14:59:10.116+0000] {processor.py:829} INFO - Processing file /home/airflow/.local/lib/python3.8/site-packages/airflow/example_dags/example_sla_dag.py for tasks to queue
[2023-11-19T14:59:10.118+0000] {logging_mixin.py:154} INFO - [2023-11-19T14:59:10.118+0000] {dagbag.py:536} INFO - Filling up the DagBag from /home/airflow/.local/lib/python3.8/site-packages/airflow/example_dags/example_sla_dag.py
[2023-11-19T14:59:10.128+0000] {processor.py:839} INFO - DAG(s) dict_keys(['example_sla_dag']) retrieved from /home/airflow/.local/lib/python3.8/site-packages/airflow/example_dags/example_sla_dag.py
[2023-11-19T14:59:10.151+0000] {logging_mixin.py:154} INFO - [2023-11-19T14:59:10.151+0000] {dag.py:2941} INFO - Sync 1 DAGs
[2023-11-19T14:59:10.180+0000] {logging_mixin.py:154} INFO - [2023-11-19T14:59:10.180+0000] {dag.py:3722} INFO - Setting next_dagrun for example_sla_dag to 2023-11-19T14:56:00+00:00, run_after=2023-11-19T14:58:00+00:00
[2023-11-19T14:59:10.197+0000] {processor.py:179} INFO - Processing /home/airflow/.local/lib/python3.8/site-packages/airflow/example_dags/example_sla_dag.py took 0.086 seconds
[2023-11-19T14:59:40.339+0000] {processor.py:157} INFO - Started process (PID=271) to work on /home/airflow/.local/lib/python3.8/site-packages/airflow/example_dags/example_sla_dag.py
[2023-11-19T14:59:40.340+0000] {processor.py:829} INFO - Processing file /home/airflow/.local/lib/python3.8/site-packages/airflow/example_dags/example_sla_dag.py for tasks to queue
[2023-11-19T14:59:40.342+0000] {logging_mixin.py:154} INFO - [2023-11-19T14:59:40.342+0000] {dagbag.py:536} INFO - Filling up the DagBag from /home/airflow/.local/lib/python3.8/site-packages/airflow/example_dags/example_sla_dag.py
[2023-11-19T14:59:40.350+0000] {processor.py:839} INFO - DAG(s) dict_keys(['example_sla_dag']) retrieved from /home/airflow/.local/lib/python3.8/site-packages/airflow/example_dags/example_sla_dag.py
[2023-11-19T14:59:40.371+0000] {logging_mixin.py:154} INFO - [2023-11-19T14:59:40.371+0000] {dag.py:2941} INFO - Sync 1 DAGs
[2023-11-19T14:59:40.395+0000] {logging_mixin.py:154} INFO - [2023-11-19T14:59:40.395+0000] {dag.py:3722} INFO - Setting next_dagrun for example_sla_dag to 2023-11-19T14:56:00+00:00, run_after=2023-11-19T14:58:00+00:00
[2023-11-19T14:59:40.415+0000] {processor.py:179} INFO - Processing /home/airflow/.local/lib/python3.8/site-packages/airflow/example_dags/example_sla_dag.py took 0.079 seconds
[2023-11-19T15:00:10.512+0000] {processor.py:157} INFO - Started process (PID=326) to work on /home/airflow/.local/lib/python3.8/site-packages/airflow/example_dags/example_sla_dag.py
[2023-11-19T15:00:10.513+0000] {processor.py:829} INFO - Processing file /home/airflow/.local/lib/python3.8/site-packages/airflow/example_dags/example_sla_dag.py for tasks to queue
[2023-11-19T15:00:10.515+0000] {logging_mixin.py:154} INFO - [2023-11-19T15:00:10.514+0000] {dagbag.py:536} INFO - Filling up the DagBag from /home/airflow/.local/lib/python3.8/site-packages/airflow/example_dags/example_sla_dag.py
[2023-11-19T15:00:10.523+0000] {processor.py:839} INFO - DAG(s) dict_keys(['example_sla_dag']) retrieved from /home/airflow/.local/lib/python3.8/site-packages/airflow/example_dags/example_sla_dag.py
[2023-11-19T15:00:10.542+0000] {logging_mixin.py:154} INFO - [2023-11-19T15:00:10.542+0000] {dag.py:2941} INFO - Sync 1 DAGs
[2023-11-19T15:00:10.567+0000] {logging_mixin.py:154} INFO - [2023-11-19T15:00:10.566+0000] {dag.py:3722} INFO - Setting next_dagrun for example_sla_dag to 2023-11-19T14:58:00+00:00, run_after=2023-11-19T15:00:00+00:00
[2023-11-19T15:00:10.582+0000] {processor.py:179} INFO - Processing /home/airflow/.local/lib/python3.8/site-packages/airflow/example_dags/example_sla_dag.py took 0.073 seconds
[2023-11-19T15:00:40.808+0000] {processor.py:157} INFO - Started process (PID=380) to work on /home/airflow/.local/lib/python3.8/site-packages/airflow/example_dags/example_sla_dag.py
[2023-11-19T15:00:40.809+0000] {processor.py:829} INFO - Processing file /home/airflow/.local/lib/python3.8/site-packages/airflow/example_dags/example_sla_dag.py for tasks to queue
[2023-11-19T15:00:40.811+0000] {logging_mixin.py:154} INFO - [2023-11-19T15:00:40.811+0000] {dagbag.py:536} INFO - Filling up the DagBag from /home/airflow/.local/lib/python3.8/site-packages/airflow/example_dags/example_sla_dag.py
[2023-11-19T15:00:40.820+0000] {processor.py:839} INFO - DAG(s) dict_keys(['example_sla_dag']) retrieved from /home/airflow/.local/lib/python3.8/site-packages/airflow/example_dags/example_sla_dag.py
[2023-11-19T15:00:40.842+0000] {logging_mixin.py:154} INFO - [2023-11-19T15:00:40.841+0000] {dag.py:2941} INFO - Sync 1 DAGs
[2023-11-19T15:00:40.869+0000] {logging_mixin.py:154} INFO - [2023-11-19T15:00:40.869+0000] {dag.py:3722} INFO - Setting next_dagrun for example_sla_dag to 2023-11-19T14:58:00+00:00, run_after=2023-11-19T15:00:00+00:00
[2023-11-19T15:00:40.884+0000] {processor.py:179} INFO - Processing /home/airflow/.local/lib/python3.8/site-packages/airflow/example_dags/example_sla_dag.py took 0.080 seconds
[2023-11-19T15:01:11.187+0000] {processor.py:157} INFO - Started process (PID=434) to work on /home/airflow/.local/lib/python3.8/site-packages/airflow/example_dags/example_sla_dag.py
[2023-11-19T15:01:11.188+0000] {processor.py:829} INFO - Processing file /home/airflow/.local/lib/python3.8/site-packages/airflow/example_dags/example_sla_dag.py for tasks to queue
[2023-11-19T15:01:11.189+0000] {logging_mixin.py:154} INFO - [2023-11-19T15:01:11.189+0000] {dagbag.py:536} INFO - Filling up the DagBag from /home/airflow/.local/lib/python3.8/site-packages/airflow/example_dags/example_sla_dag.py
[2023-11-19T15:01:11.198+0000] {processor.py:839} INFO - DAG(s) dict_keys(['example_sla_dag']) retrieved from /home/airflow/.local/lib/python3.8/site-packages/airflow/example_dags/example_sla_dag.py
[2023-11-19T15:01:11.220+0000] {logging_mixin.py:154} INFO - [2023-11-19T15:01:11.219+0000] {dag.py:2941} INFO - Sync 1 DAGs
[2023-11-19T15:01:11.247+0000] {logging_mixin.py:154} INFO - [2023-11-19T15:01:11.246+0000] {dag.py:3722} INFO - Setting next_dagrun for example_sla_dag to 2023-11-19T14:58:00+00:00, run_after=2023-11-19T15:00:00+00:00
[2023-11-19T15:01:11.264+0000] {processor.py:179} INFO - Processing /home/airflow/.local/lib/python3.8/site-packages/airflow/example_dags/example_sla_dag.py took 0.080 seconds
[2023-11-19T15:01:41.340+0000] {processor.py:157} INFO - Started process (PID=488) to work on /home/airflow/.local/lib/python3.8/site-packages/airflow/example_dags/example_sla_dag.py
[2023-11-19T15:01:41.341+0000] {processor.py:829} INFO - Processing file /home/airflow/.local/lib/python3.8/site-packages/airflow/example_dags/example_sla_dag.py for tasks to queue
[2023-11-19T15:01:41.343+0000] {logging_mixin.py:154} INFO - [2023-11-19T15:01:41.343+0000] {dagbag.py:536} INFO - Filling up the DagBag from /home/airflow/.local/lib/python3.8/site-packages/airflow/example_dags/example_sla_dag.py
[2023-11-19T15:01:41.352+0000] {processor.py:839} INFO - DAG(s) dict_keys(['example_sla_dag']) retrieved from /home/airflow/.local/lib/python3.8/site-packages/airflow/example_dags/example_sla_dag.py
[2023-11-19T15:01:41.374+0000] {logging_mixin.py:154} INFO - [2023-11-19T15:01:41.373+0000] {dag.py:2941} INFO - Sync 1 DAGs
[2023-11-19T15:01:41.400+0000] {logging_mixin.py:154} INFO - [2023-11-19T15:01:41.400+0000] {dag.py:3722} INFO - Setting next_dagrun for example_sla_dag to 2023-11-19T14:58:00+00:00, run_after=2023-11-19T15:00:00+00:00
[2023-11-19T15:01:41.416+0000] {processor.py:179} INFO - Processing /home/airflow/.local/lib/python3.8/site-packages/airflow/example_dags/example_sla_dag.py took 0.079 seconds
[2023-11-19T15:02:11.609+0000] {processor.py:157} INFO - Started process (PID=542) to work on /home/airflow/.local/lib/python3.8/site-packages/airflow/example_dags/example_sla_dag.py
[2023-11-19T15:02:11.610+0000] {processor.py:829} INFO - Processing file /home/airflow/.local/lib/python3.8/site-packages/airflow/example_dags/example_sla_dag.py for tasks to queue
[2023-11-19T15:02:11.612+0000] {logging_mixin.py:154} INFO - [2023-11-19T15:02:11.612+0000] {dagbag.py:536} INFO - Filling up the DagBag from /home/airflow/.local/lib/python3.8/site-packages/airflow/example_dags/example_sla_dag.py
[2023-11-19T15:02:11.620+0000] {processor.py:839} INFO - DAG(s) dict_keys(['example_sla_dag']) retrieved from /home/airflow/.local/lib/python3.8/site-packages/airflow/example_dags/example_sla_dag.py
[2023-11-19T15:02:11.641+0000] {logging_mixin.py:154} INFO - [2023-11-19T15:02:11.641+0000] {dag.py:2941} INFO - Sync 1 DAGs
[2023-11-19T15:02:11.672+0000] {logging_mixin.py:154} INFO - [2023-11-19T15:02:11.672+0000] {dag.py:3722} INFO - Setting next_dagrun for example_sla_dag to 2023-11-19T15:00:00+00:00, run_after=2023-11-19T15:02:00+00:00
[2023-11-19T15:02:11.688+0000] {processor.py:179} INFO - Processing /home/airflow/.local/lib/python3.8/site-packages/airflow/example_dags/example_sla_dag.py took 0.082 seconds
[2023-11-19T15:02:42.206+0000] {processor.py:157} INFO - Started process (PID=596) to work on /home/airflow/.local/lib/python3.8/site-packages/airflow/example_dags/example_sla_dag.py
[2023-11-19T15:02:42.207+0000] {processor.py:829} INFO - Processing file /home/airflow/.local/lib/python3.8/site-packages/airflow/example_dags/example_sla_dag.py for tasks to queue
[2023-11-19T15:02:42.209+0000] {logging_mixin.py:154} INFO - [2023-11-19T15:02:42.209+0000] {dagbag.py:536} INFO - Filling up the DagBag from /home/airflow/.local/lib/python3.8/site-packages/airflow/example_dags/example_sla_dag.py
[2023-11-19T15:02:42.217+0000] {processor.py:839} INFO - DAG(s) dict_keys(['example_sla_dag']) retrieved from /home/airflow/.local/lib/python3.8/site-packages/airflow/example_dags/example_sla_dag.py
[2023-11-19T15:02:42.239+0000] {logging_mixin.py:154} INFO - [2023-11-19T15:02:42.239+0000] {dag.py:2941} INFO - Sync 1 DAGs
[2023-11-19T15:02:42.264+0000] {logging_mixin.py:154} INFO - [2023-11-19T15:02:42.264+0000] {dag.py:3722} INFO - Setting next_dagrun for example_sla_dag to 2023-11-19T15:00:00+00:00, run_after=2023-11-19T15:02:00+00:00
[2023-11-19T15:02:42.280+0000] {processor.py:179} INFO - Processing /home/airflow/.local/lib/python3.8/site-packages/airflow/example_dags/example_sla_dag.py took 0.077 seconds
[2023-11-19T15:03:12.541+0000] {processor.py:157} INFO - Started process (PID=650) to work on /home/airflow/.local/lib/python3.8/site-packages/airflow/example_dags/example_sla_dag.py
[2023-11-19T15:03:12.541+0000] {processor.py:829} INFO - Processing file /home/airflow/.local/lib/python3.8/site-packages/airflow/example_dags/example_sla_dag.py for tasks to queue
[2023-11-19T15:03:12.543+0000] {logging_mixin.py:154} INFO - [2023-11-19T15:03:12.543+0000] {dagbag.py:536} INFO - Filling up the DagBag from /home/airflow/.local/lib/python3.8/site-packages/airflow/example_dags/example_sla_dag.py
[2023-11-19T15:03:12.550+0000] {processor.py:839} INFO - DAG(s) dict_keys(['example_sla_dag']) retrieved from /home/airflow/.local/lib/python3.8/site-packages/airflow/example_dags/example_sla_dag.py
[2023-11-19T15:03:12.567+0000] {logging_mixin.py:154} INFO - [2023-11-19T15:03:12.567+0000] {dag.py:2941} INFO - Sync 1 DAGs
[2023-11-19T15:03:12.591+0000] {logging_mixin.py:154} INFO - [2023-11-19T15:03:12.591+0000] {dag.py:3722} INFO - Setting next_dagrun for example_sla_dag to 2023-11-19T15:00:00+00:00, run_after=2023-11-19T15:02:00+00:00
[2023-11-19T15:03:12.606+0000] {processor.py:179} INFO - Processing /home/airflow/.local/lib/python3.8/site-packages/airflow/example_dags/example_sla_dag.py took 0.068 seconds
[2023-11-19T15:03:43.168+0000] {processor.py:157} INFO - Started process (PID=704) to work on /home/airflow/.local/lib/python3.8/site-packages/airflow/example_dags/example_sla_dag.py
[2023-11-19T15:03:43.169+0000] {processor.py:829} INFO - Processing file /home/airflow/.local/lib/python3.8/site-packages/airflow/example_dags/example_sla_dag.py for tasks to queue
[2023-11-19T15:03:43.171+0000] {logging_mixin.py:154} INFO - [2023-11-19T15:03:43.170+0000] {dagbag.py:536} INFO - Filling up the DagBag from /home/airflow/.local/lib/python3.8/site-packages/airflow/example_dags/example_sla_dag.py
[2023-11-19T15:03:43.178+0000] {processor.py:839} INFO - DAG(s) dict_keys(['example_sla_dag']) retrieved from /home/airflow/.local/lib/python3.8/site-packages/airflow/example_dags/example_sla_dag.py
[2023-11-19T15:03:43.200+0000] {logging_mixin.py:154} INFO - [2023-11-19T15:03:43.199+0000] {dag.py:2941} INFO - Sync 1 DAGs
[2023-11-19T15:03:43.226+0000] {logging_mixin.py:154} INFO - [2023-11-19T15:03:43.225+0000] {dag.py:3722} INFO - Setting next_dagrun for example_sla_dag to 2023-11-19T15:00:00+00:00, run_after=2023-11-19T15:02:00+00:00
[2023-11-19T15:03:43.241+0000] {processor.py:179} INFO - Processing /home/airflow/.local/lib/python3.8/site-packages/airflow/example_dags/example_sla_dag.py took 0.077 seconds
[2023-11-19T15:04:13.324+0000] {processor.py:157} INFO - Started process (PID=758) to work on /home/airflow/.local/lib/python3.8/site-packages/airflow/example_dags/example_sla_dag.py
[2023-11-19T15:04:13.325+0000] {processor.py:829} INFO - Processing file /home/airflow/.local/lib/python3.8/site-packages/airflow/example_dags/example_sla_dag.py for tasks to queue
[2023-11-19T15:04:13.326+0000] {logging_mixin.py:154} INFO - [2023-11-19T15:04:13.326+0000] {dagbag.py:536} INFO - Filling up the DagBag from /home/airflow/.local/lib/python3.8/site-packages/airflow/example_dags/example_sla_dag.py
[2023-11-19T15:04:13.334+0000] {processor.py:839} INFO - DAG(s) dict_keys(['example_sla_dag']) retrieved from /home/airflow/.local/lib/python3.8/site-packages/airflow/example_dags/example_sla_dag.py
[2023-11-19T15:04:13.353+0000] {logging_mixin.py:154} INFO - [2023-11-19T15:04:13.353+0000] {dag.py:2941} INFO - Sync 1 DAGs
[2023-11-19T15:04:13.389+0000] {logging_mixin.py:154} INFO - [2023-11-19T15:04:13.389+0000] {dag.py:3722} INFO - Setting next_dagrun for example_sla_dag to 2023-11-19T15:02:00+00:00, run_after=2023-11-19T15:04:00+00:00
[2023-11-19T15:04:13.408+0000] {processor.py:179} INFO - Processing /home/airflow/.local/lib/python3.8/site-packages/airflow/example_dags/example_sla_dag.py took 0.086 seconds
[2023-11-19T15:04:43.508+0000] {processor.py:157} INFO - Started process (PID=812) to work on /home/airflow/.local/lib/python3.8/site-packages/airflow/example_dags/example_sla_dag.py
[2023-11-19T15:04:43.509+0000] {processor.py:829} INFO - Processing file /home/airflow/.local/lib/python3.8/site-packages/airflow/example_dags/example_sla_dag.py for tasks to queue
[2023-11-19T15:04:43.511+0000] {logging_mixin.py:154} INFO - [2023-11-19T15:04:43.511+0000] {dagbag.py:536} INFO - Filling up the DagBag from /home/airflow/.local/lib/python3.8/site-packages/airflow/example_dags/example_sla_dag.py
[2023-11-19T15:04:43.522+0000] {processor.py:839} INFO - DAG(s) dict_keys(['example_sla_dag']) retrieved from /home/airflow/.local/lib/python3.8/site-packages/airflow/example_dags/example_sla_dag.py
[2023-11-19T15:04:43.539+0000] {logging_mixin.py:154} INFO - [2023-11-19T15:04:43.539+0000] {dag.py:2941} INFO - Sync 1 DAGs
[2023-11-19T15:04:43.568+0000] {logging_mixin.py:154} INFO - [2023-11-19T15:04:43.568+0000] {dag.py:3722} INFO - Setting next_dagrun for example_sla_dag to 2023-11-19T15:02:00+00:00, run_after=2023-11-19T15:04:00+00:00
[2023-11-19T15:04:43.584+0000] {processor.py:179} INFO - Processing /home/airflow/.local/lib/python3.8/site-packages/airflow/example_dags/example_sla_dag.py took 0.079 seconds
[2023-11-19T15:05:14.150+0000] {processor.py:157} INFO - Started process (PID=866) to work on /home/airflow/.local/lib/python3.8/site-packages/airflow/example_dags/example_sla_dag.py
[2023-11-19T15:05:14.151+0000] {processor.py:829} INFO - Processing file /home/airflow/.local/lib/python3.8/site-packages/airflow/example_dags/example_sla_dag.py for tasks to queue
[2023-11-19T15:05:14.152+0000] {logging_mixin.py:154} INFO - [2023-11-19T15:05:14.152+0000] {dagbag.py:536} INFO - Filling up the DagBag from /home/airflow/.local/lib/python3.8/site-packages/airflow/example_dags/example_sla_dag.py
[2023-11-19T15:05:14.161+0000] {processor.py:839} INFO - DAG(s) dict_keys(['example_sla_dag']) retrieved from /home/airflow/.local/lib/python3.8/site-packages/airflow/example_dags/example_sla_dag.py
[2023-11-19T15:05:14.181+0000] {logging_mixin.py:154} INFO - [2023-11-19T15:05:14.181+0000] {dag.py:2941} INFO - Sync 1 DAGs
[2023-11-19T15:05:14.207+0000] {logging_mixin.py:154} INFO - [2023-11-19T15:05:14.207+0000] {dag.py:3722} INFO - Setting next_dagrun for example_sla_dag to 2023-11-19T15:02:00+00:00, run_after=2023-11-19T15:04:00+00:00
[2023-11-19T15:05:14.222+0000] {processor.py:179} INFO - Processing /home/airflow/.local/lib/python3.8/site-packages/airflow/example_dags/example_sla_dag.py took 0.075 seconds
[2023-11-19T15:05:44.544+0000] {processor.py:157} INFO - Started process (PID=920) to work on /home/airflow/.local/lib/python3.8/site-packages/airflow/example_dags/example_sla_dag.py
[2023-11-19T15:05:44.546+0000] {processor.py:829} INFO - Processing file /home/airflow/.local/lib/python3.8/site-packages/airflow/example_dags/example_sla_dag.py for tasks to queue
[2023-11-19T15:05:44.549+0000] {logging_mixin.py:154} INFO - [2023-11-19T15:05:44.548+0000] {dagbag.py:536} INFO - Filling up the DagBag from /home/airflow/.local/lib/python3.8/site-packages/airflow/example_dags/example_sla_dag.py
[2023-11-19T15:05:44.558+0000] {processor.py:839} INFO - DAG(s) dict_keys(['example_sla_dag']) retrieved from /home/airflow/.local/lib/python3.8/site-packages/airflow/example_dags/example_sla_dag.py
[2023-11-19T15:05:44.579+0000] {logging_mixin.py:154} INFO - [2023-11-19T15:05:44.579+0000] {dag.py:2941} INFO - Sync 1 DAGs
[2023-11-19T15:05:44.603+0000] {logging_mixin.py:154} INFO - [2023-11-19T15:05:44.603+0000] {dag.py:3722} INFO - Setting next_dagrun for example_sla_dag to 2023-11-19T15:02:00+00:00, run_after=2023-11-19T15:04:00+00:00
[2023-11-19T15:05:44.618+0000] {processor.py:179} INFO - Processing /home/airflow/.local/lib/python3.8/site-packages/airflow/example_dags/example_sla_dag.py took 0.077 seconds
[2023-11-19T15:06:15.114+0000] {processor.py:157} INFO - Started process (PID=974) to work on /home/airflow/.local/lib/python3.8/site-packages/airflow/example_dags/example_sla_dag.py
[2023-11-19T15:06:15.115+0000] {processor.py:829} INFO - Processing file /home/airflow/.local/lib/python3.8/site-packages/airflow/example_dags/example_sla_dag.py for tasks to queue
[2023-11-19T15:06:15.117+0000] {logging_mixin.py:154} INFO - [2023-11-19T15:06:15.117+0000] {dagbag.py:536} INFO - Filling up the DagBag from /home/airflow/.local/lib/python3.8/site-packages/airflow/example_dags/example_sla_dag.py
[2023-11-19T15:06:15.126+0000] {processor.py:839} INFO - DAG(s) dict_keys(['example_sla_dag']) retrieved from /home/airflow/.local/lib/python3.8/site-packages/airflow/example_dags/example_sla_dag.py
[2023-11-19T15:06:15.149+0000] {logging_mixin.py:154} INFO - [2023-11-19T15:06:15.149+0000] {dag.py:2941} INFO - Sync 1 DAGs
[2023-11-19T15:06:15.179+0000] {logging_mixin.py:154} INFO - [2023-11-19T15:06:15.179+0000] {dag.py:3722} INFO - Setting next_dagrun for example_sla_dag to 2023-11-19T15:04:00+00:00, run_after=2023-11-19T15:06:00+00:00
[2023-11-19T15:06:15.197+0000] {processor.py:179} INFO - Processing /home/airflow/.local/lib/python3.8/site-packages/airflow/example_dags/example_sla_dag.py took 0.086 seconds
