[2023-11-19T14:57:37.963+0000] {processor.py:157} INFO - Started process (PID=38) to work on /home/airflow/.local/lib/python3.8/site-packages/airflow/example_dags/example_setup_teardown.py
[2023-11-19T14:57:37.966+0000] {processor.py:829} INFO - Processing file /home/airflow/.local/lib/python3.8/site-packages/airflow/example_dags/example_setup_teardown.py for tasks to queue
[2023-11-19T14:57:37.970+0000] {logging_mixin.py:154} INFO - [2023-11-19T14:57:37.970+0000] {dagbag.py:536} INFO - Filling up the DagBag from /home/airflow/.local/lib/python3.8/site-packages/airflow/example_dags/example_setup_teardown.py
[2023-11-19T14:57:37.984+0000] {processor.py:839} INFO - DAG(s) dict_keys(['example_setup_teardown']) retrieved from /home/airflow/.local/lib/python3.8/site-packages/airflow/example_dags/example_setup_teardown.py
[2023-11-19T14:57:37.995+0000] {logging_mixin.py:154} INFO - [2023-11-19T14:57:37.995+0000] {dag.py:2941} INFO - Sync 1 DAGs
[2023-11-19T14:57:38.017+0000] {logging_mixin.py:154} INFO - [2023-11-19T14:57:38.017+0000] {dag.py:3722} INFO - Setting next_dagrun for example_setup_teardown to 2023-11-18T14:57:38.017269+00:00, run_after=2023-11-19T14:57:38.017269+00:00
[2023-11-19T14:57:38.043+0000] {processor.py:179} INFO - Processing /home/airflow/.local/lib/python3.8/site-packages/airflow/example_dags/example_setup_teardown.py took 0.087 seconds
[2023-11-19T14:58:08.569+0000] {processor.py:157} INFO - Started process (PID=92) to work on /home/airflow/.local/lib/python3.8/site-packages/airflow/example_dags/example_setup_teardown.py
[2023-11-19T14:58:08.570+0000] {processor.py:829} INFO - Processing file /home/airflow/.local/lib/python3.8/site-packages/airflow/example_dags/example_setup_teardown.py for tasks to queue
[2023-11-19T14:58:08.571+0000] {logging_mixin.py:154} INFO - [2023-11-19T14:58:08.571+0000] {dagbag.py:536} INFO - Filling up the DagBag from /home/airflow/.local/lib/python3.8/site-packages/airflow/example_dags/example_setup_teardown.py
[2023-11-19T14:58:08.577+0000] {processor.py:839} INFO - DAG(s) dict_keys(['example_setup_teardown']) retrieved from /home/airflow/.local/lib/python3.8/site-packages/airflow/example_dags/example_setup_teardown.py
[2023-11-19T14:58:08.606+0000] {logging_mixin.py:154} INFO - [2023-11-19T14:58:08.606+0000] {dag.py:2941} INFO - Sync 1 DAGs
[2023-11-19T14:58:08.629+0000] {logging_mixin.py:154} INFO - [2023-11-19T14:58:08.629+0000] {dag.py:3722} INFO - Setting next_dagrun for example_setup_teardown to 2023-11-18T14:58:08.628922+00:00, run_after=2023-11-19T14:58:08.628922+00:00
[2023-11-19T14:58:08.645+0000] {processor.py:179} INFO - Processing /home/airflow/.local/lib/python3.8/site-packages/airflow/example_dags/example_setup_teardown.py took 0.079 seconds
[2023-11-19T14:58:38.747+0000] {processor.py:157} INFO - Started process (PID=146) to work on /home/airflow/.local/lib/python3.8/site-packages/airflow/example_dags/example_setup_teardown.py
[2023-11-19T14:58:38.748+0000] {processor.py:829} INFO - Processing file /home/airflow/.local/lib/python3.8/site-packages/airflow/example_dags/example_setup_teardown.py for tasks to queue
[2023-11-19T14:58:38.749+0000] {logging_mixin.py:154} INFO - [2023-11-19T14:58:38.749+0000] {dagbag.py:536} INFO - Filling up the DagBag from /home/airflow/.local/lib/python3.8/site-packages/airflow/example_dags/example_setup_teardown.py
[2023-11-19T14:58:38.756+0000] {processor.py:839} INFO - DAG(s) dict_keys(['example_setup_teardown']) retrieved from /home/airflow/.local/lib/python3.8/site-packages/airflow/example_dags/example_setup_teardown.py
[2023-11-19T14:58:38.777+0000] {logging_mixin.py:154} INFO - [2023-11-19T14:58:38.777+0000] {dag.py:2941} INFO - Sync 1 DAGs
[2023-11-19T14:58:38.802+0000] {logging_mixin.py:154} INFO - [2023-11-19T14:58:38.802+0000] {dag.py:3722} INFO - Setting next_dagrun for example_setup_teardown to 2023-11-18T14:58:38.801998+00:00, run_after=2023-11-19T14:58:38.801998+00:00
[2023-11-19T14:58:38.822+0000] {processor.py:179} INFO - Processing /home/airflow/.local/lib/python3.8/site-packages/airflow/example_dags/example_setup_teardown.py took 0.078 seconds
[2023-11-19T14:59:08.999+0000] {processor.py:157} INFO - Started process (PID=200) to work on /home/airflow/.local/lib/python3.8/site-packages/airflow/example_dags/example_setup_teardown.py
[2023-11-19T14:59:09.000+0000] {processor.py:829} INFO - Processing file /home/airflow/.local/lib/python3.8/site-packages/airflow/example_dags/example_setup_teardown.py for tasks to queue
[2023-11-19T14:59:09.002+0000] {logging_mixin.py:154} INFO - [2023-11-19T14:59:09.002+0000] {dagbag.py:536} INFO - Filling up the DagBag from /home/airflow/.local/lib/python3.8/site-packages/airflow/example_dags/example_setup_teardown.py
[2023-11-19T14:59:09.008+0000] {processor.py:839} INFO - DAG(s) dict_keys(['example_setup_teardown']) retrieved from /home/airflow/.local/lib/python3.8/site-packages/airflow/example_dags/example_setup_teardown.py
[2023-11-19T14:59:09.028+0000] {logging_mixin.py:154} INFO - [2023-11-19T14:59:09.028+0000] {dag.py:2941} INFO - Sync 1 DAGs
[2023-11-19T14:59:09.052+0000] {logging_mixin.py:154} INFO - [2023-11-19T14:59:09.052+0000] {dag.py:3722} INFO - Setting next_dagrun for example_setup_teardown to 2023-11-18T14:59:09.052114+00:00, run_after=2023-11-19T14:59:09.052114+00:00
[2023-11-19T14:59:09.070+0000] {processor.py:179} INFO - Processing /home/airflow/.local/lib/python3.8/site-packages/airflow/example_dags/example_setup_teardown.py took 0.074 seconds
[2023-11-19T14:59:39.213+0000] {processor.py:157} INFO - Started process (PID=254) to work on /home/airflow/.local/lib/python3.8/site-packages/airflow/example_dags/example_setup_teardown.py
[2023-11-19T14:59:39.213+0000] {processor.py:829} INFO - Processing file /home/airflow/.local/lib/python3.8/site-packages/airflow/example_dags/example_setup_teardown.py for tasks to queue
[2023-11-19T14:59:39.215+0000] {logging_mixin.py:154} INFO - [2023-11-19T14:59:39.215+0000] {dagbag.py:536} INFO - Filling up the DagBag from /home/airflow/.local/lib/python3.8/site-packages/airflow/example_dags/example_setup_teardown.py
[2023-11-19T14:59:39.221+0000] {processor.py:839} INFO - DAG(s) dict_keys(['example_setup_teardown']) retrieved from /home/airflow/.local/lib/python3.8/site-packages/airflow/example_dags/example_setup_teardown.py
[2023-11-19T14:59:39.240+0000] {logging_mixin.py:154} INFO - [2023-11-19T14:59:39.240+0000] {dag.py:2941} INFO - Sync 1 DAGs
[2023-11-19T14:59:39.262+0000] {logging_mixin.py:154} INFO - [2023-11-19T14:59:39.262+0000] {dag.py:3722} INFO - Setting next_dagrun for example_setup_teardown to 2023-11-18T14:59:39.262397+00:00, run_after=2023-11-19T14:59:39.262397+00:00
[2023-11-19T14:59:39.278+0000] {processor.py:179} INFO - Processing /home/airflow/.local/lib/python3.8/site-packages/airflow/example_dags/example_setup_teardown.py took 0.068 seconds
[2023-11-19T15:00:09.506+0000] {processor.py:157} INFO - Started process (PID=309) to work on /home/airflow/.local/lib/python3.8/site-packages/airflow/example_dags/example_setup_teardown.py
[2023-11-19T15:00:09.507+0000] {processor.py:829} INFO - Processing file /home/airflow/.local/lib/python3.8/site-packages/airflow/example_dags/example_setup_teardown.py for tasks to queue
[2023-11-19T15:00:09.509+0000] {logging_mixin.py:154} INFO - [2023-11-19T15:00:09.509+0000] {dagbag.py:536} INFO - Filling up the DagBag from /home/airflow/.local/lib/python3.8/site-packages/airflow/example_dags/example_setup_teardown.py
[2023-11-19T15:00:09.515+0000] {processor.py:839} INFO - DAG(s) dict_keys(['example_setup_teardown']) retrieved from /home/airflow/.local/lib/python3.8/site-packages/airflow/example_dags/example_setup_teardown.py
[2023-11-19T15:00:09.538+0000] {logging_mixin.py:154} INFO - [2023-11-19T15:00:09.537+0000] {dag.py:2941} INFO - Sync 1 DAGs
[2023-11-19T15:00:09.564+0000] {logging_mixin.py:154} INFO - [2023-11-19T15:00:09.564+0000] {dag.py:3722} INFO - Setting next_dagrun for example_setup_teardown to 2023-11-18T15:00:09.564082+00:00, run_after=2023-11-19T15:00:09.564082+00:00
[2023-11-19T15:00:09.581+0000] {processor.py:179} INFO - Processing /home/airflow/.local/lib/python3.8/site-packages/airflow/example_dags/example_setup_teardown.py took 0.078 seconds
[2023-11-19T15:00:39.856+0000] {processor.py:157} INFO - Started process (PID=363) to work on /home/airflow/.local/lib/python3.8/site-packages/airflow/example_dags/example_setup_teardown.py
[2023-11-19T15:00:39.858+0000] {processor.py:829} INFO - Processing file /home/airflow/.local/lib/python3.8/site-packages/airflow/example_dags/example_setup_teardown.py for tasks to queue
[2023-11-19T15:00:39.860+0000] {logging_mixin.py:154} INFO - [2023-11-19T15:00:39.860+0000] {dagbag.py:536} INFO - Filling up the DagBag from /home/airflow/.local/lib/python3.8/site-packages/airflow/example_dags/example_setup_teardown.py
[2023-11-19T15:00:39.867+0000] {processor.py:839} INFO - DAG(s) dict_keys(['example_setup_teardown']) retrieved from /home/airflow/.local/lib/python3.8/site-packages/airflow/example_dags/example_setup_teardown.py
[2023-11-19T15:00:39.892+0000] {logging_mixin.py:154} INFO - [2023-11-19T15:00:39.892+0000] {dag.py:2941} INFO - Sync 1 DAGs
[2023-11-19T15:00:39.916+0000] {logging_mixin.py:154} INFO - [2023-11-19T15:00:39.916+0000] {dag.py:3722} INFO - Setting next_dagrun for example_setup_teardown to 2023-11-18T15:00:39.916299+00:00, run_after=2023-11-19T15:00:39.916299+00:00
[2023-11-19T15:00:39.934+0000] {processor.py:179} INFO - Processing /home/airflow/.local/lib/python3.8/site-packages/airflow/example_dags/example_setup_teardown.py took 0.080 seconds
[2023-11-19T15:01:10.117+0000] {processor.py:157} INFO - Started process (PID=417) to work on /home/airflow/.local/lib/python3.8/site-packages/airflow/example_dags/example_setup_teardown.py
[2023-11-19T15:01:10.118+0000] {processor.py:829} INFO - Processing file /home/airflow/.local/lib/python3.8/site-packages/airflow/example_dags/example_setup_teardown.py for tasks to queue
[2023-11-19T15:01:10.119+0000] {logging_mixin.py:154} INFO - [2023-11-19T15:01:10.119+0000] {dagbag.py:536} INFO - Filling up the DagBag from /home/airflow/.local/lib/python3.8/site-packages/airflow/example_dags/example_setup_teardown.py
[2023-11-19T15:01:10.127+0000] {processor.py:839} INFO - DAG(s) dict_keys(['example_setup_teardown']) retrieved from /home/airflow/.local/lib/python3.8/site-packages/airflow/example_dags/example_setup_teardown.py
[2023-11-19T15:01:10.149+0000] {logging_mixin.py:154} INFO - [2023-11-19T15:01:10.148+0000] {dag.py:2941} INFO - Sync 1 DAGs
[2023-11-19T15:01:10.174+0000] {logging_mixin.py:154} INFO - [2023-11-19T15:01:10.174+0000] {dag.py:3722} INFO - Setting next_dagrun for example_setup_teardown to 2023-11-18T15:01:10.173822+00:00, run_after=2023-11-19T15:01:10.173822+00:00
[2023-11-19T15:01:10.191+0000] {processor.py:179} INFO - Processing /home/airflow/.local/lib/python3.8/site-packages/airflow/example_dags/example_setup_teardown.py took 0.077 seconds
[2023-11-19T15:01:40.250+0000] {processor.py:157} INFO - Started process (PID=471) to work on /home/airflow/.local/lib/python3.8/site-packages/airflow/example_dags/example_setup_teardown.py
[2023-11-19T15:01:40.251+0000] {processor.py:829} INFO - Processing file /home/airflow/.local/lib/python3.8/site-packages/airflow/example_dags/example_setup_teardown.py for tasks to queue
[2023-11-19T15:01:40.252+0000] {logging_mixin.py:154} INFO - [2023-11-19T15:01:40.252+0000] {dagbag.py:536} INFO - Filling up the DagBag from /home/airflow/.local/lib/python3.8/site-packages/airflow/example_dags/example_setup_teardown.py
[2023-11-19T15:01:40.258+0000] {processor.py:839} INFO - DAG(s) dict_keys(['example_setup_teardown']) retrieved from /home/airflow/.local/lib/python3.8/site-packages/airflow/example_dags/example_setup_teardown.py
[2023-11-19T15:01:40.281+0000] {logging_mixin.py:154} INFO - [2023-11-19T15:01:40.280+0000] {dag.py:2941} INFO - Sync 1 DAGs
[2023-11-19T15:01:40.304+0000] {logging_mixin.py:154} INFO - [2023-11-19T15:01:40.304+0000] {dag.py:3722} INFO - Setting next_dagrun for example_setup_teardown to 2023-11-18T15:01:40.303760+00:00, run_after=2023-11-19T15:01:40.303760+00:00
[2023-11-19T15:01:40.320+0000] {processor.py:179} INFO - Processing /home/airflow/.local/lib/python3.8/site-packages/airflow/example_dags/example_setup_teardown.py took 0.073 seconds
[2023-11-19T15:02:10.694+0000] {processor.py:157} INFO - Started process (PID=525) to work on /home/airflow/.local/lib/python3.8/site-packages/airflow/example_dags/example_setup_teardown.py
[2023-11-19T15:02:10.695+0000] {processor.py:829} INFO - Processing file /home/airflow/.local/lib/python3.8/site-packages/airflow/example_dags/example_setup_teardown.py for tasks to queue
[2023-11-19T15:02:10.697+0000] {logging_mixin.py:154} INFO - [2023-11-19T15:02:10.697+0000] {dagbag.py:536} INFO - Filling up the DagBag from /home/airflow/.local/lib/python3.8/site-packages/airflow/example_dags/example_setup_teardown.py
[2023-11-19T15:02:10.704+0000] {processor.py:839} INFO - DAG(s) dict_keys(['example_setup_teardown']) retrieved from /home/airflow/.local/lib/python3.8/site-packages/airflow/example_dags/example_setup_teardown.py
[2023-11-19T15:02:10.726+0000] {logging_mixin.py:154} INFO - [2023-11-19T15:02:10.726+0000] {dag.py:2941} INFO - Sync 1 DAGs
[2023-11-19T15:02:10.749+0000] {logging_mixin.py:154} INFO - [2023-11-19T15:02:10.749+0000] {dag.py:3722} INFO - Setting next_dagrun for example_setup_teardown to 2023-11-18T15:02:10.748862+00:00, run_after=2023-11-19T15:02:10.748862+00:00
[2023-11-19T15:02:10.766+0000] {processor.py:179} INFO - Processing /home/airflow/.local/lib/python3.8/site-packages/airflow/example_dags/example_setup_teardown.py took 0.075 seconds
[2023-11-19T15:02:41.292+0000] {processor.py:157} INFO - Started process (PID=579) to work on /home/airflow/.local/lib/python3.8/site-packages/airflow/example_dags/example_setup_teardown.py
[2023-11-19T15:02:41.293+0000] {processor.py:829} INFO - Processing file /home/airflow/.local/lib/python3.8/site-packages/airflow/example_dags/example_setup_teardown.py for tasks to queue
[2023-11-19T15:02:41.294+0000] {logging_mixin.py:154} INFO - [2023-11-19T15:02:41.294+0000] {dagbag.py:536} INFO - Filling up the DagBag from /home/airflow/.local/lib/python3.8/site-packages/airflow/example_dags/example_setup_teardown.py
[2023-11-19T15:02:41.301+0000] {processor.py:839} INFO - DAG(s) dict_keys(['example_setup_teardown']) retrieved from /home/airflow/.local/lib/python3.8/site-packages/airflow/example_dags/example_setup_teardown.py
[2023-11-19T15:02:41.321+0000] {logging_mixin.py:154} INFO - [2023-11-19T15:02:41.321+0000] {dag.py:2941} INFO - Sync 1 DAGs
[2023-11-19T15:02:41.345+0000] {logging_mixin.py:154} INFO - [2023-11-19T15:02:41.344+0000] {dag.py:3722} INFO - Setting next_dagrun for example_setup_teardown to 2023-11-18T15:02:41.344601+00:00, run_after=2023-11-19T15:02:41.344601+00:00
[2023-11-19T15:02:41.360+0000] {processor.py:179} INFO - Processing /home/airflow/.local/lib/python3.8/site-packages/airflow/example_dags/example_setup_teardown.py took 0.071 seconds
