[2023-11-19T14:57:38.395+0000] {processor.py:157} INFO - Started process (PID=46) to work on /home/airflow/.local/lib/python3.8/site-packages/airflow/example_dags/example_branch_labels.py
[2023-11-19T14:57:38.396+0000] {processor.py:829} INFO - Processing file /home/airflow/.local/lib/python3.8/site-packages/airflow/example_dags/example_branch_labels.py for tasks to queue
[2023-11-19T14:57:38.397+0000] {logging_mixin.py:154} INFO - [2023-11-19T14:57:38.397+0000] {dagbag.py:536} INFO - Filling up the DagBag from /home/airflow/.local/lib/python3.8/site-packages/airflow/example_dags/example_branch_labels.py
[2023-11-19T14:57:38.408+0000] {processor.py:839} INFO - DAG(s) dict_keys(['example_branch_labels']) retrieved from /home/airflow/.local/lib/python3.8/site-packages/airflow/example_dags/example_branch_labels.py
[2023-11-19T14:57:38.420+0000] {logging_mixin.py:154} INFO - [2023-11-19T14:57:38.420+0000] {dag.py:2941} INFO - Sync 1 DAGs
[2023-11-19T14:57:38.448+0000] {logging_mixin.py:154} INFO - [2023-11-19T14:57:38.448+0000] {dag.py:3722} INFO - Setting next_dagrun for example_branch_labels to 2023-11-18T00:00:00+00:00, run_after=2023-11-19T00:00:00+00:00
[2023-11-19T14:57:38.464+0000] {processor.py:179} INFO - Processing /home/airflow/.local/lib/python3.8/site-packages/airflow/example_dags/example_branch_labels.py took 0.071 seconds
[2023-11-19T14:58:08.924+0000] {processor.py:157} INFO - Started process (PID=100) to work on /home/airflow/.local/lib/python3.8/site-packages/airflow/example_dags/example_branch_labels.py
[2023-11-19T14:58:08.924+0000] {processor.py:829} INFO - Processing file /home/airflow/.local/lib/python3.8/site-packages/airflow/example_dags/example_branch_labels.py for tasks to queue
[2023-11-19T14:58:08.926+0000] {logging_mixin.py:154} INFO - [2023-11-19T14:58:08.926+0000] {dagbag.py:536} INFO - Filling up the DagBag from /home/airflow/.local/lib/python3.8/site-packages/airflow/example_dags/example_branch_labels.py
[2023-11-19T14:58:08.934+0000] {processor.py:839} INFO - DAG(s) dict_keys(['example_branch_labels']) retrieved from /home/airflow/.local/lib/python3.8/site-packages/airflow/example_dags/example_branch_labels.py
[2023-11-19T14:58:08.957+0000] {logging_mixin.py:154} INFO - [2023-11-19T14:58:08.957+0000] {dag.py:2941} INFO - Sync 1 DAGs
[2023-11-19T14:58:08.980+0000] {logging_mixin.py:154} INFO - [2023-11-19T14:58:08.979+0000] {dag.py:3722} INFO - Setting next_dagrun for example_branch_labels to 2023-11-18T00:00:00+00:00, run_after=2023-11-19T00:00:00+00:00
[2023-11-19T14:58:09.004+0000] {processor.py:179} INFO - Processing /home/airflow/.local/lib/python3.8/site-packages/airflow/example_dags/example_branch_labels.py took 0.083 seconds
[2023-11-19T14:58:39.092+0000] {processor.py:157} INFO - Started process (PID=154) to work on /home/airflow/.local/lib/python3.8/site-packages/airflow/example_dags/example_branch_labels.py
[2023-11-19T14:58:39.093+0000] {processor.py:829} INFO - Processing file /home/airflow/.local/lib/python3.8/site-packages/airflow/example_dags/example_branch_labels.py for tasks to queue
[2023-11-19T14:58:39.096+0000] {logging_mixin.py:154} INFO - [2023-11-19T14:58:39.095+0000] {dagbag.py:536} INFO - Filling up the DagBag from /home/airflow/.local/lib/python3.8/site-packages/airflow/example_dags/example_branch_labels.py
[2023-11-19T14:58:39.104+0000] {processor.py:839} INFO - DAG(s) dict_keys(['example_branch_labels']) retrieved from /home/airflow/.local/lib/python3.8/site-packages/airflow/example_dags/example_branch_labels.py
[2023-11-19T14:58:39.126+0000] {logging_mixin.py:154} INFO - [2023-11-19T14:58:39.126+0000] {dag.py:2941} INFO - Sync 1 DAGs
[2023-11-19T14:58:39.147+0000] {logging_mixin.py:154} INFO - [2023-11-19T14:58:39.147+0000] {dag.py:3722} INFO - Setting next_dagrun for example_branch_labels to 2023-11-18T00:00:00+00:00, run_after=2023-11-19T00:00:00+00:00
[2023-11-19T14:58:39.162+0000] {processor.py:179} INFO - Processing /home/airflow/.local/lib/python3.8/site-packages/airflow/example_dags/example_branch_labels.py took 0.074 seconds
[2023-11-19T14:59:09.364+0000] {processor.py:157} INFO - Started process (PID=208) to work on /home/airflow/.local/lib/python3.8/site-packages/airflow/example_dags/example_branch_labels.py
[2023-11-19T14:59:09.365+0000] {processor.py:829} INFO - Processing file /home/airflow/.local/lib/python3.8/site-packages/airflow/example_dags/example_branch_labels.py for tasks to queue
[2023-11-19T14:59:09.367+0000] {logging_mixin.py:154} INFO - [2023-11-19T14:59:09.367+0000] {dagbag.py:536} INFO - Filling up the DagBag from /home/airflow/.local/lib/python3.8/site-packages/airflow/example_dags/example_branch_labels.py
[2023-11-19T14:59:09.374+0000] {processor.py:839} INFO - DAG(s) dict_keys(['example_branch_labels']) retrieved from /home/airflow/.local/lib/python3.8/site-packages/airflow/example_dags/example_branch_labels.py
[2023-11-19T14:59:09.394+0000] {logging_mixin.py:154} INFO - [2023-11-19T14:59:09.393+0000] {dag.py:2941} INFO - Sync 1 DAGs
[2023-11-19T14:59:09.417+0000] {logging_mixin.py:154} INFO - [2023-11-19T14:59:09.417+0000] {dag.py:3722} INFO - Setting next_dagrun for example_branch_labels to 2023-11-18T00:00:00+00:00, run_after=2023-11-19T00:00:00+00:00
[2023-11-19T14:59:09.433+0000] {processor.py:179} INFO - Processing /home/airflow/.local/lib/python3.8/site-packages/airflow/example_dags/example_branch_labels.py took 0.072 seconds
[2023-11-19T14:59:39.669+0000] {processor.py:157} INFO - Started process (PID=262) to work on /home/airflow/.local/lib/python3.8/site-packages/airflow/example_dags/example_branch_labels.py
[2023-11-19T14:59:39.669+0000] {processor.py:829} INFO - Processing file /home/airflow/.local/lib/python3.8/site-packages/airflow/example_dags/example_branch_labels.py for tasks to queue
[2023-11-19T14:59:39.672+0000] {logging_mixin.py:154} INFO - [2023-11-19T14:59:39.672+0000] {dagbag.py:536} INFO - Filling up the DagBag from /home/airflow/.local/lib/python3.8/site-packages/airflow/example_dags/example_branch_labels.py
[2023-11-19T14:59:39.682+0000] {processor.py:839} INFO - DAG(s) dict_keys(['example_branch_labels']) retrieved from /home/airflow/.local/lib/python3.8/site-packages/airflow/example_dags/example_branch_labels.py
[2023-11-19T14:59:39.702+0000] {logging_mixin.py:154} INFO - [2023-11-19T14:59:39.702+0000] {dag.py:2941} INFO - Sync 1 DAGs
[2023-11-19T14:59:39.727+0000] {logging_mixin.py:154} INFO - [2023-11-19T14:59:39.727+0000] {dag.py:3722} INFO - Setting next_dagrun for example_branch_labels to 2023-11-18T00:00:00+00:00, run_after=2023-11-19T00:00:00+00:00
[2023-11-19T14:59:39.742+0000] {processor.py:179} INFO - Processing /home/airflow/.local/lib/python3.8/site-packages/airflow/example_dags/example_branch_labels.py took 0.077 seconds
[2023-11-19T15:00:09.875+0000] {processor.py:157} INFO - Started process (PID=317) to work on /home/airflow/.local/lib/python3.8/site-packages/airflow/example_dags/example_branch_labels.py
[2023-11-19T15:00:09.875+0000] {processor.py:829} INFO - Processing file /home/airflow/.local/lib/python3.8/site-packages/airflow/example_dags/example_branch_labels.py for tasks to queue
[2023-11-19T15:00:09.878+0000] {logging_mixin.py:154} INFO - [2023-11-19T15:00:09.877+0000] {dagbag.py:536} INFO - Filling up the DagBag from /home/airflow/.local/lib/python3.8/site-packages/airflow/example_dags/example_branch_labels.py
[2023-11-19T15:00:09.884+0000] {processor.py:839} INFO - DAG(s) dict_keys(['example_branch_labels']) retrieved from /home/airflow/.local/lib/python3.8/site-packages/airflow/example_dags/example_branch_labels.py
[2023-11-19T15:00:09.913+0000] {logging_mixin.py:154} INFO - [2023-11-19T15:00:09.913+0000] {dag.py:2941} INFO - Sync 1 DAGs
[2023-11-19T15:00:09.946+0000] {logging_mixin.py:154} INFO - [2023-11-19T15:00:09.946+0000] {dag.py:3722} INFO - Setting next_dagrun for example_branch_labels to 2023-11-18T00:00:00+00:00, run_after=2023-11-19T00:00:00+00:00
[2023-11-19T15:00:09.967+0000] {processor.py:179} INFO - Processing /home/airflow/.local/lib/python3.8/site-packages/airflow/example_dags/example_branch_labels.py took 0.095 seconds
[2023-11-19T15:00:40.240+0000] {processor.py:157} INFO - Started process (PID=371) to work on /home/airflow/.local/lib/python3.8/site-packages/airflow/example_dags/example_branch_labels.py
[2023-11-19T15:00:40.241+0000] {processor.py:829} INFO - Processing file /home/airflow/.local/lib/python3.8/site-packages/airflow/example_dags/example_branch_labels.py for tasks to queue
[2023-11-19T15:00:40.243+0000] {logging_mixin.py:154} INFO - [2023-11-19T15:00:40.243+0000] {dagbag.py:536} INFO - Filling up the DagBag from /home/airflow/.local/lib/python3.8/site-packages/airflow/example_dags/example_branch_labels.py
[2023-11-19T15:00:40.250+0000] {processor.py:839} INFO - DAG(s) dict_keys(['example_branch_labels']) retrieved from /home/airflow/.local/lib/python3.8/site-packages/airflow/example_dags/example_branch_labels.py
[2023-11-19T15:00:40.274+0000] {logging_mixin.py:154} INFO - [2023-11-19T15:00:40.274+0000] {dag.py:2941} INFO - Sync 1 DAGs
[2023-11-19T15:00:40.297+0000] {logging_mixin.py:154} INFO - [2023-11-19T15:00:40.297+0000] {dag.py:3722} INFO - Setting next_dagrun for example_branch_labels to 2023-11-18T00:00:00+00:00, run_after=2023-11-19T00:00:00+00:00
[2023-11-19T15:00:40.317+0000] {processor.py:179} INFO - Processing /home/airflow/.local/lib/python3.8/site-packages/airflow/example_dags/example_branch_labels.py took 0.080 seconds
[2023-11-19T15:01:10.602+0000] {processor.py:157} INFO - Started process (PID=425) to work on /home/airflow/.local/lib/python3.8/site-packages/airflow/example_dags/example_branch_labels.py
[2023-11-19T15:01:10.603+0000] {processor.py:829} INFO - Processing file /home/airflow/.local/lib/python3.8/site-packages/airflow/example_dags/example_branch_labels.py for tasks to queue
[2023-11-19T15:01:10.605+0000] {logging_mixin.py:154} INFO - [2023-11-19T15:01:10.605+0000] {dagbag.py:536} INFO - Filling up the DagBag from /home/airflow/.local/lib/python3.8/site-packages/airflow/example_dags/example_branch_labels.py
[2023-11-19T15:01:10.613+0000] {processor.py:839} INFO - DAG(s) dict_keys(['example_branch_labels']) retrieved from /home/airflow/.local/lib/python3.8/site-packages/airflow/example_dags/example_branch_labels.py
[2023-11-19T15:01:10.634+0000] {logging_mixin.py:154} INFO - [2023-11-19T15:01:10.634+0000] {dag.py:2941} INFO - Sync 1 DAGs
[2023-11-19T15:01:10.661+0000] {logging_mixin.py:154} INFO - [2023-11-19T15:01:10.660+0000] {dag.py:3722} INFO - Setting next_dagrun for example_branch_labels to 2023-11-18T00:00:00+00:00, run_after=2023-11-19T00:00:00+00:00
[2023-11-19T15:01:10.679+0000] {processor.py:179} INFO - Processing /home/airflow/.local/lib/python3.8/site-packages/airflow/example_dags/example_branch_labels.py took 0.080 seconds
[2023-11-19T15:01:40.794+0000] {processor.py:157} INFO - Started process (PID=479) to work on /home/airflow/.local/lib/python3.8/site-packages/airflow/example_dags/example_branch_labels.py
[2023-11-19T15:01:40.795+0000] {processor.py:829} INFO - Processing file /home/airflow/.local/lib/python3.8/site-packages/airflow/example_dags/example_branch_labels.py for tasks to queue
[2023-11-19T15:01:40.797+0000] {logging_mixin.py:154} INFO - [2023-11-19T15:01:40.797+0000] {dagbag.py:536} INFO - Filling up the DagBag from /home/airflow/.local/lib/python3.8/site-packages/airflow/example_dags/example_branch_labels.py
[2023-11-19T15:01:40.805+0000] {processor.py:839} INFO - DAG(s) dict_keys(['example_branch_labels']) retrieved from /home/airflow/.local/lib/python3.8/site-packages/airflow/example_dags/example_branch_labels.py
[2023-11-19T15:01:40.825+0000] {logging_mixin.py:154} INFO - [2023-11-19T15:01:40.825+0000] {dag.py:2941} INFO - Sync 1 DAGs
[2023-11-19T15:01:40.848+0000] {logging_mixin.py:154} INFO - [2023-11-19T15:01:40.848+0000] {dag.py:3722} INFO - Setting next_dagrun for example_branch_labels to 2023-11-18T00:00:00+00:00, run_after=2023-11-19T00:00:00+00:00
[2023-11-19T15:01:40.864+0000] {processor.py:179} INFO - Processing /home/airflow/.local/lib/python3.8/site-packages/airflow/example_dags/example_branch_labels.py took 0.073 seconds
[2023-11-19T15:02:11.073+0000] {processor.py:157} INFO - Started process (PID=533) to work on /home/airflow/.local/lib/python3.8/site-packages/airflow/example_dags/example_branch_labels.py
[2023-11-19T15:02:11.074+0000] {processor.py:829} INFO - Processing file /home/airflow/.local/lib/python3.8/site-packages/airflow/example_dags/example_branch_labels.py for tasks to queue
[2023-11-19T15:02:11.076+0000] {logging_mixin.py:154} INFO - [2023-11-19T15:02:11.076+0000] {dagbag.py:536} INFO - Filling up the DagBag from /home/airflow/.local/lib/python3.8/site-packages/airflow/example_dags/example_branch_labels.py
[2023-11-19T15:02:11.084+0000] {processor.py:839} INFO - DAG(s) dict_keys(['example_branch_labels']) retrieved from /home/airflow/.local/lib/python3.8/site-packages/airflow/example_dags/example_branch_labels.py
[2023-11-19T15:02:11.107+0000] {logging_mixin.py:154} INFO - [2023-11-19T15:02:11.107+0000] {dag.py:2941} INFO - Sync 1 DAGs
[2023-11-19T15:02:11.139+0000] {logging_mixin.py:154} INFO - [2023-11-19T15:02:11.139+0000] {dag.py:3722} INFO - Setting next_dagrun for example_branch_labels to 2023-11-18T00:00:00+00:00, run_after=2023-11-19T00:00:00+00:00
[2023-11-19T15:02:11.158+0000] {processor.py:179} INFO - Processing /home/airflow/.local/lib/python3.8/site-packages/airflow/example_dags/example_branch_labels.py took 0.088 seconds
[2023-11-19T15:02:41.640+0000] {processor.py:157} INFO - Started process (PID=587) to work on /home/airflow/.local/lib/python3.8/site-packages/airflow/example_dags/example_branch_labels.py
[2023-11-19T15:02:41.640+0000] {processor.py:829} INFO - Processing file /home/airflow/.local/lib/python3.8/site-packages/airflow/example_dags/example_branch_labels.py for tasks to queue
[2023-11-19T15:02:41.642+0000] {logging_mixin.py:154} INFO - [2023-11-19T15:02:41.642+0000] {dagbag.py:536} INFO - Filling up the DagBag from /home/airflow/.local/lib/python3.8/site-packages/airflow/example_dags/example_branch_labels.py
[2023-11-19T15:02:41.649+0000] {processor.py:839} INFO - DAG(s) dict_keys(['example_branch_labels']) retrieved from /home/airflow/.local/lib/python3.8/site-packages/airflow/example_dags/example_branch_labels.py
[2023-11-19T15:02:41.671+0000] {logging_mixin.py:154} INFO - [2023-11-19T15:02:41.671+0000] {dag.py:2941} INFO - Sync 1 DAGs
[2023-11-19T15:02:41.697+0000] {logging_mixin.py:154} INFO - [2023-11-19T15:02:41.696+0000] {dag.py:3722} INFO - Setting next_dagrun for example_branch_labels to 2023-11-18T00:00:00+00:00, run_after=2023-11-19T00:00:00+00:00
[2023-11-19T15:02:41.712+0000] {processor.py:179} INFO - Processing /home/airflow/.local/lib/python3.8/site-packages/airflow/example_dags/example_branch_labels.py took 0.075 seconds
