[2023-11-19T14:57:37.619+0000] {processor.py:157} INFO - Started process (PID=34) to work on /home/airflow/.local/lib/python3.8/site-packages/airflow/example_dags/example_complex.py
[2023-11-19T14:57:37.620+0000] {processor.py:829} INFO - Processing file /home/airflow/.local/lib/python3.8/site-packages/airflow/example_dags/example_complex.py for tasks to queue
[2023-11-19T14:57:37.621+0000] {logging_mixin.py:154} INFO - [2023-11-19T14:57:37.621+0000] {dagbag.py:536} INFO - Filling up the DagBag from /home/airflow/.local/lib/python3.8/site-packages/airflow/example_dags/example_complex.py
[2023-11-19T14:57:37.646+0000] {processor.py:839} INFO - DAG(s) dict_keys(['example_complex']) retrieved from /home/airflow/.local/lib/python3.8/site-packages/airflow/example_dags/example_complex.py
[2023-11-19T14:57:37.708+0000] {logging_mixin.py:154} INFO - [2023-11-19T14:57:37.707+0000] {dag.py:2941} INFO - Sync 1 DAGs
[2023-11-19T14:57:37.749+0000] {logging_mixin.py:154} INFO - [2023-11-19T14:57:37.748+0000] {dag.py:3722} INFO - Setting next_dagrun for example_complex to None, run_after=None
[2023-11-19T14:57:37.797+0000] {processor.py:179} INFO - Processing /home/airflow/.local/lib/python3.8/site-packages/airflow/example_dags/example_complex.py took 0.180 seconds
[2023-11-19T14:58:08.353+0000] {processor.py:157} INFO - Started process (PID=88) to work on /home/airflow/.local/lib/python3.8/site-packages/airflow/example_dags/example_complex.py
[2023-11-19T14:58:08.353+0000] {processor.py:829} INFO - Processing file /home/airflow/.local/lib/python3.8/site-packages/airflow/example_dags/example_complex.py for tasks to queue
[2023-11-19T14:58:08.355+0000] {logging_mixin.py:154} INFO - [2023-11-19T14:58:08.355+0000] {dagbag.py:536} INFO - Filling up the DagBag from /home/airflow/.local/lib/python3.8/site-packages/airflow/example_dags/example_complex.py
[2023-11-19T14:58:08.367+0000] {processor.py:839} INFO - DAG(s) dict_keys(['example_complex']) retrieved from /home/airflow/.local/lib/python3.8/site-packages/airflow/example_dags/example_complex.py
[2023-11-19T14:58:08.402+0000] {logging_mixin.py:154} INFO - [2023-11-19T14:58:08.402+0000] {dag.py:2941} INFO - Sync 1 DAGs
[2023-11-19T14:58:08.415+0000] {logging_mixin.py:154} INFO - [2023-11-19T14:58:08.415+0000] {dag.py:3722} INFO - Setting next_dagrun for example_complex to None, run_after=None
[2023-11-19T14:58:08.434+0000] {processor.py:179} INFO - Processing /home/airflow/.local/lib/python3.8/site-packages/airflow/example_dags/example_complex.py took 0.085 seconds
[2023-11-19T14:58:38.544+0000] {processor.py:157} INFO - Started process (PID=142) to work on /home/airflow/.local/lib/python3.8/site-packages/airflow/example_dags/example_complex.py
[2023-11-19T14:58:38.545+0000] {processor.py:829} INFO - Processing file /home/airflow/.local/lib/python3.8/site-packages/airflow/example_dags/example_complex.py for tasks to queue
[2023-11-19T14:58:38.547+0000] {logging_mixin.py:154} INFO - [2023-11-19T14:58:38.547+0000] {dagbag.py:536} INFO - Filling up the DagBag from /home/airflow/.local/lib/python3.8/site-packages/airflow/example_dags/example_complex.py
[2023-11-19T14:58:38.558+0000] {processor.py:839} INFO - DAG(s) dict_keys(['example_complex']) retrieved from /home/airflow/.local/lib/python3.8/site-packages/airflow/example_dags/example_complex.py
[2023-11-19T14:58:38.590+0000] {logging_mixin.py:154} INFO - [2023-11-19T14:58:38.590+0000] {dag.py:2941} INFO - Sync 1 DAGs
[2023-11-19T14:58:38.601+0000] {logging_mixin.py:154} INFO - [2023-11-19T14:58:38.601+0000] {dag.py:3722} INFO - Setting next_dagrun for example_complex to None, run_after=None
[2023-11-19T14:58:38.616+0000] {processor.py:179} INFO - Processing /home/airflow/.local/lib/python3.8/site-packages/airflow/example_dags/example_complex.py took 0.075 seconds
[2023-11-19T14:59:08.762+0000] {processor.py:157} INFO - Started process (PID=196) to work on /home/airflow/.local/lib/python3.8/site-packages/airflow/example_dags/example_complex.py
[2023-11-19T14:59:08.763+0000] {processor.py:829} INFO - Processing file /home/airflow/.local/lib/python3.8/site-packages/airflow/example_dags/example_complex.py for tasks to queue
[2023-11-19T14:59:08.765+0000] {logging_mixin.py:154} INFO - [2023-11-19T14:59:08.765+0000] {dagbag.py:536} INFO - Filling up the DagBag from /home/airflow/.local/lib/python3.8/site-packages/airflow/example_dags/example_complex.py
[2023-11-19T14:59:08.777+0000] {processor.py:839} INFO - DAG(s) dict_keys(['example_complex']) retrieved from /home/airflow/.local/lib/python3.8/site-packages/airflow/example_dags/example_complex.py
[2023-11-19T14:59:08.811+0000] {logging_mixin.py:154} INFO - [2023-11-19T14:59:08.811+0000] {dag.py:2941} INFO - Sync 1 DAGs
[2023-11-19T14:59:08.824+0000] {logging_mixin.py:154} INFO - [2023-11-19T14:59:08.824+0000] {dag.py:3722} INFO - Setting next_dagrun for example_complex to None, run_after=None
[2023-11-19T14:59:08.842+0000] {processor.py:179} INFO - Processing /home/airflow/.local/lib/python3.8/site-packages/airflow/example_dags/example_complex.py took 0.084 seconds
[2023-11-19T14:59:39.001+0000] {processor.py:157} INFO - Started process (PID=250) to work on /home/airflow/.local/lib/python3.8/site-packages/airflow/example_dags/example_complex.py
[2023-11-19T14:59:39.002+0000] {processor.py:829} INFO - Processing file /home/airflow/.local/lib/python3.8/site-packages/airflow/example_dags/example_complex.py for tasks to queue
[2023-11-19T14:59:39.003+0000] {logging_mixin.py:154} INFO - [2023-11-19T14:59:39.003+0000] {dagbag.py:536} INFO - Filling up the DagBag from /home/airflow/.local/lib/python3.8/site-packages/airflow/example_dags/example_complex.py
[2023-11-19T14:59:39.016+0000] {processor.py:839} INFO - DAG(s) dict_keys(['example_complex']) retrieved from /home/airflow/.local/lib/python3.8/site-packages/airflow/example_dags/example_complex.py
[2023-11-19T14:59:39.047+0000] {logging_mixin.py:154} INFO - [2023-11-19T14:59:39.047+0000] {dag.py:2941} INFO - Sync 1 DAGs
[2023-11-19T14:59:39.059+0000] {logging_mixin.py:154} INFO - [2023-11-19T14:59:39.059+0000] {dag.py:3722} INFO - Setting next_dagrun for example_complex to None, run_after=None
[2023-11-19T14:59:39.076+0000] {processor.py:179} INFO - Processing /home/airflow/.local/lib/python3.8/site-packages/airflow/example_dags/example_complex.py took 0.078 seconds
[2023-11-19T15:00:09.276+0000] {processor.py:157} INFO - Started process (PID=305) to work on /home/airflow/.local/lib/python3.8/site-packages/airflow/example_dags/example_complex.py
[2023-11-19T15:00:09.277+0000] {processor.py:829} INFO - Processing file /home/airflow/.local/lib/python3.8/site-packages/airflow/example_dags/example_complex.py for tasks to queue
[2023-11-19T15:00:09.280+0000] {logging_mixin.py:154} INFO - [2023-11-19T15:00:09.279+0000] {dagbag.py:536} INFO - Filling up the DagBag from /home/airflow/.local/lib/python3.8/site-packages/airflow/example_dags/example_complex.py
[2023-11-19T15:00:09.291+0000] {processor.py:839} INFO - DAG(s) dict_keys(['example_complex']) retrieved from /home/airflow/.local/lib/python3.8/site-packages/airflow/example_dags/example_complex.py
[2023-11-19T15:00:09.330+0000] {logging_mixin.py:154} INFO - [2023-11-19T15:00:09.330+0000] {dag.py:2941} INFO - Sync 1 DAGs
[2023-11-19T15:00:09.347+0000] {logging_mixin.py:154} INFO - [2023-11-19T15:00:09.346+0000] {dag.py:3722} INFO - Setting next_dagrun for example_complex to None, run_after=None
[2023-11-19T15:00:09.367+0000] {processor.py:179} INFO - Processing /home/airflow/.local/lib/python3.8/site-packages/airflow/example_dags/example_complex.py took 0.094 seconds
[2023-11-19T15:00:39.645+0000] {processor.py:157} INFO - Started process (PID=359) to work on /home/airflow/.local/lib/python3.8/site-packages/airflow/example_dags/example_complex.py
[2023-11-19T15:00:39.647+0000] {processor.py:829} INFO - Processing file /home/airflow/.local/lib/python3.8/site-packages/airflow/example_dags/example_complex.py for tasks to queue
[2023-11-19T15:00:39.649+0000] {logging_mixin.py:154} INFO - [2023-11-19T15:00:39.648+0000] {dagbag.py:536} INFO - Filling up the DagBag from /home/airflow/.local/lib/python3.8/site-packages/airflow/example_dags/example_complex.py
[2023-11-19T15:00:39.660+0000] {processor.py:839} INFO - DAG(s) dict_keys(['example_complex']) retrieved from /home/airflow/.local/lib/python3.8/site-packages/airflow/example_dags/example_complex.py
[2023-11-19T15:00:39.695+0000] {logging_mixin.py:154} INFO - [2023-11-19T15:00:39.695+0000] {dag.py:2941} INFO - Sync 1 DAGs
[2023-11-19T15:00:39.707+0000] {logging_mixin.py:154} INFO - [2023-11-19T15:00:39.707+0000] {dag.py:3722} INFO - Setting next_dagrun for example_complex to None, run_after=None
[2023-11-19T15:00:39.723+0000] {processor.py:179} INFO - Processing /home/airflow/.local/lib/python3.8/site-packages/airflow/example_dags/example_complex.py took 0.080 seconds
[2023-11-19T15:01:09.892+0000] {processor.py:157} INFO - Started process (PID=413) to work on /home/airflow/.local/lib/python3.8/site-packages/airflow/example_dags/example_complex.py
[2023-11-19T15:01:09.893+0000] {processor.py:829} INFO - Processing file /home/airflow/.local/lib/python3.8/site-packages/airflow/example_dags/example_complex.py for tasks to queue
[2023-11-19T15:01:09.895+0000] {logging_mixin.py:154} INFO - [2023-11-19T15:01:09.895+0000] {dagbag.py:536} INFO - Filling up the DagBag from /home/airflow/.local/lib/python3.8/site-packages/airflow/example_dags/example_complex.py
[2023-11-19T15:01:09.906+0000] {processor.py:839} INFO - DAG(s) dict_keys(['example_complex']) retrieved from /home/airflow/.local/lib/python3.8/site-packages/airflow/example_dags/example_complex.py
[2023-11-19T15:01:09.940+0000] {logging_mixin.py:154} INFO - [2023-11-19T15:01:09.940+0000] {dag.py:2941} INFO - Sync 1 DAGs
[2023-11-19T15:01:09.957+0000] {logging_mixin.py:154} INFO - [2023-11-19T15:01:09.956+0000] {dag.py:3722} INFO - Setting next_dagrun for example_complex to None, run_after=None
[2023-11-19T15:01:09.975+0000] {processor.py:179} INFO - Processing /home/airflow/.local/lib/python3.8/site-packages/airflow/example_dags/example_complex.py took 0.086 seconds
[2023-11-19T15:01:40.019+0000] {processor.py:157} INFO - Started process (PID=467) to work on /home/airflow/.local/lib/python3.8/site-packages/airflow/example_dags/example_complex.py
[2023-11-19T15:01:40.019+0000] {processor.py:829} INFO - Processing file /home/airflow/.local/lib/python3.8/site-packages/airflow/example_dags/example_complex.py for tasks to queue
[2023-11-19T15:01:40.024+0000] {logging_mixin.py:154} INFO - [2023-11-19T15:01:40.023+0000] {dagbag.py:536} INFO - Filling up the DagBag from /home/airflow/.local/lib/python3.8/site-packages/airflow/example_dags/example_complex.py
[2023-11-19T15:01:40.034+0000] {processor.py:839} INFO - DAG(s) dict_keys(['example_complex']) retrieved from /home/airflow/.local/lib/python3.8/site-packages/airflow/example_dags/example_complex.py
[2023-11-19T15:01:40.070+0000] {logging_mixin.py:154} INFO - [2023-11-19T15:01:40.069+0000] {dag.py:2941} INFO - Sync 1 DAGs
[2023-11-19T15:01:40.083+0000] {logging_mixin.py:154} INFO - [2023-11-19T15:01:40.082+0000] {dag.py:3722} INFO - Setting next_dagrun for example_complex to None, run_after=None
[2023-11-19T15:01:40.099+0000] {processor.py:179} INFO - Processing /home/airflow/.local/lib/python3.8/site-packages/airflow/example_dags/example_complex.py took 0.083 seconds
[2023-11-19T15:02:10.476+0000] {processor.py:157} INFO - Started process (PID=521) to work on /home/airflow/.local/lib/python3.8/site-packages/airflow/example_dags/example_complex.py
[2023-11-19T15:02:10.477+0000] {processor.py:829} INFO - Processing file /home/airflow/.local/lib/python3.8/site-packages/airflow/example_dags/example_complex.py for tasks to queue
[2023-11-19T15:02:10.479+0000] {logging_mixin.py:154} INFO - [2023-11-19T15:02:10.479+0000] {dagbag.py:536} INFO - Filling up the DagBag from /home/airflow/.local/lib/python3.8/site-packages/airflow/example_dags/example_complex.py
[2023-11-19T15:02:10.492+0000] {processor.py:839} INFO - DAG(s) dict_keys(['example_complex']) retrieved from /home/airflow/.local/lib/python3.8/site-packages/airflow/example_dags/example_complex.py
[2023-11-19T15:02:10.525+0000] {logging_mixin.py:154} INFO - [2023-11-19T15:02:10.525+0000] {dag.py:2941} INFO - Sync 1 DAGs
[2023-11-19T15:02:10.537+0000] {logging_mixin.py:154} INFO - [2023-11-19T15:02:10.537+0000] {dag.py:3722} INFO - Setting next_dagrun for example_complex to None, run_after=None
[2023-11-19T15:02:10.553+0000] {processor.py:179} INFO - Processing /home/airflow/.local/lib/python3.8/site-packages/airflow/example_dags/example_complex.py took 0.081 seconds
[2023-11-19T15:02:41.072+0000] {processor.py:157} INFO - Started process (PID=575) to work on /home/airflow/.local/lib/python3.8/site-packages/airflow/example_dags/example_complex.py
[2023-11-19T15:02:41.073+0000] {processor.py:829} INFO - Processing file /home/airflow/.local/lib/python3.8/site-packages/airflow/example_dags/example_complex.py for tasks to queue
[2023-11-19T15:02:41.075+0000] {logging_mixin.py:154} INFO - [2023-11-19T15:02:41.075+0000] {dagbag.py:536} INFO - Filling up the DagBag from /home/airflow/.local/lib/python3.8/site-packages/airflow/example_dags/example_complex.py
[2023-11-19T15:02:41.086+0000] {processor.py:839} INFO - DAG(s) dict_keys(['example_complex']) retrieved from /home/airflow/.local/lib/python3.8/site-packages/airflow/example_dags/example_complex.py
[2023-11-19T15:02:41.119+0000] {logging_mixin.py:154} INFO - [2023-11-19T15:02:41.119+0000] {dag.py:2941} INFO - Sync 1 DAGs
[2023-11-19T15:02:41.131+0000] {logging_mixin.py:154} INFO - [2023-11-19T15:02:41.131+0000] {dag.py:3722} INFO - Setting next_dagrun for example_complex to None, run_after=None
[2023-11-19T15:02:41.156+0000] {processor.py:179} INFO - Processing /home/airflow/.local/lib/python3.8/site-packages/airflow/example_dags/example_complex.py took 0.087 seconds
[2023-11-19T15:03:11.607+0000] {processor.py:157} INFO - Started process (PID=629) to work on /home/airflow/.local/lib/python3.8/site-packages/airflow/example_dags/example_complex.py
[2023-11-19T15:03:11.608+0000] {processor.py:829} INFO - Processing file /home/airflow/.local/lib/python3.8/site-packages/airflow/example_dags/example_complex.py for tasks to queue
[2023-11-19T15:03:11.610+0000] {logging_mixin.py:154} INFO - [2023-11-19T15:03:11.609+0000] {dagbag.py:536} INFO - Filling up the DagBag from /home/airflow/.local/lib/python3.8/site-packages/airflow/example_dags/example_complex.py
[2023-11-19T15:03:11.623+0000] {processor.py:839} INFO - DAG(s) dict_keys(['example_complex']) retrieved from /home/airflow/.local/lib/python3.8/site-packages/airflow/example_dags/example_complex.py
[2023-11-19T15:03:11.655+0000] {logging_mixin.py:154} INFO - [2023-11-19T15:03:11.655+0000] {dag.py:2941} INFO - Sync 1 DAGs
[2023-11-19T15:03:11.666+0000] {logging_mixin.py:154} INFO - [2023-11-19T15:03:11.666+0000] {dag.py:3722} INFO - Setting next_dagrun for example_complex to None, run_after=None
[2023-11-19T15:03:11.681+0000] {processor.py:179} INFO - Processing /home/airflow/.local/lib/python3.8/site-packages/airflow/example_dags/example_complex.py took 0.076 seconds
[2023-11-19T15:03:42.007+0000] {processor.py:157} INFO - Started process (PID=683) to work on /home/airflow/.local/lib/python3.8/site-packages/airflow/example_dags/example_complex.py
[2023-11-19T15:03:42.008+0000] {processor.py:829} INFO - Processing file /home/airflow/.local/lib/python3.8/site-packages/airflow/example_dags/example_complex.py for tasks to queue
[2023-11-19T15:03:42.010+0000] {logging_mixin.py:154} INFO - [2023-11-19T15:03:42.010+0000] {dagbag.py:536} INFO - Filling up the DagBag from /home/airflow/.local/lib/python3.8/site-packages/airflow/example_dags/example_complex.py
[2023-11-19T15:03:42.021+0000] {processor.py:839} INFO - DAG(s) dict_keys(['example_complex']) retrieved from /home/airflow/.local/lib/python3.8/site-packages/airflow/example_dags/example_complex.py
[2023-11-19T15:03:42.055+0000] {logging_mixin.py:154} INFO - [2023-11-19T15:03:42.054+0000] {dag.py:2941} INFO - Sync 1 DAGs
[2023-11-19T15:03:42.068+0000] {logging_mixin.py:154} INFO - [2023-11-19T15:03:42.068+0000] {dag.py:3722} INFO - Setting next_dagrun for example_complex to None, run_after=None
[2023-11-19T15:03:42.085+0000] {processor.py:179} INFO - Processing /home/airflow/.local/lib/python3.8/site-packages/airflow/example_dags/example_complex.py took 0.081 seconds
[2023-11-19T15:04:12.192+0000] {processor.py:157} INFO - Started process (PID=737) to work on /home/airflow/.local/lib/python3.8/site-packages/airflow/example_dags/example_complex.py
[2023-11-19T15:04:12.192+0000] {processor.py:829} INFO - Processing file /home/airflow/.local/lib/python3.8/site-packages/airflow/example_dags/example_complex.py for tasks to queue
[2023-11-19T15:04:12.194+0000] {logging_mixin.py:154} INFO - [2023-11-19T15:04:12.194+0000] {dagbag.py:536} INFO - Filling up the DagBag from /home/airflow/.local/lib/python3.8/site-packages/airflow/example_dags/example_complex.py
[2023-11-19T15:04:12.207+0000] {processor.py:839} INFO - DAG(s) dict_keys(['example_complex']) retrieved from /home/airflow/.local/lib/python3.8/site-packages/airflow/example_dags/example_complex.py
[2023-11-19T15:04:12.247+0000] {logging_mixin.py:154} INFO - [2023-11-19T15:04:12.247+0000] {dag.py:2941} INFO - Sync 1 DAGs
[2023-11-19T15:04:12.261+0000] {logging_mixin.py:154} INFO - [2023-11-19T15:04:12.261+0000] {dag.py:3722} INFO - Setting next_dagrun for example_complex to None, run_after=None
[2023-11-19T15:04:12.281+0000] {processor.py:179} INFO - Processing /home/airflow/.local/lib/python3.8/site-packages/airflow/example_dags/example_complex.py took 0.093 seconds
[2023-11-19T15:04:42.348+0000] {processor.py:157} INFO - Started process (PID=791) to work on /home/airflow/.local/lib/python3.8/site-packages/airflow/example_dags/example_complex.py
[2023-11-19T15:04:42.349+0000] {processor.py:829} INFO - Processing file /home/airflow/.local/lib/python3.8/site-packages/airflow/example_dags/example_complex.py for tasks to queue
[2023-11-19T15:04:42.350+0000] {logging_mixin.py:154} INFO - [2023-11-19T15:04:42.350+0000] {dagbag.py:536} INFO - Filling up the DagBag from /home/airflow/.local/lib/python3.8/site-packages/airflow/example_dags/example_complex.py
[2023-11-19T15:04:42.362+0000] {processor.py:839} INFO - DAG(s) dict_keys(['example_complex']) retrieved from /home/airflow/.local/lib/python3.8/site-packages/airflow/example_dags/example_complex.py
[2023-11-19T15:04:42.393+0000] {logging_mixin.py:154} INFO - [2023-11-19T15:04:42.392+0000] {dag.py:2941} INFO - Sync 1 DAGs
[2023-11-19T15:04:42.405+0000] {logging_mixin.py:154} INFO - [2023-11-19T15:04:42.405+0000] {dag.py:3722} INFO - Setting next_dagrun for example_complex to None, run_after=None
[2023-11-19T15:04:42.422+0000] {processor.py:179} INFO - Processing /home/airflow/.local/lib/python3.8/site-packages/airflow/example_dags/example_complex.py took 0.077 seconds
[2023-11-19T15:05:12.987+0000] {processor.py:157} INFO - Started process (PID=845) to work on /home/airflow/.local/lib/python3.8/site-packages/airflow/example_dags/example_complex.py
[2023-11-19T15:05:12.988+0000] {processor.py:829} INFO - Processing file /home/airflow/.local/lib/python3.8/site-packages/airflow/example_dags/example_complex.py for tasks to queue
[2023-11-19T15:05:12.990+0000] {logging_mixin.py:154} INFO - [2023-11-19T15:05:12.990+0000] {dagbag.py:536} INFO - Filling up the DagBag from /home/airflow/.local/lib/python3.8/site-packages/airflow/example_dags/example_complex.py
[2023-11-19T15:05:13.001+0000] {processor.py:839} INFO - DAG(s) dict_keys(['example_complex']) retrieved from /home/airflow/.local/lib/python3.8/site-packages/airflow/example_dags/example_complex.py
[2023-11-19T15:05:13.037+0000] {logging_mixin.py:154} INFO - [2023-11-19T15:05:13.037+0000] {dag.py:2941} INFO - Sync 1 DAGs
[2023-11-19T15:05:13.050+0000] {logging_mixin.py:154} INFO - [2023-11-19T15:05:13.050+0000] {dag.py:3722} INFO - Setting next_dagrun for example_complex to None, run_after=None
[2023-11-19T15:05:13.066+0000] {processor.py:179} INFO - Processing /home/airflow/.local/lib/python3.8/site-packages/airflow/example_dags/example_complex.py took 0.082 seconds
[2023-11-19T15:05:43.454+0000] {processor.py:157} INFO - Started process (PID=899) to work on /home/airflow/.local/lib/python3.8/site-packages/airflow/example_dags/example_complex.py
[2023-11-19T15:05:43.455+0000] {processor.py:829} INFO - Processing file /home/airflow/.local/lib/python3.8/site-packages/airflow/example_dags/example_complex.py for tasks to queue
[2023-11-19T15:05:43.457+0000] {logging_mixin.py:154} INFO - [2023-11-19T15:05:43.457+0000] {dagbag.py:536} INFO - Filling up the DagBag from /home/airflow/.local/lib/python3.8/site-packages/airflow/example_dags/example_complex.py
[2023-11-19T15:05:43.469+0000] {processor.py:839} INFO - DAG(s) dict_keys(['example_complex']) retrieved from /home/airflow/.local/lib/python3.8/site-packages/airflow/example_dags/example_complex.py
[2023-11-19T15:05:43.503+0000] {logging_mixin.py:154} INFO - [2023-11-19T15:05:43.502+0000] {dag.py:2941} INFO - Sync 1 DAGs
[2023-11-19T15:05:43.515+0000] {logging_mixin.py:154} INFO - [2023-11-19T15:05:43.515+0000] {dag.py:3722} INFO - Setting next_dagrun for example_complex to None, run_after=None
[2023-11-19T15:05:43.531+0000] {processor.py:179} INFO - Processing /home/airflow/.local/lib/python3.8/site-packages/airflow/example_dags/example_complex.py took 0.079 seconds
[2023-11-19T15:06:13.947+0000] {processor.py:157} INFO - Started process (PID=953) to work on /home/airflow/.local/lib/python3.8/site-packages/airflow/example_dags/example_complex.py
[2023-11-19T15:06:13.948+0000] {processor.py:829} INFO - Processing file /home/airflow/.local/lib/python3.8/site-packages/airflow/example_dags/example_complex.py for tasks to queue
[2023-11-19T15:06:13.950+0000] {logging_mixin.py:154} INFO - [2023-11-19T15:06:13.949+0000] {dagbag.py:536} INFO - Filling up the DagBag from /home/airflow/.local/lib/python3.8/site-packages/airflow/example_dags/example_complex.py
[2023-11-19T15:06:13.961+0000] {processor.py:839} INFO - DAG(s) dict_keys(['example_complex']) retrieved from /home/airflow/.local/lib/python3.8/site-packages/airflow/example_dags/example_complex.py
[2023-11-19T15:06:13.996+0000] {logging_mixin.py:154} INFO - [2023-11-19T15:06:13.996+0000] {dag.py:2941} INFO - Sync 1 DAGs
[2023-11-19T15:06:14.011+0000] {logging_mixin.py:154} INFO - [2023-11-19T15:06:14.011+0000] {dag.py:3722} INFO - Setting next_dagrun for example_complex to None, run_after=None
[2023-11-19T15:06:14.033+0000] {processor.py:179} INFO - Processing /home/airflow/.local/lib/python3.8/site-packages/airflow/example_dags/example_complex.py took 0.089 seconds
