[2023-11-19T14:57:38.862+0000] {processor.py:157} INFO - Started process (PID=54) to work on /home/airflow/.local/lib/python3.8/site-packages/airflow/example_dags/example_xcomargs.py
[2023-11-19T14:57:38.863+0000] {processor.py:829} INFO - Processing file /home/airflow/.local/lib/python3.8/site-packages/airflow/example_dags/example_xcomargs.py for tasks to queue
[2023-11-19T14:57:38.865+0000] {logging_mixin.py:154} INFO - [2023-11-19T14:57:38.865+0000] {dagbag.py:536} INFO - Filling up the DagBag from /home/airflow/.local/lib/python3.8/site-packages/airflow/example_dags/example_xcomargs.py
[2023-11-19T14:57:38.873+0000] {processor.py:839} INFO - DAG(s) dict_keys(['example_xcom_args', 'example_xcom_args_with_operators']) retrieved from /home/airflow/.local/lib/python3.8/site-packages/airflow/example_dags/example_xcomargs.py
[2023-11-19T14:57:38.883+0000] {logging_mixin.py:154} INFO - [2023-11-19T14:57:38.883+0000] {dag.py:2941} INFO - Sync 2 DAGs
[2023-11-19T14:57:38.898+0000] {logging_mixin.py:154} INFO - [2023-11-19T14:57:38.898+0000] {dag.py:3722} INFO - Setting next_dagrun for example_xcom_args to None, run_after=None
[2023-11-19T14:57:38.901+0000] {logging_mixin.py:154} INFO - [2023-11-19T14:57:38.901+0000] {dag.py:3722} INFO - Setting next_dagrun for example_xcom_args_with_operators to None, run_after=None
[2023-11-19T14:57:38.916+0000] {processor.py:179} INFO - Processing /home/airflow/.local/lib/python3.8/site-packages/airflow/example_dags/example_xcomargs.py took 0.056 seconds
[2023-11-19T14:58:09.366+0000] {processor.py:157} INFO - Started process (PID=108) to work on /home/airflow/.local/lib/python3.8/site-packages/airflow/example_dags/example_xcomargs.py
[2023-11-19T14:58:09.367+0000] {processor.py:829} INFO - Processing file /home/airflow/.local/lib/python3.8/site-packages/airflow/example_dags/example_xcomargs.py for tasks to queue
[2023-11-19T14:58:09.369+0000] {logging_mixin.py:154} INFO - [2023-11-19T14:58:09.368+0000] {dagbag.py:536} INFO - Filling up the DagBag from /home/airflow/.local/lib/python3.8/site-packages/airflow/example_dags/example_xcomargs.py
[2023-11-19T14:58:09.377+0000] {processor.py:839} INFO - DAG(s) dict_keys(['example_xcom_args_with_operators', 'example_xcom_args']) retrieved from /home/airflow/.local/lib/python3.8/site-packages/airflow/example_dags/example_xcomargs.py
[2023-11-19T14:58:09.400+0000] {logging_mixin.py:154} INFO - [2023-11-19T14:58:09.399+0000] {dag.py:2941} INFO - Sync 2 DAGs
[2023-11-19T14:58:09.412+0000] {logging_mixin.py:154} INFO - [2023-11-19T14:58:09.411+0000] {dag.py:3722} INFO - Setting next_dagrun for example_xcom_args to None, run_after=None
[2023-11-19T14:58:09.414+0000] {logging_mixin.py:154} INFO - [2023-11-19T14:58:09.414+0000] {dag.py:3722} INFO - Setting next_dagrun for example_xcom_args_with_operators to None, run_after=None
[2023-11-19T14:58:09.429+0000] {processor.py:179} INFO - Processing /home/airflow/.local/lib/python3.8/site-packages/airflow/example_dags/example_xcomargs.py took 0.066 seconds
[2023-11-19T14:58:39.656+0000] {processor.py:157} INFO - Started process (PID=162) to work on /home/airflow/.local/lib/python3.8/site-packages/airflow/example_dags/example_xcomargs.py
[2023-11-19T14:58:39.657+0000] {processor.py:829} INFO - Processing file /home/airflow/.local/lib/python3.8/site-packages/airflow/example_dags/example_xcomargs.py for tasks to queue
[2023-11-19T14:58:39.659+0000] {logging_mixin.py:154} INFO - [2023-11-19T14:58:39.658+0000] {dagbag.py:536} INFO - Filling up the DagBag from /home/airflow/.local/lib/python3.8/site-packages/airflow/example_dags/example_xcomargs.py
[2023-11-19T14:58:39.666+0000] {processor.py:839} INFO - DAG(s) dict_keys(['example_xcom_args_with_operators', 'example_xcom_args']) retrieved from /home/airflow/.local/lib/python3.8/site-packages/airflow/example_dags/example_xcomargs.py
[2023-11-19T14:58:39.690+0000] {logging_mixin.py:154} INFO - [2023-11-19T14:58:39.690+0000] {dag.py:2941} INFO - Sync 2 DAGs
[2023-11-19T14:58:39.703+0000] {logging_mixin.py:154} INFO - [2023-11-19T14:58:39.703+0000] {dag.py:3722} INFO - Setting next_dagrun for example_xcom_args to None, run_after=None
[2023-11-19T14:58:39.707+0000] {logging_mixin.py:154} INFO - [2023-11-19T14:58:39.706+0000] {dag.py:3722} INFO - Setting next_dagrun for example_xcom_args_with_operators to None, run_after=None
[2023-11-19T14:58:39.721+0000] {processor.py:179} INFO - Processing /home/airflow/.local/lib/python3.8/site-packages/airflow/example_dags/example_xcomargs.py took 0.068 seconds
[2023-11-19T14:59:10.011+0000] {processor.py:157} INFO - Started process (PID=216) to work on /home/airflow/.local/lib/python3.8/site-packages/airflow/example_dags/example_xcomargs.py
[2023-11-19T14:59:10.012+0000] {processor.py:829} INFO - Processing file /home/airflow/.local/lib/python3.8/site-packages/airflow/example_dags/example_xcomargs.py for tasks to queue
[2023-11-19T14:59:10.014+0000] {logging_mixin.py:154} INFO - [2023-11-19T14:59:10.014+0000] {dagbag.py:536} INFO - Filling up the DagBag from /home/airflow/.local/lib/python3.8/site-packages/airflow/example_dags/example_xcomargs.py
[2023-11-19T14:59:10.021+0000] {processor.py:839} INFO - DAG(s) dict_keys(['example_xcom_args_with_operators', 'example_xcom_args']) retrieved from /home/airflow/.local/lib/python3.8/site-packages/airflow/example_dags/example_xcomargs.py
[2023-11-19T14:59:10.048+0000] {logging_mixin.py:154} INFO - [2023-11-19T14:59:10.048+0000] {dag.py:2941} INFO - Sync 2 DAGs
[2023-11-19T14:59:10.064+0000] {logging_mixin.py:154} INFO - [2023-11-19T14:59:10.063+0000] {dag.py:3722} INFO - Setting next_dagrun for example_xcom_args to None, run_after=None
[2023-11-19T14:59:10.069+0000] {logging_mixin.py:154} INFO - [2023-11-19T14:59:10.068+0000] {dag.py:3722} INFO - Setting next_dagrun for example_xcom_args_with_operators to None, run_after=None
[2023-11-19T14:59:10.088+0000] {processor.py:179} INFO - Processing /home/airflow/.local/lib/python3.8/site-packages/airflow/example_dags/example_xcomargs.py took 0.080 seconds
[2023-11-19T14:59:40.332+0000] {processor.py:157} INFO - Started process (PID=270) to work on /home/airflow/.local/lib/python3.8/site-packages/airflow/example_dags/example_xcomargs.py
[2023-11-19T14:59:40.333+0000] {processor.py:829} INFO - Processing file /home/airflow/.local/lib/python3.8/site-packages/airflow/example_dags/example_xcomargs.py for tasks to queue
[2023-11-19T14:59:40.335+0000] {logging_mixin.py:154} INFO - [2023-11-19T14:59:40.335+0000] {dagbag.py:536} INFO - Filling up the DagBag from /home/airflow/.local/lib/python3.8/site-packages/airflow/example_dags/example_xcomargs.py
[2023-11-19T14:59:40.344+0000] {processor.py:839} INFO - DAG(s) dict_keys(['example_xcom_args', 'example_xcom_args_with_operators']) retrieved from /home/airflow/.local/lib/python3.8/site-packages/airflow/example_dags/example_xcomargs.py
[2023-11-19T14:59:40.374+0000] {logging_mixin.py:154} INFO - [2023-11-19T14:59:40.374+0000] {dag.py:2941} INFO - Sync 2 DAGs
[2023-11-19T14:59:40.394+0000] {logging_mixin.py:154} INFO - [2023-11-19T14:59:40.394+0000] {dag.py:3722} INFO - Setting next_dagrun for example_xcom_args to None, run_after=None
[2023-11-19T14:59:40.398+0000] {logging_mixin.py:154} INFO - [2023-11-19T14:59:40.397+0000] {dag.py:3722} INFO - Setting next_dagrun for example_xcom_args_with_operators to None, run_after=None
[2023-11-19T14:59:40.414+0000] {processor.py:179} INFO - Processing /home/airflow/.local/lib/python3.8/site-packages/airflow/example_dags/example_xcomargs.py took 0.085 seconds
[2023-11-19T15:00:10.505+0000] {processor.py:157} INFO - Started process (PID=325) to work on /home/airflow/.local/lib/python3.8/site-packages/airflow/example_dags/example_xcomargs.py
[2023-11-19T15:00:10.506+0000] {processor.py:829} INFO - Processing file /home/airflow/.local/lib/python3.8/site-packages/airflow/example_dags/example_xcomargs.py for tasks to queue
[2023-11-19T15:00:10.509+0000] {logging_mixin.py:154} INFO - [2023-11-19T15:00:10.509+0000] {dagbag.py:536} INFO - Filling up the DagBag from /home/airflow/.local/lib/python3.8/site-packages/airflow/example_dags/example_xcomargs.py
[2023-11-19T15:00:10.520+0000] {processor.py:839} INFO - DAG(s) dict_keys(['example_xcom_args_with_operators', 'example_xcom_args']) retrieved from /home/airflow/.local/lib/python3.8/site-packages/airflow/example_dags/example_xcomargs.py
[2023-11-19T15:00:10.551+0000] {logging_mixin.py:154} INFO - [2023-11-19T15:00:10.550+0000] {dag.py:2941} INFO - Sync 2 DAGs
[2023-11-19T15:00:10.568+0000] {logging_mixin.py:154} INFO - [2023-11-19T15:00:10.568+0000] {dag.py:3722} INFO - Setting next_dagrun for example_xcom_args to None, run_after=None
[2023-11-19T15:00:10.572+0000] {logging_mixin.py:154} INFO - [2023-11-19T15:00:10.572+0000] {dag.py:3722} INFO - Setting next_dagrun for example_xcom_args_with_operators to None, run_after=None
[2023-11-19T15:00:10.597+0000] {processor.py:179} INFO - Processing /home/airflow/.local/lib/python3.8/site-packages/airflow/example_dags/example_xcomargs.py took 0.094 seconds
[2023-11-19T15:00:40.776+0000] {processor.py:157} INFO - Started process (PID=379) to work on /home/airflow/.local/lib/python3.8/site-packages/airflow/example_dags/example_xcomargs.py
[2023-11-19T15:00:40.777+0000] {processor.py:829} INFO - Processing file /home/airflow/.local/lib/python3.8/site-packages/airflow/example_dags/example_xcomargs.py for tasks to queue
[2023-11-19T15:00:40.779+0000] {logging_mixin.py:154} INFO - [2023-11-19T15:00:40.778+0000] {dagbag.py:536} INFO - Filling up the DagBag from /home/airflow/.local/lib/python3.8/site-packages/airflow/example_dags/example_xcomargs.py
[2023-11-19T15:00:40.786+0000] {processor.py:839} INFO - DAG(s) dict_keys(['example_xcom_args_with_operators', 'example_xcom_args']) retrieved from /home/airflow/.local/lib/python3.8/site-packages/airflow/example_dags/example_xcomargs.py
[2023-11-19T15:00:40.812+0000] {logging_mixin.py:154} INFO - [2023-11-19T15:00:40.812+0000] {dag.py:2941} INFO - Sync 2 DAGs
[2023-11-19T15:00:40.825+0000] {logging_mixin.py:154} INFO - [2023-11-19T15:00:40.825+0000] {dag.py:3722} INFO - Setting next_dagrun for example_xcom_args to None, run_after=None
[2023-11-19T15:00:40.828+0000] {logging_mixin.py:154} INFO - [2023-11-19T15:00:40.828+0000] {dag.py:3722} INFO - Setting next_dagrun for example_xcom_args_with_operators to None, run_after=None
[2023-11-19T15:00:40.846+0000] {processor.py:179} INFO - Processing /home/airflow/.local/lib/python3.8/site-packages/airflow/example_dags/example_xcomargs.py took 0.073 seconds
[2023-11-19T15:01:11.126+0000] {processor.py:157} INFO - Started process (PID=433) to work on /home/airflow/.local/lib/python3.8/site-packages/airflow/example_dags/example_xcomargs.py
[2023-11-19T15:01:11.127+0000] {processor.py:829} INFO - Processing file /home/airflow/.local/lib/python3.8/site-packages/airflow/example_dags/example_xcomargs.py for tasks to queue
[2023-11-19T15:01:11.128+0000] {logging_mixin.py:154} INFO - [2023-11-19T15:01:11.128+0000] {dagbag.py:536} INFO - Filling up the DagBag from /home/airflow/.local/lib/python3.8/site-packages/airflow/example_dags/example_xcomargs.py
[2023-11-19T15:01:11.136+0000] {processor.py:839} INFO - DAG(s) dict_keys(['example_xcom_args', 'example_xcom_args_with_operators']) retrieved from /home/airflow/.local/lib/python3.8/site-packages/airflow/example_dags/example_xcomargs.py
[2023-11-19T15:01:11.163+0000] {logging_mixin.py:154} INFO - [2023-11-19T15:01:11.162+0000] {dag.py:2941} INFO - Sync 2 DAGs
[2023-11-19T15:01:11.176+0000] {logging_mixin.py:154} INFO - [2023-11-19T15:01:11.176+0000] {dag.py:3722} INFO - Setting next_dagrun for example_xcom_args to None, run_after=None
[2023-11-19T15:01:11.180+0000] {logging_mixin.py:154} INFO - [2023-11-19T15:01:11.180+0000] {dag.py:3722} INFO - Setting next_dagrun for example_xcom_args_with_operators to None, run_after=None
[2023-11-19T15:01:11.194+0000] {processor.py:179} INFO - Processing /home/airflow/.local/lib/python3.8/site-packages/airflow/example_dags/example_xcomargs.py took 0.071 seconds
[2023-11-19T15:01:41.297+0000] {processor.py:157} INFO - Started process (PID=487) to work on /home/airflow/.local/lib/python3.8/site-packages/airflow/example_dags/example_xcomargs.py
[2023-11-19T15:01:41.298+0000] {processor.py:829} INFO - Processing file /home/airflow/.local/lib/python3.8/site-packages/airflow/example_dags/example_xcomargs.py for tasks to queue
[2023-11-19T15:01:41.300+0000] {logging_mixin.py:154} INFO - [2023-11-19T15:01:41.299+0000] {dagbag.py:536} INFO - Filling up the DagBag from /home/airflow/.local/lib/python3.8/site-packages/airflow/example_dags/example_xcomargs.py
[2023-11-19T15:01:41.306+0000] {processor.py:839} INFO - DAG(s) dict_keys(['example_xcom_args', 'example_xcom_args_with_operators']) retrieved from /home/airflow/.local/lib/python3.8/site-packages/airflow/example_dags/example_xcomargs.py
[2023-11-19T15:01:41.335+0000] {logging_mixin.py:154} INFO - [2023-11-19T15:01:41.334+0000] {dag.py:2941} INFO - Sync 2 DAGs
[2023-11-19T15:01:41.350+0000] {logging_mixin.py:154} INFO - [2023-11-19T15:01:41.350+0000] {dag.py:3722} INFO - Setting next_dagrun for example_xcom_args to None, run_after=None
[2023-11-19T15:01:41.353+0000] {logging_mixin.py:154} INFO - [2023-11-19T15:01:41.353+0000] {dag.py:3722} INFO - Setting next_dagrun for example_xcom_args_with_operators to None, run_after=None
[2023-11-19T15:01:41.368+0000] {processor.py:179} INFO - Processing /home/airflow/.local/lib/python3.8/site-packages/airflow/example_dags/example_xcomargs.py took 0.073 seconds
[2023-11-19T15:02:11.530+0000] {processor.py:157} INFO - Started process (PID=541) to work on /home/airflow/.local/lib/python3.8/site-packages/airflow/example_dags/example_xcomargs.py
[2023-11-19T15:02:11.531+0000] {processor.py:829} INFO - Processing file /home/airflow/.local/lib/python3.8/site-packages/airflow/example_dags/example_xcomargs.py for tasks to queue
[2023-11-19T15:02:11.532+0000] {logging_mixin.py:154} INFO - [2023-11-19T15:02:11.532+0000] {dagbag.py:536} INFO - Filling up the DagBag from /home/airflow/.local/lib/python3.8/site-packages/airflow/example_dags/example_xcomargs.py
[2023-11-19T15:02:11.540+0000] {processor.py:839} INFO - DAG(s) dict_keys(['example_xcom_args', 'example_xcom_args_with_operators']) retrieved from /home/airflow/.local/lib/python3.8/site-packages/airflow/example_dags/example_xcomargs.py
[2023-11-19T15:02:11.564+0000] {logging_mixin.py:154} INFO - [2023-11-19T15:02:11.564+0000] {dag.py:2941} INFO - Sync 2 DAGs
[2023-11-19T15:02:11.577+0000] {logging_mixin.py:154} INFO - [2023-11-19T15:02:11.576+0000] {dag.py:3722} INFO - Setting next_dagrun for example_xcom_args to None, run_after=None
[2023-11-19T15:02:11.579+0000] {logging_mixin.py:154} INFO - [2023-11-19T15:02:11.579+0000] {dag.py:3722} INFO - Setting next_dagrun for example_xcom_args_with_operators to None, run_after=None
[2023-11-19T15:02:11.593+0000] {processor.py:179} INFO - Processing /home/airflow/.local/lib/python3.8/site-packages/airflow/example_dags/example_xcomargs.py took 0.067 seconds
[2023-11-19T15:02:42.162+0000] {processor.py:157} INFO - Started process (PID=595) to work on /home/airflow/.local/lib/python3.8/site-packages/airflow/example_dags/example_xcomargs.py
[2023-11-19T15:02:42.163+0000] {processor.py:829} INFO - Processing file /home/airflow/.local/lib/python3.8/site-packages/airflow/example_dags/example_xcomargs.py for tasks to queue
[2023-11-19T15:02:42.165+0000] {logging_mixin.py:154} INFO - [2023-11-19T15:02:42.165+0000] {dagbag.py:536} INFO - Filling up the DagBag from /home/airflow/.local/lib/python3.8/site-packages/airflow/example_dags/example_xcomargs.py
[2023-11-19T15:02:42.173+0000] {processor.py:839} INFO - DAG(s) dict_keys(['example_xcom_args', 'example_xcom_args_with_operators']) retrieved from /home/airflow/.local/lib/python3.8/site-packages/airflow/example_dags/example_xcomargs.py
[2023-11-19T15:02:42.201+0000] {logging_mixin.py:154} INFO - [2023-11-19T15:02:42.201+0000] {dag.py:2941} INFO - Sync 2 DAGs
[2023-11-19T15:02:42.214+0000] {logging_mixin.py:154} INFO - [2023-11-19T15:02:42.214+0000] {dag.py:3722} INFO - Setting next_dagrun for example_xcom_args to None, run_after=None
[2023-11-19T15:02:42.217+0000] {logging_mixin.py:154} INFO - [2023-11-19T15:02:42.217+0000] {dag.py:3722} INFO - Setting next_dagrun for example_xcom_args_with_operators to None, run_after=None
[2023-11-19T15:02:42.232+0000] {processor.py:179} INFO - Processing /home/airflow/.local/lib/python3.8/site-packages/airflow/example_dags/example_xcomargs.py took 0.072 seconds
