[2023-11-19T14:57:39.408+0000] {processor.py:157} INFO - Started process (PID=63) to work on /home/airflow/.local/lib/python3.8/site-packages/airflow/example_dags/example_latest_only_with_trigger.py
[2023-11-19T14:57:39.408+0000] {processor.py:829} INFO - Processing file /home/airflow/.local/lib/python3.8/site-packages/airflow/example_dags/example_latest_only_with_trigger.py for tasks to queue
[2023-11-19T14:57:39.419+0000] {logging_mixin.py:154} INFO - [2023-11-19T14:57:39.419+0000] {dagbag.py:536} INFO - Filling up the DagBag from /home/airflow/.local/lib/python3.8/site-packages/airflow/example_dags/example_latest_only_with_trigger.py
[2023-11-19T14:57:39.426+0000] {processor.py:839} INFO - DAG(s) dict_keys(['latest_only_with_trigger']) retrieved from /home/airflow/.local/lib/python3.8/site-packages/airflow/example_dags/example_latest_only_with_trigger.py
[2023-11-19T14:57:39.435+0000] {logging_mixin.py:154} INFO - [2023-11-19T14:57:39.435+0000] {dag.py:2941} INFO - Sync 1 DAGs
[2023-11-19T14:57:39.460+0000] {logging_mixin.py:154} INFO - [2023-11-19T14:57:39.460+0000] {dag.py:3722} INFO - Setting next_dagrun for latest_only_with_trigger to 2023-11-19T10:57:39.460387+00:00, run_after=2023-11-19T14:57:39.460387+00:00
[2023-11-19T14:57:39.480+0000] {processor.py:179} INFO - Processing /home/airflow/.local/lib/python3.8/site-packages/airflow/example_dags/example_latest_only_with_trigger.py took 0.075 seconds
[2023-11-19T14:58:10.002+0000] {processor.py:157} INFO - Started process (PID=117) to work on /home/airflow/.local/lib/python3.8/site-packages/airflow/example_dags/example_latest_only_with_trigger.py
[2023-11-19T14:58:10.002+0000] {processor.py:829} INFO - Processing file /home/airflow/.local/lib/python3.8/site-packages/airflow/example_dags/example_latest_only_with_trigger.py for tasks to queue
[2023-11-19T14:58:10.004+0000] {logging_mixin.py:154} INFO - [2023-11-19T14:58:10.004+0000] {dagbag.py:536} INFO - Filling up the DagBag from /home/airflow/.local/lib/python3.8/site-packages/airflow/example_dags/example_latest_only_with_trigger.py
[2023-11-19T14:58:10.009+0000] {processor.py:839} INFO - DAG(s) dict_keys(['latest_only_with_trigger']) retrieved from /home/airflow/.local/lib/python3.8/site-packages/airflow/example_dags/example_latest_only_with_trigger.py
[2023-11-19T14:58:10.029+0000] {logging_mixin.py:154} INFO - [2023-11-19T14:58:10.029+0000] {dag.py:2941} INFO - Sync 1 DAGs
[2023-11-19T14:58:10.057+0000] {logging_mixin.py:154} INFO - [2023-11-19T14:58:10.056+0000] {dag.py:3722} INFO - Setting next_dagrun for latest_only_with_trigger to 2023-11-19T10:58:10.056451+00:00, run_after=2023-11-19T14:58:10.056451+00:00
[2023-11-19T14:58:10.077+0000] {processor.py:179} INFO - Processing /home/airflow/.local/lib/python3.8/site-packages/airflow/example_dags/example_latest_only_with_trigger.py took 0.078 seconds
[2023-11-19T14:58:40.167+0000] {processor.py:157} INFO - Started process (PID=171) to work on /home/airflow/.local/lib/python3.8/site-packages/airflow/example_dags/example_latest_only_with_trigger.py
[2023-11-19T14:58:40.168+0000] {processor.py:829} INFO - Processing file /home/airflow/.local/lib/python3.8/site-packages/airflow/example_dags/example_latest_only_with_trigger.py for tasks to queue
[2023-11-19T14:58:40.170+0000] {logging_mixin.py:154} INFO - [2023-11-19T14:58:40.170+0000] {dagbag.py:536} INFO - Filling up the DagBag from /home/airflow/.local/lib/python3.8/site-packages/airflow/example_dags/example_latest_only_with_trigger.py
[2023-11-19T14:58:40.175+0000] {processor.py:839} INFO - DAG(s) dict_keys(['latest_only_with_trigger']) retrieved from /home/airflow/.local/lib/python3.8/site-packages/airflow/example_dags/example_latest_only_with_trigger.py
[2023-11-19T14:58:40.196+0000] {logging_mixin.py:154} INFO - [2023-11-19T14:58:40.196+0000] {dag.py:2941} INFO - Sync 1 DAGs
[2023-11-19T14:58:40.216+0000] {logging_mixin.py:154} INFO - [2023-11-19T14:58:40.216+0000] {dag.py:3722} INFO - Setting next_dagrun for latest_only_with_trigger to 2023-11-19T10:58:40.216508+00:00, run_after=2023-11-19T14:58:40.216508+00:00
[2023-11-19T14:58:40.232+0000] {processor.py:179} INFO - Processing /home/airflow/.local/lib/python3.8/site-packages/airflow/example_dags/example_latest_only_with_trigger.py took 0.068 seconds
[2023-11-19T14:59:10.625+0000] {processor.py:157} INFO - Started process (PID=225) to work on /home/airflow/.local/lib/python3.8/site-packages/airflow/example_dags/example_latest_only_with_trigger.py
[2023-11-19T14:59:10.626+0000] {processor.py:829} INFO - Processing file /home/airflow/.local/lib/python3.8/site-packages/airflow/example_dags/example_latest_only_with_trigger.py for tasks to queue
[2023-11-19T14:59:10.628+0000] {logging_mixin.py:154} INFO - [2023-11-19T14:59:10.628+0000] {dagbag.py:536} INFO - Filling up the DagBag from /home/airflow/.local/lib/python3.8/site-packages/airflow/example_dags/example_latest_only_with_trigger.py
[2023-11-19T14:59:10.634+0000] {processor.py:839} INFO - DAG(s) dict_keys(['latest_only_with_trigger']) retrieved from /home/airflow/.local/lib/python3.8/site-packages/airflow/example_dags/example_latest_only_with_trigger.py
[2023-11-19T14:59:10.655+0000] {logging_mixin.py:154} INFO - [2023-11-19T14:59:10.655+0000] {dag.py:2941} INFO - Sync 1 DAGs
[2023-11-19T14:59:10.676+0000] {logging_mixin.py:154} INFO - [2023-11-19T14:59:10.675+0000] {dag.py:3722} INFO - Setting next_dagrun for latest_only_with_trigger to 2023-11-19T10:59:10.675604+00:00, run_after=2023-11-19T14:59:10.675604+00:00
[2023-11-19T14:59:10.692+0000] {processor.py:179} INFO - Processing /home/airflow/.local/lib/python3.8/site-packages/airflow/example_dags/example_latest_only_with_trigger.py took 0.070 seconds
[2023-11-19T14:59:40.854+0000] {processor.py:157} INFO - Started process (PID=279) to work on /home/airflow/.local/lib/python3.8/site-packages/airflow/example_dags/example_latest_only_with_trigger.py
[2023-11-19T14:59:40.855+0000] {processor.py:829} INFO - Processing file /home/airflow/.local/lib/python3.8/site-packages/airflow/example_dags/example_latest_only_with_trigger.py for tasks to queue
[2023-11-19T14:59:40.857+0000] {logging_mixin.py:154} INFO - [2023-11-19T14:59:40.857+0000] {dagbag.py:536} INFO - Filling up the DagBag from /home/airflow/.local/lib/python3.8/site-packages/airflow/example_dags/example_latest_only_with_trigger.py
[2023-11-19T14:59:40.863+0000] {processor.py:839} INFO - DAG(s) dict_keys(['latest_only_with_trigger']) retrieved from /home/airflow/.local/lib/python3.8/site-packages/airflow/example_dags/example_latest_only_with_trigger.py
[2023-11-19T14:59:40.889+0000] {logging_mixin.py:154} INFO - [2023-11-19T14:59:40.889+0000] {dag.py:2941} INFO - Sync 1 DAGs
[2023-11-19T14:59:40.912+0000] {logging_mixin.py:154} INFO - [2023-11-19T14:59:40.912+0000] {dag.py:3722} INFO - Setting next_dagrun for latest_only_with_trigger to 2023-11-19T10:59:40.912213+00:00, run_after=2023-11-19T14:59:40.912213+00:00
[2023-11-19T14:59:40.932+0000] {processor.py:179} INFO - Processing /home/airflow/.local/lib/python3.8/site-packages/airflow/example_dags/example_latest_only_with_trigger.py took 0.081 seconds
[2023-11-19T15:00:11.128+0000] {processor.py:157} INFO - Started process (PID=334) to work on /home/airflow/.local/lib/python3.8/site-packages/airflow/example_dags/example_latest_only_with_trigger.py
[2023-11-19T15:00:11.129+0000] {processor.py:829} INFO - Processing file /home/airflow/.local/lib/python3.8/site-packages/airflow/example_dags/example_latest_only_with_trigger.py for tasks to queue
[2023-11-19T15:00:11.130+0000] {logging_mixin.py:154} INFO - [2023-11-19T15:00:11.130+0000] {dagbag.py:536} INFO - Filling up the DagBag from /home/airflow/.local/lib/python3.8/site-packages/airflow/example_dags/example_latest_only_with_trigger.py
[2023-11-19T15:00:11.135+0000] {processor.py:839} INFO - DAG(s) dict_keys(['latest_only_with_trigger']) retrieved from /home/airflow/.local/lib/python3.8/site-packages/airflow/example_dags/example_latest_only_with_trigger.py
[2023-11-19T15:00:11.152+0000] {logging_mixin.py:154} INFO - [2023-11-19T15:00:11.152+0000] {dag.py:2941} INFO - Sync 1 DAGs
[2023-11-19T15:00:11.172+0000] {logging_mixin.py:154} INFO - [2023-11-19T15:00:11.172+0000] {dag.py:3722} INFO - Setting next_dagrun for latest_only_with_trigger to 2023-11-19T11:00:11.172468+00:00, run_after=2023-11-19T15:00:11.172468+00:00
[2023-11-19T15:00:11.187+0000] {processor.py:179} INFO - Processing /home/airflow/.local/lib/python3.8/site-packages/airflow/example_dags/example_latest_only_with_trigger.py took 0.062 seconds
[2023-11-19T15:00:41.303+0000] {processor.py:157} INFO - Started process (PID=387) to work on /home/airflow/.local/lib/python3.8/site-packages/airflow/example_dags/example_latest_only_with_trigger.py
[2023-11-19T15:00:41.303+0000] {processor.py:829} INFO - Processing file /home/airflow/.local/lib/python3.8/site-packages/airflow/example_dags/example_latest_only_with_trigger.py for tasks to queue
[2023-11-19T15:00:41.305+0000] {logging_mixin.py:154} INFO - [2023-11-19T15:00:41.305+0000] {dagbag.py:536} INFO - Filling up the DagBag from /home/airflow/.local/lib/python3.8/site-packages/airflow/example_dags/example_latest_only_with_trigger.py
[2023-11-19T15:00:41.310+0000] {processor.py:839} INFO - DAG(s) dict_keys(['latest_only_with_trigger']) retrieved from /home/airflow/.local/lib/python3.8/site-packages/airflow/example_dags/example_latest_only_with_trigger.py
[2023-11-19T15:00:41.331+0000] {logging_mixin.py:154} INFO - [2023-11-19T15:00:41.331+0000] {dag.py:2941} INFO - Sync 1 DAGs
[2023-11-19T15:00:41.353+0000] {logging_mixin.py:154} INFO - [2023-11-19T15:00:41.352+0000] {dag.py:3722} INFO - Setting next_dagrun for latest_only_with_trigger to 2023-11-19T11:00:41.352553+00:00, run_after=2023-11-19T15:00:41.352553+00:00
[2023-11-19T15:00:41.372+0000] {processor.py:179} INFO - Processing /home/airflow/.local/lib/python3.8/site-packages/airflow/example_dags/example_latest_only_with_trigger.py took 0.072 seconds
[2023-11-19T15:01:11.551+0000] {processor.py:157} INFO - Started process (PID=441) to work on /home/airflow/.local/lib/python3.8/site-packages/airflow/example_dags/example_latest_only_with_trigger.py
[2023-11-19T15:01:11.551+0000] {processor.py:829} INFO - Processing file /home/airflow/.local/lib/python3.8/site-packages/airflow/example_dags/example_latest_only_with_trigger.py for tasks to queue
[2023-11-19T15:01:11.553+0000] {logging_mixin.py:154} INFO - [2023-11-19T15:01:11.553+0000] {dagbag.py:536} INFO - Filling up the DagBag from /home/airflow/.local/lib/python3.8/site-packages/airflow/example_dags/example_latest_only_with_trigger.py
[2023-11-19T15:01:11.559+0000] {processor.py:839} INFO - DAG(s) dict_keys(['latest_only_with_trigger']) retrieved from /home/airflow/.local/lib/python3.8/site-packages/airflow/example_dags/example_latest_only_with_trigger.py
[2023-11-19T15:01:11.581+0000] {logging_mixin.py:154} INFO - [2023-11-19T15:01:11.580+0000] {dag.py:2941} INFO - Sync 1 DAGs
[2023-11-19T15:01:11.602+0000] {logging_mixin.py:154} INFO - [2023-11-19T15:01:11.601+0000] {dag.py:3722} INFO - Setting next_dagrun for latest_only_with_trigger to 2023-11-19T11:01:11.601701+00:00, run_after=2023-11-19T15:01:11.601701+00:00
[2023-11-19T15:01:11.617+0000] {processor.py:179} INFO - Processing /home/airflow/.local/lib/python3.8/site-packages/airflow/example_dags/example_latest_only_with_trigger.py took 0.070 seconds
[2023-11-19T15:01:41.735+0000] {processor.py:157} INFO - Started process (PID=495) to work on /home/airflow/.local/lib/python3.8/site-packages/airflow/example_dags/example_latest_only_with_trigger.py
[2023-11-19T15:01:41.736+0000] {processor.py:829} INFO - Processing file /home/airflow/.local/lib/python3.8/site-packages/airflow/example_dags/example_latest_only_with_trigger.py for tasks to queue
[2023-11-19T15:01:41.738+0000] {logging_mixin.py:154} INFO - [2023-11-19T15:01:41.737+0000] {dagbag.py:536} INFO - Filling up the DagBag from /home/airflow/.local/lib/python3.8/site-packages/airflow/example_dags/example_latest_only_with_trigger.py
[2023-11-19T15:01:41.743+0000] {processor.py:839} INFO - DAG(s) dict_keys(['latest_only_with_trigger']) retrieved from /home/airflow/.local/lib/python3.8/site-packages/airflow/example_dags/example_latest_only_with_trigger.py
[2023-11-19T15:01:41.765+0000] {logging_mixin.py:154} INFO - [2023-11-19T15:01:41.765+0000] {dag.py:2941} INFO - Sync 1 DAGs
[2023-11-19T15:01:41.789+0000] {logging_mixin.py:154} INFO - [2023-11-19T15:01:41.789+0000] {dag.py:3722} INFO - Setting next_dagrun for latest_only_with_trigger to 2023-11-19T11:01:41.789105+00:00, run_after=2023-11-19T15:01:41.789105+00:00
[2023-11-19T15:01:41.806+0000] {processor.py:179} INFO - Processing /home/airflow/.local/lib/python3.8/site-packages/airflow/example_dags/example_latest_only_with_trigger.py took 0.075 seconds
[2023-11-19T15:02:12.023+0000] {processor.py:157} INFO - Started process (PID=549) to work on /home/airflow/.local/lib/python3.8/site-packages/airflow/example_dags/example_latest_only_with_trigger.py
[2023-11-19T15:02:12.025+0000] {processor.py:829} INFO - Processing file /home/airflow/.local/lib/python3.8/site-packages/airflow/example_dags/example_latest_only_with_trigger.py for tasks to queue
[2023-11-19T15:02:12.026+0000] {logging_mixin.py:154} INFO - [2023-11-19T15:02:12.026+0000] {dagbag.py:536} INFO - Filling up the DagBag from /home/airflow/.local/lib/python3.8/site-packages/airflow/example_dags/example_latest_only_with_trigger.py
[2023-11-19T15:02:12.033+0000] {processor.py:839} INFO - DAG(s) dict_keys(['latest_only_with_trigger']) retrieved from /home/airflow/.local/lib/python3.8/site-packages/airflow/example_dags/example_latest_only_with_trigger.py
[2023-11-19T15:02:12.056+0000] {logging_mixin.py:154} INFO - [2023-11-19T15:02:12.056+0000] {dag.py:2941} INFO - Sync 1 DAGs
[2023-11-19T15:02:12.083+0000] {logging_mixin.py:154} INFO - [2023-11-19T15:02:12.082+0000] {dag.py:3722} INFO - Setting next_dagrun for latest_only_with_trigger to 2023-11-19T11:02:12.082474+00:00, run_after=2023-11-19T15:02:12.082474+00:00
[2023-11-19T15:02:12.099+0000] {processor.py:179} INFO - Processing /home/airflow/.local/lib/python3.8/site-packages/airflow/example_dags/example_latest_only_with_trigger.py took 0.079 seconds
[2023-11-19T15:02:42.569+0000] {processor.py:157} INFO - Started process (PID=603) to work on /home/airflow/.local/lib/python3.8/site-packages/airflow/example_dags/example_latest_only_with_trigger.py
[2023-11-19T15:02:42.570+0000] {processor.py:829} INFO - Processing file /home/airflow/.local/lib/python3.8/site-packages/airflow/example_dags/example_latest_only_with_trigger.py for tasks to queue
[2023-11-19T15:02:42.572+0000] {logging_mixin.py:154} INFO - [2023-11-19T15:02:42.571+0000] {dagbag.py:536} INFO - Filling up the DagBag from /home/airflow/.local/lib/python3.8/site-packages/airflow/example_dags/example_latest_only_with_trigger.py
[2023-11-19T15:02:42.577+0000] {processor.py:839} INFO - DAG(s) dict_keys(['latest_only_with_trigger']) retrieved from /home/airflow/.local/lib/python3.8/site-packages/airflow/example_dags/example_latest_only_with_trigger.py
[2023-11-19T15:02:42.598+0000] {logging_mixin.py:154} INFO - [2023-11-19T15:02:42.598+0000] {dag.py:2941} INFO - Sync 1 DAGs
