[2023-11-19T14:57:38.301+0000] {processor.py:157} INFO - Started process (PID=44) to work on /home/airflow/.local/lib/python3.8/site-packages/airflow/example_dags/example_external_task_marker_dag.py
[2023-11-19T14:57:38.301+0000] {processor.py:829} INFO - Processing file /home/airflow/.local/lib/python3.8/site-packages/airflow/example_dags/example_external_task_marker_dag.py for tasks to queue
[2023-11-19T14:57:38.303+0000] {logging_mixin.py:154} INFO - [2023-11-19T14:57:38.303+0000] {dagbag.py:536} INFO - Filling up the DagBag from /home/airflow/.local/lib/python3.8/site-packages/airflow/example_dags/example_external_task_marker_dag.py
[2023-11-19T14:57:38.321+0000] {processor.py:839} INFO - DAG(s) dict_keys(['example_external_task_marker_child', 'example_external_task_marker_parent']) retrieved from /home/airflow/.local/lib/python3.8/site-packages/airflow/example_dags/example_external_task_marker_dag.py
[2023-11-19T14:57:38.331+0000] {logging_mixin.py:154} INFO - [2023-11-19T14:57:38.331+0000] {dag.py:2941} INFO - Sync 2 DAGs
[2023-11-19T14:57:38.344+0000] {logging_mixin.py:154} INFO - [2023-11-19T14:57:38.344+0000] {dag.py:3722} INFO - Setting next_dagrun for example_external_task_marker_child to None, run_after=None
[2023-11-19T14:57:38.347+0000] {logging_mixin.py:154} INFO - [2023-11-19T14:57:38.347+0000] {dag.py:3722} INFO - Setting next_dagrun for example_external_task_marker_parent to None, run_after=None
[2023-11-19T14:57:38.372+0000] {processor.py:179} INFO - Processing /home/airflow/.local/lib/python3.8/site-packages/airflow/example_dags/example_external_task_marker_dag.py took 0.074 seconds
[2023-11-19T14:58:08.831+0000] {processor.py:157} INFO - Started process (PID=98) to work on /home/airflow/.local/lib/python3.8/site-packages/airflow/example_dags/example_external_task_marker_dag.py
[2023-11-19T14:58:08.831+0000] {processor.py:829} INFO - Processing file /home/airflow/.local/lib/python3.8/site-packages/airflow/example_dags/example_external_task_marker_dag.py for tasks to queue
[2023-11-19T14:58:08.833+0000] {logging_mixin.py:154} INFO - [2023-11-19T14:58:08.833+0000] {dagbag.py:536} INFO - Filling up the DagBag from /home/airflow/.local/lib/python3.8/site-packages/airflow/example_dags/example_external_task_marker_dag.py
[2023-11-19T14:58:08.838+0000] {processor.py:839} INFO - DAG(s) dict_keys(['example_external_task_marker_parent', 'example_external_task_marker_child']) retrieved from /home/airflow/.local/lib/python3.8/site-packages/airflow/example_dags/example_external_task_marker_dag.py
[2023-11-19T14:58:08.862+0000] {logging_mixin.py:154} INFO - [2023-11-19T14:58:08.861+0000] {dag.py:2941} INFO - Sync 2 DAGs
[2023-11-19T14:58:08.875+0000] {logging_mixin.py:154} INFO - [2023-11-19T14:58:08.875+0000] {dag.py:3722} INFO - Setting next_dagrun for example_external_task_marker_child to None, run_after=None
[2023-11-19T14:58:08.878+0000] {logging_mixin.py:154} INFO - [2023-11-19T14:58:08.878+0000] {dag.py:3722} INFO - Setting next_dagrun for example_external_task_marker_parent to None, run_after=None
[2023-11-19T14:58:08.897+0000] {processor.py:179} INFO - Processing /home/airflow/.local/lib/python3.8/site-packages/airflow/example_dags/example_external_task_marker_dag.py took 0.070 seconds
[2023-11-19T14:58:39.000+0000] {processor.py:157} INFO - Started process (PID=152) to work on /home/airflow/.local/lib/python3.8/site-packages/airflow/example_dags/example_external_task_marker_dag.py
[2023-11-19T14:58:39.001+0000] {processor.py:829} INFO - Processing file /home/airflow/.local/lib/python3.8/site-packages/airflow/example_dags/example_external_task_marker_dag.py for tasks to queue
[2023-11-19T14:58:39.003+0000] {logging_mixin.py:154} INFO - [2023-11-19T14:58:39.002+0000] {dagbag.py:536} INFO - Filling up the DagBag from /home/airflow/.local/lib/python3.8/site-packages/airflow/example_dags/example_external_task_marker_dag.py
[2023-11-19T14:58:39.008+0000] {processor.py:839} INFO - DAG(s) dict_keys(['example_external_task_marker_parent', 'example_external_task_marker_child']) retrieved from /home/airflow/.local/lib/python3.8/site-packages/airflow/example_dags/example_external_task_marker_dag.py
[2023-11-19T14:58:39.034+0000] {logging_mixin.py:154} INFO - [2023-11-19T14:58:39.033+0000] {dag.py:2941} INFO - Sync 2 DAGs
[2023-11-19T14:58:39.047+0000] {logging_mixin.py:154} INFO - [2023-11-19T14:58:39.046+0000] {dag.py:3722} INFO - Setting next_dagrun for example_external_task_marker_child to None, run_after=None
[2023-11-19T14:58:39.050+0000] {logging_mixin.py:154} INFO - [2023-11-19T14:58:39.049+0000] {dag.py:3722} INFO - Setting next_dagrun for example_external_task_marker_parent to None, run_after=None
[2023-11-19T14:58:39.064+0000] {processor.py:179} INFO - Processing /home/airflow/.local/lib/python3.8/site-packages/airflow/example_dags/example_external_task_marker_dag.py took 0.067 seconds
[2023-11-19T14:59:09.273+0000] {processor.py:157} INFO - Started process (PID=206) to work on /home/airflow/.local/lib/python3.8/site-packages/airflow/example_dags/example_external_task_marker_dag.py
[2023-11-19T14:59:09.274+0000] {processor.py:829} INFO - Processing file /home/airflow/.local/lib/python3.8/site-packages/airflow/example_dags/example_external_task_marker_dag.py for tasks to queue
[2023-11-19T14:59:09.277+0000] {logging_mixin.py:154} INFO - [2023-11-19T14:59:09.277+0000] {dagbag.py:536} INFO - Filling up the DagBag from /home/airflow/.local/lib/python3.8/site-packages/airflow/example_dags/example_external_task_marker_dag.py
[2023-11-19T14:59:09.284+0000] {processor.py:839} INFO - DAG(s) dict_keys(['example_external_task_marker_parent', 'example_external_task_marker_child']) retrieved from /home/airflow/.local/lib/python3.8/site-packages/airflow/example_dags/example_external_task_marker_dag.py
[2023-11-19T14:59:09.309+0000] {logging_mixin.py:154} INFO - [2023-11-19T14:59:09.309+0000] {dag.py:2941} INFO - Sync 2 DAGs
[2023-11-19T14:59:09.323+0000] {logging_mixin.py:154} INFO - [2023-11-19T14:59:09.322+0000] {dag.py:3722} INFO - Setting next_dagrun for example_external_task_marker_child to None, run_after=None
[2023-11-19T14:59:09.326+0000] {logging_mixin.py:154} INFO - [2023-11-19T14:59:09.326+0000] {dag.py:3722} INFO - Setting next_dagrun for example_external_task_marker_parent to None, run_after=None
[2023-11-19T14:59:09.341+0000] {processor.py:179} INFO - Processing /home/airflow/.local/lib/python3.8/site-packages/airflow/example_dags/example_external_task_marker_dag.py took 0.071 seconds
[2023-11-19T14:59:39.490+0000] {processor.py:157} INFO - Started process (PID=260) to work on /home/airflow/.local/lib/python3.8/site-packages/airflow/example_dags/example_external_task_marker_dag.py
[2023-11-19T14:59:39.490+0000] {processor.py:829} INFO - Processing file /home/airflow/.local/lib/python3.8/site-packages/airflow/example_dags/example_external_task_marker_dag.py for tasks to queue
[2023-11-19T14:59:39.492+0000] {logging_mixin.py:154} INFO - [2023-11-19T14:59:39.492+0000] {dagbag.py:536} INFO - Filling up the DagBag from /home/airflow/.local/lib/python3.8/site-packages/airflow/example_dags/example_external_task_marker_dag.py
[2023-11-19T14:59:39.498+0000] {processor.py:839} INFO - DAG(s) dict_keys(['example_external_task_marker_child', 'example_external_task_marker_parent']) retrieved from /home/airflow/.local/lib/python3.8/site-packages/airflow/example_dags/example_external_task_marker_dag.py
[2023-11-19T14:59:39.523+0000] {logging_mixin.py:154} INFO - [2023-11-19T14:59:39.523+0000] {dag.py:2941} INFO - Sync 2 DAGs
[2023-11-19T14:59:39.538+0000] {logging_mixin.py:154} INFO - [2023-11-19T14:59:39.538+0000] {dag.py:3722} INFO - Setting next_dagrun for example_external_task_marker_child to None, run_after=None
[2023-11-19T14:59:39.543+0000] {logging_mixin.py:154} INFO - [2023-11-19T14:59:39.543+0000] {dag.py:3722} INFO - Setting next_dagrun for example_external_task_marker_parent to None, run_after=None
[2023-11-19T14:59:39.564+0000] {processor.py:179} INFO - Processing /home/airflow/.local/lib/python3.8/site-packages/airflow/example_dags/example_external_task_marker_dag.py took 0.077 seconds
[2023-11-19T15:00:09.779+0000] {processor.py:157} INFO - Started process (PID=315) to work on /home/airflow/.local/lib/python3.8/site-packages/airflow/example_dags/example_external_task_marker_dag.py
[2023-11-19T15:00:09.781+0000] {processor.py:829} INFO - Processing file /home/airflow/.local/lib/python3.8/site-packages/airflow/example_dags/example_external_task_marker_dag.py for tasks to queue
[2023-11-19T15:00:09.784+0000] {logging_mixin.py:154} INFO - [2023-11-19T15:00:09.783+0000] {dagbag.py:536} INFO - Filling up the DagBag from /home/airflow/.local/lib/python3.8/site-packages/airflow/example_dags/example_external_task_marker_dag.py
[2023-11-19T15:00:09.790+0000] {processor.py:839} INFO - DAG(s) dict_keys(['example_external_task_marker_child', 'example_external_task_marker_parent']) retrieved from /home/airflow/.local/lib/python3.8/site-packages/airflow/example_dags/example_external_task_marker_dag.py
[2023-11-19T15:00:09.817+0000] {logging_mixin.py:154} INFO - [2023-11-19T15:00:09.817+0000] {dag.py:2941} INFO - Sync 2 DAGs
[2023-11-19T15:00:09.830+0000] {logging_mixin.py:154} INFO - [2023-11-19T15:00:09.830+0000] {dag.py:3722} INFO - Setting next_dagrun for example_external_task_marker_child to None, run_after=None
[2023-11-19T15:00:09.834+0000] {logging_mixin.py:154} INFO - [2023-11-19T15:00:09.834+0000] {dag.py:3722} INFO - Setting next_dagrun for example_external_task_marker_parent to None, run_after=None
[2023-11-19T15:00:09.849+0000] {processor.py:179} INFO - Processing /home/airflow/.local/lib/python3.8/site-packages/airflow/example_dags/example_external_task_marker_dag.py took 0.072 seconds
[2023-11-19T15:00:40.140+0000] {processor.py:157} INFO - Started process (PID=369) to work on /home/airflow/.local/lib/python3.8/site-packages/airflow/example_dags/example_external_task_marker_dag.py
[2023-11-19T15:00:40.141+0000] {processor.py:829} INFO - Processing file /home/airflow/.local/lib/python3.8/site-packages/airflow/example_dags/example_external_task_marker_dag.py for tasks to queue
[2023-11-19T15:00:40.144+0000] {logging_mixin.py:154} INFO - [2023-11-19T15:00:40.143+0000] {dagbag.py:536} INFO - Filling up the DagBag from /home/airflow/.local/lib/python3.8/site-packages/airflow/example_dags/example_external_task_marker_dag.py
[2023-11-19T15:00:40.148+0000] {processor.py:839} INFO - DAG(s) dict_keys(['example_external_task_marker_child', 'example_external_task_marker_parent']) retrieved from /home/airflow/.local/lib/python3.8/site-packages/airflow/example_dags/example_external_task_marker_dag.py
[2023-11-19T15:00:40.178+0000] {logging_mixin.py:154} INFO - [2023-11-19T15:00:40.178+0000] {dag.py:2941} INFO - Sync 2 DAGs
[2023-11-19T15:00:40.193+0000] {logging_mixin.py:154} INFO - [2023-11-19T15:00:40.193+0000] {dag.py:3722} INFO - Setting next_dagrun for example_external_task_marker_child to None, run_after=None
[2023-11-19T15:00:40.197+0000] {logging_mixin.py:154} INFO - [2023-11-19T15:00:40.197+0000] {dag.py:3722} INFO - Setting next_dagrun for example_external_task_marker_parent to None, run_after=None
[2023-11-19T15:00:40.211+0000] {processor.py:179} INFO - Processing /home/airflow/.local/lib/python3.8/site-packages/airflow/example_dags/example_external_task_marker_dag.py took 0.074 seconds
[2023-11-19T15:01:10.492+0000] {processor.py:157} INFO - Started process (PID=423) to work on /home/airflow/.local/lib/python3.8/site-packages/airflow/example_dags/example_external_task_marker_dag.py
[2023-11-19T15:01:10.493+0000] {processor.py:829} INFO - Processing file /home/airflow/.local/lib/python3.8/site-packages/airflow/example_dags/example_external_task_marker_dag.py for tasks to queue
[2023-11-19T15:01:10.495+0000] {logging_mixin.py:154} INFO - [2023-11-19T15:01:10.495+0000] {dagbag.py:536} INFO - Filling up the DagBag from /home/airflow/.local/lib/python3.8/site-packages/airflow/example_dags/example_external_task_marker_dag.py
[2023-11-19T15:01:10.502+0000] {processor.py:839} INFO - DAG(s) dict_keys(['example_external_task_marker_child', 'example_external_task_marker_parent']) retrieved from /home/airflow/.local/lib/python3.8/site-packages/airflow/example_dags/example_external_task_marker_dag.py
[2023-11-19T15:01:10.528+0000] {logging_mixin.py:154} INFO - [2023-11-19T15:01:10.527+0000] {dag.py:2941} INFO - Sync 2 DAGs
[2023-11-19T15:01:10.544+0000] {logging_mixin.py:154} INFO - [2023-11-19T15:01:10.544+0000] {dag.py:3722} INFO - Setting next_dagrun for example_external_task_marker_child to None, run_after=None
[2023-11-19T15:01:10.548+0000] {logging_mixin.py:154} INFO - [2023-11-19T15:01:10.548+0000] {dag.py:3722} INFO - Setting next_dagrun for example_external_task_marker_parent to None, run_after=None
[2023-11-19T15:01:10.568+0000] {processor.py:179} INFO - Processing /home/airflow/.local/lib/python3.8/site-packages/airflow/example_dags/example_external_task_marker_dag.py took 0.080 seconds
[2023-11-19T15:01:40.610+0000] {processor.py:157} INFO - Started process (PID=477) to work on /home/airflow/.local/lib/python3.8/site-packages/airflow/example_dags/example_external_task_marker_dag.py
[2023-11-19T15:01:40.611+0000] {processor.py:829} INFO - Processing file /home/airflow/.local/lib/python3.8/site-packages/airflow/example_dags/example_external_task_marker_dag.py for tasks to queue
[2023-11-19T15:01:40.613+0000] {logging_mixin.py:154} INFO - [2023-11-19T15:01:40.613+0000] {dagbag.py:536} INFO - Filling up the DagBag from /home/airflow/.local/lib/python3.8/site-packages/airflow/example_dags/example_external_task_marker_dag.py
[2023-11-19T15:01:40.618+0000] {processor.py:839} INFO - DAG(s) dict_keys(['example_external_task_marker_parent', 'example_external_task_marker_child']) retrieved from /home/airflow/.local/lib/python3.8/site-packages/airflow/example_dags/example_external_task_marker_dag.py
[2023-11-19T15:01:40.640+0000] {logging_mixin.py:154} INFO - [2023-11-19T15:01:40.640+0000] {dag.py:2941} INFO - Sync 2 DAGs
[2023-11-19T15:01:40.655+0000] {logging_mixin.py:154} INFO - [2023-11-19T15:01:40.655+0000] {dag.py:3722} INFO - Setting next_dagrun for example_external_task_marker_child to None, run_after=None
[2023-11-19T15:01:40.658+0000] {logging_mixin.py:154} INFO - [2023-11-19T15:01:40.658+0000] {dag.py:3722} INFO - Setting next_dagrun for example_external_task_marker_parent to None, run_after=None
[2023-11-19T15:01:40.672+0000] {processor.py:179} INFO - Processing /home/airflow/.local/lib/python3.8/site-packages/airflow/example_dags/example_external_task_marker_dag.py took 0.065 seconds
[2023-11-19T15:02:10.975+0000] {processor.py:157} INFO - Started process (PID=531) to work on /home/airflow/.local/lib/python3.8/site-packages/airflow/example_dags/example_external_task_marker_dag.py
[2023-11-19T15:02:10.977+0000] {processor.py:829} INFO - Processing file /home/airflow/.local/lib/python3.8/site-packages/airflow/example_dags/example_external_task_marker_dag.py for tasks to queue
[2023-11-19T15:02:10.980+0000] {logging_mixin.py:154} INFO - [2023-11-19T15:02:10.980+0000] {dagbag.py:536} INFO - Filling up the DagBag from /home/airflow/.local/lib/python3.8/site-packages/airflow/example_dags/example_external_task_marker_dag.py
[2023-11-19T15:02:10.985+0000] {processor.py:839} INFO - DAG(s) dict_keys(['example_external_task_marker_parent', 'example_external_task_marker_child']) retrieved from /home/airflow/.local/lib/python3.8/site-packages/airflow/example_dags/example_external_task_marker_dag.py
[2023-11-19T15:02:11.013+0000] {logging_mixin.py:154} INFO - [2023-11-19T15:02:11.013+0000] {dag.py:2941} INFO - Sync 2 DAGs
[2023-11-19T15:02:11.027+0000] {logging_mixin.py:154} INFO - [2023-11-19T15:02:11.027+0000] {dag.py:3722} INFO - Setting next_dagrun for example_external_task_marker_child to None, run_after=None
[2023-11-19T15:02:11.032+0000] {logging_mixin.py:154} INFO - [2023-11-19T15:02:11.032+0000] {dag.py:3722} INFO - Setting next_dagrun for example_external_task_marker_parent to None, run_after=None
[2023-11-19T15:02:11.049+0000] {processor.py:179} INFO - Processing /home/airflow/.local/lib/python3.8/site-packages/airflow/example_dags/example_external_task_marker_dag.py took 0.076 seconds
[2023-11-19T15:02:41.554+0000] {processor.py:157} INFO - Started process (PID=585) to work on /home/airflow/.local/lib/python3.8/site-packages/airflow/example_dags/example_external_task_marker_dag.py
[2023-11-19T15:02:41.555+0000] {processor.py:829} INFO - Processing file /home/airflow/.local/lib/python3.8/site-packages/airflow/example_dags/example_external_task_marker_dag.py for tasks to queue
[2023-11-19T15:02:41.557+0000] {logging_mixin.py:154} INFO - [2023-11-19T15:02:41.557+0000] {dagbag.py:536} INFO - Filling up the DagBag from /home/airflow/.local/lib/python3.8/site-packages/airflow/example_dags/example_external_task_marker_dag.py
[2023-11-19T15:02:41.562+0000] {processor.py:839} INFO - DAG(s) dict_keys(['example_external_task_marker_child', 'example_external_task_marker_parent']) retrieved from /home/airflow/.local/lib/python3.8/site-packages/airflow/example_dags/example_external_task_marker_dag.py
[2023-11-19T15:02:41.585+0000] {logging_mixin.py:154} INFO - [2023-11-19T15:02:41.585+0000] {dag.py:2941} INFO - Sync 2 DAGs
[2023-11-19T15:02:41.597+0000] {logging_mixin.py:154} INFO - [2023-11-19T15:02:41.596+0000] {dag.py:3722} INFO - Setting next_dagrun for example_external_task_marker_child to None, run_after=None
[2023-11-19T15:02:41.600+0000] {logging_mixin.py:154} INFO - [2023-11-19T15:02:41.600+0000] {dag.py:3722} INFO - Setting next_dagrun for example_external_task_marker_parent to None, run_after=None
[2023-11-19T15:02:41.619+0000] {processor.py:179} INFO - Processing /home/airflow/.local/lib/python3.8/site-packages/airflow/example_dags/example_external_task_marker_dag.py took 0.067 seconds
