[2023-11-19T14:57:39.907+0000] {processor.py:157} INFO - Started process (PID=73) to work on /home/airflow/.local/lib/python3.8/site-packages/airflow/example_dags/example_bash_operator.py
[2023-11-19T14:57:39.907+0000] {processor.py:829} INFO - Processing file /home/airflow/.local/lib/python3.8/site-packages/airflow/example_dags/example_bash_operator.py for tasks to queue
[2023-11-19T14:57:39.909+0000] {logging_mixin.py:154} INFO - [2023-11-19T14:57:39.909+0000] {dagbag.py:536} INFO - Filling up the DagBag from /home/airflow/.local/lib/python3.8/site-packages/airflow/example_dags/example_bash_operator.py
[2023-11-19T14:57:39.921+0000] {processor.py:839} INFO - DAG(s) dict_keys(['example_bash_operator']) retrieved from /home/airflow/.local/lib/python3.8/site-packages/airflow/example_dags/example_bash_operator.py
[2023-11-19T14:57:39.932+0000] {logging_mixin.py:154} INFO - [2023-11-19T14:57:39.931+0000] {dag.py:2941} INFO - Sync 1 DAGs
[2023-11-19T14:57:39.955+0000] {logging_mixin.py:154} INFO - [2023-11-19T14:57:39.955+0000] {dag.py:3722} INFO - Setting next_dagrun for example_bash_operator to 2023-11-18T00:00:00+00:00, run_after=2023-11-19T00:00:00+00:00
[2023-11-19T14:57:39.974+0000] {processor.py:179} INFO - Processing /home/airflow/.local/lib/python3.8/site-packages/airflow/example_dags/example_bash_operator.py took 0.070 seconds
[2023-11-19T14:58:10.652+0000] {processor.py:157} INFO - Started process (PID=127) to work on /home/airflow/.local/lib/python3.8/site-packages/airflow/example_dags/example_bash_operator.py
[2023-11-19T14:58:10.652+0000] {processor.py:829} INFO - Processing file /home/airflow/.local/lib/python3.8/site-packages/airflow/example_dags/example_bash_operator.py for tasks to queue
[2023-11-19T14:58:10.654+0000] {logging_mixin.py:154} INFO - [2023-11-19T14:58:10.654+0000] {dagbag.py:536} INFO - Filling up the DagBag from /home/airflow/.local/lib/python3.8/site-packages/airflow/example_dags/example_bash_operator.py
[2023-11-19T14:58:10.665+0000] {processor.py:839} INFO - DAG(s) dict_keys(['example_bash_operator']) retrieved from /home/airflow/.local/lib/python3.8/site-packages/airflow/example_dags/example_bash_operator.py
[2023-11-19T14:58:10.695+0000] {logging_mixin.py:154} INFO - [2023-11-19T14:58:10.695+0000] {dag.py:2941} INFO - Sync 1 DAGs
[2023-11-19T14:58:10.719+0000] {logging_mixin.py:154} INFO - [2023-11-19T14:58:10.718+0000] {dag.py:3722} INFO - Setting next_dagrun for example_bash_operator to 2023-11-18T00:00:00+00:00, run_after=2023-11-19T00:00:00+00:00
[2023-11-19T14:58:10.734+0000] {processor.py:179} INFO - Processing /home/airflow/.local/lib/python3.8/site-packages/airflow/example_dags/example_bash_operator.py took 0.085 seconds
[2023-11-19T14:58:40.781+0000] {processor.py:157} INFO - Started process (PID=181) to work on /home/airflow/.local/lib/python3.8/site-packages/airflow/example_dags/example_bash_operator.py
[2023-11-19T14:58:40.783+0000] {processor.py:829} INFO - Processing file /home/airflow/.local/lib/python3.8/site-packages/airflow/example_dags/example_bash_operator.py for tasks to queue
[2023-11-19T14:58:40.785+0000] {logging_mixin.py:154} INFO - [2023-11-19T14:58:40.785+0000] {dagbag.py:536} INFO - Filling up the DagBag from /home/airflow/.local/lib/python3.8/site-packages/airflow/example_dags/example_bash_operator.py
[2023-11-19T14:58:40.799+0000] {processor.py:839} INFO - DAG(s) dict_keys(['example_bash_operator']) retrieved from /home/airflow/.local/lib/python3.8/site-packages/airflow/example_dags/example_bash_operator.py
[2023-11-19T14:58:40.835+0000] {logging_mixin.py:154} INFO - [2023-11-19T14:58:40.834+0000] {dag.py:2941} INFO - Sync 1 DAGs
[2023-11-19T14:58:40.865+0000] {logging_mixin.py:154} INFO - [2023-11-19T14:58:40.865+0000] {dag.py:3722} INFO - Setting next_dagrun for example_bash_operator to 2023-11-18T00:00:00+00:00, run_after=2023-11-19T00:00:00+00:00
[2023-11-19T14:58:40.886+0000] {processor.py:179} INFO - Processing /home/airflow/.local/lib/python3.8/site-packages/airflow/example_dags/example_bash_operator.py took 0.108 seconds
[2023-11-19T14:59:11.230+0000] {processor.py:157} INFO - Started process (PID=235) to work on /home/airflow/.local/lib/python3.8/site-packages/airflow/example_dags/example_bash_operator.py
[2023-11-19T14:59:11.231+0000] {processor.py:829} INFO - Processing file /home/airflow/.local/lib/python3.8/site-packages/airflow/example_dags/example_bash_operator.py for tasks to queue
[2023-11-19T14:59:11.234+0000] {logging_mixin.py:154} INFO - [2023-11-19T14:59:11.234+0000] {dagbag.py:536} INFO - Filling up the DagBag from /home/airflow/.local/lib/python3.8/site-packages/airflow/example_dags/example_bash_operator.py
[2023-11-19T14:59:11.249+0000] {processor.py:839} INFO - DAG(s) dict_keys(['example_bash_operator']) retrieved from /home/airflow/.local/lib/python3.8/site-packages/airflow/example_dags/example_bash_operator.py
[2023-11-19T14:59:11.282+0000] {logging_mixin.py:154} INFO - [2023-11-19T14:59:11.282+0000] {dag.py:2941} INFO - Sync 1 DAGs
[2023-11-19T14:59:11.307+0000] {logging_mixin.py:154} INFO - [2023-11-19T14:59:11.306+0000] {dag.py:3722} INFO - Setting next_dagrun for example_bash_operator to 2023-11-18T00:00:00+00:00, run_after=2023-11-19T00:00:00+00:00
[2023-11-19T14:59:11.332+0000] {processor.py:179} INFO - Processing /home/airflow/.local/lib/python3.8/site-packages/airflow/example_dags/example_bash_operator.py took 0.106 seconds
[2023-11-19T14:59:41.495+0000] {processor.py:157} INFO - Started process (PID=289) to work on /home/airflow/.local/lib/python3.8/site-packages/airflow/example_dags/example_bash_operator.py
[2023-11-19T14:59:41.496+0000] {processor.py:829} INFO - Processing file /home/airflow/.local/lib/python3.8/site-packages/airflow/example_dags/example_bash_operator.py for tasks to queue
[2023-11-19T14:59:41.498+0000] {logging_mixin.py:154} INFO - [2023-11-19T14:59:41.498+0000] {dagbag.py:536} INFO - Filling up the DagBag from /home/airflow/.local/lib/python3.8/site-packages/airflow/example_dags/example_bash_operator.py
[2023-11-19T14:59:41.510+0000] {processor.py:839} INFO - DAG(s) dict_keys(['example_bash_operator']) retrieved from /home/airflow/.local/lib/python3.8/site-packages/airflow/example_dags/example_bash_operator.py
[2023-11-19T14:59:41.541+0000] {logging_mixin.py:154} INFO - [2023-11-19T14:59:41.541+0000] {dag.py:2941} INFO - Sync 1 DAGs
[2023-11-19T14:59:41.570+0000] {logging_mixin.py:154} INFO - [2023-11-19T14:59:41.569+0000] {dag.py:3722} INFO - Setting next_dagrun for example_bash_operator to 2023-11-18T00:00:00+00:00, run_after=2023-11-19T00:00:00+00:00
[2023-11-19T14:59:41.592+0000] {processor.py:179} INFO - Processing /home/airflow/.local/lib/python3.8/site-packages/airflow/example_dags/example_bash_operator.py took 0.100 seconds
[2023-11-19T15:00:11.849+0000] {processor.py:157} INFO - Started process (PID=344) to work on /home/airflow/.local/lib/python3.8/site-packages/airflow/example_dags/example_bash_operator.py
[2023-11-19T15:00:11.852+0000] {processor.py:829} INFO - Processing file /home/airflow/.local/lib/python3.8/site-packages/airflow/example_dags/example_bash_operator.py for tasks to queue
[2023-11-19T15:00:11.854+0000] {logging_mixin.py:154} INFO - [2023-11-19T15:00:11.854+0000] {dagbag.py:536} INFO - Filling up the DagBag from /home/airflow/.local/lib/python3.8/site-packages/airflow/example_dags/example_bash_operator.py
[2023-11-19T15:00:11.865+0000] {processor.py:839} INFO - DAG(s) dict_keys(['example_bash_operator']) retrieved from /home/airflow/.local/lib/python3.8/site-packages/airflow/example_dags/example_bash_operator.py
[2023-11-19T15:00:11.898+0000] {logging_mixin.py:154} INFO - [2023-11-19T15:00:11.898+0000] {dag.py:2941} INFO - Sync 1 DAGs
[2023-11-19T15:00:11.924+0000] {logging_mixin.py:154} INFO - [2023-11-19T15:00:11.924+0000] {dag.py:3722} INFO - Setting next_dagrun for example_bash_operator to 2023-11-18T00:00:00+00:00, run_after=2023-11-19T00:00:00+00:00
[2023-11-19T15:00:11.942+0000] {processor.py:179} INFO - Processing /home/airflow/.local/lib/python3.8/site-packages/airflow/example_dags/example_bash_operator.py took 0.095 seconds
[2023-11-19T15:00:42.051+0000] {processor.py:157} INFO - Started process (PID=398) to work on /home/airflow/.local/lib/python3.8/site-packages/airflow/example_dags/example_bash_operator.py
[2023-11-19T15:00:42.052+0000] {processor.py:829} INFO - Processing file /home/airflow/.local/lib/python3.8/site-packages/airflow/example_dags/example_bash_operator.py for tasks to queue
[2023-11-19T15:00:42.054+0000] {logging_mixin.py:154} INFO - [2023-11-19T15:00:42.054+0000] {dagbag.py:536} INFO - Filling up the DagBag from /home/airflow/.local/lib/python3.8/site-packages/airflow/example_dags/example_bash_operator.py
[2023-11-19T15:00:42.065+0000] {processor.py:839} INFO - DAG(s) dict_keys(['example_bash_operator']) retrieved from /home/airflow/.local/lib/python3.8/site-packages/airflow/example_dags/example_bash_operator.py
[2023-11-19T15:00:42.101+0000] {logging_mixin.py:154} INFO - [2023-11-19T15:00:42.101+0000] {dag.py:2941} INFO - Sync 1 DAGs
[2023-11-19T15:00:42.126+0000] {logging_mixin.py:154} INFO - [2023-11-19T15:00:42.126+0000] {dag.py:3722} INFO - Setting next_dagrun for example_bash_operator to 2023-11-18T00:00:00+00:00, run_after=2023-11-19T00:00:00+00:00
[2023-11-19T15:00:42.144+0000] {processor.py:179} INFO - Processing /home/airflow/.local/lib/python3.8/site-packages/airflow/example_dags/example_bash_operator.py took 0.096 seconds
[2023-11-19T15:01:12.288+0000] {processor.py:157} INFO - Started process (PID=452) to work on /home/airflow/.local/lib/python3.8/site-packages/airflow/example_dags/example_bash_operator.py
[2023-11-19T15:01:12.288+0000] {processor.py:829} INFO - Processing file /home/airflow/.local/lib/python3.8/site-packages/airflow/example_dags/example_bash_operator.py for tasks to queue
[2023-11-19T15:01:12.290+0000] {logging_mixin.py:154} INFO - [2023-11-19T15:01:12.290+0000] {dagbag.py:536} INFO - Filling up the DagBag from /home/airflow/.local/lib/python3.8/site-packages/airflow/example_dags/example_bash_operator.py
[2023-11-19T15:01:12.305+0000] {processor.py:839} INFO - DAG(s) dict_keys(['example_bash_operator']) retrieved from /home/airflow/.local/lib/python3.8/site-packages/airflow/example_dags/example_bash_operator.py
[2023-11-19T15:01:12.339+0000] {logging_mixin.py:154} INFO - [2023-11-19T15:01:12.338+0000] {dag.py:2941} INFO - Sync 1 DAGs
[2023-11-19T15:01:12.361+0000] {logging_mixin.py:154} INFO - [2023-11-19T15:01:12.361+0000] {dag.py:3722} INFO - Setting next_dagrun for example_bash_operator to 2023-11-18T00:00:00+00:00, run_after=2023-11-19T00:00:00+00:00
[2023-11-19T15:01:12.377+0000] {processor.py:179} INFO - Processing /home/airflow/.local/lib/python3.8/site-packages/airflow/example_dags/example_bash_operator.py took 0.092 seconds
[2023-11-19T15:01:42.598+0000] {processor.py:157} INFO - Started process (PID=506) to work on /home/airflow/.local/lib/python3.8/site-packages/airflow/example_dags/example_bash_operator.py
[2023-11-19T15:01:42.599+0000] {processor.py:829} INFO - Processing file /home/airflow/.local/lib/python3.8/site-packages/airflow/example_dags/example_bash_operator.py for tasks to queue
[2023-11-19T15:01:42.600+0000] {logging_mixin.py:154} INFO - [2023-11-19T15:01:42.600+0000] {dagbag.py:536} INFO - Filling up the DagBag from /home/airflow/.local/lib/python3.8/site-packages/airflow/example_dags/example_bash_operator.py
[2023-11-19T15:01:42.611+0000] {processor.py:839} INFO - DAG(s) dict_keys(['example_bash_operator']) retrieved from /home/airflow/.local/lib/python3.8/site-packages/airflow/example_dags/example_bash_operator.py
[2023-11-19T15:01:42.640+0000] {logging_mixin.py:154} INFO - [2023-11-19T15:01:42.639+0000] {dag.py:2941} INFO - Sync 1 DAGs
[2023-11-19T15:01:42.661+0000] {logging_mixin.py:154} INFO - [2023-11-19T15:01:42.661+0000] {dag.py:3722} INFO - Setting next_dagrun for example_bash_operator to 2023-11-18T00:00:00+00:00, run_after=2023-11-19T00:00:00+00:00
[2023-11-19T15:01:42.676+0000] {processor.py:179} INFO - Processing /home/airflow/.local/lib/python3.8/site-packages/airflow/example_dags/example_bash_operator.py took 0.081 seconds
[2023-11-19T15:02:13.667+0000] {processor.py:157} INFO - Started process (PID=560) to work on /home/airflow/.local/lib/python3.8/site-packages/airflow/example_dags/example_bash_operator.py
[2023-11-19T15:02:13.668+0000] {processor.py:829} INFO - Processing file /home/airflow/.local/lib/python3.8/site-packages/airflow/example_dags/example_bash_operator.py for tasks to queue
[2023-11-19T15:02:13.669+0000] {logging_mixin.py:154} INFO - [2023-11-19T15:02:13.669+0000] {dagbag.py:536} INFO - Filling up the DagBag from /home/airflow/.local/lib/python3.8/site-packages/airflow/example_dags/example_bash_operator.py
[2023-11-19T15:02:13.680+0000] {processor.py:839} INFO - DAG(s) dict_keys(['example_bash_operator']) retrieved from /home/airflow/.local/lib/python3.8/site-packages/airflow/example_dags/example_bash_operator.py
[2023-11-19T15:02:13.714+0000] {logging_mixin.py:154} INFO - [2023-11-19T15:02:13.714+0000] {dag.py:2941} INFO - Sync 1 DAGs
[2023-11-19T15:02:13.739+0000] {logging_mixin.py:154} INFO - [2023-11-19T15:02:13.739+0000] {dag.py:3722} INFO - Setting next_dagrun for example_bash_operator to 2023-11-18T00:00:00+00:00, run_after=2023-11-19T00:00:00+00:00
[2023-11-19T15:02:13.758+0000] {processor.py:179} INFO - Processing /home/airflow/.local/lib/python3.8/site-packages/airflow/example_dags/example_bash_operator.py took 0.094 seconds
