[2023-11-19T14:57:38.222+0000] {processor.py:157} INFO - Started process (PID=43) to work on /home/airflow/.local/lib/python3.8/site-packages/airflow/example_dags/example_setup_teardown_taskflow.py
[2023-11-19T14:57:38.223+0000] {processor.py:829} INFO - Processing file /home/airflow/.local/lib/python3.8/site-packages/airflow/example_dags/example_setup_teardown_taskflow.py for tasks to queue
[2023-11-19T14:57:38.225+0000] {logging_mixin.py:154} INFO - [2023-11-19T14:57:38.225+0000] {dagbag.py:536} INFO - Filling up the DagBag from /home/airflow/.local/lib/python3.8/site-packages/airflow/example_dags/example_setup_teardown_taskflow.py
[2023-11-19T14:57:38.248+0000] {processor.py:839} INFO - DAG(s) dict_keys(['example_setup_teardown_taskflow']) retrieved from /home/airflow/.local/lib/python3.8/site-packages/airflow/example_dags/example_setup_teardown_taskflow.py
[2023-11-19T14:57:38.259+0000] {logging_mixin.py:154} INFO - [2023-11-19T14:57:38.259+0000] {dag.py:2941} INFO - Sync 1 DAGs
[2023-11-19T14:57:38.281+0000] {logging_mixin.py:154} INFO - [2023-11-19T14:57:38.280+0000] {dag.py:3722} INFO - Setting next_dagrun for example_setup_teardown_taskflow to 2023-11-18T14:57:38.280714+00:00, run_after=2023-11-19T14:57:38.280714+00:00
[2023-11-19T14:57:38.296+0000] {processor.py:179} INFO - Processing /home/airflow/.local/lib/python3.8/site-packages/airflow/example_dags/example_setup_teardown_taskflow.py took 0.076 seconds
[2023-11-19T14:58:08.801+0000] {processor.py:157} INFO - Started process (PID=97) to work on /home/airflow/.local/lib/python3.8/site-packages/airflow/example_dags/example_setup_teardown_taskflow.py
[2023-11-19T14:58:08.801+0000] {processor.py:829} INFO - Processing file /home/airflow/.local/lib/python3.8/site-packages/airflow/example_dags/example_setup_teardown_taskflow.py for tasks to queue
[2023-11-19T14:58:08.803+0000] {logging_mixin.py:154} INFO - [2023-11-19T14:58:08.803+0000] {dagbag.py:536} INFO - Filling up the DagBag from /home/airflow/.local/lib/python3.8/site-packages/airflow/example_dags/example_setup_teardown_taskflow.py
[2023-11-19T14:58:08.812+0000] {processor.py:839} INFO - DAG(s) dict_keys(['example_setup_teardown_taskflow']) retrieved from /home/airflow/.local/lib/python3.8/site-packages/airflow/example_dags/example_setup_teardown_taskflow.py
[2023-11-19T14:58:08.834+0000] {logging_mixin.py:154} INFO - [2023-11-19T14:58:08.834+0000] {dag.py:2941} INFO - Sync 1 DAGs
[2023-11-19T14:58:08.855+0000] {logging_mixin.py:154} INFO - [2023-11-19T14:58:08.855+0000] {dag.py:3722} INFO - Setting next_dagrun for example_setup_teardown_taskflow to 2023-11-18T14:58:08.854976+00:00, run_after=2023-11-19T14:58:08.854976+00:00
[2023-11-19T14:58:08.871+0000] {processor.py:179} INFO - Processing /home/airflow/.local/lib/python3.8/site-packages/airflow/example_dags/example_setup_teardown_taskflow.py took 0.073 seconds
[2023-11-19T14:58:38.990+0000] {processor.py:157} INFO - Started process (PID=151) to work on /home/airflow/.local/lib/python3.8/site-packages/airflow/example_dags/example_setup_teardown_taskflow.py
[2023-11-19T14:58:38.991+0000] {processor.py:829} INFO - Processing file /home/airflow/.local/lib/python3.8/site-packages/airflow/example_dags/example_setup_teardown_taskflow.py for tasks to queue
[2023-11-19T14:58:38.994+0000] {logging_mixin.py:154} INFO - [2023-11-19T14:58:38.993+0000] {dagbag.py:536} INFO - Filling up the DagBag from /home/airflow/.local/lib/python3.8/site-packages/airflow/example_dags/example_setup_teardown_taskflow.py
[2023-11-19T14:58:39.005+0000] {processor.py:839} INFO - DAG(s) dict_keys(['example_setup_teardown_taskflow']) retrieved from /home/airflow/.local/lib/python3.8/site-packages/airflow/example_dags/example_setup_teardown_taskflow.py
[2023-11-19T14:58:39.027+0000] {logging_mixin.py:154} INFO - [2023-11-19T14:58:39.027+0000] {dag.py:2941} INFO - Sync 1 DAGs
[2023-11-19T14:58:39.048+0000] {logging_mixin.py:154} INFO - [2023-11-19T14:58:39.048+0000] {dag.py:3722} INFO - Setting next_dagrun for example_setup_teardown_taskflow to 2023-11-18T14:58:39.048163+00:00, run_after=2023-11-19T14:58:39.048163+00:00
[2023-11-19T14:58:39.066+0000] {processor.py:179} INFO - Processing /home/airflow/.local/lib/python3.8/site-packages/airflow/example_dags/example_setup_teardown_taskflow.py took 0.079 seconds
[2023-11-19T14:59:09.236+0000] {processor.py:157} INFO - Started process (PID=205) to work on /home/airflow/.local/lib/python3.8/site-packages/airflow/example_dags/example_setup_teardown_taskflow.py
[2023-11-19T14:59:09.237+0000] {processor.py:829} INFO - Processing file /home/airflow/.local/lib/python3.8/site-packages/airflow/example_dags/example_setup_teardown_taskflow.py for tasks to queue
[2023-11-19T14:59:09.239+0000] {logging_mixin.py:154} INFO - [2023-11-19T14:59:09.239+0000] {dagbag.py:536} INFO - Filling up the DagBag from /home/airflow/.local/lib/python3.8/site-packages/airflow/example_dags/example_setup_teardown_taskflow.py
[2023-11-19T14:59:09.249+0000] {processor.py:839} INFO - DAG(s) dict_keys(['example_setup_teardown_taskflow']) retrieved from /home/airflow/.local/lib/python3.8/site-packages/airflow/example_dags/example_setup_teardown_taskflow.py
[2023-11-19T14:59:09.270+0000] {logging_mixin.py:154} INFO - [2023-11-19T14:59:09.270+0000] {dag.py:2941} INFO - Sync 1 DAGs
[2023-11-19T14:59:09.293+0000] {logging_mixin.py:154} INFO - [2023-11-19T14:59:09.293+0000] {dag.py:3722} INFO - Setting next_dagrun for example_setup_teardown_taskflow to 2023-11-18T14:59:09.293046+00:00, run_after=2023-11-19T14:59:09.293046+00:00
[2023-11-19T14:59:09.312+0000] {processor.py:179} INFO - Processing /home/airflow/.local/lib/python3.8/site-packages/airflow/example_dags/example_setup_teardown_taskflow.py took 0.078 seconds
[2023-11-19T14:59:39.474+0000] {processor.py:157} INFO - Started process (PID=259) to work on /home/airflow/.local/lib/python3.8/site-packages/airflow/example_dags/example_setup_teardown_taskflow.py
[2023-11-19T14:59:39.475+0000] {processor.py:829} INFO - Processing file /home/airflow/.local/lib/python3.8/site-packages/airflow/example_dags/example_setup_teardown_taskflow.py for tasks to queue
[2023-11-19T14:59:39.477+0000] {logging_mixin.py:154} INFO - [2023-11-19T14:59:39.477+0000] {dagbag.py:536} INFO - Filling up the DagBag from /home/airflow/.local/lib/python3.8/site-packages/airflow/example_dags/example_setup_teardown_taskflow.py
[2023-11-19T14:59:39.489+0000] {processor.py:839} INFO - DAG(s) dict_keys(['example_setup_teardown_taskflow']) retrieved from /home/airflow/.local/lib/python3.8/site-packages/airflow/example_dags/example_setup_teardown_taskflow.py
[2023-11-19T14:59:39.510+0000] {logging_mixin.py:154} INFO - [2023-11-19T14:59:39.510+0000] {dag.py:2941} INFO - Sync 1 DAGs
[2023-11-19T14:59:39.531+0000] {logging_mixin.py:154} INFO - [2023-11-19T14:59:39.531+0000] {dag.py:3722} INFO - Setting next_dagrun for example_setup_teardown_taskflow to 2023-11-18T14:59:39.531092+00:00, run_after=2023-11-19T14:59:39.531092+00:00
[2023-11-19T14:59:39.549+0000] {processor.py:179} INFO - Processing /home/airflow/.local/lib/python3.8/site-packages/airflow/example_dags/example_setup_teardown_taskflow.py took 0.079 seconds
[2023-11-19T15:00:09.755+0000] {processor.py:157} INFO - Started process (PID=314) to work on /home/airflow/.local/lib/python3.8/site-packages/airflow/example_dags/example_setup_teardown_taskflow.py
[2023-11-19T15:00:09.756+0000] {processor.py:829} INFO - Processing file /home/airflow/.local/lib/python3.8/site-packages/airflow/example_dags/example_setup_teardown_taskflow.py for tasks to queue
[2023-11-19T15:00:09.758+0000] {logging_mixin.py:154} INFO - [2023-11-19T15:00:09.758+0000] {dagbag.py:536} INFO - Filling up the DagBag from /home/airflow/.local/lib/python3.8/site-packages/airflow/example_dags/example_setup_teardown_taskflow.py
[2023-11-19T15:00:09.768+0000] {processor.py:839} INFO - DAG(s) dict_keys(['example_setup_teardown_taskflow']) retrieved from /home/airflow/.local/lib/python3.8/site-packages/airflow/example_dags/example_setup_teardown_taskflow.py
[2023-11-19T15:00:09.788+0000] {logging_mixin.py:154} INFO - [2023-11-19T15:00:09.788+0000] {dag.py:2941} INFO - Sync 1 DAGs
[2023-11-19T15:00:09.809+0000] {logging_mixin.py:154} INFO - [2023-11-19T15:00:09.809+0000] {dag.py:3722} INFO - Setting next_dagrun for example_setup_teardown_taskflow to 2023-11-18T15:00:09.808846+00:00, run_after=2023-11-19T15:00:09.808846+00:00
[2023-11-19T15:00:09.825+0000] {processor.py:179} INFO - Processing /home/airflow/.local/lib/python3.8/site-packages/airflow/example_dags/example_setup_teardown_taskflow.py took 0.074 seconds
[2023-11-19T15:00:40.115+0000] {processor.py:157} INFO - Started process (PID=368) to work on /home/airflow/.local/lib/python3.8/site-packages/airflow/example_dags/example_setup_teardown_taskflow.py
[2023-11-19T15:00:40.116+0000] {processor.py:829} INFO - Processing file /home/airflow/.local/lib/python3.8/site-packages/airflow/example_dags/example_setup_teardown_taskflow.py for tasks to queue
[2023-11-19T15:00:40.118+0000] {logging_mixin.py:154} INFO - [2023-11-19T15:00:40.118+0000] {dagbag.py:536} INFO - Filling up the DagBag from /home/airflow/.local/lib/python3.8/site-packages/airflow/example_dags/example_setup_teardown_taskflow.py
[2023-11-19T15:00:40.127+0000] {processor.py:839} INFO - DAG(s) dict_keys(['example_setup_teardown_taskflow']) retrieved from /home/airflow/.local/lib/python3.8/site-packages/airflow/example_dags/example_setup_teardown_taskflow.py
[2023-11-19T15:00:40.151+0000] {logging_mixin.py:154} INFO - [2023-11-19T15:00:40.150+0000] {dag.py:2941} INFO - Sync 1 DAGs
[2023-11-19T15:00:40.173+0000] {logging_mixin.py:154} INFO - [2023-11-19T15:00:40.173+0000] {dag.py:3722} INFO - Setting next_dagrun for example_setup_teardown_taskflow to 2023-11-18T15:00:40.173488+00:00, run_after=2023-11-19T15:00:40.173488+00:00
[2023-11-19T15:00:40.197+0000] {processor.py:179} INFO - Processing /home/airflow/.local/lib/python3.8/site-packages/airflow/example_dags/example_setup_teardown_taskflow.py took 0.085 seconds
[2023-11-19T15:01:10.388+0000] {processor.py:157} INFO - Started process (PID=422) to work on /home/airflow/.local/lib/python3.8/site-packages/airflow/example_dags/example_setup_teardown_taskflow.py
[2023-11-19T15:01:10.389+0000] {processor.py:829} INFO - Processing file /home/airflow/.local/lib/python3.8/site-packages/airflow/example_dags/example_setup_teardown_taskflow.py for tasks to queue
[2023-11-19T15:01:10.391+0000] {logging_mixin.py:154} INFO - [2023-11-19T15:01:10.391+0000] {dagbag.py:536} INFO - Filling up the DagBag from /home/airflow/.local/lib/python3.8/site-packages/airflow/example_dags/example_setup_teardown_taskflow.py
[2023-11-19T15:01:10.401+0000] {processor.py:839} INFO - DAG(s) dict_keys(['example_setup_teardown_taskflow']) retrieved from /home/airflow/.local/lib/python3.8/site-packages/airflow/example_dags/example_setup_teardown_taskflow.py
[2023-11-19T15:01:10.425+0000] {logging_mixin.py:154} INFO - [2023-11-19T15:01:10.425+0000] {dag.py:2941} INFO - Sync 1 DAGs
[2023-11-19T15:01:10.448+0000] {logging_mixin.py:154} INFO - [2023-11-19T15:01:10.448+0000] {dag.py:3722} INFO - Setting next_dagrun for example_setup_teardown_taskflow to 2023-11-18T15:01:10.448332+00:00, run_after=2023-11-19T15:01:10.448332+00:00
[2023-11-19T15:01:10.465+0000] {processor.py:179} INFO - Processing /home/airflow/.local/lib/python3.8/site-packages/airflow/example_dags/example_setup_teardown_taskflow.py took 0.080 seconds
[2023-11-19T15:01:40.516+0000] {processor.py:157} INFO - Started process (PID=476) to work on /home/airflow/.local/lib/python3.8/site-packages/airflow/example_dags/example_setup_teardown_taskflow.py
[2023-11-19T15:01:40.517+0000] {processor.py:829} INFO - Processing file /home/airflow/.local/lib/python3.8/site-packages/airflow/example_dags/example_setup_teardown_taskflow.py for tasks to queue
[2023-11-19T15:01:40.519+0000] {logging_mixin.py:154} INFO - [2023-11-19T15:01:40.519+0000] {dagbag.py:536} INFO - Filling up the DagBag from /home/airflow/.local/lib/python3.8/site-packages/airflow/example_dags/example_setup_teardown_taskflow.py
[2023-11-19T15:01:40.528+0000] {processor.py:839} INFO - DAG(s) dict_keys(['example_setup_teardown_taskflow']) retrieved from /home/airflow/.local/lib/python3.8/site-packages/airflow/example_dags/example_setup_teardown_taskflow.py
[2023-11-19T15:01:40.549+0000] {logging_mixin.py:154} INFO - [2023-11-19T15:01:40.548+0000] {dag.py:2941} INFO - Sync 1 DAGs
[2023-11-19T15:01:40.571+0000] {logging_mixin.py:154} INFO - [2023-11-19T15:01:40.570+0000] {dag.py:3722} INFO - Setting next_dagrun for example_setup_teardown_taskflow to 2023-11-18T15:01:40.570644+00:00, run_after=2023-11-19T15:01:40.570644+00:00
[2023-11-19T15:01:40.586+0000] {processor.py:179} INFO - Processing /home/airflow/.local/lib/python3.8/site-packages/airflow/example_dags/example_setup_teardown_taskflow.py took 0.074 seconds
[2023-11-19T15:02:10.955+0000] {processor.py:157} INFO - Started process (PID=530) to work on /home/airflow/.local/lib/python3.8/site-packages/airflow/example_dags/example_setup_teardown_taskflow.py
[2023-11-19T15:02:10.956+0000] {processor.py:829} INFO - Processing file /home/airflow/.local/lib/python3.8/site-packages/airflow/example_dags/example_setup_teardown_taskflow.py for tasks to queue
[2023-11-19T15:02:10.958+0000] {logging_mixin.py:154} INFO - [2023-11-19T15:02:10.958+0000] {dagbag.py:536} INFO - Filling up the DagBag from /home/airflow/.local/lib/python3.8/site-packages/airflow/example_dags/example_setup_teardown_taskflow.py
[2023-11-19T15:02:10.969+0000] {processor.py:839} INFO - DAG(s) dict_keys(['example_setup_teardown_taskflow']) retrieved from /home/airflow/.local/lib/python3.8/site-packages/airflow/example_dags/example_setup_teardown_taskflow.py
[2023-11-19T15:02:10.995+0000] {logging_mixin.py:154} INFO - [2023-11-19T15:02:10.995+0000] {dag.py:2941} INFO - Sync 1 DAGs
[2023-11-19T15:02:11.020+0000] {logging_mixin.py:154} INFO - [2023-11-19T15:02:11.019+0000] {dag.py:3722} INFO - Setting next_dagrun for example_setup_teardown_taskflow to 2023-11-18T15:02:11.019687+00:00, run_after=2023-11-19T15:02:11.019687+00:00
[2023-11-19T15:02:11.038+0000] {processor.py:179} INFO - Processing /home/airflow/.local/lib/python3.8/site-packages/airflow/example_dags/example_setup_teardown_taskflow.py took 0.085 seconds
[2023-11-19T15:02:41.531+0000] {processor.py:157} INFO - Started process (PID=584) to work on /home/airflow/.local/lib/python3.8/site-packages/airflow/example_dags/example_setup_teardown_taskflow.py
[2023-11-19T15:02:41.532+0000] {processor.py:829} INFO - Processing file /home/airflow/.local/lib/python3.8/site-packages/airflow/example_dags/example_setup_teardown_taskflow.py for tasks to queue
[2023-11-19T15:02:41.534+0000] {logging_mixin.py:154} INFO - [2023-11-19T15:02:41.533+0000] {dagbag.py:536} INFO - Filling up the DagBag from /home/airflow/.local/lib/python3.8/site-packages/airflow/example_dags/example_setup_teardown_taskflow.py
[2023-11-19T15:02:41.543+0000] {processor.py:839} INFO - DAG(s) dict_keys(['example_setup_teardown_taskflow']) retrieved from /home/airflow/.local/lib/python3.8/site-packages/airflow/example_dags/example_setup_teardown_taskflow.py
[2023-11-19T15:02:41.566+0000] {logging_mixin.py:154} INFO - [2023-11-19T15:02:41.566+0000] {dag.py:2941} INFO - Sync 1 DAGs
[2023-11-19T15:02:41.588+0000] {logging_mixin.py:154} INFO - [2023-11-19T15:02:41.588+0000] {dag.py:3722} INFO - Setting next_dagrun for example_setup_teardown_taskflow to 2023-11-18T15:02:41.587954+00:00, run_after=2023-11-19T15:02:41.587954+00:00
[2023-11-19T15:02:41.606+0000] {processor.py:179} INFO - Processing /home/airflow/.local/lib/python3.8/site-packages/airflow/example_dags/example_setup_teardown_taskflow.py took 0.079 seconds
[2023-11-19T15:03:11.994+0000] {processor.py:157} INFO - Started process (PID=638) to work on /home/airflow/.local/lib/python3.8/site-packages/airflow/example_dags/example_setup_teardown_taskflow.py
[2023-11-19T15:03:11.995+0000] {processor.py:829} INFO - Processing file /home/airflow/.local/lib/python3.8/site-packages/airflow/example_dags/example_setup_teardown_taskflow.py for tasks to queue
[2023-11-19T15:03:11.997+0000] {logging_mixin.py:154} INFO - [2023-11-19T15:03:11.996+0000] {dagbag.py:536} INFO - Filling up the DagBag from /home/airflow/.local/lib/python3.8/site-packages/airflow/example_dags/example_setup_teardown_taskflow.py
[2023-11-19T15:03:12.006+0000] {processor.py:839} INFO - DAG(s) dict_keys(['example_setup_teardown_taskflow']) retrieved from /home/airflow/.local/lib/python3.8/site-packages/airflow/example_dags/example_setup_teardown_taskflow.py
[2023-11-19T15:03:12.025+0000] {logging_mixin.py:154} INFO - [2023-11-19T15:03:12.025+0000] {dag.py:2941} INFO - Sync 1 DAGs
[2023-11-19T15:03:12.044+0000] {logging_mixin.py:154} INFO - [2023-11-19T15:03:12.044+0000] {dag.py:3722} INFO - Setting next_dagrun for example_setup_teardown_taskflow to 2023-11-18T15:03:12.044301+00:00, run_after=2023-11-19T15:03:12.044301+00:00
[2023-11-19T15:03:12.060+0000] {processor.py:179} INFO - Processing /home/airflow/.local/lib/python3.8/site-packages/airflow/example_dags/example_setup_teardown_taskflow.py took 0.069 seconds
[2023-11-19T15:03:42.494+0000] {processor.py:157} INFO - Started process (PID=692) to work on /home/airflow/.local/lib/python3.8/site-packages/airflow/example_dags/example_setup_teardown_taskflow.py
[2023-11-19T15:03:42.495+0000] {processor.py:829} INFO - Processing file /home/airflow/.local/lib/python3.8/site-packages/airflow/example_dags/example_setup_teardown_taskflow.py for tasks to queue
[2023-11-19T15:03:42.497+0000] {logging_mixin.py:154} INFO - [2023-11-19T15:03:42.496+0000] {dagbag.py:536} INFO - Filling up the DagBag from /home/airflow/.local/lib/python3.8/site-packages/airflow/example_dags/example_setup_teardown_taskflow.py
[2023-11-19T15:03:42.506+0000] {processor.py:839} INFO - DAG(s) dict_keys(['example_setup_teardown_taskflow']) retrieved from /home/airflow/.local/lib/python3.8/site-packages/airflow/example_dags/example_setup_teardown_taskflow.py
[2023-11-19T15:03:42.527+0000] {logging_mixin.py:154} INFO - [2023-11-19T15:03:42.526+0000] {dag.py:2941} INFO - Sync 1 DAGs
[2023-11-19T15:03:42.548+0000] {logging_mixin.py:154} INFO - [2023-11-19T15:03:42.548+0000] {dag.py:3722} INFO - Setting next_dagrun for example_setup_teardown_taskflow to 2023-11-18T15:03:42.548102+00:00, run_after=2023-11-19T15:03:42.548102+00:00
[2023-11-19T15:03:42.563+0000] {processor.py:179} INFO - Processing /home/airflow/.local/lib/python3.8/site-packages/airflow/example_dags/example_setup_teardown_taskflow.py took 0.072 seconds
[2023-11-19T15:04:12.706+0000] {processor.py:157} INFO - Started process (PID=746) to work on /home/airflow/.local/lib/python3.8/site-packages/airflow/example_dags/example_setup_teardown_taskflow.py
[2023-11-19T15:04:12.707+0000] {processor.py:829} INFO - Processing file /home/airflow/.local/lib/python3.8/site-packages/airflow/example_dags/example_setup_teardown_taskflow.py for tasks to queue
[2023-11-19T15:04:12.709+0000] {logging_mixin.py:154} INFO - [2023-11-19T15:04:12.708+0000] {dagbag.py:536} INFO - Filling up the DagBag from /home/airflow/.local/lib/python3.8/site-packages/airflow/example_dags/example_setup_teardown_taskflow.py
[2023-11-19T15:04:12.718+0000] {processor.py:839} INFO - DAG(s) dict_keys(['example_setup_teardown_taskflow']) retrieved from /home/airflow/.local/lib/python3.8/site-packages/airflow/example_dags/example_setup_teardown_taskflow.py
[2023-11-19T15:04:12.740+0000] {logging_mixin.py:154} INFO - [2023-11-19T15:04:12.740+0000] {dag.py:2941} INFO - Sync 1 DAGs
[2023-11-19T15:04:12.762+0000] {logging_mixin.py:154} INFO - [2023-11-19T15:04:12.762+0000] {dag.py:3722} INFO - Setting next_dagrun for example_setup_teardown_taskflow to 2023-11-18T15:04:12.761785+00:00, run_after=2023-11-19T15:04:12.761785+00:00
[2023-11-19T15:04:12.777+0000] {processor.py:179} INFO - Processing /home/airflow/.local/lib/python3.8/site-packages/airflow/example_dags/example_setup_teardown_taskflow.py took 0.074 seconds
[2023-11-19T15:04:42.866+0000] {processor.py:157} INFO - Started process (PID=800) to work on /home/airflow/.local/lib/python3.8/site-packages/airflow/example_dags/example_setup_teardown_taskflow.py
[2023-11-19T15:04:42.866+0000] {processor.py:829} INFO - Processing file /home/airflow/.local/lib/python3.8/site-packages/airflow/example_dags/example_setup_teardown_taskflow.py for tasks to queue
[2023-11-19T15:04:42.868+0000] {logging_mixin.py:154} INFO - [2023-11-19T15:04:42.868+0000] {dagbag.py:536} INFO - Filling up the DagBag from /home/airflow/.local/lib/python3.8/site-packages/airflow/example_dags/example_setup_teardown_taskflow.py
[2023-11-19T15:04:42.876+0000] {processor.py:839} INFO - DAG(s) dict_keys(['example_setup_teardown_taskflow']) retrieved from /home/airflow/.local/lib/python3.8/site-packages/airflow/example_dags/example_setup_teardown_taskflow.py
[2023-11-19T15:04:42.898+0000] {logging_mixin.py:154} INFO - [2023-11-19T15:04:42.898+0000] {dag.py:2941} INFO - Sync 1 DAGs
[2023-11-19T15:04:42.920+0000] {logging_mixin.py:154} INFO - [2023-11-19T15:04:42.920+0000] {dag.py:3722} INFO - Setting next_dagrun for example_setup_teardown_taskflow to 2023-11-18T15:04:42.920423+00:00, run_after=2023-11-19T15:04:42.920423+00:00
[2023-11-19T15:04:42.936+0000] {processor.py:179} INFO - Processing /home/airflow/.local/lib/python3.8/site-packages/airflow/example_dags/example_setup_teardown_taskflow.py took 0.073 seconds
[2023-11-19T15:05:13.466+0000] {processor.py:157} INFO - Started process (PID=854) to work on /home/airflow/.local/lib/python3.8/site-packages/airflow/example_dags/example_setup_teardown_taskflow.py
[2023-11-19T15:05:13.466+0000] {processor.py:829} INFO - Processing file /home/airflow/.local/lib/python3.8/site-packages/airflow/example_dags/example_setup_teardown_taskflow.py for tasks to queue
[2023-11-19T15:05:13.468+0000] {logging_mixin.py:154} INFO - [2023-11-19T15:05:13.468+0000] {dagbag.py:536} INFO - Filling up the DagBag from /home/airflow/.local/lib/python3.8/site-packages/airflow/example_dags/example_setup_teardown_taskflow.py
[2023-11-19T15:05:13.478+0000] {processor.py:839} INFO - DAG(s) dict_keys(['example_setup_teardown_taskflow']) retrieved from /home/airflow/.local/lib/python3.8/site-packages/airflow/example_dags/example_setup_teardown_taskflow.py
[2023-11-19T15:05:13.501+0000] {logging_mixin.py:154} INFO - [2023-11-19T15:05:13.501+0000] {dag.py:2941} INFO - Sync 1 DAGs
[2023-11-19T15:05:13.523+0000] {logging_mixin.py:154} INFO - [2023-11-19T15:05:13.523+0000] {dag.py:3722} INFO - Setting next_dagrun for example_setup_teardown_taskflow to 2023-11-18T15:05:13.523100+00:00, run_after=2023-11-19T15:05:13.523100+00:00
[2023-11-19T15:05:13.539+0000] {processor.py:179} INFO - Processing /home/airflow/.local/lib/python3.8/site-packages/airflow/example_dags/example_setup_teardown_taskflow.py took 0.077 seconds
[2023-11-19T15:05:43.913+0000] {processor.py:157} INFO - Started process (PID=908) to work on /home/airflow/.local/lib/python3.8/site-packages/airflow/example_dags/example_setup_teardown_taskflow.py
[2023-11-19T15:05:43.914+0000] {processor.py:829} INFO - Processing file /home/airflow/.local/lib/python3.8/site-packages/airflow/example_dags/example_setup_teardown_taskflow.py for tasks to queue
[2023-11-19T15:05:43.916+0000] {logging_mixin.py:154} INFO - [2023-11-19T15:05:43.916+0000] {dagbag.py:536} INFO - Filling up the DagBag from /home/airflow/.local/lib/python3.8/site-packages/airflow/example_dags/example_setup_teardown_taskflow.py
[2023-11-19T15:05:43.925+0000] {processor.py:839} INFO - DAG(s) dict_keys(['example_setup_teardown_taskflow']) retrieved from /home/airflow/.local/lib/python3.8/site-packages/airflow/example_dags/example_setup_teardown_taskflow.py
[2023-11-19T15:05:43.951+0000] {logging_mixin.py:154} INFO - [2023-11-19T15:05:43.950+0000] {dag.py:2941} INFO - Sync 1 DAGs
[2023-11-19T15:05:43.974+0000] {logging_mixin.py:154} INFO - [2023-11-19T15:05:43.973+0000] {dag.py:3722} INFO - Setting next_dagrun for example_setup_teardown_taskflow to 2023-11-18T15:05:43.973609+00:00, run_after=2023-11-19T15:05:43.973609+00:00
[2023-11-19T15:05:43.990+0000] {processor.py:179} INFO - Processing /home/airflow/.local/lib/python3.8/site-packages/airflow/example_dags/example_setup_teardown_taskflow.py took 0.080 seconds
[2023-11-19T15:06:14.419+0000] {processor.py:157} INFO - Started process (PID=962) to work on /home/airflow/.local/lib/python3.8/site-packages/airflow/example_dags/example_setup_teardown_taskflow.py
[2023-11-19T15:06:14.419+0000] {processor.py:829} INFO - Processing file /home/airflow/.local/lib/python3.8/site-packages/airflow/example_dags/example_setup_teardown_taskflow.py for tasks to queue
[2023-11-19T15:06:14.421+0000] {logging_mixin.py:154} INFO - [2023-11-19T15:06:14.421+0000] {dagbag.py:536} INFO - Filling up the DagBag from /home/airflow/.local/lib/python3.8/site-packages/airflow/example_dags/example_setup_teardown_taskflow.py
[2023-11-19T15:06:14.430+0000] {processor.py:839} INFO - DAG(s) dict_keys(['example_setup_teardown_taskflow']) retrieved from /home/airflow/.local/lib/python3.8/site-packages/airflow/example_dags/example_setup_teardown_taskflow.py
[2023-11-19T15:06:14.454+0000] {logging_mixin.py:154} INFO - [2023-11-19T15:06:14.453+0000] {dag.py:2941} INFO - Sync 1 DAGs
[2023-11-19T15:06:14.475+0000] {logging_mixin.py:154} INFO - [2023-11-19T15:06:14.475+0000] {dag.py:3722} INFO - Setting next_dagrun for example_setup_teardown_taskflow to 2023-11-18T15:06:14.475371+00:00, run_after=2023-11-19T15:06:14.475371+00:00
[2023-11-19T15:06:14.491+0000] {processor.py:179} INFO - Processing /home/airflow/.local/lib/python3.8/site-packages/airflow/example_dags/example_setup_teardown_taskflow.py took 0.076 seconds
