[2023-11-19T14:57:39.498+0000] {processor.py:157} INFO - Started process (PID=65) to work on /home/airflow/.local/lib/python3.8/site-packages/airflow/example_dags/example_datasets.py
[2023-11-19T14:57:39.499+0000] {processor.py:829} INFO - Processing file /home/airflow/.local/lib/python3.8/site-packages/airflow/example_dags/example_datasets.py for tasks to queue
[2023-11-19T14:57:39.501+0000] {logging_mixin.py:154} INFO - [2023-11-19T14:57:39.501+0000] {dagbag.py:536} INFO - Filling up the DagBag from /home/airflow/.local/lib/python3.8/site-packages/airflow/example_dags/example_datasets.py
[2023-11-19T14:57:39.512+0000] {processor.py:839} INFO - DAG(s) dict_keys(['dataset_produces_1', 'dataset_consumes_1_never_scheduled', 'dataset_consumes_unknown_never_scheduled', 'dataset_produces_2', 'dataset_consumes_1', 'dataset_consumes_1_and_2']) retrieved from /home/airflow/.local/lib/python3.8/site-packages/airflow/example_dags/example_datasets.py
[2023-11-19T14:57:39.529+0000] {logging_mixin.py:154} INFO - [2023-11-19T14:57:39.529+0000] {dag.py:2941} INFO - Sync 6 DAGs
[2023-11-19T14:57:39.555+0000] {logging_mixin.py:154} INFO - [2023-11-19T14:57:39.555+0000] {dag.py:3722} INFO - Setting next_dagrun for dataset_consumes_1 to None, run_after=None
[2023-11-19T14:57:39.559+0000] {logging_mixin.py:154} INFO - [2023-11-19T14:57:39.559+0000] {dag.py:3722} INFO - Setting next_dagrun for dataset_consumes_1_and_2 to None, run_after=None
[2023-11-19T14:57:39.560+0000] {logging_mixin.py:154} INFO - [2023-11-19T14:57:39.560+0000] {dag.py:3722} INFO - Setting next_dagrun for dataset_consumes_1_never_scheduled to None, run_after=None
[2023-11-19T14:57:39.561+0000] {logging_mixin.py:154} INFO - [2023-11-19T14:57:39.561+0000] {dag.py:3722} INFO - Setting next_dagrun for dataset_consumes_unknown_never_scheduled to None, run_after=None
[2023-11-19T14:57:39.564+0000] {logging_mixin.py:154} INFO - [2023-11-19T14:57:39.564+0000] {dag.py:3722} INFO - Setting next_dagrun for dataset_produces_1 to 2023-11-18T00:00:00+00:00, run_after=2023-11-19T00:00:00+00:00
[2023-11-19T14:57:39.566+0000] {logging_mixin.py:154} INFO - [2023-11-19T14:57:39.565+0000] {dag.py:3722} INFO - Setting next_dagrun for dataset_produces_2 to None, run_after=None
[2023-11-19T14:57:39.595+0000] {processor.py:179} INFO - Processing /home/airflow/.local/lib/python3.8/site-packages/airflow/example_dags/example_datasets.py took 0.099 seconds
[2023-11-19T14:58:10.113+0000] {processor.py:157} INFO - Started process (PID=119) to work on /home/airflow/.local/lib/python3.8/site-packages/airflow/example_dags/example_datasets.py
[2023-11-19T14:58:10.114+0000] {processor.py:829} INFO - Processing file /home/airflow/.local/lib/python3.8/site-packages/airflow/example_dags/example_datasets.py for tasks to queue
[2023-11-19T14:58:10.115+0000] {logging_mixin.py:154} INFO - [2023-11-19T14:58:10.115+0000] {dagbag.py:536} INFO - Filling up the DagBag from /home/airflow/.local/lib/python3.8/site-packages/airflow/example_dags/example_datasets.py
[2023-11-19T14:58:10.123+0000] {processor.py:839} INFO - DAG(s) dict_keys(['dataset_produces_1', 'dataset_consumes_unknown_never_scheduled', 'dataset_produces_2', 'dataset_consumes_1_never_scheduled', 'dataset_consumes_1', 'dataset_consumes_1_and_2']) retrieved from /home/airflow/.local/lib/python3.8/site-packages/airflow/example_dags/example_datasets.py
[2023-11-19T14:58:10.156+0000] {logging_mixin.py:154} INFO - [2023-11-19T14:58:10.156+0000] {dag.py:2941} INFO - Sync 6 DAGs
[2023-11-19T14:58:10.181+0000] {logging_mixin.py:154} INFO - [2023-11-19T14:58:10.181+0000] {dag.py:3722} INFO - Setting next_dagrun for dataset_consumes_1 to None, run_after=None
[2023-11-19T14:58:10.185+0000] {logging_mixin.py:154} INFO - [2023-11-19T14:58:10.185+0000] {dag.py:3722} INFO - Setting next_dagrun for dataset_consumes_1_and_2 to None, run_after=None
[2023-11-19T14:58:10.186+0000] {logging_mixin.py:154} INFO - [2023-11-19T14:58:10.186+0000] {dag.py:3722} INFO - Setting next_dagrun for dataset_consumes_1_never_scheduled to None, run_after=None
[2023-11-19T14:58:10.187+0000] {logging_mixin.py:154} INFO - [2023-11-19T14:58:10.187+0000] {dag.py:3722} INFO - Setting next_dagrun for dataset_consumes_unknown_never_scheduled to None, run_after=None
[2023-11-19T14:58:10.190+0000] {logging_mixin.py:154} INFO - [2023-11-19T14:58:10.190+0000] {dag.py:3722} INFO - Setting next_dagrun for dataset_produces_1 to 2023-11-18T00:00:00+00:00, run_after=2023-11-19T00:00:00+00:00
[2023-11-19T14:58:10.191+0000] {logging_mixin.py:154} INFO - [2023-11-19T14:58:10.191+0000] {dag.py:3722} INFO - Setting next_dagrun for dataset_produces_2 to None, run_after=None
[2023-11-19T14:58:10.220+0000] {processor.py:179} INFO - Processing /home/airflow/.local/lib/python3.8/site-packages/airflow/example_dags/example_datasets.py took 0.109 seconds
[2023-11-19T14:58:40.297+0000] {processor.py:157} INFO - Started process (PID=173) to work on /home/airflow/.local/lib/python3.8/site-packages/airflow/example_dags/example_datasets.py
[2023-11-19T14:58:40.299+0000] {processor.py:829} INFO - Processing file /home/airflow/.local/lib/python3.8/site-packages/airflow/example_dags/example_datasets.py for tasks to queue
[2023-11-19T14:58:40.302+0000] {logging_mixin.py:154} INFO - [2023-11-19T14:58:40.302+0000] {dagbag.py:536} INFO - Filling up the DagBag from /home/airflow/.local/lib/python3.8/site-packages/airflow/example_dags/example_datasets.py
[2023-11-19T14:58:40.312+0000] {processor.py:839} INFO - DAG(s) dict_keys(['dataset_produces_2', 'dataset_produces_1', 'dataset_consumes_unknown_never_scheduled', 'dataset_consumes_1_and_2', 'dataset_consumes_1', 'dataset_consumes_1_never_scheduled']) retrieved from /home/airflow/.local/lib/python3.8/site-packages/airflow/example_dags/example_datasets.py
[2023-11-19T14:58:40.355+0000] {logging_mixin.py:154} INFO - [2023-11-19T14:58:40.355+0000] {dag.py:2941} INFO - Sync 6 DAGs
[2023-11-19T14:58:40.381+0000] {logging_mixin.py:154} INFO - [2023-11-19T14:58:40.380+0000] {dag.py:3722} INFO - Setting next_dagrun for dataset_consumes_1 to None, run_after=None
[2023-11-19T14:58:40.384+0000] {logging_mixin.py:154} INFO - [2023-11-19T14:58:40.384+0000] {dag.py:3722} INFO - Setting next_dagrun for dataset_consumes_1_and_2 to None, run_after=None
[2023-11-19T14:58:40.385+0000] {logging_mixin.py:154} INFO - [2023-11-19T14:58:40.385+0000] {dag.py:3722} INFO - Setting next_dagrun for dataset_consumes_1_never_scheduled to None, run_after=None
[2023-11-19T14:58:40.386+0000] {logging_mixin.py:154} INFO - [2023-11-19T14:58:40.386+0000] {dag.py:3722} INFO - Setting next_dagrun for dataset_consumes_unknown_never_scheduled to None, run_after=None
[2023-11-19T14:58:40.389+0000] {logging_mixin.py:154} INFO - [2023-11-19T14:58:40.389+0000] {dag.py:3722} INFO - Setting next_dagrun for dataset_produces_1 to 2023-11-18T00:00:00+00:00, run_after=2023-11-19T00:00:00+00:00
[2023-11-19T14:58:40.390+0000] {logging_mixin.py:154} INFO - [2023-11-19T14:58:40.390+0000] {dag.py:3722} INFO - Setting next_dagrun for dataset_produces_2 to None, run_after=None
[2023-11-19T14:58:40.422+0000] {processor.py:179} INFO - Processing /home/airflow/.local/lib/python3.8/site-packages/airflow/example_dags/example_datasets.py took 0.127 seconds
[2023-11-19T14:59:10.786+0000] {processor.py:157} INFO - Started process (PID=227) to work on /home/airflow/.local/lib/python3.8/site-packages/airflow/example_dags/example_datasets.py
[2023-11-19T14:59:10.787+0000] {processor.py:829} INFO - Processing file /home/airflow/.local/lib/python3.8/site-packages/airflow/example_dags/example_datasets.py for tasks to queue
[2023-11-19T14:59:10.788+0000] {logging_mixin.py:154} INFO - [2023-11-19T14:59:10.788+0000] {dagbag.py:536} INFO - Filling up the DagBag from /home/airflow/.local/lib/python3.8/site-packages/airflow/example_dags/example_datasets.py
[2023-11-19T14:59:10.797+0000] {processor.py:839} INFO - DAG(s) dict_keys(['dataset_produces_2', 'dataset_produces_1', 'dataset_consumes_unknown_never_scheduled', 'dataset_consumes_1_never_scheduled', 'dataset_consumes_1', 'dataset_consumes_1_and_2']) retrieved from /home/airflow/.local/lib/python3.8/site-packages/airflow/example_dags/example_datasets.py
[2023-11-19T14:59:10.835+0000] {logging_mixin.py:154} INFO - [2023-11-19T14:59:10.835+0000] {dag.py:2941} INFO - Sync 6 DAGs
[2023-11-19T14:59:10.858+0000] {logging_mixin.py:154} INFO - [2023-11-19T14:59:10.858+0000] {dag.py:3722} INFO - Setting next_dagrun for dataset_consumes_1 to None, run_after=None
[2023-11-19T14:59:10.861+0000] {logging_mixin.py:154} INFO - [2023-11-19T14:59:10.861+0000] {dag.py:3722} INFO - Setting next_dagrun for dataset_consumes_1_and_2 to None, run_after=None
[2023-11-19T14:59:10.862+0000] {logging_mixin.py:154} INFO - [2023-11-19T14:59:10.862+0000] {dag.py:3722} INFO - Setting next_dagrun for dataset_consumes_1_never_scheduled to None, run_after=None
[2023-11-19T14:59:10.863+0000] {logging_mixin.py:154} INFO - [2023-11-19T14:59:10.863+0000] {dag.py:3722} INFO - Setting next_dagrun for dataset_consumes_unknown_never_scheduled to None, run_after=None
[2023-11-19T14:59:10.866+0000] {logging_mixin.py:154} INFO - [2023-11-19T14:59:10.866+0000] {dag.py:3722} INFO - Setting next_dagrun for dataset_produces_1 to 2023-11-18T00:00:00+00:00, run_after=2023-11-19T00:00:00+00:00
[2023-11-19T14:59:10.867+0000] {logging_mixin.py:154} INFO - [2023-11-19T14:59:10.867+0000] {dag.py:3722} INFO - Setting next_dagrun for dataset_produces_2 to None, run_after=None
[2023-11-19T14:59:10.898+0000] {processor.py:179} INFO - Processing /home/airflow/.local/lib/python3.8/site-packages/airflow/example_dags/example_datasets.py took 0.115 seconds
[2023-11-19T14:59:41.063+0000] {processor.py:157} INFO - Started process (PID=281) to work on /home/airflow/.local/lib/python3.8/site-packages/airflow/example_dags/example_datasets.py
[2023-11-19T14:59:41.063+0000] {processor.py:829} INFO - Processing file /home/airflow/.local/lib/python3.8/site-packages/airflow/example_dags/example_datasets.py for tasks to queue
[2023-11-19T14:59:41.065+0000] {logging_mixin.py:154} INFO - [2023-11-19T14:59:41.065+0000] {dagbag.py:536} INFO - Filling up the DagBag from /home/airflow/.local/lib/python3.8/site-packages/airflow/example_dags/example_datasets.py
[2023-11-19T14:59:41.074+0000] {processor.py:839} INFO - DAG(s) dict_keys(['dataset_consumes_unknown_never_scheduled', 'dataset_consumes_1', 'dataset_consumes_1_and_2', 'dataset_produces_2', 'dataset_consumes_1_never_scheduled', 'dataset_produces_1']) retrieved from /home/airflow/.local/lib/python3.8/site-packages/airflow/example_dags/example_datasets.py
[2023-11-19T14:59:41.111+0000] {logging_mixin.py:154} INFO - [2023-11-19T14:59:41.111+0000] {dag.py:2941} INFO - Sync 6 DAGs
[2023-11-19T14:59:41.134+0000] {logging_mixin.py:154} INFO - [2023-11-19T14:59:41.134+0000] {dag.py:3722} INFO - Setting next_dagrun for dataset_consumes_1 to None, run_after=None
[2023-11-19T14:59:41.137+0000] {logging_mixin.py:154} INFO - [2023-11-19T14:59:41.137+0000] {dag.py:3722} INFO - Setting next_dagrun for dataset_consumes_1_and_2 to None, run_after=None
[2023-11-19T14:59:41.139+0000] {logging_mixin.py:154} INFO - [2023-11-19T14:59:41.138+0000] {dag.py:3722} INFO - Setting next_dagrun for dataset_consumes_1_never_scheduled to None, run_after=None
[2023-11-19T14:59:41.140+0000] {logging_mixin.py:154} INFO - [2023-11-19T14:59:41.140+0000] {dag.py:3722} INFO - Setting next_dagrun for dataset_consumes_unknown_never_scheduled to None, run_after=None
[2023-11-19T14:59:41.143+0000] {logging_mixin.py:154} INFO - [2023-11-19T14:59:41.143+0000] {dag.py:3722} INFO - Setting next_dagrun for dataset_produces_1 to 2023-11-18T00:00:00+00:00, run_after=2023-11-19T00:00:00+00:00
[2023-11-19T14:59:41.144+0000] {logging_mixin.py:154} INFO - [2023-11-19T14:59:41.144+0000] {dag.py:3722} INFO - Setting next_dagrun for dataset_produces_2 to None, run_after=None
[2023-11-19T14:59:41.177+0000] {processor.py:179} INFO - Processing /home/airflow/.local/lib/python3.8/site-packages/airflow/example_dags/example_datasets.py took 0.117 seconds
[2023-11-19T15:00:11.296+0000] {processor.py:157} INFO - Started process (PID=336) to work on /home/airflow/.local/lib/python3.8/site-packages/airflow/example_dags/example_datasets.py
[2023-11-19T15:00:11.298+0000] {processor.py:829} INFO - Processing file /home/airflow/.local/lib/python3.8/site-packages/airflow/example_dags/example_datasets.py for tasks to queue
[2023-11-19T15:00:11.300+0000] {logging_mixin.py:154} INFO - [2023-11-19T15:00:11.300+0000] {dagbag.py:536} INFO - Filling up the DagBag from /home/airflow/.local/lib/python3.8/site-packages/airflow/example_dags/example_datasets.py
[2023-11-19T15:00:11.311+0000] {processor.py:839} INFO - DAG(s) dict_keys(['dataset_consumes_1', 'dataset_produces_2', 'dataset_produces_1', 'dataset_consumes_1_and_2', 'dataset_consumes_unknown_never_scheduled', 'dataset_consumes_1_never_scheduled']) retrieved from /home/airflow/.local/lib/python3.8/site-packages/airflow/example_dags/example_datasets.py
[2023-11-19T15:00:11.349+0000] {logging_mixin.py:154} INFO - [2023-11-19T15:00:11.348+0000] {dag.py:2941} INFO - Sync 6 DAGs
[2023-11-19T15:00:11.374+0000] {logging_mixin.py:154} INFO - [2023-11-19T15:00:11.373+0000] {dag.py:3722} INFO - Setting next_dagrun for dataset_consumes_1 to None, run_after=None
[2023-11-19T15:00:11.378+0000] {logging_mixin.py:154} INFO - [2023-11-19T15:00:11.378+0000] {dag.py:3722} INFO - Setting next_dagrun for dataset_consumes_1_and_2 to None, run_after=None
[2023-11-19T15:00:11.380+0000] {logging_mixin.py:154} INFO - [2023-11-19T15:00:11.380+0000] {dag.py:3722} INFO - Setting next_dagrun for dataset_consumes_1_never_scheduled to None, run_after=None
[2023-11-19T15:00:11.381+0000] {logging_mixin.py:154} INFO - [2023-11-19T15:00:11.381+0000] {dag.py:3722} INFO - Setting next_dagrun for dataset_consumes_unknown_never_scheduled to None, run_after=None
[2023-11-19T15:00:11.384+0000] {logging_mixin.py:154} INFO - [2023-11-19T15:00:11.384+0000] {dag.py:3722} INFO - Setting next_dagrun for dataset_produces_1 to 2023-11-18T00:00:00+00:00, run_after=2023-11-19T00:00:00+00:00
[2023-11-19T15:00:11.385+0000] {logging_mixin.py:154} INFO - [2023-11-19T15:00:11.385+0000] {dag.py:3722} INFO - Setting next_dagrun for dataset_produces_2 to None, run_after=None
[2023-11-19T15:00:11.417+0000] {processor.py:179} INFO - Processing /home/airflow/.local/lib/python3.8/site-packages/airflow/example_dags/example_datasets.py took 0.124 seconds
[2023-11-19T15:00:41.628+0000] {processor.py:157} INFO - Started process (PID=390) to work on /home/airflow/.local/lib/python3.8/site-packages/airflow/example_dags/example_datasets.py
[2023-11-19T15:00:41.629+0000] {processor.py:829} INFO - Processing file /home/airflow/.local/lib/python3.8/site-packages/airflow/example_dags/example_datasets.py for tasks to queue
[2023-11-19T15:00:41.631+0000] {logging_mixin.py:154} INFO - [2023-11-19T15:00:41.631+0000] {dagbag.py:536} INFO - Filling up the DagBag from /home/airflow/.local/lib/python3.8/site-packages/airflow/example_dags/example_datasets.py
[2023-11-19T15:00:41.639+0000] {processor.py:839} INFO - DAG(s) dict_keys(['dataset_consumes_1', 'dataset_produces_2', 'dataset_consumes_1_never_scheduled', 'dataset_consumes_1_and_2', 'dataset_produces_1', 'dataset_consumes_unknown_never_scheduled']) retrieved from /home/airflow/.local/lib/python3.8/site-packages/airflow/example_dags/example_datasets.py
[2023-11-19T15:00:41.676+0000] {logging_mixin.py:154} INFO - [2023-11-19T15:00:41.676+0000] {dag.py:2941} INFO - Sync 6 DAGs
[2023-11-19T15:00:41.702+0000] {logging_mixin.py:154} INFO - [2023-11-19T15:00:41.702+0000] {dag.py:3722} INFO - Setting next_dagrun for dataset_consumes_1 to None, run_after=None
[2023-11-19T15:00:41.708+0000] {logging_mixin.py:154} INFO - [2023-11-19T15:00:41.708+0000] {dag.py:3722} INFO - Setting next_dagrun for dataset_consumes_1_and_2 to None, run_after=None
[2023-11-19T15:00:41.709+0000] {logging_mixin.py:154} INFO - [2023-11-19T15:00:41.709+0000] {dag.py:3722} INFO - Setting next_dagrun for dataset_consumes_1_never_scheduled to None, run_after=None
[2023-11-19T15:00:41.710+0000] {logging_mixin.py:154} INFO - [2023-11-19T15:00:41.710+0000] {dag.py:3722} INFO - Setting next_dagrun for dataset_consumes_unknown_never_scheduled to None, run_after=None
[2023-11-19T15:00:41.713+0000] {logging_mixin.py:154} INFO - [2023-11-19T15:00:41.713+0000] {dag.py:3722} INFO - Setting next_dagrun for dataset_produces_1 to 2023-11-18T00:00:00+00:00, run_after=2023-11-19T00:00:00+00:00
[2023-11-19T15:00:41.714+0000] {logging_mixin.py:154} INFO - [2023-11-19T15:00:41.714+0000] {dag.py:3722} INFO - Setting next_dagrun for dataset_produces_2 to None, run_after=None
[2023-11-19T15:00:41.751+0000] {processor.py:179} INFO - Processing /home/airflow/.local/lib/python3.8/site-packages/airflow/example_dags/example_datasets.py took 0.125 seconds
[2023-11-19T15:01:11.879+0000] {processor.py:157} INFO - Started process (PID=444) to work on /home/airflow/.local/lib/python3.8/site-packages/airflow/example_dags/example_datasets.py
[2023-11-19T15:01:11.880+0000] {processor.py:829} INFO - Processing file /home/airflow/.local/lib/python3.8/site-packages/airflow/example_dags/example_datasets.py for tasks to queue
[2023-11-19T15:01:11.882+0000] {logging_mixin.py:154} INFO - [2023-11-19T15:01:11.881+0000] {dagbag.py:536} INFO - Filling up the DagBag from /home/airflow/.local/lib/python3.8/site-packages/airflow/example_dags/example_datasets.py
[2023-11-19T15:01:11.890+0000] {processor.py:839} INFO - DAG(s) dict_keys(['dataset_produces_2', 'dataset_consumes_1_and_2', 'dataset_consumes_1', 'dataset_produces_1', 'dataset_consumes_unknown_never_scheduled', 'dataset_consumes_1_never_scheduled']) retrieved from /home/airflow/.local/lib/python3.8/site-packages/airflow/example_dags/example_datasets.py
[2023-11-19T15:01:11.932+0000] {logging_mixin.py:154} INFO - [2023-11-19T15:01:11.932+0000] {dag.py:2941} INFO - Sync 6 DAGs
[2023-11-19T15:01:11.965+0000] {logging_mixin.py:154} INFO - [2023-11-19T15:01:11.965+0000] {dag.py:3722} INFO - Setting next_dagrun for dataset_consumes_1 to None, run_after=None
[2023-11-19T15:01:11.968+0000] {logging_mixin.py:154} INFO - [2023-11-19T15:01:11.968+0000] {dag.py:3722} INFO - Setting next_dagrun for dataset_consumes_1_and_2 to None, run_after=None
[2023-11-19T15:01:11.969+0000] {logging_mixin.py:154} INFO - [2023-11-19T15:01:11.969+0000] {dag.py:3722} INFO - Setting next_dagrun for dataset_consumes_1_never_scheduled to None, run_after=None
[2023-11-19T15:01:11.970+0000] {logging_mixin.py:154} INFO - [2023-11-19T15:01:11.970+0000] {dag.py:3722} INFO - Setting next_dagrun for dataset_consumes_unknown_never_scheduled to None, run_after=None
[2023-11-19T15:01:11.973+0000] {logging_mixin.py:154} INFO - [2023-11-19T15:01:11.973+0000] {dag.py:3722} INFO - Setting next_dagrun for dataset_produces_1 to 2023-11-18T00:00:00+00:00, run_after=2023-11-19T00:00:00+00:00
[2023-11-19T15:01:11.974+0000] {logging_mixin.py:154} INFO - [2023-11-19T15:01:11.974+0000] {dag.py:3722} INFO - Setting next_dagrun for dataset_produces_2 to None, run_after=None
[2023-11-19T15:01:12.004+0000] {processor.py:179} INFO - Processing /home/airflow/.local/lib/python3.8/site-packages/airflow/example_dags/example_datasets.py took 0.127 seconds
[2023-11-19T15:01:42.193+0000] {processor.py:157} INFO - Started process (PID=498) to work on /home/airflow/.local/lib/python3.8/site-packages/airflow/example_dags/example_datasets.py
[2023-11-19T15:01:42.194+0000] {processor.py:829} INFO - Processing file /home/airflow/.local/lib/python3.8/site-packages/airflow/example_dags/example_datasets.py for tasks to queue
[2023-11-19T15:01:42.196+0000] {logging_mixin.py:154} INFO - [2023-11-19T15:01:42.196+0000] {dagbag.py:536} INFO - Filling up the DagBag from /home/airflow/.local/lib/python3.8/site-packages/airflow/example_dags/example_datasets.py
[2023-11-19T15:01:42.209+0000] {processor.py:839} INFO - DAG(s) dict_keys(['dataset_consumes_1_and_2', 'dataset_consumes_1_never_scheduled', 'dataset_consumes_1', 'dataset_produces_2', 'dataset_consumes_unknown_never_scheduled', 'dataset_produces_1']) retrieved from /home/airflow/.local/lib/python3.8/site-packages/airflow/example_dags/example_datasets.py
[2023-11-19T15:01:42.264+0000] {logging_mixin.py:154} INFO - [2023-11-19T15:01:42.263+0000] {dag.py:2941} INFO - Sync 6 DAGs
[2023-11-19T15:01:42.296+0000] {logging_mixin.py:154} INFO - [2023-11-19T15:01:42.296+0000] {dag.py:3722} INFO - Setting next_dagrun for dataset_consumes_1 to None, run_after=None
[2023-11-19T15:01:42.300+0000] {logging_mixin.py:154} INFO - [2023-11-19T15:01:42.300+0000] {dag.py:3722} INFO - Setting next_dagrun for dataset_consumes_1_and_2 to None, run_after=None
[2023-11-19T15:01:42.303+0000] {logging_mixin.py:154} INFO - [2023-11-19T15:01:42.303+0000] {dag.py:3722} INFO - Setting next_dagrun for dataset_consumes_1_never_scheduled to None, run_after=None
[2023-11-19T15:01:42.304+0000] {logging_mixin.py:154} INFO - [2023-11-19T15:01:42.304+0000] {dag.py:3722} INFO - Setting next_dagrun for dataset_consumes_unknown_never_scheduled to None, run_after=None
[2023-11-19T15:01:42.307+0000] {logging_mixin.py:154} INFO - [2023-11-19T15:01:42.307+0000] {dag.py:3722} INFO - Setting next_dagrun for dataset_produces_1 to 2023-11-18T00:00:00+00:00, run_after=2023-11-19T00:00:00+00:00
[2023-11-19T15:01:42.308+0000] {logging_mixin.py:154} INFO - [2023-11-19T15:01:42.308+0000] {dag.py:3722} INFO - Setting next_dagrun for dataset_produces_2 to None, run_after=None
[2023-11-19T15:01:42.336+0000] {processor.py:179} INFO - Processing /home/airflow/.local/lib/python3.8/site-packages/airflow/example_dags/example_datasets.py took 0.146 seconds
[2023-11-19T15:02:13.135+0000] {processor.py:157} INFO - Started process (PID=552) to work on /home/airflow/.local/lib/python3.8/site-packages/airflow/example_dags/example_datasets.py
[2023-11-19T15:02:13.135+0000] {processor.py:829} INFO - Processing file /home/airflow/.local/lib/python3.8/site-packages/airflow/example_dags/example_datasets.py for tasks to queue
[2023-11-19T15:02:13.137+0000] {logging_mixin.py:154} INFO - [2023-11-19T15:02:13.137+0000] {dagbag.py:536} INFO - Filling up the DagBag from /home/airflow/.local/lib/python3.8/site-packages/airflow/example_dags/example_datasets.py
[2023-11-19T15:02:13.145+0000] {processor.py:839} INFO - DAG(s) dict_keys(['dataset_consumes_unknown_never_scheduled', 'dataset_consumes_1_never_scheduled', 'dataset_consumes_1', 'dataset_produces_2', 'dataset_consumes_1_and_2', 'dataset_produces_1']) retrieved from /home/airflow/.local/lib/python3.8/site-packages/airflow/example_dags/example_datasets.py
[2023-11-19T15:02:13.181+0000] {logging_mixin.py:154} INFO - [2023-11-19T15:02:13.180+0000] {dag.py:2941} INFO - Sync 6 DAGs
[2023-11-19T15:02:13.207+0000] {logging_mixin.py:154} INFO - [2023-11-19T15:02:13.207+0000] {dag.py:3722} INFO - Setting next_dagrun for dataset_consumes_1 to None, run_after=None
[2023-11-19T15:02:13.211+0000] {logging_mixin.py:154} INFO - [2023-11-19T15:02:13.211+0000] {dag.py:3722} INFO - Setting next_dagrun for dataset_consumes_1_and_2 to None, run_after=None
[2023-11-19T15:02:13.212+0000] {logging_mixin.py:154} INFO - [2023-11-19T15:02:13.212+0000] {dag.py:3722} INFO - Setting next_dagrun for dataset_consumes_1_never_scheduled to None, run_after=None
[2023-11-19T15:02:13.213+0000] {logging_mixin.py:154} INFO - [2023-11-19T15:02:13.213+0000] {dag.py:3722} INFO - Setting next_dagrun for dataset_consumes_unknown_never_scheduled to None, run_after=None
[2023-11-19T15:02:13.216+0000] {logging_mixin.py:154} INFO - [2023-11-19T15:02:13.216+0000] {dag.py:3722} INFO - Setting next_dagrun for dataset_produces_1 to 2023-11-18T00:00:00+00:00, run_after=2023-11-19T00:00:00+00:00
[2023-11-19T15:02:13.218+0000] {logging_mixin.py:154} INFO - [2023-11-19T15:02:13.217+0000] {dag.py:3722} INFO - Setting next_dagrun for dataset_produces_2 to None, run_after=None
[2023-11-19T15:02:13.250+0000] {processor.py:179} INFO - Processing /home/airflow/.local/lib/python3.8/site-packages/airflow/example_dags/example_datasets.py took 0.118 seconds
