[2023-11-19T14:57:39.643+0000] {processor.py:157} INFO - Started process (PID=68) to work on /home/airflow/.local/lib/python3.8/site-packages/airflow/example_dags/example_branch_operator.py
[2023-11-19T14:57:39.644+0000] {processor.py:829} INFO - Processing file /home/airflow/.local/lib/python3.8/site-packages/airflow/example_dags/example_branch_operator.py for tasks to queue
[2023-11-19T14:57:39.646+0000] {logging_mixin.py:154} INFO - [2023-11-19T14:57:39.646+0000] {dagbag.py:536} INFO - Filling up the DagBag from /home/airflow/.local/lib/python3.8/site-packages/airflow/example_dags/example_branch_operator.py
[2023-11-19T14:57:39.657+0000] {processor.py:839} INFO - DAG(s) dict_keys(['example_branch_operator']) retrieved from /home/airflow/.local/lib/python3.8/site-packages/airflow/example_dags/example_branch_operator.py
[2023-11-19T14:57:39.666+0000] {logging_mixin.py:154} INFO - [2023-11-19T14:57:39.666+0000] {dag.py:2941} INFO - Sync 1 DAGs
[2023-11-19T14:57:39.689+0000] {logging_mixin.py:154} INFO - [2023-11-19T14:57:39.689+0000] {dag.py:3722} INFO - Setting next_dagrun for example_branch_operator to 2023-11-18T00:00:00+00:00, run_after=2023-11-19T00:00:00+00:00
[2023-11-19T14:57:39.705+0000] {processor.py:179} INFO - Processing /home/airflow/.local/lib/python3.8/site-packages/airflow/example_dags/example_branch_operator.py took 0.064 seconds
[2023-11-19T14:58:10.284+0000] {processor.py:157} INFO - Started process (PID=122) to work on /home/airflow/.local/lib/python3.8/site-packages/airflow/example_dags/example_branch_operator.py
[2023-11-19T14:58:10.285+0000] {processor.py:829} INFO - Processing file /home/airflow/.local/lib/python3.8/site-packages/airflow/example_dags/example_branch_operator.py for tasks to queue
[2023-11-19T14:58:10.287+0000] {logging_mixin.py:154} INFO - [2023-11-19T14:58:10.287+0000] {dagbag.py:536} INFO - Filling up the DagBag from /home/airflow/.local/lib/python3.8/site-packages/airflow/example_dags/example_branch_operator.py
[2023-11-19T14:58:10.298+0000] {processor.py:839} INFO - DAG(s) dict_keys(['example_branch_operator']) retrieved from /home/airflow/.local/lib/python3.8/site-packages/airflow/example_dags/example_branch_operator.py
[2023-11-19T14:58:10.324+0000] {logging_mixin.py:154} INFO - [2023-11-19T14:58:10.324+0000] {dag.py:2941} INFO - Sync 1 DAGs
[2023-11-19T14:58:10.361+0000] {logging_mixin.py:154} INFO - [2023-11-19T14:58:10.361+0000] {dag.py:3722} INFO - Setting next_dagrun for example_branch_operator to 2023-11-18T00:00:00+00:00, run_after=2023-11-19T00:00:00+00:00
[2023-11-19T14:58:10.380+0000] {processor.py:179} INFO - Processing /home/airflow/.local/lib/python3.8/site-packages/airflow/example_dags/example_branch_operator.py took 0.099 seconds
[2023-11-19T14:58:40.459+0000] {processor.py:157} INFO - Started process (PID=176) to work on /home/airflow/.local/lib/python3.8/site-packages/airflow/example_dags/example_branch_operator.py
[2023-11-19T14:58:40.461+0000] {processor.py:829} INFO - Processing file /home/airflow/.local/lib/python3.8/site-packages/airflow/example_dags/example_branch_operator.py for tasks to queue
[2023-11-19T14:58:40.463+0000] {logging_mixin.py:154} INFO - [2023-11-19T14:58:40.463+0000] {dagbag.py:536} INFO - Filling up the DagBag from /home/airflow/.local/lib/python3.8/site-packages/airflow/example_dags/example_branch_operator.py
[2023-11-19T14:58:40.471+0000] {processor.py:839} INFO - DAG(s) dict_keys(['example_branch_operator']) retrieved from /home/airflow/.local/lib/python3.8/site-packages/airflow/example_dags/example_branch_operator.py
[2023-11-19T14:58:40.497+0000] {logging_mixin.py:154} INFO - [2023-11-19T14:58:40.497+0000] {dag.py:2941} INFO - Sync 1 DAGs
[2023-11-19T14:58:40.522+0000] {logging_mixin.py:154} INFO - [2023-11-19T14:58:40.522+0000] {dag.py:3722} INFO - Setting next_dagrun for example_branch_operator to 2023-11-18T00:00:00+00:00, run_after=2023-11-19T00:00:00+00:00
[2023-11-19T14:58:40.544+0000] {processor.py:179} INFO - Processing /home/airflow/.local/lib/python3.8/site-packages/airflow/example_dags/example_branch_operator.py took 0.088 seconds
[2023-11-19T14:59:10.925+0000] {processor.py:157} INFO - Started process (PID=230) to work on /home/airflow/.local/lib/python3.8/site-packages/airflow/example_dags/example_branch_operator.py
[2023-11-19T14:59:10.926+0000] {processor.py:829} INFO - Processing file /home/airflow/.local/lib/python3.8/site-packages/airflow/example_dags/example_branch_operator.py for tasks to queue
[2023-11-19T14:59:10.928+0000] {logging_mixin.py:154} INFO - [2023-11-19T14:59:10.928+0000] {dagbag.py:536} INFO - Filling up the DagBag from /home/airflow/.local/lib/python3.8/site-packages/airflow/example_dags/example_branch_operator.py
[2023-11-19T14:59:10.938+0000] {processor.py:839} INFO - DAG(s) dict_keys(['example_branch_operator']) retrieved from /home/airflow/.local/lib/python3.8/site-packages/airflow/example_dags/example_branch_operator.py
[2023-11-19T14:59:10.967+0000] {logging_mixin.py:154} INFO - [2023-11-19T14:59:10.967+0000] {dag.py:2941} INFO - Sync 1 DAGs
[2023-11-19T14:59:10.989+0000] {logging_mixin.py:154} INFO - [2023-11-19T14:59:10.989+0000] {dag.py:3722} INFO - Setting next_dagrun for example_branch_operator to 2023-11-18T00:00:00+00:00, run_after=2023-11-19T00:00:00+00:00
[2023-11-19T14:59:11.013+0000] {processor.py:179} INFO - Processing /home/airflow/.local/lib/python3.8/site-packages/airflow/example_dags/example_branch_operator.py took 0.091 seconds
[2023-11-19T14:59:41.201+0000] {processor.py:157} INFO - Started process (PID=284) to work on /home/airflow/.local/lib/python3.8/site-packages/airflow/example_dags/example_branch_operator.py
[2023-11-19T14:59:41.202+0000] {processor.py:829} INFO - Processing file /home/airflow/.local/lib/python3.8/site-packages/airflow/example_dags/example_branch_operator.py for tasks to queue
[2023-11-19T14:59:41.204+0000] {logging_mixin.py:154} INFO - [2023-11-19T14:59:41.204+0000] {dagbag.py:536} INFO - Filling up the DagBag from /home/airflow/.local/lib/python3.8/site-packages/airflow/example_dags/example_branch_operator.py
[2023-11-19T14:59:41.213+0000] {processor.py:839} INFO - DAG(s) dict_keys(['example_branch_operator']) retrieved from /home/airflow/.local/lib/python3.8/site-packages/airflow/example_dags/example_branch_operator.py
[2023-11-19T14:59:41.238+0000] {logging_mixin.py:154} INFO - [2023-11-19T14:59:41.238+0000] {dag.py:2941} INFO - Sync 1 DAGs
[2023-11-19T14:59:41.263+0000] {logging_mixin.py:154} INFO - [2023-11-19T14:59:41.263+0000] {dag.py:3722} INFO - Setting next_dagrun for example_branch_operator to 2023-11-18T00:00:00+00:00, run_after=2023-11-19T00:00:00+00:00
[2023-11-19T14:59:41.281+0000] {processor.py:179} INFO - Processing /home/airflow/.local/lib/python3.8/site-packages/airflow/example_dags/example_branch_operator.py took 0.083 seconds
[2023-11-19T15:00:11.527+0000] {processor.py:157} INFO - Started process (PID=339) to work on /home/airflow/.local/lib/python3.8/site-packages/airflow/example_dags/example_branch_operator.py
[2023-11-19T15:00:11.528+0000] {processor.py:829} INFO - Processing file /home/airflow/.local/lib/python3.8/site-packages/airflow/example_dags/example_branch_operator.py for tasks to queue
[2023-11-19T15:00:11.531+0000] {logging_mixin.py:154} INFO - [2023-11-19T15:00:11.530+0000] {dagbag.py:536} INFO - Filling up the DagBag from /home/airflow/.local/lib/python3.8/site-packages/airflow/example_dags/example_branch_operator.py
[2023-11-19T15:00:11.540+0000] {processor.py:839} INFO - DAG(s) dict_keys(['example_branch_operator']) retrieved from /home/airflow/.local/lib/python3.8/site-packages/airflow/example_dags/example_branch_operator.py
[2023-11-19T15:00:11.566+0000] {logging_mixin.py:154} INFO - [2023-11-19T15:00:11.566+0000] {dag.py:2941} INFO - Sync 1 DAGs
[2023-11-19T15:00:11.589+0000] {logging_mixin.py:154} INFO - [2023-11-19T15:00:11.589+0000] {dag.py:3722} INFO - Setting next_dagrun for example_branch_operator to 2023-11-18T00:00:00+00:00, run_after=2023-11-19T00:00:00+00:00
[2023-11-19T15:00:11.605+0000] {processor.py:179} INFO - Processing /home/airflow/.local/lib/python3.8/site-packages/airflow/example_dags/example_branch_operator.py took 0.081 seconds
[2023-11-19T15:00:41.778+0000] {processor.py:157} INFO - Started process (PID=393) to work on /home/airflow/.local/lib/python3.8/site-packages/airflow/example_dags/example_branch_operator.py
[2023-11-19T15:00:41.779+0000] {processor.py:829} INFO - Processing file /home/airflow/.local/lib/python3.8/site-packages/airflow/example_dags/example_branch_operator.py for tasks to queue
[2023-11-19T15:00:41.781+0000] {logging_mixin.py:154} INFO - [2023-11-19T15:00:41.781+0000] {dagbag.py:536} INFO - Filling up the DagBag from /home/airflow/.local/lib/python3.8/site-packages/airflow/example_dags/example_branch_operator.py
[2023-11-19T15:00:41.789+0000] {processor.py:839} INFO - DAG(s) dict_keys(['example_branch_operator']) retrieved from /home/airflow/.local/lib/python3.8/site-packages/airflow/example_dags/example_branch_operator.py
[2023-11-19T15:00:41.810+0000] {logging_mixin.py:154} INFO - [2023-11-19T15:00:41.810+0000] {dag.py:2941} INFO - Sync 1 DAGs
[2023-11-19T15:00:41.839+0000] {logging_mixin.py:154} INFO - [2023-11-19T15:00:41.839+0000] {dag.py:3722} INFO - Setting next_dagrun for example_branch_operator to 2023-11-18T00:00:00+00:00, run_after=2023-11-19T00:00:00+00:00
[2023-11-19T15:00:41.860+0000] {processor.py:179} INFO - Processing /home/airflow/.local/lib/python3.8/site-packages/airflow/example_dags/example_branch_operator.py took 0.086 seconds
[2023-11-19T15:01:12.025+0000] {processor.py:157} INFO - Started process (PID=447) to work on /home/airflow/.local/lib/python3.8/site-packages/airflow/example_dags/example_branch_operator.py
[2023-11-19T15:01:12.025+0000] {processor.py:829} INFO - Processing file /home/airflow/.local/lib/python3.8/site-packages/airflow/example_dags/example_branch_operator.py for tasks to queue
[2023-11-19T15:01:12.027+0000] {logging_mixin.py:154} INFO - [2023-11-19T15:01:12.027+0000] {dagbag.py:536} INFO - Filling up the DagBag from /home/airflow/.local/lib/python3.8/site-packages/airflow/example_dags/example_branch_operator.py
[2023-11-19T15:01:12.035+0000] {processor.py:839} INFO - DAG(s) dict_keys(['example_branch_operator']) retrieved from /home/airflow/.local/lib/python3.8/site-packages/airflow/example_dags/example_branch_operator.py
[2023-11-19T15:01:12.058+0000] {logging_mixin.py:154} INFO - [2023-11-19T15:01:12.057+0000] {dag.py:2941} INFO - Sync 1 DAGs
[2023-11-19T15:01:12.081+0000] {logging_mixin.py:154} INFO - [2023-11-19T15:01:12.081+0000] {dag.py:3722} INFO - Setting next_dagrun for example_branch_operator to 2023-11-18T00:00:00+00:00, run_after=2023-11-19T00:00:00+00:00
[2023-11-19T15:01:12.098+0000] {processor.py:179} INFO - Processing /home/airflow/.local/lib/python3.8/site-packages/airflow/example_dags/example_branch_operator.py took 0.077 seconds
[2023-11-19T15:01:42.360+0000] {processor.py:157} INFO - Started process (PID=501) to work on /home/airflow/.local/lib/python3.8/site-packages/airflow/example_dags/example_branch_operator.py
[2023-11-19T15:01:42.361+0000] {processor.py:829} INFO - Processing file /home/airflow/.local/lib/python3.8/site-packages/airflow/example_dags/example_branch_operator.py for tasks to queue
[2023-11-19T15:01:42.363+0000] {logging_mixin.py:154} INFO - [2023-11-19T15:01:42.362+0000] {dagbag.py:536} INFO - Filling up the DagBag from /home/airflow/.local/lib/python3.8/site-packages/airflow/example_dags/example_branch_operator.py
[2023-11-19T15:01:42.371+0000] {processor.py:839} INFO - DAG(s) dict_keys(['example_branch_operator']) retrieved from /home/airflow/.local/lib/python3.8/site-packages/airflow/example_dags/example_branch_operator.py
[2023-11-19T15:01:42.397+0000] {logging_mixin.py:154} INFO - [2023-11-19T15:01:42.396+0000] {dag.py:2941} INFO - Sync 1 DAGs
[2023-11-19T15:01:42.422+0000] {logging_mixin.py:154} INFO - [2023-11-19T15:01:42.422+0000] {dag.py:3722} INFO - Setting next_dagrun for example_branch_operator to 2023-11-18T00:00:00+00:00, run_after=2023-11-19T00:00:00+00:00
[2023-11-19T15:01:42.438+0000] {processor.py:179} INFO - Processing /home/airflow/.local/lib/python3.8/site-packages/airflow/example_dags/example_branch_operator.py took 0.080 seconds
[2023-11-19T15:02:13.374+0000] {processor.py:157} INFO - Started process (PID=555) to work on /home/airflow/.local/lib/python3.8/site-packages/airflow/example_dags/example_branch_operator.py
[2023-11-19T15:02:13.375+0000] {processor.py:829} INFO - Processing file /home/airflow/.local/lib/python3.8/site-packages/airflow/example_dags/example_branch_operator.py for tasks to queue
[2023-11-19T15:02:13.377+0000] {logging_mixin.py:154} INFO - [2023-11-19T15:02:13.377+0000] {dagbag.py:536} INFO - Filling up the DagBag from /home/airflow/.local/lib/python3.8/site-packages/airflow/example_dags/example_branch_operator.py
[2023-11-19T15:02:13.385+0000] {processor.py:839} INFO - DAG(s) dict_keys(['example_branch_operator']) retrieved from /home/airflow/.local/lib/python3.8/site-packages/airflow/example_dags/example_branch_operator.py
[2023-11-19T15:02:13.416+0000] {logging_mixin.py:154} INFO - [2023-11-19T15:02:13.415+0000] {dag.py:2941} INFO - Sync 1 DAGs
[2023-11-19T15:02:13.443+0000] {logging_mixin.py:154} INFO - [2023-11-19T15:02:13.443+0000] {dag.py:3722} INFO - Setting next_dagrun for example_branch_operator to 2023-11-18T00:00:00+00:00, run_after=2023-11-19T00:00:00+00:00
[2023-11-19T15:02:13.459+0000] {processor.py:179} INFO - Processing /home/airflow/.local/lib/python3.8/site-packages/airflow/example_dags/example_branch_operator.py took 0.088 seconds
