[2023-11-19T14:57:39.199+0000] {processor.py:157} INFO - Started process (PID=60) to work on /home/airflow/.local/lib/python3.8/site-packages/airflow/example_dags/example_short_circuit_decorator.py
[2023-11-19T14:57:39.200+0000] {processor.py:829} INFO - Processing file /home/airflow/.local/lib/python3.8/site-packages/airflow/example_dags/example_short_circuit_decorator.py for tasks to queue
[2023-11-19T14:57:39.202+0000] {logging_mixin.py:154} INFO - [2023-11-19T14:57:39.201+0000] {dagbag.py:536} INFO - Filling up the DagBag from /home/airflow/.local/lib/python3.8/site-packages/airflow/example_dags/example_short_circuit_decorator.py
[2023-11-19T14:57:39.224+0000] {processor.py:839} INFO - DAG(s) dict_keys(['example_short_circuit_decorator']) retrieved from /home/airflow/.local/lib/python3.8/site-packages/airflow/example_dags/example_short_circuit_decorator.py
[2023-11-19T14:57:39.235+0000] {logging_mixin.py:154} INFO - [2023-11-19T14:57:39.235+0000] {dag.py:2941} INFO - Sync 1 DAGs
[2023-11-19T14:57:39.259+0000] {logging_mixin.py:154} INFO - [2023-11-19T14:57:39.259+0000] {dag.py:3722} INFO - Setting next_dagrun for example_short_circuit_decorator to 2023-11-18T14:57:39.258920+00:00, run_after=2023-11-19T14:57:39.258920+00:00
[2023-11-19T14:57:39.276+0000] {processor.py:179} INFO - Processing /home/airflow/.local/lib/python3.8/site-packages/airflow/example_dags/example_short_circuit_decorator.py took 0.079 seconds
[2023-11-19T14:58:09.715+0000] {processor.py:157} INFO - Started process (PID=114) to work on /home/airflow/.local/lib/python3.8/site-packages/airflow/example_dags/example_short_circuit_decorator.py
[2023-11-19T14:58:09.716+0000] {processor.py:829} INFO - Processing file /home/airflow/.local/lib/python3.8/site-packages/airflow/example_dags/example_short_circuit_decorator.py for tasks to queue
[2023-11-19T14:58:09.717+0000] {logging_mixin.py:154} INFO - [2023-11-19T14:58:09.717+0000] {dagbag.py:536} INFO - Filling up the DagBag from /home/airflow/.local/lib/python3.8/site-packages/airflow/example_dags/example_short_circuit_decorator.py
[2023-11-19T14:58:09.726+0000] {processor.py:839} INFO - DAG(s) dict_keys(['example_short_circuit_decorator']) retrieved from /home/airflow/.local/lib/python3.8/site-packages/airflow/example_dags/example_short_circuit_decorator.py
[2023-11-19T14:58:09.748+0000] {logging_mixin.py:154} INFO - [2023-11-19T14:58:09.747+0000] {dag.py:2941} INFO - Sync 1 DAGs
[2023-11-19T14:58:09.769+0000] {logging_mixin.py:154} INFO - [2023-11-19T14:58:09.769+0000] {dag.py:3722} INFO - Setting next_dagrun for example_short_circuit_decorator to 2023-11-18T14:58:09.769259+00:00, run_after=2023-11-19T14:58:09.769259+00:00
[2023-11-19T14:58:09.791+0000] {processor.py:179} INFO - Processing /home/airflow/.local/lib/python3.8/site-packages/airflow/example_dags/example_short_circuit_decorator.py took 0.078 seconds
[2023-11-19T14:58:39.932+0000] {processor.py:157} INFO - Started process (PID=167) to work on /home/airflow/.local/lib/python3.8/site-packages/airflow/example_dags/example_short_circuit_decorator.py
[2023-11-19T14:58:39.933+0000] {processor.py:829} INFO - Processing file /home/airflow/.local/lib/python3.8/site-packages/airflow/example_dags/example_short_circuit_decorator.py for tasks to queue
[2023-11-19T14:58:39.935+0000] {logging_mixin.py:154} INFO - [2023-11-19T14:58:39.935+0000] {dagbag.py:536} INFO - Filling up the DagBag from /home/airflow/.local/lib/python3.8/site-packages/airflow/example_dags/example_short_circuit_decorator.py
[2023-11-19T14:58:39.945+0000] {processor.py:839} INFO - DAG(s) dict_keys(['example_short_circuit_decorator']) retrieved from /home/airflow/.local/lib/python3.8/site-packages/airflow/example_dags/example_short_circuit_decorator.py
[2023-11-19T14:58:39.970+0000] {logging_mixin.py:154} INFO - [2023-11-19T14:58:39.969+0000] {dag.py:2941} INFO - Sync 1 DAGs
[2023-11-19T14:58:39.994+0000] {logging_mixin.py:154} INFO - [2023-11-19T14:58:39.994+0000] {dag.py:3722} INFO - Setting next_dagrun for example_short_circuit_decorator to 2023-11-18T14:58:39.994335+00:00, run_after=2023-11-19T14:58:39.994335+00:00
[2023-11-19T14:58:40.017+0000] {processor.py:179} INFO - Processing /home/airflow/.local/lib/python3.8/site-packages/airflow/example_dags/example_short_circuit_decorator.py took 0.089 seconds
[2023-11-19T14:59:10.332+0000] {processor.py:157} INFO - Started process (PID=221) to work on /home/airflow/.local/lib/python3.8/site-packages/airflow/example_dags/example_short_circuit_decorator.py
[2023-11-19T14:59:10.333+0000] {processor.py:829} INFO - Processing file /home/airflow/.local/lib/python3.8/site-packages/airflow/example_dags/example_short_circuit_decorator.py for tasks to queue
[2023-11-19T14:59:10.335+0000] {logging_mixin.py:154} INFO - [2023-11-19T14:59:10.335+0000] {dagbag.py:536} INFO - Filling up the DagBag from /home/airflow/.local/lib/python3.8/site-packages/airflow/example_dags/example_short_circuit_decorator.py
[2023-11-19T14:59:10.344+0000] {processor.py:839} INFO - DAG(s) dict_keys(['example_short_circuit_decorator']) retrieved from /home/airflow/.local/lib/python3.8/site-packages/airflow/example_dags/example_short_circuit_decorator.py
[2023-11-19T14:59:10.369+0000] {logging_mixin.py:154} INFO - [2023-11-19T14:59:10.369+0000] {dag.py:2941} INFO - Sync 1 DAGs
[2023-11-19T14:59:10.391+0000] {logging_mixin.py:154} INFO - [2023-11-19T14:59:10.391+0000] {dag.py:3722} INFO - Setting next_dagrun for example_short_circuit_decorator to 2023-11-18T14:59:10.390957+00:00, run_after=2023-11-19T14:59:10.390957+00:00
[2023-11-19T14:59:10.407+0000] {processor.py:179} INFO - Processing /home/airflow/.local/lib/python3.8/site-packages/airflow/example_dags/example_short_circuit_decorator.py took 0.078 seconds
[2023-11-19T14:59:40.652+0000] {processor.py:157} INFO - Started process (PID=275) to work on /home/airflow/.local/lib/python3.8/site-packages/airflow/example_dags/example_short_circuit_decorator.py
[2023-11-19T14:59:40.653+0000] {processor.py:829} INFO - Processing file /home/airflow/.local/lib/python3.8/site-packages/airflow/example_dags/example_short_circuit_decorator.py for tasks to queue
[2023-11-19T14:59:40.655+0000] {logging_mixin.py:154} INFO - [2023-11-19T14:59:40.654+0000] {dagbag.py:536} INFO - Filling up the DagBag from /home/airflow/.local/lib/python3.8/site-packages/airflow/example_dags/example_short_circuit_decorator.py
[2023-11-19T14:59:40.664+0000] {processor.py:839} INFO - DAG(s) dict_keys(['example_short_circuit_decorator']) retrieved from /home/airflow/.local/lib/python3.8/site-packages/airflow/example_dags/example_short_circuit_decorator.py
[2023-11-19T14:59:40.690+0000] {logging_mixin.py:154} INFO - [2023-11-19T14:59:40.690+0000] {dag.py:2941} INFO - Sync 1 DAGs
[2023-11-19T14:59:40.713+0000] {logging_mixin.py:154} INFO - [2023-11-19T14:59:40.713+0000] {dag.py:3722} INFO - Setting next_dagrun for example_short_circuit_decorator to 2023-11-18T14:59:40.713324+00:00, run_after=2023-11-19T14:59:40.713324+00:00
[2023-11-19T14:59:40.731+0000] {processor.py:179} INFO - Processing /home/airflow/.local/lib/python3.8/site-packages/airflow/example_dags/example_short_circuit_decorator.py took 0.083 seconds
[2023-11-19T15:00:10.818+0000] {processor.py:157} INFO - Started process (PID=330) to work on /home/airflow/.local/lib/python3.8/site-packages/airflow/example_dags/example_short_circuit_decorator.py
[2023-11-19T15:00:10.818+0000] {processor.py:829} INFO - Processing file /home/airflow/.local/lib/python3.8/site-packages/airflow/example_dags/example_short_circuit_decorator.py for tasks to queue
[2023-11-19T15:00:10.820+0000] {logging_mixin.py:154} INFO - [2023-11-19T15:00:10.820+0000] {dagbag.py:536} INFO - Filling up the DagBag from /home/airflow/.local/lib/python3.8/site-packages/airflow/example_dags/example_short_circuit_decorator.py
[2023-11-19T15:00:10.828+0000] {processor.py:839} INFO - DAG(s) dict_keys(['example_short_circuit_decorator']) retrieved from /home/airflow/.local/lib/python3.8/site-packages/airflow/example_dags/example_short_circuit_decorator.py
[2023-11-19T15:00:10.856+0000] {logging_mixin.py:154} INFO - [2023-11-19T15:00:10.856+0000] {dag.py:2941} INFO - Sync 1 DAGs
[2023-11-19T15:00:10.881+0000] {logging_mixin.py:154} INFO - [2023-11-19T15:00:10.880+0000] {dag.py:3722} INFO - Setting next_dagrun for example_short_circuit_decorator to 2023-11-18T15:00:10.880586+00:00, run_after=2023-11-19T15:00:10.880586+00:00
[2023-11-19T15:00:10.897+0000] {processor.py:179} INFO - Processing /home/airflow/.local/lib/python3.8/site-packages/airflow/example_dags/example_short_circuit_decorator.py took 0.083 seconds
[2023-11-19T15:00:41.091+0000] {processor.py:157} INFO - Started process (PID=384) to work on /home/airflow/.local/lib/python3.8/site-packages/airflow/example_dags/example_short_circuit_decorator.py
[2023-11-19T15:00:41.092+0000] {processor.py:829} INFO - Processing file /home/airflow/.local/lib/python3.8/site-packages/airflow/example_dags/example_short_circuit_decorator.py for tasks to queue
[2023-11-19T15:00:41.094+0000] {logging_mixin.py:154} INFO - [2023-11-19T15:00:41.094+0000] {dagbag.py:536} INFO - Filling up the DagBag from /home/airflow/.local/lib/python3.8/site-packages/airflow/example_dags/example_short_circuit_decorator.py
[2023-11-19T15:00:41.104+0000] {processor.py:839} INFO - DAG(s) dict_keys(['example_short_circuit_decorator']) retrieved from /home/airflow/.local/lib/python3.8/site-packages/airflow/example_dags/example_short_circuit_decorator.py
[2023-11-19T15:00:41.131+0000] {logging_mixin.py:154} INFO - [2023-11-19T15:00:41.130+0000] {dag.py:2941} INFO - Sync 1 DAGs
[2023-11-19T15:00:41.152+0000] {logging_mixin.py:154} INFO - [2023-11-19T15:00:41.152+0000] {dag.py:3722} INFO - Setting next_dagrun for example_short_circuit_decorator to 2023-11-18T15:00:41.152385+00:00, run_after=2023-11-19T15:00:41.152385+00:00
[2023-11-19T15:00:41.173+0000] {processor.py:179} INFO - Processing /home/airflow/.local/lib/python3.8/site-packages/airflow/example_dags/example_short_circuit_decorator.py took 0.086 seconds
[2023-11-19T15:01:11.377+0000] {processor.py:157} INFO - Started process (PID=438) to work on /home/airflow/.local/lib/python3.8/site-packages/airflow/example_dags/example_short_circuit_decorator.py
[2023-11-19T15:01:11.378+0000] {processor.py:829} INFO - Processing file /home/airflow/.local/lib/python3.8/site-packages/airflow/example_dags/example_short_circuit_decorator.py for tasks to queue
[2023-11-19T15:01:11.380+0000] {logging_mixin.py:154} INFO - [2023-11-19T15:01:11.379+0000] {dagbag.py:536} INFO - Filling up the DagBag from /home/airflow/.local/lib/python3.8/site-packages/airflow/example_dags/example_short_circuit_decorator.py
[2023-11-19T15:01:11.389+0000] {processor.py:839} INFO - DAG(s) dict_keys(['example_short_circuit_decorator']) retrieved from /home/airflow/.local/lib/python3.8/site-packages/airflow/example_dags/example_short_circuit_decorator.py
[2023-11-19T15:01:11.414+0000] {logging_mixin.py:154} INFO - [2023-11-19T15:01:11.414+0000] {dag.py:2941} INFO - Sync 1 DAGs
[2023-11-19T15:01:11.438+0000] {logging_mixin.py:154} INFO - [2023-11-19T15:01:11.438+0000] {dag.py:3722} INFO - Setting next_dagrun for example_short_circuit_decorator to 2023-11-18T15:01:11.438154+00:00, run_after=2023-11-19T15:01:11.438154+00:00
[2023-11-19T15:01:11.454+0000] {processor.py:179} INFO - Processing /home/airflow/.local/lib/python3.8/site-packages/airflow/example_dags/example_short_circuit_decorator.py took 0.080 seconds
[2023-11-19T15:01:41.544+0000] {processor.py:157} INFO - Started process (PID=492) to work on /home/airflow/.local/lib/python3.8/site-packages/airflow/example_dags/example_short_circuit_decorator.py
[2023-11-19T15:01:41.545+0000] {processor.py:829} INFO - Processing file /home/airflow/.local/lib/python3.8/site-packages/airflow/example_dags/example_short_circuit_decorator.py for tasks to queue
[2023-11-19T15:01:41.546+0000] {logging_mixin.py:154} INFO - [2023-11-19T15:01:41.546+0000] {dagbag.py:536} INFO - Filling up the DagBag from /home/airflow/.local/lib/python3.8/site-packages/airflow/example_dags/example_short_circuit_decorator.py
[2023-11-19T15:01:41.555+0000] {processor.py:839} INFO - DAG(s) dict_keys(['example_short_circuit_decorator']) retrieved from /home/airflow/.local/lib/python3.8/site-packages/airflow/example_dags/example_short_circuit_decorator.py
[2023-11-19T15:01:41.580+0000] {logging_mixin.py:154} INFO - [2023-11-19T15:01:41.580+0000] {dag.py:2941} INFO - Sync 1 DAGs
[2023-11-19T15:01:41.601+0000] {logging_mixin.py:154} INFO - [2023-11-19T15:01:41.601+0000] {dag.py:3722} INFO - Setting next_dagrun for example_short_circuit_decorator to 2023-11-18T15:01:41.601252+00:00, run_after=2023-11-19T15:01:41.601252+00:00
[2023-11-19T15:01:41.618+0000] {processor.py:179} INFO - Processing /home/airflow/.local/lib/python3.8/site-packages/airflow/example_dags/example_short_circuit_decorator.py took 0.077 seconds
[2023-11-19T15:02:11.903+0000] {processor.py:157} INFO - Started process (PID=546) to work on /home/airflow/.local/lib/python3.8/site-packages/airflow/example_dags/example_short_circuit_decorator.py
[2023-11-19T15:02:11.904+0000] {processor.py:829} INFO - Processing file /home/airflow/.local/lib/python3.8/site-packages/airflow/example_dags/example_short_circuit_decorator.py for tasks to queue
[2023-11-19T15:02:11.906+0000] {logging_mixin.py:154} INFO - [2023-11-19T15:02:11.906+0000] {dagbag.py:536} INFO - Filling up the DagBag from /home/airflow/.local/lib/python3.8/site-packages/airflow/example_dags/example_short_circuit_decorator.py
[2023-11-19T15:02:11.916+0000] {processor.py:839} INFO - DAG(s) dict_keys(['example_short_circuit_decorator']) retrieved from /home/airflow/.local/lib/python3.8/site-packages/airflow/example_dags/example_short_circuit_decorator.py
[2023-11-19T15:02:11.944+0000] {logging_mixin.py:154} INFO - [2023-11-19T15:02:11.944+0000] {dag.py:2941} INFO - Sync 1 DAGs
[2023-11-19T15:02:11.966+0000] {logging_mixin.py:154} INFO - [2023-11-19T15:02:11.966+0000] {dag.py:3722} INFO - Setting next_dagrun for example_short_circuit_decorator to 2023-11-18T15:02:11.965831+00:00, run_after=2023-11-19T15:02:11.965831+00:00
[2023-11-19T15:02:11.981+0000] {processor.py:179} INFO - Processing /home/airflow/.local/lib/python3.8/site-packages/airflow/example_dags/example_short_circuit_decorator.py took 0.082 seconds
[2023-11-19T15:02:42.393+0000] {processor.py:157} INFO - Started process (PID=600) to work on /home/airflow/.local/lib/python3.8/site-packages/airflow/example_dags/example_short_circuit_decorator.py
[2023-11-19T15:02:42.394+0000] {processor.py:829} INFO - Processing file /home/airflow/.local/lib/python3.8/site-packages/airflow/example_dags/example_short_circuit_decorator.py for tasks to queue
[2023-11-19T15:02:42.396+0000] {logging_mixin.py:154} INFO - [2023-11-19T15:02:42.396+0000] {dagbag.py:536} INFO - Filling up the DagBag from /home/airflow/.local/lib/python3.8/site-packages/airflow/example_dags/example_short_circuit_decorator.py
[2023-11-19T15:02:42.406+0000] {processor.py:839} INFO - DAG(s) dict_keys(['example_short_circuit_decorator']) retrieved from /home/airflow/.local/lib/python3.8/site-packages/airflow/example_dags/example_short_circuit_decorator.py
[2023-11-19T15:02:42.432+0000] {logging_mixin.py:154} INFO - [2023-11-19T15:02:42.432+0000] {dag.py:2941} INFO - Sync 1 DAGs
[2023-11-19T15:02:42.457+0000] {logging_mixin.py:154} INFO - [2023-11-19T15:02:42.457+0000] {dag.py:3722} INFO - Setting next_dagrun for example_short_circuit_decorator to 2023-11-18T15:02:42.457200+00:00, run_after=2023-11-19T15:02:42.457200+00:00
[2023-11-19T15:02:42.482+0000] {processor.py:179} INFO - Processing /home/airflow/.local/lib/python3.8/site-packages/airflow/example_dags/example_short_circuit_decorator.py took 0.092 seconds
[2023-11-19T15:03:12.701+0000] {processor.py:157} INFO - Started process (PID=654) to work on /home/airflow/.local/lib/python3.8/site-packages/airflow/example_dags/example_short_circuit_decorator.py
[2023-11-19T15:03:12.702+0000] {processor.py:829} INFO - Processing file /home/airflow/.local/lib/python3.8/site-packages/airflow/example_dags/example_short_circuit_decorator.py for tasks to queue
[2023-11-19T15:03:12.704+0000] {logging_mixin.py:154} INFO - [2023-11-19T15:03:12.703+0000] {dagbag.py:536} INFO - Filling up the DagBag from /home/airflow/.local/lib/python3.8/site-packages/airflow/example_dags/example_short_circuit_decorator.py
[2023-11-19T15:03:12.711+0000] {processor.py:839} INFO - DAG(s) dict_keys(['example_short_circuit_decorator']) retrieved from /home/airflow/.local/lib/python3.8/site-packages/airflow/example_dags/example_short_circuit_decorator.py
[2023-11-19T15:03:12.731+0000] {logging_mixin.py:154} INFO - [2023-11-19T15:03:12.731+0000] {dag.py:2941} INFO - Sync 1 DAGs
[2023-11-19T15:03:12.751+0000] {logging_mixin.py:154} INFO - [2023-11-19T15:03:12.750+0000] {dag.py:3722} INFO - Setting next_dagrun for example_short_circuit_decorator to 2023-11-18T15:03:12.750644+00:00, run_after=2023-11-19T15:03:12.750644+00:00
[2023-11-19T15:03:12.766+0000] {processor.py:179} INFO - Processing /home/airflow/.local/lib/python3.8/site-packages/airflow/example_dags/example_short_circuit_decorator.py took 0.067 seconds
[2023-11-19T15:03:43.372+0000] {processor.py:157} INFO - Started process (PID=708) to work on /home/airflow/.local/lib/python3.8/site-packages/airflow/example_dags/example_short_circuit_decorator.py
[2023-11-19T15:03:43.373+0000] {processor.py:829} INFO - Processing file /home/airflow/.local/lib/python3.8/site-packages/airflow/example_dags/example_short_circuit_decorator.py for tasks to queue
[2023-11-19T15:03:43.375+0000] {logging_mixin.py:154} INFO - [2023-11-19T15:03:43.374+0000] {dagbag.py:536} INFO - Filling up the DagBag from /home/airflow/.local/lib/python3.8/site-packages/airflow/example_dags/example_short_circuit_decorator.py
[2023-11-19T15:03:43.384+0000] {processor.py:839} INFO - DAG(s) dict_keys(['example_short_circuit_decorator']) retrieved from /home/airflow/.local/lib/python3.8/site-packages/airflow/example_dags/example_short_circuit_decorator.py
[2023-11-19T15:03:43.410+0000] {logging_mixin.py:154} INFO - [2023-11-19T15:03:43.409+0000] {dag.py:2941} INFO - Sync 1 DAGs
[2023-11-19T15:03:43.432+0000] {logging_mixin.py:154} INFO - [2023-11-19T15:03:43.432+0000] {dag.py:3722} INFO - Setting next_dagrun for example_short_circuit_decorator to 2023-11-18T15:03:43.432251+00:00, run_after=2023-11-19T15:03:43.432251+00:00
[2023-11-19T15:03:43.450+0000] {processor.py:179} INFO - Processing /home/airflow/.local/lib/python3.8/site-packages/airflow/example_dags/example_short_circuit_decorator.py took 0.081 seconds
[2023-11-19T15:04:13.541+0000] {processor.py:157} INFO - Started process (PID=762) to work on /home/airflow/.local/lib/python3.8/site-packages/airflow/example_dags/example_short_circuit_decorator.py
[2023-11-19T15:04:13.542+0000] {processor.py:829} INFO - Processing file /home/airflow/.local/lib/python3.8/site-packages/airflow/example_dags/example_short_circuit_decorator.py for tasks to queue
[2023-11-19T15:04:13.544+0000] {logging_mixin.py:154} INFO - [2023-11-19T15:04:13.543+0000] {dagbag.py:536} INFO - Filling up the DagBag from /home/airflow/.local/lib/python3.8/site-packages/airflow/example_dags/example_short_circuit_decorator.py
[2023-11-19T15:04:13.552+0000] {processor.py:839} INFO - DAG(s) dict_keys(['example_short_circuit_decorator']) retrieved from /home/airflow/.local/lib/python3.8/site-packages/airflow/example_dags/example_short_circuit_decorator.py
[2023-11-19T15:04:13.576+0000] {logging_mixin.py:154} INFO - [2023-11-19T15:04:13.576+0000] {dag.py:2941} INFO - Sync 1 DAGs
[2023-11-19T15:04:13.599+0000] {logging_mixin.py:154} INFO - [2023-11-19T15:04:13.598+0000] {dag.py:3722} INFO - Setting next_dagrun for example_short_circuit_decorator to 2023-11-18T15:04:13.598663+00:00, run_after=2023-11-19T15:04:13.598663+00:00
[2023-11-19T15:04:13.614+0000] {processor.py:179} INFO - Processing /home/airflow/.local/lib/python3.8/site-packages/airflow/example_dags/example_short_circuit_decorator.py took 0.076 seconds
[2023-11-19T15:04:43.700+0000] {processor.py:157} INFO - Started process (PID=816) to work on /home/airflow/.local/lib/python3.8/site-packages/airflow/example_dags/example_short_circuit_decorator.py
[2023-11-19T15:04:43.700+0000] {processor.py:829} INFO - Processing file /home/airflow/.local/lib/python3.8/site-packages/airflow/example_dags/example_short_circuit_decorator.py for tasks to queue
[2023-11-19T15:04:43.702+0000] {logging_mixin.py:154} INFO - [2023-11-19T15:04:43.701+0000] {dagbag.py:536} INFO - Filling up the DagBag from /home/airflow/.local/lib/python3.8/site-packages/airflow/example_dags/example_short_circuit_decorator.py
[2023-11-19T15:04:43.710+0000] {processor.py:839} INFO - DAG(s) dict_keys(['example_short_circuit_decorator']) retrieved from /home/airflow/.local/lib/python3.8/site-packages/airflow/example_dags/example_short_circuit_decorator.py
[2023-11-19T15:04:43.733+0000] {logging_mixin.py:154} INFO - [2023-11-19T15:04:43.733+0000] {dag.py:2941} INFO - Sync 1 DAGs
[2023-11-19T15:04:43.753+0000] {logging_mixin.py:154} INFO - [2023-11-19T15:04:43.753+0000] {dag.py:3722} INFO - Setting next_dagrun for example_short_circuit_decorator to 2023-11-18T15:04:43.753384+00:00, run_after=2023-11-19T15:04:43.753384+00:00
[2023-11-19T15:04:43.768+0000] {processor.py:179} INFO - Processing /home/airflow/.local/lib/python3.8/site-packages/airflow/example_dags/example_short_circuit_decorator.py took 0.071 seconds
[2023-11-19T15:05:14.328+0000] {processor.py:157} INFO - Started process (PID=870) to work on /home/airflow/.local/lib/python3.8/site-packages/airflow/example_dags/example_short_circuit_decorator.py
[2023-11-19T15:05:14.329+0000] {processor.py:829} INFO - Processing file /home/airflow/.local/lib/python3.8/site-packages/airflow/example_dags/example_short_circuit_decorator.py for tasks to queue
[2023-11-19T15:05:14.331+0000] {logging_mixin.py:154} INFO - [2023-11-19T15:05:14.331+0000] {dagbag.py:536} INFO - Filling up the DagBag from /home/airflow/.local/lib/python3.8/site-packages/airflow/example_dags/example_short_circuit_decorator.py
[2023-11-19T15:05:14.340+0000] {processor.py:839} INFO - DAG(s) dict_keys(['example_short_circuit_decorator']) retrieved from /home/airflow/.local/lib/python3.8/site-packages/airflow/example_dags/example_short_circuit_decorator.py
[2023-11-19T15:05:14.363+0000] {logging_mixin.py:154} INFO - [2023-11-19T15:05:14.363+0000] {dag.py:2941} INFO - Sync 1 DAGs
[2023-11-19T15:05:14.384+0000] {logging_mixin.py:154} INFO - [2023-11-19T15:05:14.384+0000] {dag.py:3722} INFO - Setting next_dagrun for example_short_circuit_decorator to 2023-11-18T15:05:14.384463+00:00, run_after=2023-11-19T15:05:14.384463+00:00
[2023-11-19T15:05:14.411+0000] {processor.py:179} INFO - Processing /home/airflow/.local/lib/python3.8/site-packages/airflow/example_dags/example_short_circuit_decorator.py took 0.086 seconds
[2023-11-19T15:05:44.847+0000] {processor.py:157} INFO - Started process (PID=924) to work on /home/airflow/.local/lib/python3.8/site-packages/airflow/example_dags/example_short_circuit_decorator.py
[2023-11-19T15:05:44.848+0000] {processor.py:829} INFO - Processing file /home/airflow/.local/lib/python3.8/site-packages/airflow/example_dags/example_short_circuit_decorator.py for tasks to queue
[2023-11-19T15:05:44.850+0000] {logging_mixin.py:154} INFO - [2023-11-19T15:05:44.850+0000] {dagbag.py:536} INFO - Filling up the DagBag from /home/airflow/.local/lib/python3.8/site-packages/airflow/example_dags/example_short_circuit_decorator.py
[2023-11-19T15:05:44.859+0000] {processor.py:839} INFO - DAG(s) dict_keys(['example_short_circuit_decorator']) retrieved from /home/airflow/.local/lib/python3.8/site-packages/airflow/example_dags/example_short_circuit_decorator.py
[2023-11-19T15:05:44.884+0000] {logging_mixin.py:154} INFO - [2023-11-19T15:05:44.883+0000] {dag.py:2941} INFO - Sync 1 DAGs
[2023-11-19T15:05:44.905+0000] {logging_mixin.py:154} INFO - [2023-11-19T15:05:44.905+0000] {dag.py:3722} INFO - Setting next_dagrun for example_short_circuit_decorator to 2023-11-18T15:05:44.904836+00:00, run_after=2023-11-19T15:05:44.904836+00:00
[2023-11-19T15:05:44.924+0000] {processor.py:179} INFO - Processing /home/airflow/.local/lib/python3.8/site-packages/airflow/example_dags/example_short_circuit_decorator.py took 0.081 seconds
[2023-11-19T15:06:15.408+0000] {processor.py:157} INFO - Started process (PID=978) to work on /home/airflow/.local/lib/python3.8/site-packages/airflow/example_dags/example_short_circuit_decorator.py
[2023-11-19T15:06:15.409+0000] {processor.py:829} INFO - Processing file /home/airflow/.local/lib/python3.8/site-packages/airflow/example_dags/example_short_circuit_decorator.py for tasks to queue
[2023-11-19T15:06:15.411+0000] {logging_mixin.py:154} INFO - [2023-11-19T15:06:15.411+0000] {dagbag.py:536} INFO - Filling up the DagBag from /home/airflow/.local/lib/python3.8/site-packages/airflow/example_dags/example_short_circuit_decorator.py
[2023-11-19T15:06:15.420+0000] {processor.py:839} INFO - DAG(s) dict_keys(['example_short_circuit_decorator']) retrieved from /home/airflow/.local/lib/python3.8/site-packages/airflow/example_dags/example_short_circuit_decorator.py
[2023-11-19T15:06:15.445+0000] {logging_mixin.py:154} INFO - [2023-11-19T15:06:15.445+0000] {dag.py:2941} INFO - Sync 1 DAGs
[2023-11-19T15:06:15.468+0000] {logging_mixin.py:154} INFO - [2023-11-19T15:06:15.468+0000] {dag.py:3722} INFO - Setting next_dagrun for example_short_circuit_decorator to 2023-11-18T15:06:15.468458+00:00, run_after=2023-11-19T15:06:15.468458+00:00
[2023-11-19T15:06:15.493+0000] {processor.py:179} INFO - Processing /home/airflow/.local/lib/python3.8/site-packages/airflow/example_dags/example_short_circuit_decorator.py took 0.088 seconds
