[2023-11-19T14:57:37.758+0000] {processor.py:157} INFO - Started process (PID=35) to work on /home/airflow/.local/lib/python3.8/site-packages/airflow/example_dags/example_latest_only.py
[2023-11-19T14:57:37.758+0000] {processor.py:829} INFO - Processing file /home/airflow/.local/lib/python3.8/site-packages/airflow/example_dags/example_latest_only.py for tasks to queue
[2023-11-19T14:57:37.760+0000] {logging_mixin.py:154} INFO - [2023-11-19T14:57:37.760+0000] {dagbag.py:536} INFO - Filling up the DagBag from /home/airflow/.local/lib/python3.8/site-packages/airflow/example_dags/example_latest_only.py
[2023-11-19T14:57:37.772+0000] {processor.py:839} INFO - DAG(s) dict_keys(['latest_only']) retrieved from /home/airflow/.local/lib/python3.8/site-packages/airflow/example_dags/example_latest_only.py
[2023-11-19T14:57:37.783+0000] {logging_mixin.py:154} INFO - [2023-11-19T14:57:37.783+0000] {dag.py:2941} INFO - Sync 1 DAGs
[2023-11-19T14:57:37.805+0000] {logging_mixin.py:154} INFO - [2023-11-19T14:57:37.804+0000] {dag.py:3722} INFO - Setting next_dagrun for latest_only to 2023-11-19T10:57:37.804710+00:00, run_after=2023-11-19T14:57:37.804710+00:00
[2023-11-19T14:57:37.837+0000] {processor.py:179} INFO - Processing /home/airflow/.local/lib/python3.8/site-packages/airflow/example_dags/example_latest_only.py took 0.082 seconds
[2023-11-19T14:58:08.422+0000] {processor.py:157} INFO - Started process (PID=89) to work on /home/airflow/.local/lib/python3.8/site-packages/airflow/example_dags/example_latest_only.py
[2023-11-19T14:58:08.423+0000] {processor.py:829} INFO - Processing file /home/airflow/.local/lib/python3.8/site-packages/airflow/example_dags/example_latest_only.py for tasks to queue
[2023-11-19T14:58:08.425+0000] {logging_mixin.py:154} INFO - [2023-11-19T14:58:08.424+0000] {dagbag.py:536} INFO - Filling up the DagBag from /home/airflow/.local/lib/python3.8/site-packages/airflow/example_dags/example_latest_only.py
[2023-11-19T14:58:08.430+0000] {processor.py:839} INFO - DAG(s) dict_keys(['latest_only']) retrieved from /home/airflow/.local/lib/python3.8/site-packages/airflow/example_dags/example_latest_only.py
[2023-11-19T14:58:08.450+0000] {logging_mixin.py:154} INFO - [2023-11-19T14:58:08.450+0000] {dag.py:2941} INFO - Sync 1 DAGs
[2023-11-19T14:58:08.471+0000] {logging_mixin.py:154} INFO - [2023-11-19T14:58:08.471+0000] {dag.py:3722} INFO - Setting next_dagrun for latest_only to 2023-11-19T10:58:08.471320+00:00, run_after=2023-11-19T14:58:08.471320+00:00
[2023-11-19T14:58:08.487+0000] {processor.py:179} INFO - Processing /home/airflow/.local/lib/python3.8/site-packages/airflow/example_dags/example_latest_only.py took 0.068 seconds
[2023-11-19T14:58:38.618+0000] {processor.py:157} INFO - Started process (PID=143) to work on /home/airflow/.local/lib/python3.8/site-packages/airflow/example_dags/example_latest_only.py
[2023-11-19T14:58:38.620+0000] {processor.py:829} INFO - Processing file /home/airflow/.local/lib/python3.8/site-packages/airflow/example_dags/example_latest_only.py for tasks to queue
[2023-11-19T14:58:38.622+0000] {logging_mixin.py:154} INFO - [2023-11-19T14:58:38.621+0000] {dagbag.py:536} INFO - Filling up the DagBag from /home/airflow/.local/lib/python3.8/site-packages/airflow/example_dags/example_latest_only.py
[2023-11-19T14:58:38.627+0000] {processor.py:839} INFO - DAG(s) dict_keys(['latest_only']) retrieved from /home/airflow/.local/lib/python3.8/site-packages/airflow/example_dags/example_latest_only.py
[2023-11-19T14:58:38.646+0000] {logging_mixin.py:154} INFO - [2023-11-19T14:58:38.646+0000] {dag.py:2941} INFO - Sync 1 DAGs
[2023-11-19T14:58:38.668+0000] {logging_mixin.py:154} INFO - [2023-11-19T14:58:38.668+0000] {dag.py:3722} INFO - Setting next_dagrun for latest_only to 2023-11-19T10:58:38.667769+00:00, run_after=2023-11-19T14:58:38.667769+00:00
[2023-11-19T14:58:38.683+0000] {processor.py:179} INFO - Processing /home/airflow/.local/lib/python3.8/site-packages/airflow/example_dags/example_latest_only.py took 0.068 seconds
[2023-11-19T14:59:08.841+0000] {processor.py:157} INFO - Started process (PID=197) to work on /home/airflow/.local/lib/python3.8/site-packages/airflow/example_dags/example_latest_only.py
[2023-11-19T14:59:08.842+0000] {processor.py:829} INFO - Processing file /home/airflow/.local/lib/python3.8/site-packages/airflow/example_dags/example_latest_only.py for tasks to queue
[2023-11-19T14:59:08.844+0000] {logging_mixin.py:154} INFO - [2023-11-19T14:59:08.844+0000] {dagbag.py:536} INFO - Filling up the DagBag from /home/airflow/.local/lib/python3.8/site-packages/airflow/example_dags/example_latest_only.py
[2023-11-19T14:59:08.848+0000] {processor.py:839} INFO - DAG(s) dict_keys(['latest_only']) retrieved from /home/airflow/.local/lib/python3.8/site-packages/airflow/example_dags/example_latest_only.py
[2023-11-19T14:59:08.871+0000] {logging_mixin.py:154} INFO - [2023-11-19T14:59:08.871+0000] {dag.py:2941} INFO - Sync 1 DAGs
[2023-11-19T14:59:08.896+0000] {logging_mixin.py:154} INFO - [2023-11-19T14:59:08.896+0000] {dag.py:3722} INFO - Setting next_dagrun for latest_only to 2023-11-19T10:59:08.896193+00:00, run_after=2023-11-19T14:59:08.896193+00:00
[2023-11-19T14:59:08.913+0000] {processor.py:179} INFO - Processing /home/airflow/.local/lib/python3.8/site-packages/airflow/example_dags/example_latest_only.py took 0.074 seconds
[2023-11-19T14:59:39.072+0000] {processor.py:157} INFO - Started process (PID=251) to work on /home/airflow/.local/lib/python3.8/site-packages/airflow/example_dags/example_latest_only.py
[2023-11-19T14:59:39.073+0000] {processor.py:829} INFO - Processing file /home/airflow/.local/lib/python3.8/site-packages/airflow/example_dags/example_latest_only.py for tasks to queue
[2023-11-19T14:59:39.075+0000] {logging_mixin.py:154} INFO - [2023-11-19T14:59:39.074+0000] {dagbag.py:536} INFO - Filling up the DagBag from /home/airflow/.local/lib/python3.8/site-packages/airflow/example_dags/example_latest_only.py
[2023-11-19T14:59:39.079+0000] {processor.py:839} INFO - DAG(s) dict_keys(['latest_only']) retrieved from /home/airflow/.local/lib/python3.8/site-packages/airflow/example_dags/example_latest_only.py
[2023-11-19T14:59:39.097+0000] {logging_mixin.py:154} INFO - [2023-11-19T14:59:39.097+0000] {dag.py:2941} INFO - Sync 1 DAGs
[2023-11-19T14:59:39.123+0000] {logging_mixin.py:154} INFO - [2023-11-19T14:59:39.122+0000] {dag.py:3722} INFO - Setting next_dagrun for latest_only to 2023-11-19T10:59:39.122752+00:00, run_after=2023-11-19T14:59:39.122752+00:00
[2023-11-19T14:59:39.139+0000] {processor.py:179} INFO - Processing /home/airflow/.local/lib/python3.8/site-packages/airflow/example_dags/example_latest_only.py took 0.069 seconds
[2023-11-19T15:00:09.353+0000] {processor.py:157} INFO - Started process (PID=306) to work on /home/airflow/.local/lib/python3.8/site-packages/airflow/example_dags/example_latest_only.py
[2023-11-19T15:00:09.354+0000] {processor.py:829} INFO - Processing file /home/airflow/.local/lib/python3.8/site-packages/airflow/example_dags/example_latest_only.py for tasks to queue
[2023-11-19T15:00:09.357+0000] {logging_mixin.py:154} INFO - [2023-11-19T15:00:09.356+0000] {dagbag.py:536} INFO - Filling up the DagBag from /home/airflow/.local/lib/python3.8/site-packages/airflow/example_dags/example_latest_only.py
[2023-11-19T15:00:09.361+0000] {processor.py:839} INFO - DAG(s) dict_keys(['latest_only']) retrieved from /home/airflow/.local/lib/python3.8/site-packages/airflow/example_dags/example_latest_only.py
[2023-11-19T15:00:09.381+0000] {logging_mixin.py:154} INFO - [2023-11-19T15:00:09.381+0000] {dag.py:2941} INFO - Sync 1 DAGs
[2023-11-19T15:00:09.404+0000] {logging_mixin.py:154} INFO - [2023-11-19T15:00:09.404+0000] {dag.py:3722} INFO - Setting next_dagrun for latest_only to 2023-11-19T11:00:09.403943+00:00, run_after=2023-11-19T15:00:09.403943+00:00
[2023-11-19T15:00:09.419+0000] {processor.py:179} INFO - Processing /home/airflow/.local/lib/python3.8/site-packages/airflow/example_dags/example_latest_only.py took 0.071 seconds
[2023-11-19T15:00:39.716+0000] {processor.py:157} INFO - Started process (PID=360) to work on /home/airflow/.local/lib/python3.8/site-packages/airflow/example_dags/example_latest_only.py
[2023-11-19T15:00:39.717+0000] {processor.py:829} INFO - Processing file /home/airflow/.local/lib/python3.8/site-packages/airflow/example_dags/example_latest_only.py for tasks to queue
[2023-11-19T15:00:39.719+0000] {logging_mixin.py:154} INFO - [2023-11-19T15:00:39.718+0000] {dagbag.py:536} INFO - Filling up the DagBag from /home/airflow/.local/lib/python3.8/site-packages/airflow/example_dags/example_latest_only.py
[2023-11-19T15:00:39.723+0000] {processor.py:839} INFO - DAG(s) dict_keys(['latest_only']) retrieved from /home/airflow/.local/lib/python3.8/site-packages/airflow/example_dags/example_latest_only.py
[2023-11-19T15:00:39.744+0000] {logging_mixin.py:154} INFO - [2023-11-19T15:00:39.743+0000] {dag.py:2941} INFO - Sync 1 DAGs
[2023-11-19T15:00:39.766+0000] {logging_mixin.py:154} INFO - [2023-11-19T15:00:39.765+0000] {dag.py:3722} INFO - Setting next_dagrun for latest_only to 2023-11-19T11:00:39.765173+00:00, run_after=2023-11-19T15:00:39.765173+00:00
[2023-11-19T15:00:39.785+0000] {processor.py:179} INFO - Processing /home/airflow/.local/lib/python3.8/site-packages/airflow/example_dags/example_latest_only.py took 0.072 seconds
[2023-11-19T15:01:09.968+0000] {processor.py:157} INFO - Started process (PID=414) to work on /home/airflow/.local/lib/python3.8/site-packages/airflow/example_dags/example_latest_only.py
[2023-11-19T15:01:09.968+0000] {processor.py:829} INFO - Processing file /home/airflow/.local/lib/python3.8/site-packages/airflow/example_dags/example_latest_only.py for tasks to queue
[2023-11-19T15:01:09.970+0000] {logging_mixin.py:154} INFO - [2023-11-19T15:01:09.970+0000] {dagbag.py:536} INFO - Filling up the DagBag from /home/airflow/.local/lib/python3.8/site-packages/airflow/example_dags/example_latest_only.py
[2023-11-19T15:01:09.975+0000] {processor.py:839} INFO - DAG(s) dict_keys(['latest_only']) retrieved from /home/airflow/.local/lib/python3.8/site-packages/airflow/example_dags/example_latest_only.py
[2023-11-19T15:01:09.998+0000] {logging_mixin.py:154} INFO - [2023-11-19T15:01:09.998+0000] {dag.py:2941} INFO - Sync 1 DAGs
[2023-11-19T15:01:10.024+0000] {logging_mixin.py:154} INFO - [2023-11-19T15:01:10.024+0000] {dag.py:3722} INFO - Setting next_dagrun for latest_only to 2023-11-19T11:01:10.024095+00:00, run_after=2023-11-19T15:01:10.024095+00:00
[2023-11-19T15:01:10.041+0000] {processor.py:179} INFO - Processing /home/airflow/.local/lib/python3.8/site-packages/airflow/example_dags/example_latest_only.py took 0.077 seconds
[2023-11-19T15:01:40.094+0000] {processor.py:157} INFO - Started process (PID=468) to work on /home/airflow/.local/lib/python3.8/site-packages/airflow/example_dags/example_latest_only.py
[2023-11-19T15:01:40.094+0000] {processor.py:829} INFO - Processing file /home/airflow/.local/lib/python3.8/site-packages/airflow/example_dags/example_latest_only.py for tasks to queue
[2023-11-19T15:01:40.096+0000] {logging_mixin.py:154} INFO - [2023-11-19T15:01:40.096+0000] {dagbag.py:536} INFO - Filling up the DagBag from /home/airflow/.local/lib/python3.8/site-packages/airflow/example_dags/example_latest_only.py
[2023-11-19T15:01:40.100+0000] {processor.py:839} INFO - DAG(s) dict_keys(['latest_only']) retrieved from /home/airflow/.local/lib/python3.8/site-packages/airflow/example_dags/example_latest_only.py
[2023-11-19T15:01:40.126+0000] {logging_mixin.py:154} INFO - [2023-11-19T15:01:40.125+0000] {dag.py:2941} INFO - Sync 1 DAGs
[2023-11-19T15:01:40.148+0000] {logging_mixin.py:154} INFO - [2023-11-19T15:01:40.148+0000] {dag.py:3722} INFO - Setting next_dagrun for latest_only to 2023-11-19T11:01:40.148428+00:00, run_after=2023-11-19T15:01:40.148428+00:00
[2023-11-19T15:01:40.163+0000] {processor.py:179} INFO - Processing /home/airflow/.local/lib/python3.8/site-packages/airflow/example_dags/example_latest_only.py took 0.072 seconds
[2023-11-19T15:02:10.551+0000] {processor.py:157} INFO - Started process (PID=522) to work on /home/airflow/.local/lib/python3.8/site-packages/airflow/example_dags/example_latest_only.py
[2023-11-19T15:02:10.552+0000] {processor.py:829} INFO - Processing file /home/airflow/.local/lib/python3.8/site-packages/airflow/example_dags/example_latest_only.py for tasks to queue
[2023-11-19T15:02:10.554+0000] {logging_mixin.py:154} INFO - [2023-11-19T15:02:10.554+0000] {dagbag.py:536} INFO - Filling up the DagBag from /home/airflow/.local/lib/python3.8/site-packages/airflow/example_dags/example_latest_only.py
[2023-11-19T15:02:10.559+0000] {processor.py:839} INFO - DAG(s) dict_keys(['latest_only']) retrieved from /home/airflow/.local/lib/python3.8/site-packages/airflow/example_dags/example_latest_only.py
[2023-11-19T15:02:10.580+0000] {logging_mixin.py:154} INFO - [2023-11-19T15:02:10.579+0000] {dag.py:2941} INFO - Sync 1 DAGs
[2023-11-19T15:02:10.603+0000] {logging_mixin.py:154} INFO - [2023-11-19T15:02:10.603+0000] {dag.py:3722} INFO - Setting next_dagrun for latest_only to 2023-11-19T11:02:10.602932+00:00, run_after=2023-11-19T15:02:10.602932+00:00
[2023-11-19T15:02:10.621+0000] {processor.py:179} INFO - Processing /home/airflow/.local/lib/python3.8/site-packages/airflow/example_dags/example_latest_only.py took 0.073 seconds
[2023-11-19T15:02:41.158+0000] {processor.py:157} INFO - Started process (PID=576) to work on /home/airflow/.local/lib/python3.8/site-packages/airflow/example_dags/example_latest_only.py
[2023-11-19T15:02:41.160+0000] {processor.py:829} INFO - Processing file /home/airflow/.local/lib/python3.8/site-packages/airflow/example_dags/example_latest_only.py for tasks to queue
[2023-11-19T15:02:41.162+0000] {logging_mixin.py:154} INFO - [2023-11-19T15:02:41.162+0000] {dagbag.py:536} INFO - Filling up the DagBag from /home/airflow/.local/lib/python3.8/site-packages/airflow/example_dags/example_latest_only.py
[2023-11-19T15:02:41.168+0000] {processor.py:839} INFO - DAG(s) dict_keys(['latest_only']) retrieved from /home/airflow/.local/lib/python3.8/site-packages/airflow/example_dags/example_latest_only.py
[2023-11-19T15:02:41.188+0000] {logging_mixin.py:154} INFO - [2023-11-19T15:02:41.188+0000] {dag.py:2941} INFO - Sync 1 DAGs
[2023-11-19T15:02:41.210+0000] {logging_mixin.py:154} INFO - [2023-11-19T15:02:41.210+0000] {dag.py:3722} INFO - Setting next_dagrun for latest_only to 2023-11-19T11:02:41.210014+00:00, run_after=2023-11-19T15:02:41.210014+00:00
[2023-11-19T15:02:41.226+0000] {processor.py:179} INFO - Processing /home/airflow/.local/lib/python3.8/site-packages/airflow/example_dags/example_latest_only.py took 0.070 seconds
